19:22:17.514 [main                     ] DEBUG Logger               - Configured Logger
19:22:17.516 [main                     ] DEBUG GameApplication      - Logging settings
Title: Dead Space but Family Friendly
Version: 0.1
Width: 1200
Height: 700
Fullscreen: true
Intro: false
Profiling: false
Single step:false
App Mode: DEVELOPER
Menu Key: ESCAPE
Stage Style: DECORATED
Scene Factory: class com.almasb.fxgl.app.scene.SceneFactory

19:22:17.720 [JavaFX Application Thread] DEBUG FXGLApplication      - Initializing FXGL
19:22:17.721 [JavaFX Application Thread] INFO  Engine               - FXGL-11.16 (25.05.2021 08.16) on WINDOWS (J:18.0.2.1 FX:16)
19:22:17.721 [JavaFX Application Thread] DEBUG Engine               - JRE Vendor Name: Oracle Corporation
19:22:17.721 [JavaFX Application Thread] DEBUG Engine               - Running on OS: Windows 10 version 10.0
19:22:17.721 [JavaFX Application Thread] DEBUG Engine               - Architecture: amd64
19:22:17.721 [JavaFX Application Thread] INFO  Engine               - Source code and latest versions at: https://github.com/AlmasB/FXGL
19:22:17.721 [JavaFX Application Thread] INFO  Engine               -              Join the FXGL chat at: https://gitter.im/AlmasB/FXGL
19:22:17.773 [JavaFX Application Thread] DEBUG PrimaryStageWindow   - Creating a JavaFX scene
19:22:17.797 [JavaFX Application Thread] DEBUG PrimaryStageWindow   - Target settings size: 1200.0 x 700.0
19:22:17.797 [JavaFX Application Thread] DEBUG PrimaryStageWindow   - Scaled scene size:    1200.0 x 700.0
19:22:17.797 [JavaFX Application Thread] DEBUG PrimaryStageWindow   - Scaled ratio: (1.0, 1.0)
19:22:17.798 [JavaFX Application Thread] DEBUG PrimaryStageWindow   - Set initial scene to FXGLStartupScene
19:22:17.801 [JavaFX Application Thread] DEBUG PrimaryStageWindow   - Opening main window
19:22:17.844 [JavaFX Application Thread] DEBUG PrimaryStageWindow   - Window border size: (14.4000244140625, 37.5999755859375)
19:22:17.844 [JavaFX Application Thread] DEBUG PrimaryStageWindow   - Scaled size: 1200.0 x 700.0
19:22:17.844 [JavaFX Application Thread] DEBUG PrimaryStageWindow   - Scaled ratio: (1.0, 1.0)
19:22:17.844 [JavaFX Application Thread] DEBUG PrimaryStageWindow   - Scene size: 1200.0 x 700.0
19:22:17.844 [JavaFX Application Thread] DEBUG PrimaryStageWindow   - Stage size: 1214.4000244140625 x 737.5999755859375
19:22:17.849 [FXGL Background Thread 1 ] DEBUG Engine               - Initializing environment variables
19:22:17.878 [FXGL Background Thread 1 ] DEBUG FXGLAssetLoaderServi - User app class for loading assets: class com.example.gamefx.MainGame
19:22:17.878 [FXGL Background Thread 1 ] DEBUG GameApplicationServi - Applying CSS: fxgl_dark.css
19:22:17.878 [FXGL Background Thread 1 ] DEBUG FXGLAssetLoaderServi - Loading from file system: jar:file:/C:/Users/Hao/.m2/repository/com/github/almasb/fxgl/11.16/fxgl-11.16.jar!/fxglassets/ui/css/fxgl_dark.css
19:22:17.900 [FXGL Background Thread 1 ] DEBUG GameApplicationServi - Initializing application scenes
19:22:17.922 [FXGL Background Thread 1 ] DEBUG GameWorld            - Game world initialized
19:22:17.954 [FXGL Background Thread 1 ] DEBUG PhysicsWorld         - Physics world initialized: appHeight=700, physics.ppm=50,0
19:22:17.954 [FXGL Background Thread 1 ] DEBUG PhysicsWorld         - Using strategy: BRUTE_FORCE
19:22:17.956 [FXGL Background Thread 1 ] DEBUG GameScene            - Game scene initialized: 1200x700
19:22:17.962 [FXGL Background Thread 1 ] DEBUG FXGL.DefaultMenu     - createMenuBodyGameMenu()
19:22:17.971 [FXGL Background Thread 1 ] DEBUG FXGL.DefaultMenu     - createOptionsMenu()
19:22:17.976 [FXGL Background Thread 1 ] DEBUG FXGLAssetLoaderServi - Loading from file system: jar:file:/C:/Users/Hao/.m2/repository/com/github/almasb/fxgl/11.16/fxgl-11.16.jar!/fxglassets/textures/particles/smoke.png
19:22:18.034 [FXGL Background Thread 1 ] DEBUG FXGLAssetLoaderServi - Loading from file system: jar:file:/C:/Users/Hao/.m2/repository/com/github/almasb/fxgl/11.16/fxgl-11.16.jar!/fxglassets/textures/particles/trace_horizontal.png
19:22:18.063 [FXGL Background Thread 1 ] DEBUG GameApplicationServi - Application scenes initialized
19:22:18.075 [FXGL Background Thread 1 ] DEBUG SystemBundleService  - Loading FXGL system data
19:22:18.078 [FXGL Background Thread 1 ] DEBUG FileSystemAccess     - Reading from: C:\Users\Hao\Documents\DAM 2 PRO\GameFX\system\fxgl.bundle
19:22:18.086 [FXGL Background Thread 1 ] DEBUG SystemBundleService  - Bundle FXGL: {}
19:22:18.086 [FXGL Background Thread 1 ] DEBUG UpdaterService       - Checking for updates
19:22:18.089 [FXGL Background Thread 4 ] DEBUG FXGLApplication      - Loading fonts
19:22:18.089 [FXGL Background Thread 1 ] DEBUG FXGLApplication      - Loading default localization
19:22:18.090 [FXGL Background Thread 4 ] DEBUG FXGLAssetLoaderServi - Loading from file system: jar:file:/C:/Users/Hao/.m2/repository/com/github/almasb/fxgl/11.16/fxgl-11.16.jar!/fxglassets/ui/fonts/VarelaRound-Regular.ttf
19:22:18.090 [FXGL Background Thread 1 ] DEBUG FXGLAssetLoaderServi - Loading from file system: jar:file:/C:/Users/Hao/.m2/repository/com/github/almasb/fxgl/11.16/fxgl-11.16.jar!/fxglassets/languages/english.lang
19:22:18.102 [FXGL Background Thread 1 ] INFO  FXGLApplication      - FXGL initialization took: 0,254 sec
19:22:18.108 [JavaFX Application Thread] DEBUG Input                - Registered new binding: left - Left
19:22:18.109 [JavaFX Application Thread] DEBUG Input                - Registered new binding: right - Right
19:22:18.109 [JavaFX Application Thread] DEBUG Input                - Registered new binding: up - Up
19:22:18.110 [JavaFX Application Thread] DEBUG Input                - Registered new binding: down - Down
19:22:18.110 [JavaFX Application Thread] DEBUG Input                - Registered new binding: Bullet - Space
19:22:18.110 [JavaFX Application Thread] DEBUG FXGLAssetLoaderServi - Loading from file system: jar:file:/C:/Users/Hao/.m2/repository/com/github/almasb/fxgl/11.16/fxgl-11.16.jar!/fxglassets/textures/fxgl_icon.png
19:22:18.123 [FXGL Background Thread 4 ] DEBUG FXGLAssetLoaderServi - Loading from file system: file:/C:/Users/Hao/Documents/DAM%202%20PRO/GameFX/target/classes/assets/ui/fonts/kenvector_future.ttf
19:22:18.123 [JavaFX Application Thread] DEBUG FXGLAssetLoaderServi - Loading from file system: jar:file:/C:/Users/Hao/.m2/repository/com/github/almasb/fxgl/11.16/fxgl-11.16.jar!/fxglassets/textures/fxgl_default_cursor.png
19:22:18.125 [JavaFX Application Thread] DEBUG Input                - Registered new binding: Screenshot - CTRL+8
19:22:18.126 [JavaFX Application Thread] DEBUG Input                - Registered new binding: System info dump - CTRL+9
19:22:18.126 [FXGL Background Thread 4 ] DEBUG FXGLAssetLoaderServi - Loading from file system: jar:file:/C:/Users/Hao/.m2/repository/com/github/almasb/fxgl/11.16/fxgl-11.16.jar!/fxglassets/ui/fonts/lucida_console.ttf
19:22:18.126 [JavaFX Application Thread] DEBUG Input                - Registered new binding: Restart - CTRL+R
19:22:18.127 [JavaFX Application Thread] DEBUG Input                - Registered new binding: Toggle Debug Camera - CTRL+C
19:22:18.129 [FXGL Background Thread 4 ] DEBUG FXGLAssetLoaderServi - Loading from file system: jar:file:/C:/Users/Hao/.m2/repository/com/github/almasb/fxgl/11.16/fxgl-11.16.jar!/fxglassets/ui/fonts/Courier-Prime.ttf
19:22:18.129 [JavaFX Application Thread] DEBUG LoopRunner           - Starting loop
19:22:18.129 [JavaFX Application Thread] DEBUG LoopRunner           - Initializing JavaFX AnimationTimerLoop
19:22:18.130 [JavaFX Application Thread] DEBUG GameApplicationServi - Starting new game
19:22:18.131 [JavaFX Application Thread] DEBUG Input                - Clearing active input actions
19:22:18.138 [JavaFX Application Thread] DEBUG GameApplicationServi - Removing overlay from FXGLStartupScene and adding to FXGLLoadingScene
19:22:18.139 [JavaFX Application Thread] DEBUG PrimaryStageWindow   - FXGLStartupScene -> FXGLLoadingScene
19:22:18.139 [JavaFX Application Thread] DEBUG GameApplicationServi - Clearing previous game
19:22:18.139 [JavaFX Application Thread] DEBUG GameScene            - Clearing game scene
19:22:18.139 [JavaFX Application Thread] DEBUG GameWorld            - Clearing game world
19:22:18.139 [JavaFX Application Thread] DEBUG PhysicsWorld         - Clearing physics world
19:22:18.140 [JavaFX Application Thread] DEBUG FXGLApplication      - Registering font factories with UI factory
19:22:18.140 [FXGL Background Thread 4 ] DEBUG FXGLApplication      - Initializing game
19:22:18.172 [FXGL Background Thread 4 ] DEBUG FXGLAssetLoaderServi - Loading from file system: file:/C:/Users/Hao/Documents/DAM%202%20PRO/GameFX/target/classes/assets/textures/space.jpg
19:22:18.298 [FXGL Background Thread 4 ] DEBUG FXGLAssetLoaderServi - Loading from file system: file:/C:/Users/Hao/Documents/DAM%202%20PRO/GameFX/target/classes/assets/textures/center.png
19:22:18.322 [FXGL Background Thread 4 ] DEBUG FXGLAssetLoaderServi - Loading from file system: file:/C:/Users/Hao/Documents/DAM%202%20PRO/GameFX/target/classes/assets/music/background.mp3
19:22:18.396 [FXGL Background Thread 4 ] DEBUG AudioPlayer          - Playing music com.almasb.fxgl.audio.Music@7cfc0ecd
19:22:18.398 [FXGL Background Thread 4 ] DEBUG FXGLAssetLoaderServi - Loading from file system: file:/C:/Users/Hao/Documents/DAM%202%20PRO/GameFX/target/classes/assets/textures/enterprise.png
19:22:18.402 [FXGL Background Thread 4 ] INFO  FXGLApplication      - Game initialization took: 0,262 sec
19:22:18.405 [JavaFX Application Thread] DEBUG Input                - Clearing active input actions
19:22:18.409 [JavaFX Application Thread] DEBUG GameApplicationServi - Removing overlay from FXGLLoadingScene and adding to GameScene
19:22:18.410 [JavaFX Application Thread] DEBUG PrimaryStageWindow   - FXGLLoadingScene -> GameScene
19:22:18.418 [JavaFX Application Thread] DEBUG FXGLAssetLoaderServi - Loading from file system: file:/C:/Users/Hao/Documents/DAM%202%20PRO/GameFX/target/classes/assets/textures/shipYellow_manned.png
19:22:18.564 [FXGL Background Thread 2 ] INFO  UpdaterService       - Your current version:  11.16
19:22:18.565 [FXGL Background Thread 2 ] INFO  UpdaterService       - Latest stable version: 17.2
19:22:18.794 [JavaFX Application Thread] DEBUG FXGLAssetLoaderServi - Loading from file system: file:/C:/Users/Hao/Documents/DAM%202%20PRO/GameFX/target/classes/assets/textures/laserred1.png
19:22:18.796 [JavaFX Application Thread] DEBUG FXGLAssetLoaderServi - Loading from file system: file:/C:/Users/Hao/Documents/DAM%202%20PRO/GameFX/target/classes/assets/sounds/sfx_laser1.wav
19:22:19.336 [JavaFX Application Thread] DEBUG FXGLAssetLoaderServi - Loading from file system: file:/C:/Users/Hao/Documents/DAM%202%20PRO/GameFX/target/classes/assets/textures/laserYellow_burst.png
19:22:19.338 [JavaFX Application Thread] DEBUG FXGLAssetLoaderServi - Loading from file system: file:/C:/Users/Hao/Documents/DAM%202%20PRO/GameFX/target/classes/assets/sounds/explosion.wav
19:22:19.935 [JavaFX Application Thread] DEBUG PrimaryStageWindow   - Push state: FXGLDefaultMenu
19:22:19.940 [JavaFX Application Thread] DEBUG Input                - Clearing active input actions
19:22:19.942 [JavaFX Application Thread] DEBUG GameApplicationServi - Removing overlay from GameScene and adding to FXGLDefaultMenu
19:22:19.942 [JavaFX Application Thread] DEBUG PrimaryStageWindow   - GameScene -> FXGLDefaultMenu
19:22:21.089 [FXGL Background Thread 3 ] DEBUG Engine               - Logging environment variables
19:22:21.089 [FXGL Background Thread 3 ] DEBUG Engine               - achievements: []
19:22:21.089 [FXGL Background Thread 3 ] DEBUG Engine               - actualHeight: 700.0
19:22:21.089 [FXGL Background Thread 3 ] DEBUG Engine               - actualHeightProperty: ReadOnlyDoubleProperty [value: 700.0]
19:22:21.089 [FXGL Background Thread 3 ] DEBUG Engine               - actualWidth: 1200.0
19:22:21.089 [FXGL Background Thread 3 ] DEBUG Engine               - actualWidthProperty: ReadOnlyDoubleProperty [value: 1200.0]
19:22:21.089 [FXGL Background Thread 3 ] DEBUG Engine               - appIcon: fxgl_icon.png
19:22:21.089 [FXGL Background Thread 3 ] DEBUG Engine               - applicationMode: DEVELOPER
19:22:21.089 [FXGL Background Thread 3 ] DEBUG Engine               - cSSList: [fxgl_dark.css]
19:22:21.089 [FXGL Background Thread 3 ] DEBUG Engine               - collisionDetectionStrategy: BRUTE_FORCE
19:22:21.089 [FXGL Background Thread 3 ] DEBUG Engine               - configClass: Optional.empty
19:22:21.089 [FXGL Background Thread 3 ] DEBUG Engine               - credits: []
19:22:21.089 [FXGL Background Thread 3 ] DEBUG Engine               - defaultCursor: CursorInfo(imageName=fxgl_default_cursor.png, hotspotX=7.0, hotspotY=6.0)
19:22:21.089 [FXGL Background Thread 3 ] DEBUG Engine               - devBBoxColorProperty: ObjectProperty [value: 0xff0000ff]
19:22:21.089 [FXGL Background Thread 3 ] DEBUG Engine               - devEnableDebugCameraProperty: BooleanProperty [value: false]
19:22:21.089 [FXGL Background Thread 3 ] DEBUG Engine               - devSensorColorProperty: ObjectProperty [value: 0xffff00ff]
19:22:21.089 [FXGL Background Thread 3 ] DEBUG Engine               - devShowBBoxProperty: BooleanProperty [value: false]
19:22:21.089 [FXGL Background Thread 3 ] DEBUG Engine               - devShowPositionProperty: BooleanProperty [value: false]
19:22:21.089 [FXGL Background Thread 3 ] DEBUG Engine               - enabledMenuItems: []
19:22:21.089 [FXGL Background Thread 3 ] DEBUG Engine               - engineServices: [class com.almasb.fxgl.app.services.FXGLAssetLoaderService, class com.almasb.fxgl.app.FXGLApplication$GameApplicationService, class com.almasb.fxgl.app.services.FXGLDialogService, class com.almasb.fxgl.app.services.IOTaskExecutorService, class com.almasb.fxgl.io.FileSystemService, class com.almasb.fxgl.localization.LocalizationService, class com.almasb.fxgl.app.services.SystemBundleService, class com.almasb.fxgl.profile.SaveLoadService, class com.almasb.fxgl.ui.FXGLUIFactoryServiceProvider, class com.almasb.fxgl.ui.FXGLDialogFactoryServiceProvider, class com.almasb.fxgl.audio.AudioPlayer, class com.almasb.fxgl.notification.impl.NotificationServiceProvider, class com.almasb.fxgl.achievement.AchievementService, class com.almasb.fxgl.cutscene.CutsceneService, class com.almasb.fxgl.minigames.MiniGameService, class com.almasb.fxgl.net.NetService, class com.almasb.fxgl.app.services.UpdaterService, class com.almasb.fxgl.dev.DevService]
19:22:21.089 [FXGL Background Thread 3 ] DEBUG Engine               - fontGame: kenvector_future.ttf
19:22:21.090 [FXGL Background Thread 3 ] DEBUG Engine               - fontMono: lucida_console.ttf
19:22:21.090 [FXGL Background Thread 3 ] DEBUG Engine               - fontText: Courier-Prime.ttf
19:22:21.090 [FXGL Background Thread 3 ] DEBUG Engine               - fontUI: VarelaRound-Regular.ttf
19:22:21.090 [FXGL Background Thread 3 ] DEBUG Engine               - fullScreen: BooleanProperty [value: false]
19:22:21.090 [FXGL Background Thread 3 ] DEBUG Engine               - gameDifficulty: MEDIUM
19:22:21.090 [FXGL Background Thread 3 ] DEBUG Engine               - gameDifficultyProperty: ObjectProperty [value: MEDIUM]
19:22:21.090 [FXGL Background Thread 3 ] DEBUG Engine               - globalMusicVolume: 0.5
19:22:21.090 [FXGL Background Thread 3 ] DEBUG Engine               - globalMusicVolumeProperty: DoubleProperty [value: 0.5]
19:22:21.090 [FXGL Background Thread 3 ] DEBUG Engine               - globalSoundVolume: 0.5
19:22:21.090 [FXGL Background Thread 3 ] DEBUG Engine               - globalSoundVolumeProperty: DoubleProperty [value: 0.5]
19:22:21.090 [FXGL Background Thread 3 ] DEBUG Engine               - height: 700
19:22:21.090 [FXGL Background Thread 3 ] DEBUG Engine               - is3D: false
19:22:21.090 [FXGL Background Thread 3 ] DEBUG Engine               - isAndroid: false
19:22:21.090 [FXGL Background Thread 3 ] DEBUG Engine               - isBrowser: false
19:22:21.090 [FXGL Background Thread 3 ] DEBUG Engine               - isClickFeedbackEnabled: false
19:22:21.090 [FXGL Background Thread 3 ] DEBUG Engine               - isCloseConfirmation: false
19:22:21.090 [FXGL Background Thread 3 ] DEBUG Engine               - isDesktop: true
19:22:21.090 [FXGL Background Thread 3 ] DEBUG Engine               - isDeveloperMenuEnabled: false
19:22:21.090 [FXGL Background Thread 3 ] DEBUG Engine               - isEntityPreloadEnabled: true
19:22:21.090 [FXGL Background Thread 3 ] DEBUG Engine               - isExperimentalTiledLargeMap: false
19:22:21.090 [FXGL Background Thread 3 ] DEBUG Engine               - isFileSystemWriteAllowed: true
19:22:21.090 [FXGL Background Thread 3 ] DEBUG Engine               - isFullScreenAllowed: true
19:22:21.090 [FXGL Background Thread 3 ] DEBUG Engine               - isFullScreenFromStart: false
19:22:21.090 [FXGL Background Thread 3 ] DEBUG Engine               - isGameMenuEnabled: true
19:22:21.090 [FXGL Background Thread 3 ] DEBUG Engine               - isIOS: false
19:22:21.090 [FXGL Background Thread 3 ] DEBUG Engine               - isIntroEnabled: false
19:22:21.090 [FXGL Background Thread 3 ] DEBUG Engine               - isLinux: false
19:22:21.090 [FXGL Background Thread 3 ] DEBUG Engine               - isMac: false
19:22:21.090 [FXGL Background Thread 3 ] DEBUG Engine               - isMainMenuEnabled: false
19:22:21.090 [FXGL Background Thread 3 ] DEBUG Engine               - isManualResizeEnabled: false
19:22:21.090 [FXGL Background Thread 3 ] DEBUG Engine               - isMobile: false
19:22:21.090 [FXGL Background Thread 3 ] DEBUG Engine               - isNative: false
19:22:21.090 [FXGL Background Thread 3 ] DEBUG Engine               - isPreserveResizeRatio: false
19:22:21.090 [FXGL Background Thread 3 ] DEBUG Engine               - isProfilingEnabled: false
19:22:21.090 [FXGL Background Thread 3 ] DEBUG Engine               - isScaleAffectedOnResize: true
19:22:21.090 [FXGL Background Thread 3 ] DEBUG Engine               - isSingleStep: false
19:22:21.090 [FXGL Background Thread 3 ] DEBUG Engine               - isUserProfileEnabled: false
19:22:21.090 [FXGL Background Thread 3 ] DEBUG Engine               - isWindows: true
19:22:21.090 [FXGL Background Thread 3 ] DEBUG Engine               - language: ObjectProperty [value: ENGLISH]
19:22:21.090 [FXGL Background Thread 3 ] DEBUG Engine               - menuKey: ESCAPE
19:22:21.090 [FXGL Background Thread 3 ] DEBUG Engine               - mouseSensitivity: 0.2
19:22:21.090 [FXGL Background Thread 3 ] DEBUG Engine               - notificationViewClass: class com.almasb.fxgl.notification.view.XboxNotificationView
19:22:21.090 [FXGL Background Thread 3 ] DEBUG Engine               - pixelsPerMeter: 50.0
19:22:21.090 [FXGL Background Thread 3 ] DEBUG Engine               - platform: WINDOWS
19:22:21.090 [FXGL Background Thread 3 ] DEBUG Engine               - prefHeightProperty: ReadOnlyDoubleProperty [value: 700.0]
19:22:21.090 [FXGL Background Thread 3 ] DEBUG Engine               - prefWidthProperty: ReadOnlyDoubleProperty [value: 1200.0]
19:22:21.090 [FXGL Background Thread 3 ] DEBUG Engine               - profileDir: profiles/
19:22:21.090 [FXGL Background Thread 3 ] DEBUG Engine               - profileName: StringProperty [value: DEFAULT]
19:22:21.091 [FXGL Background Thread 3 ] DEBUG Engine               - randomSeed: -1
19:22:21.091 [FXGL Background Thread 3 ] DEBUG Engine               - runtimeInfo: RuntimeInfo(platform=WINDOWS, version=11.16, build=25.05.2021 08.16)
19:22:21.091 [FXGL Background Thread 3 ] DEBUG Engine               - saveFileExt: sav
19:22:21.091 [FXGL Background Thread 3 ] DEBUG Engine               - scaledHeightProp$fxgl: DoubleProperty [bound, value: 700.0]
19:22:21.091 [FXGL Background Thread 3 ] DEBUG Engine               - scaledWidthProp$fxgl: DoubleProperty [bound, value: 1200.0]
19:22:21.091 [FXGL Background Thread 3 ] DEBUG Engine               - sceneFactory: com.almasb.fxgl.app.scene.SceneFactory@2da7a387
19:22:21.091 [FXGL Background Thread 3 ] DEBUG Engine               - secondsIn24h: 60
19:22:21.091 [FXGL Background Thread 3 ] DEBUG Engine               - soundMenuBack: menu/back.wav
19:22:21.091 [FXGL Background Thread 3 ] DEBUG Engine               - soundMenuPress: menu/press.wav
19:22:21.091 [FXGL Background Thread 3 ] DEBUG Engine               - soundMenuSelect: menu/select.wav
19:22:21.091 [FXGL Background Thread 3 ] DEBUG Engine               - soundNotification: core/notification.wav
19:22:21.091 [FXGL Background Thread 3 ] DEBUG Engine               - stageStyle: DECORATED
19:22:21.091 [FXGL Background Thread 3 ] DEBUG Engine               - supportedLanguages: [ENGLISH, FRENCH, GERMAN, HUNGARIAN, RUSSIAN]
19:22:21.091 [FXGL Background Thread 3 ] DEBUG Engine               - ticksPerSecond: -1
19:22:21.091 [FXGL Background Thread 3 ] DEBUG Engine               - title: Dead Space but Family Friendly
19:22:21.091 [FXGL Background Thread 3 ] DEBUG Engine               - urlGithub: https://github.com/AlmasB/FXGL
19:22:21.091 [FXGL Background Thread 3 ] DEBUG Engine               - urlLeaderboard: http://fxgl-top.herokuapp.com/
19:22:21.091 [FXGL Background Thread 3 ] DEBUG Engine               - urlPOM: https://raw.githubusercontent.com/AlmasB/FXGL/release/README.md
19:22:21.091 [FXGL Background Thread 3 ] DEBUG Engine               - userAppClass: class com.example.gamefx.MainGame
19:22:21.091 [FXGL Background Thread 3 ] DEBUG Engine               - version: 0.1
19:22:21.091 [FXGL Background Thread 3 ] DEBUG Engine               - versionCheckDays: 7
19:22:21.091 [FXGL Background Thread 3 ] DEBUG Engine               - width: 1200
19:22:21.091 [FXGL Background Thread 3 ] DEBUG Engine               - Logging services
19:22:21.091 [FXGL Background Thread 3 ] DEBUG Engine               - class com.almasb.fxgl.app.services.FXGLAssetLoaderService
19:22:21.091 [FXGL Background Thread 3 ] DEBUG Engine               - class com.almasb.fxgl.app.FXGLApplication$GameApplicationService
19:22:21.091 [FXGL Background Thread 3 ] DEBUG Engine               - class com.almasb.fxgl.app.services.FXGLDialogService
19:22:21.091 [FXGL Background Thread 3 ] DEBUG Engine               - class com.almasb.fxgl.app.services.IOTaskExecutorService
19:22:21.091 [FXGL Background Thread 3 ] DEBUG Engine               - class com.almasb.fxgl.io.FileSystemService
19:22:21.091 [FXGL Background Thread 3 ] DEBUG Engine               - class com.almasb.fxgl.localization.LocalizationService
19:22:21.091 [FXGL Background Thread 3 ] DEBUG Engine               - class com.almasb.fxgl.app.services.SystemBundleService
19:22:21.091 [FXGL Background Thread 3 ] DEBUG Engine               - class com.almasb.fxgl.profile.SaveLoadService
19:22:21.091 [FXGL Background Thread 3 ] DEBUG Engine               - class com.almasb.fxgl.ui.FXGLUIFactoryServiceProvider
19:22:21.091 [FXGL Background Thread 3 ] DEBUG Engine               - class com.almasb.fxgl.ui.FXGLDialogFactoryServiceProvider
19:22:21.091 [FXGL Background Thread 3 ] DEBUG Engine               - class com.almasb.fxgl.audio.AudioPlayer
19:22:21.091 [FXGL Background Thread 3 ] DEBUG Engine               - class com.almasb.fxgl.notification.impl.NotificationServiceProvider
19:22:21.091 [FXGL Background Thread 3 ] DEBUG Engine               - class com.almasb.fxgl.achievement.AchievementService
19:22:21.091 [FXGL Background Thread 3 ] DEBUG Engine               - class com.almasb.fxgl.cutscene.CutsceneService
19:22:21.091 [FXGL Background Thread 3 ] DEBUG Engine               - class com.almasb.fxgl.minigames.MiniGameService
19:22:21.091 [FXGL Background Thread 3 ] DEBUG Engine               - class com.almasb.fxgl.net.NetService
19:22:21.091 [FXGL Background Thread 3 ] DEBUG Engine               - class com.almasb.fxgl.app.services.UpdaterService
19:22:21.091 [FXGL Background Thread 3 ] DEBUG Engine               - class com.almasb.fxgl.dev.DevService
19:22:22.110 [JavaFX Application Thread] DEBUG FXGLApplication      - Exiting FXGL
19:22:22.110 [JavaFX Application Thread] DEBUG LoopRunner           - Stopping loop
19:22:22.110 [JavaFX Application Thread] DEBUG SystemBundleService  - Saving FXGL system data
19:22:22.114 [JavaFX Application Thread] DEBUG FileSystemAccess     - Writing to: C:\Users\Hao\Documents\DAM 2 PRO\GameFX\system\fxgl.bundle
19:22:22.118 [JavaFX Application Thread] DEBUG Async                - Shutting down background threads
19:22:22.119 [JavaFX Application Thread] DEBUG PrimaryStageWindow   - Closing main window
19:22:22.131 [JavaFX Application Thread] DEBUG Logger               - Closing Logger
