16:45:50.826 [main                     ] DEBUG Logger               - Configured Logger
16:45:50.828 [main                     ] DEBUG GameApplication      - Logging settings
Title: Dead Space but Family Friendly
Version: 0.1
Width: 1200
Height: 700
Fullscreen: true
Intro: false
Profiling: false
Single step:false
App Mode: DEVELOPER
Menu Key: ESCAPE
Stage Style: DECORATED
Scene Factory: class com.almasb.fxgl.app.scene.SceneFactory

16:45:51.040 [JavaFX Application Thread] DEBUG FXGLApplication      - Initializing FXGL
16:45:51.041 [JavaFX Application Thread] INFO  Engine               - FXGL-11.16 (25.05.2021 08.16) on WINDOWS (J:18.0.2.1 FX:16)
16:45:51.042 [JavaFX Application Thread] DEBUG Engine               - JRE Vendor Name: Oracle Corporation
16:45:51.042 [JavaFX Application Thread] DEBUG Engine               - Running on OS: Windows 10 version 10.0
16:45:51.042 [JavaFX Application Thread] DEBUG Engine               - Architecture: amd64
16:45:51.042 [JavaFX Application Thread] INFO  Engine               - Source code and latest versions at: https://github.com/AlmasB/FXGL
16:45:51.042 [JavaFX Application Thread] INFO  Engine               -              Join the FXGL chat at: https://gitter.im/AlmasB/FXGL
16:45:51.094 [JavaFX Application Thread] DEBUG PrimaryStageWindow   - Creating a JavaFX scene
16:45:51.118 [JavaFX Application Thread] DEBUG PrimaryStageWindow   - Target settings size: 1200.0 x 700.0
16:45:51.118 [JavaFX Application Thread] DEBUG PrimaryStageWindow   - Scaled scene size:    1200.0 x 700.0
16:45:51.118 [JavaFX Application Thread] DEBUG PrimaryStageWindow   - Scaled ratio: (1.0, 1.0)
16:45:51.119 [JavaFX Application Thread] DEBUG PrimaryStageWindow   - Set initial scene to FXGLStartupScene
16:45:51.123 [JavaFX Application Thread] DEBUG PrimaryStageWindow   - Opening main window
16:45:51.168 [JavaFX Application Thread] DEBUG PrimaryStageWindow   - Window border size: (14.4000244140625, 37.5999755859375)
16:45:51.168 [JavaFX Application Thread] DEBUG PrimaryStageWindow   - Scaled size: 1200.0 x 700.0
16:45:51.169 [JavaFX Application Thread] DEBUG PrimaryStageWindow   - Scaled ratio: (1.0, 1.0)
16:45:51.169 [JavaFX Application Thread] DEBUG PrimaryStageWindow   - Scene size: 1200.0 x 700.0
16:45:51.169 [JavaFX Application Thread] DEBUG PrimaryStageWindow   - Stage size: 1214.4000244140625 x 737.5999755859375
16:45:51.173 [FXGL Background Thread 1 ] DEBUG Engine               - Initializing environment variables
16:45:51.202 [FXGL Background Thread 1 ] DEBUG FXGLAssetLoaderServi - User app class for loading assets: class com.example.gamefx.MainGame
16:45:51.202 [FXGL Background Thread 1 ] DEBUG GameApplicationServi - Applying CSS: fxgl_dark.css
16:45:51.203 [FXGL Background Thread 1 ] DEBUG FXGLAssetLoaderServi - Loading from file system: jar:file:/C:/Users/Hao/.m2/repository/com/github/almasb/fxgl/11.16/fxgl-11.16.jar!/fxglassets/ui/css/fxgl_dark.css
16:45:51.225 [FXGL Background Thread 1 ] DEBUG GameApplicationServi - Initializing application scenes
16:45:51.248 [FXGL Background Thread 1 ] DEBUG GameWorld            - Game world initialized
16:45:51.281 [FXGL Background Thread 1 ] DEBUG PhysicsWorld         - Physics world initialized: appHeight=700, physics.ppm=50,0
16:45:51.281 [FXGL Background Thread 1 ] DEBUG PhysicsWorld         - Using strategy: BRUTE_FORCE
16:45:51.282 [FXGL Background Thread 1 ] DEBUG GameScene            - Game scene initialized: 1200x700
16:45:51.289 [FXGL Background Thread 1 ] DEBUG FXGL.DefaultMenu     - createMenuBodyGameMenu()
16:45:51.297 [FXGL Background Thread 1 ] DEBUG FXGL.DefaultMenu     - createOptionsMenu()
16:45:51.302 [FXGL Background Thread 1 ] DEBUG FXGLAssetLoaderServi - Loading from file system: jar:file:/C:/Users/Hao/.m2/repository/com/github/almasb/fxgl/11.16/fxgl-11.16.jar!/fxglassets/textures/particles/smoke.png
16:45:51.359 [FXGL Background Thread 1 ] DEBUG FXGLAssetLoaderServi - Loading from file system: jar:file:/C:/Users/Hao/.m2/repository/com/github/almasb/fxgl/11.16/fxgl-11.16.jar!/fxglassets/textures/particles/trace_horizontal.png
16:45:51.377 [FXGL Background Thread 1 ] DEBUG GameApplicationServi - Application scenes initialized
16:45:51.383 [FXGL Background Thread 1 ] DEBUG SystemBundleService  - Loading FXGL system data
16:45:51.385 [FXGL Background Thread 1 ] DEBUG FileSystemAccess     - Reading from: C:\Users\Hao\Documents\DAM 2 PRO\GameFX\system\fxgl.bundle
16:45:51.391 [FXGL Background Thread 1 ] DEBUG SystemBundleService  - Bundle FXGL: {}
16:45:51.391 [FXGL Background Thread 1 ] DEBUG UpdaterService       - Checking for updates
16:45:51.394 [FXGL Background Thread 4 ] DEBUG FXGLApplication      - Loading fonts
16:45:51.394 [FXGL Background Thread 1 ] DEBUG FXGLApplication      - Loading default localization
16:45:51.394 [FXGL Background Thread 4 ] DEBUG FXGLAssetLoaderServi - Loading from file system: jar:file:/C:/Users/Hao/.m2/repository/com/github/almasb/fxgl/11.16/fxgl-11.16.jar!/fxglassets/ui/fonts/VarelaRound-Regular.ttf
16:45:51.395 [FXGL Background Thread 1 ] DEBUG FXGLAssetLoaderServi - Loading from file system: jar:file:/C:/Users/Hao/.m2/repository/com/github/almasb/fxgl/11.16/fxgl-11.16.jar!/fxglassets/languages/english.lang
16:45:51.405 [FXGL Background Thread 1 ] INFO  FXGLApplication      - FXGL initialization took: 0,232 sec
16:45:51.411 [JavaFX Application Thread] DEBUG Input                - Registered new binding: left - Left
16:45:51.412 [JavaFX Application Thread] DEBUG Input                - Registered new binding: right - Right
16:45:51.412 [JavaFX Application Thread] DEBUG Input                - Registered new binding: up - Up
16:45:51.413 [JavaFX Application Thread] DEBUG Input                - Registered new binding: down - Down
16:45:51.413 [JavaFX Application Thread] DEBUG Input                - Registered new binding: Bullet - Space
16:45:51.414 [JavaFX Application Thread] DEBUG FXGLAssetLoaderServi - Loading from file system: jar:file:/C:/Users/Hao/.m2/repository/com/github/almasb/fxgl/11.16/fxgl-11.16.jar!/fxglassets/textures/fxgl_icon.png
16:45:51.425 [FXGL Background Thread 4 ] DEBUG FXGLAssetLoaderServi - Loading from file system: jar:file:/C:/Users/Hao/.m2/repository/com/github/almasb/fxgl/11.16/fxgl-11.16.jar!/fxglassets/ui/fonts/Abel-Regular.ttf
16:45:51.427 [JavaFX Application Thread] DEBUG FXGLAssetLoaderServi - Loading from file system: jar:file:/C:/Users/Hao/.m2/repository/com/github/almasb/fxgl/11.16/fxgl-11.16.jar!/fxglassets/textures/fxgl_default_cursor.png
16:45:51.428 [FXGL Background Thread 4 ] DEBUG FXGLAssetLoaderServi - Loading from file system: jar:file:/C:/Users/Hao/.m2/repository/com/github/almasb/fxgl/11.16/fxgl-11.16.jar!/fxglassets/ui/fonts/lucida_console.ttf
16:45:51.429 [JavaFX Application Thread] DEBUG Input                - Registered new binding: Screenshot - CTRL+8
16:45:51.429 [JavaFX Application Thread] DEBUG Input                - Registered new binding: System info dump - CTRL+9
16:45:51.430 [JavaFX Application Thread] DEBUG Input                - Registered new binding: Restart - CTRL+R
16:45:51.431 [JavaFX Application Thread] DEBUG Input                - Registered new binding: Toggle Debug Camera - CTRL+C
16:45:51.431 [FXGL Background Thread 4 ] DEBUG FXGLAssetLoaderServi - Loading from file system: jar:file:/C:/Users/Hao/.m2/repository/com/github/almasb/fxgl/11.16/fxgl-11.16.jar!/fxglassets/ui/fonts/Courier-Prime.ttf
16:45:51.433 [JavaFX Application Thread] DEBUG LoopRunner           - Starting loop
16:45:51.433 [JavaFX Application Thread] DEBUG LoopRunner           - Initializing JavaFX AnimationTimerLoop
16:45:51.434 [JavaFX Application Thread] DEBUG GameApplicationServi - Starting new game
16:45:51.435 [JavaFX Application Thread] DEBUG Input                - Clearing active input actions
16:45:51.443 [JavaFX Application Thread] DEBUG GameApplicationServi - Removing overlay from FXGLStartupScene and adding to FXGLLoadingScene
16:45:51.443 [JavaFX Application Thread] DEBUG PrimaryStageWindow   - FXGLStartupScene -> FXGLLoadingScene
16:45:51.443 [JavaFX Application Thread] DEBUG GameApplicationServi - Clearing previous game
16:45:51.443 [JavaFX Application Thread] DEBUG GameScene            - Clearing game scene
16:45:51.443 [JavaFX Application Thread] DEBUG GameWorld            - Clearing game world
16:45:51.443 [JavaFX Application Thread] DEBUG PhysicsWorld         - Clearing physics world
16:45:51.445 [JavaFX Application Thread] DEBUG FXGLApplication      - Registering font factories with UI factory
16:45:51.445 [FXGL Background Thread 4 ] DEBUG FXGLApplication      - Initializing game
16:45:51.455 [FXGL Background Thread 4 ] DEBUG FXGLAssetLoaderServi - Loading from file system: file:/C:/Users/Hao/Documents/DAM%202%20PRO/GameFX/target/classes/assets/textures/space.jpg
16:45:51.592 [FXGL Background Thread 4 ] DEBUG FXGLAssetLoaderServi - Loading from file system: file:/C:/Users/Hao/Documents/DAM%202%20PRO/GameFX/target/classes/assets/textures/center.png
16:45:51.610 [FXGL Background Thread 4 ] DEBUG FXGLAssetLoaderServi - Loading from file system: file:/C:/Users/Hao/Documents/DAM%202%20PRO/GameFX/target/classes/assets/textures/enterprise.png
16:45:51.617 [FXGL Background Thread 4 ] INFO  FXGLApplication      - Game initialization took: 0,172 sec
16:45:51.617 [JavaFX Application Thread] DEBUG Input                - Clearing active input actions
16:45:51.626 [JavaFX Application Thread] DEBUG GameApplicationServi - Removing overlay from FXGLLoadingScene and adding to GameScene
16:45:51.626 [JavaFX Application Thread] DEBUG PrimaryStageWindow   - FXGLLoadingScene -> GameScene
16:45:51.633 [JavaFX Application Thread] DEBUG FXGLAssetLoaderServi - Loading from file system: file:/C:/Users/Hao/Documents/DAM%202%20PRO/GameFX/target/classes/assets/textures/enemies.png
16:45:51.660 [FXGL Background Thread 2 ] INFO  UpdaterService       - Your current version:  11.16
16:45:51.660 [FXGL Background Thread 2 ] INFO  UpdaterService       - Latest stable version: 17.2
16:45:51.955 [JavaFX Application Thread] DEBUG FXGLAssetLoaderServi - Loading from file system: file:/C:/Users/Hao/Documents/DAM%202%20PRO/GameFX/target/classes/assets/textures/laserred1.png
16:45:51.957 [JavaFX Application Thread] DEBUG FXGLAssetLoaderServi - Loading from file system: file:/C:/Users/Hao/Documents/DAM%202%20PRO/GameFX/target/classes/assets/sounds/sfx_laser1.wav
16:45:52.442 [JavaFX Application Thread] DEBUG FXGLAssetLoaderServi - Loading from file system: file:/C:/Users/Hao/Documents/DAM%202%20PRO/GameFX/target/classes/assets/textures/laserYellow_burst.png
16:45:52.445 [JavaFX Application Thread] DEBUG FXGLAssetLoaderServi - Loading from file system: file:/C:/Users/Hao/Documents/DAM%202%20PRO/GameFX/target/classes/assets/textures/pill_green.png
16:45:52.446 [JavaFX Application Thread] WARN  Entity               - Entity already has component: com.almasb.fxgl.entity.components.CollidableComponent
16:45:52.446 [JavaFX Application Thread] DEBUG FXGLAssetLoaderServi - Loading from file system: file:/C:/Users/Hao/Documents/DAM%202%20PRO/GameFX/target/classes/assets/sounds/explosion.wav
16:45:54.394 [FXGL Background Thread 3 ] DEBUG Engine               - Logging environment variables
16:45:54.394 [FXGL Background Thread 3 ] DEBUG Engine               - achievements: []
16:45:54.394 [FXGL Background Thread 3 ] DEBUG Engine               - actualHeight: 700.0
16:45:54.394 [FXGL Background Thread 3 ] DEBUG Engine               - actualHeightProperty: ReadOnlyDoubleProperty [value: 700.0]
16:45:54.394 [FXGL Background Thread 3 ] DEBUG Engine               - actualWidth: 1200.0
16:45:54.394 [FXGL Background Thread 3 ] DEBUG Engine               - actualWidthProperty: ReadOnlyDoubleProperty [value: 1200.0]
16:45:54.395 [FXGL Background Thread 3 ] DEBUG Engine               - appIcon: fxgl_icon.png
16:45:54.395 [FXGL Background Thread 3 ] DEBUG Engine               - applicationMode: DEVELOPER
16:45:54.395 [FXGL Background Thread 3 ] DEBUG Engine               - cSSList: [fxgl_dark.css]
16:45:54.395 [FXGL Background Thread 3 ] DEBUG Engine               - collisionDetectionStrategy: BRUTE_FORCE
16:45:54.395 [FXGL Background Thread 3 ] DEBUG Engine               - configClass: Optional.empty
16:45:54.395 [FXGL Background Thread 3 ] DEBUG Engine               - credits: []
16:45:54.395 [FXGL Background Thread 3 ] DEBUG Engine               - defaultCursor: CursorInfo(imageName=fxgl_default_cursor.png, hotspotX=7.0, hotspotY=6.0)
16:45:54.395 [FXGL Background Thread 3 ] DEBUG Engine               - devBBoxColorProperty: ObjectProperty [value: 0xff0000ff]
16:45:54.395 [FXGL Background Thread 3 ] DEBUG Engine               - devEnableDebugCameraProperty: BooleanProperty [value: false]
16:45:54.395 [FXGL Background Thread 3 ] DEBUG Engine               - devSensorColorProperty: ObjectProperty [value: 0xffff00ff]
16:45:54.395 [FXGL Background Thread 3 ] DEBUG Engine               - devShowBBoxProperty: BooleanProperty [value: false]
16:45:54.395 [FXGL Background Thread 3 ] DEBUG Engine               - devShowPositionProperty: BooleanProperty [value: false]
16:45:54.395 [FXGL Background Thread 3 ] DEBUG Engine               - enabledMenuItems: []
16:45:54.395 [FXGL Background Thread 3 ] DEBUG Engine               - engineServices: [class com.almasb.fxgl.app.services.FXGLAssetLoaderService, class com.almasb.fxgl.app.FXGLApplication$GameApplicationService, class com.almasb.fxgl.app.services.FXGLDialogService, class com.almasb.fxgl.app.services.IOTaskExecutorService, class com.almasb.fxgl.io.FileSystemService, class com.almasb.fxgl.localization.LocalizationService, class com.almasb.fxgl.app.services.SystemBundleService, class com.almasb.fxgl.profile.SaveLoadService, class com.almasb.fxgl.ui.FXGLUIFactoryServiceProvider, class com.almasb.fxgl.ui.FXGLDialogFactoryServiceProvider, class com.almasb.fxgl.audio.AudioPlayer, class com.almasb.fxgl.notification.impl.NotificationServiceProvider, class com.almasb.fxgl.achievement.AchievementService, class com.almasb.fxgl.cutscene.CutsceneService, class com.almasb.fxgl.minigames.MiniGameService, class com.almasb.fxgl.net.NetService, class com.almasb.fxgl.app.services.UpdaterService, class com.almasb.fxgl.dev.DevService]
16:45:54.396 [FXGL Background Thread 3 ] DEBUG Engine               - fontGame: Abel-Regular.ttf
16:45:54.396 [FXGL Background Thread 3 ] DEBUG Engine               - fontMono: lucida_console.ttf
16:45:54.396 [FXGL Background Thread 3 ] DEBUG Engine               - fontText: Courier-Prime.ttf
16:45:54.396 [FXGL Background Thread 3 ] DEBUG Engine               - fontUI: VarelaRound-Regular.ttf
16:45:54.396 [FXGL Background Thread 3 ] DEBUG Engine               - fullScreen: BooleanProperty [value: false]
16:45:54.396 [FXGL Background Thread 3 ] DEBUG Engine               - gameDifficulty: MEDIUM
16:45:54.396 [FXGL Background Thread 3 ] DEBUG Engine               - gameDifficultyProperty: ObjectProperty [value: MEDIUM]
16:45:54.396 [FXGL Background Thread 3 ] DEBUG Engine               - globalMusicVolume: 0.5
16:45:54.396 [FXGL Background Thread 3 ] DEBUG Engine               - globalMusicVolumeProperty: DoubleProperty [value: 0.5]
16:45:54.396 [FXGL Background Thread 3 ] DEBUG Engine               - globalSoundVolume: 0.5
16:45:54.396 [FXGL Background Thread 3 ] DEBUG Engine               - globalSoundVolumeProperty: DoubleProperty [value: 0.5]
16:45:54.396 [FXGL Background Thread 3 ] DEBUG Engine               - height: 700
16:45:54.396 [FXGL Background Thread 3 ] DEBUG Engine               - is3D: false
16:45:54.397 [FXGL Background Thread 3 ] DEBUG Engine               - isAndroid: false
16:45:54.397 [FXGL Background Thread 3 ] DEBUG Engine               - isBrowser: false
16:45:54.397 [FXGL Background Thread 3 ] DEBUG Engine               - isClickFeedbackEnabled: false
16:45:54.397 [FXGL Background Thread 3 ] DEBUG Engine               - isCloseConfirmation: false
16:45:54.397 [FXGL Background Thread 3 ] DEBUG Engine               - isDesktop: true
16:45:54.397 [FXGL Background Thread 3 ] DEBUG Engine               - isDeveloperMenuEnabled: false
16:45:54.397 [FXGL Background Thread 3 ] DEBUG Engine               - isEntityPreloadEnabled: true
16:45:54.397 [FXGL Background Thread 3 ] DEBUG Engine               - isExperimentalTiledLargeMap: false
16:45:54.397 [FXGL Background Thread 3 ] DEBUG Engine               - isFileSystemWriteAllowed: true
16:45:54.397 [FXGL Background Thread 3 ] DEBUG Engine               - isFullScreenAllowed: true
16:45:54.397 [FXGL Background Thread 3 ] DEBUG Engine               - isFullScreenFromStart: false
16:45:54.397 [FXGL Background Thread 3 ] DEBUG Engine               - isGameMenuEnabled: true
16:45:54.397 [FXGL Background Thread 3 ] DEBUG Engine               - isIOS: false
16:45:54.397 [FXGL Background Thread 3 ] DEBUG Engine               - isIntroEnabled: false
16:45:54.397 [FXGL Background Thread 3 ] DEBUG Engine               - isLinux: false
16:45:54.397 [FXGL Background Thread 3 ] DEBUG Engine               - isMac: false
16:45:54.397 [FXGL Background Thread 3 ] DEBUG Engine               - isMainMenuEnabled: false
16:45:54.398 [FXGL Background Thread 3 ] DEBUG Engine               - isManualResizeEnabled: false
16:45:54.398 [FXGL Background Thread 3 ] DEBUG Engine               - isMobile: false
16:45:54.398 [FXGL Background Thread 3 ] DEBUG Engine               - isNative: false
16:45:54.398 [FXGL Background Thread 3 ] DEBUG Engine               - isPreserveResizeRatio: false
16:45:54.398 [FXGL Background Thread 3 ] DEBUG Engine               - isProfilingEnabled: false
16:45:54.398 [FXGL Background Thread 3 ] DEBUG Engine               - isScaleAffectedOnResize: true
16:45:54.398 [FXGL Background Thread 3 ] DEBUG Engine               - isSingleStep: false
16:45:54.398 [FXGL Background Thread 3 ] DEBUG Engine               - isUserProfileEnabled: false
16:45:54.398 [FXGL Background Thread 3 ] DEBUG Engine               - isWindows: true
16:45:54.398 [FXGL Background Thread 3 ] DEBUG Engine               - language: ObjectProperty [value: ENGLISH]
16:45:54.398 [FXGL Background Thread 3 ] DEBUG Engine               - menuKey: ESCAPE
16:45:54.398 [FXGL Background Thread 3 ] DEBUG Engine               - mouseSensitivity: 0.2
16:45:54.398 [FXGL Background Thread 3 ] DEBUG Engine               - notificationViewClass: class com.almasb.fxgl.notification.view.XboxNotificationView
16:45:54.398 [FXGL Background Thread 3 ] DEBUG Engine               - pixelsPerMeter: 50.0
16:45:54.398 [FXGL Background Thread 3 ] DEBUG Engine               - platform: WINDOWS
16:45:54.398 [FXGL Background Thread 3 ] DEBUG Engine               - prefHeightProperty: ReadOnlyDoubleProperty [value: 700.0]
16:45:54.398 [FXGL Background Thread 3 ] DEBUG Engine               - prefWidthProperty: ReadOnlyDoubleProperty [value: 1200.0]
16:45:54.398 [FXGL Background Thread 3 ] DEBUG Engine               - profileDir: profiles/
16:45:54.399 [FXGL Background Thread 3 ] DEBUG Engine               - profileName: StringProperty [value: DEFAULT]
16:45:54.399 [FXGL Background Thread 3 ] DEBUG Engine               - randomSeed: -1
16:45:54.399 [FXGL Background Thread 3 ] DEBUG Engine               - runtimeInfo: RuntimeInfo(platform=WINDOWS, version=11.16, build=25.05.2021 08.16)
16:45:54.399 [FXGL Background Thread 3 ] DEBUG Engine               - saveFileExt: sav
16:45:54.399 [FXGL Background Thread 3 ] DEBUG Engine               - scaledHeightProp$fxgl: DoubleProperty [bound, value: 700.0]
16:45:54.399 [FXGL Background Thread 3 ] DEBUG Engine               - scaledWidthProp$fxgl: DoubleProperty [bound, value: 1200.0]
16:45:54.399 [FXGL Background Thread 3 ] DEBUG Engine               - sceneFactory: com.almasb.fxgl.app.scene.SceneFactory@63c79255
16:45:54.399 [FXGL Background Thread 3 ] DEBUG Engine               - secondsIn24h: 60
16:45:54.399 [FXGL Background Thread 3 ] DEBUG Engine               - soundMenuBack: menu/back.wav
16:45:54.399 [FXGL Background Thread 3 ] DEBUG Engine               - soundMenuPress: menu/press.wav
16:45:54.399 [FXGL Background Thread 3 ] DEBUG Engine               - soundMenuSelect: menu/select.wav
16:45:54.399 [FXGL Background Thread 3 ] DEBUG Engine               - soundNotification: core/notification.wav
16:45:54.399 [FXGL Background Thread 3 ] DEBUG Engine               - stageStyle: DECORATED
16:45:54.399 [FXGL Background Thread 3 ] DEBUG Engine               - supportedLanguages: [ENGLISH, FRENCH, GERMAN, HUNGARIAN, RUSSIAN]
16:45:54.399 [FXGL Background Thread 3 ] DEBUG Engine               - ticksPerSecond: -1
16:45:54.399 [FXGL Background Thread 3 ] DEBUG Engine               - title: Dead Space but Family Friendly
16:45:54.399 [FXGL Background Thread 3 ] DEBUG Engine               - urlGithub: https://github.com/AlmasB/FXGL
16:45:54.399 [FXGL Background Thread 3 ] DEBUG Engine               - urlLeaderboard: http://fxgl-top.herokuapp.com/
16:45:54.399 [FXGL Background Thread 3 ] DEBUG Engine               - urlPOM: https://raw.githubusercontent.com/AlmasB/FXGL/release/README.md
16:45:54.399 [FXGL Background Thread 3 ] DEBUG Engine               - userAppClass: class com.example.gamefx.MainGame
16:45:54.399 [FXGL Background Thread 3 ] DEBUG Engine               - version: 0.1
16:45:54.400 [FXGL Background Thread 3 ] DEBUG Engine               - versionCheckDays: 7
16:45:54.400 [FXGL Background Thread 3 ] DEBUG Engine               - width: 1200
16:45:54.400 [FXGL Background Thread 3 ] DEBUG Engine               - Logging services
16:45:54.400 [FXGL Background Thread 3 ] DEBUG Engine               - class com.almasb.fxgl.app.services.FXGLAssetLoaderService
16:45:54.400 [FXGL Background Thread 3 ] DEBUG Engine               - class com.almasb.fxgl.app.FXGLApplication$GameApplicationService
16:45:54.400 [FXGL Background Thread 3 ] DEBUG Engine               - class com.almasb.fxgl.app.services.FXGLDialogService
16:45:54.400 [FXGL Background Thread 3 ] DEBUG Engine               - class com.almasb.fxgl.app.services.IOTaskExecutorService
16:45:54.400 [FXGL Background Thread 3 ] DEBUG Engine               - class com.almasb.fxgl.io.FileSystemService
16:45:54.400 [FXGL Background Thread 3 ] DEBUG Engine               - class com.almasb.fxgl.localization.LocalizationService
16:45:54.400 [FXGL Background Thread 3 ] DEBUG Engine               - class com.almasb.fxgl.app.services.SystemBundleService
16:45:54.400 [FXGL Background Thread 3 ] DEBUG Engine               - class com.almasb.fxgl.profile.SaveLoadService
16:45:54.400 [FXGL Background Thread 3 ] DEBUG Engine               - class com.almasb.fxgl.ui.FXGLUIFactoryServiceProvider
16:45:54.400 [FXGL Background Thread 3 ] DEBUG Engine               - class com.almasb.fxgl.ui.FXGLDialogFactoryServiceProvider
16:45:54.400 [FXGL Background Thread 3 ] DEBUG Engine               - class com.almasb.fxgl.audio.AudioPlayer
16:45:54.400 [FXGL Background Thread 3 ] DEBUG Engine               - class com.almasb.fxgl.notification.impl.NotificationServiceProvider
16:45:54.400 [FXGL Background Thread 3 ] DEBUG Engine               - class com.almasb.fxgl.achievement.AchievementService
16:45:54.400 [FXGL Background Thread 3 ] DEBUG Engine               - class com.almasb.fxgl.cutscene.CutsceneService
16:45:54.400 [FXGL Background Thread 3 ] DEBUG Engine               - class com.almasb.fxgl.minigames.MiniGameService
16:45:54.400 [FXGL Background Thread 3 ] DEBUG Engine               - class com.almasb.fxgl.net.NetService
16:45:54.400 [FXGL Background Thread 3 ] DEBUG Engine               - class com.almasb.fxgl.app.services.UpdaterService
16:45:54.400 [FXGL Background Thread 3 ] DEBUG Engine               - class com.almasb.fxgl.dev.DevService
16:45:55.429 [JavaFX Application Thread] WARN  Entity               - Entity already has component: com.almasb.fxgl.entity.components.CollidableComponent
16:45:58.950 [JavaFX Application Thread] DEBUG FXGLAssetLoaderServi - Loading from file system: file:/C:/Users/Hao/Documents/DAM%202%20PRO/GameFX/target/classes/assets/sounds/sfx_lose.wav
16:45:59.677 [JavaFX Application Thread] WARN  Entity               - Entity already has component: com.almasb.fxgl.entity.components.CollidableComponent
16:46:02.170 [JavaFX Application Thread] WARN  Entity               - Entity already has component: com.almasb.fxgl.entity.components.CollidableComponent
16:46:03.203 [JavaFX Application Thread] WARN  Entity               - Entity already has component: com.almasb.fxgl.entity.components.CollidableComponent
16:46:03.415 [JavaFX Application Thread] WARN  Entity               - Entity already has component: com.almasb.fxgl.entity.components.CollidableComponent
16:46:05.204 [JavaFX Application Thread] WARN  Entity               - Entity already has component: com.almasb.fxgl.entity.components.CollidableComponent
16:46:05.915 [JavaFX Application Thread] WARN  Entity               - Entity already has component: com.almasb.fxgl.entity.components.CollidableComponent
16:46:05.929 [JavaFX Application Thread] WARN  Entity               - Entity already has component: com.almasb.fxgl.entity.components.CollidableComponent
16:46:07.771 [JavaFX Application Thread] WARN  Entity               - Entity already has component: com.almasb.fxgl.entity.components.CollidableComponent
16:46:09.566 [JavaFX Application Thread] DEBUG PrimaryStageWindow   - Push state: DialogSubScene
16:46:09.567 [JavaFX Application Thread] DEBUG Input                - Clearing active input actions
16:46:09.570 [JavaFX Application Thread] DEBUG GameApplicationServi - Removing overlay from GameScene and adding to DialogSubScene
16:46:09.570 [JavaFX Application Thread] DEBUG PrimaryStageWindow   - GameScene -> DialogSubScene
16:46:11.279 [JavaFX Application Thread] DEBUG PrimaryStageWindow   - Pop state: DialogSubScene
16:46:11.279 [JavaFX Application Thread] DEBUG Input                - Clearing active input actions
16:46:11.280 [JavaFX Application Thread] DEBUG GameApplicationServi - Removing overlay from DialogSubScene and adding to GameScene
16:46:11.280 [JavaFX Application Thread] DEBUG PrimaryStageWindow   - GameScene <- DialogSubScene
16:46:11.280 [JavaFX Application Thread] DEBUG GameApplicationServi - Starting new game
16:46:11.280 [JavaFX Application Thread] DEBUG Input                - Clearing active input actions
16:46:11.287 [JavaFX Application Thread] DEBUG GameApplicationServi - Removing overlay from GameScene and adding to FXGLLoadingScene
16:46:11.287 [JavaFX Application Thread] DEBUG PrimaryStageWindow   - GameScene -> FXGLLoadingScene
16:46:11.287 [JavaFX Application Thread] DEBUG GameApplicationServi - Clearing previous game
16:46:11.287 [JavaFX Application Thread] DEBUG GameScene            - Clearing game scene
16:46:11.287 [JavaFX Application Thread] DEBUG GameWorld            - Clearing game world
16:46:11.287 [JavaFX Application Thread] DEBUG PhysicsWorld         - Clearing physics world
16:46:11.288 [FXGL Background Thread 2 ] DEBUG FXGLApplication      - Initializing game
16:46:11.290 [FXGL Background Thread 2 ] INFO  FXGLApplication      - Game initialization took: 0,002 sec
16:46:11.292 [JavaFX Application Thread] DEBUG Input                - Clearing active input actions
16:46:11.296 [JavaFX Application Thread] DEBUG GameApplicationServi - Removing overlay from FXGLLoadingScene and adding to GameScene
16:46:11.296 [JavaFX Application Thread] DEBUG PrimaryStageWindow   - FXGLLoadingScene -> GameScene
16:46:12.646 [JavaFX Application Thread] WARN  Entity               - Entity already has component: com.almasb.fxgl.entity.components.CollidableComponent
16:46:13.061 [JavaFX Application Thread] WARN  Entity               - Entity already has component: com.almasb.fxgl.entity.components.CollidableComponent
16:46:14.172 [JavaFX Application Thread] WARN  Entity               - Entity already has component: com.almasb.fxgl.entity.components.CollidableComponent
16:46:16.202 [JavaFX Application Thread] WARN  Entity               - Entity already has component: com.almasb.fxgl.entity.components.CollidableComponent
16:46:16.756 [JavaFX Application Thread] WARN  Entity               - Entity already has component: com.almasb.fxgl.entity.components.CollidableComponent
16:46:21.332 [JavaFX Application Thread] WARN  Entity               - Entity already has component: com.almasb.fxgl.entity.components.CollidableComponent
16:46:24.091 [JavaFX Application Thread] WARN  Entity               - Entity already has component: com.almasb.fxgl.entity.components.CollidableComponent
16:46:24.232 [JavaFX Application Thread] DEBUG FXGLAssetLoaderServi - Loading from file system: file:/C:/Users/Hao/Documents/DAM%202%20PRO/GameFX/target/classes/assets/textures/laserRed02.png
16:46:24.237 [JavaFX Application Thread] DEBUG FXGLAssetLoaderServi - Loading from file system: file:/C:/Users/Hao/Documents/DAM%202%20PRO/GameFX/target/classes/assets/sounds/sfx_laser2.wav
16:46:26.230 [JavaFX Application Thread] WARN  Entity               - Entity already has component: com.almasb.fxgl.entity.components.CollidableComponent
16:46:26.569 [JavaFX Application Thread] WARN  Entity               - Entity already has component: com.almasb.fxgl.entity.components.CollidableComponent
16:46:26.727 [JavaFX Application Thread] WARN  Entity               - Entity already has component: com.almasb.fxgl.entity.components.CollidableComponent
16:46:27.011 [JavaFX Application Thread] WARN  Entity               - Entity already has component: com.almasb.fxgl.entity.components.CollidableComponent
16:46:27.143 [JavaFX Application Thread] WARN  Entity               - Entity already has component: com.almasb.fxgl.entity.components.CollidableComponent
16:46:27.396 [JavaFX Application Thread] DEBUG FXGLAssetLoaderServi - Loading from file system: file:/C:/Users/Hao/Documents/DAM%202%20PRO/GameFX/target/classes/assets/textures/laserRed04.png
16:46:27.465 [JavaFX Application Thread] WARN  Entity               - Entity already has component: com.almasb.fxgl.entity.components.CollidableComponent
16:46:27.491 [JavaFX Application Thread] WARN  Entity               - Entity already has component: com.almasb.fxgl.entity.components.CollidableComponent
16:46:27.577 [JavaFX Application Thread] WARN  Entity               - Entity already has component: com.almasb.fxgl.entity.components.CollidableComponent
16:46:29.282 [JavaFX Application Thread] WARN  Entity               - Entity already has component: com.almasb.fxgl.entity.components.CollidableComponent
16:46:30.310 [JavaFX Application Thread] WARN  Entity               - Entity already has component: com.almasb.fxgl.entity.components.CollidableComponent
16:46:30.483 [JavaFX Application Thread] WARN  Entity               - Entity already has component: com.almasb.fxgl.entity.components.CollidableComponent
16:46:30.608 [JavaFX Application Thread] WARN  Entity               - Entity already has component: com.almasb.fxgl.entity.components.CollidableComponent
16:46:32.105 [JavaFX Application Thread] WARN  Entity               - Entity already has component: com.almasb.fxgl.entity.components.CollidableComponent
16:46:32.754 [JavaFX Application Thread] WARN  Entity               - Entity already has component: com.almasb.fxgl.entity.components.CollidableComponent
16:46:32.934 [JavaFX Application Thread] WARN  Entity               - Entity already has component: com.almasb.fxgl.entity.components.CollidableComponent
16:46:34.561 [JavaFX Application Thread] WARN  Entity               - Entity already has component: com.almasb.fxgl.entity.components.CollidableComponent
16:46:36.595 [JavaFX Application Thread] WARN  Entity               - Entity already has component: com.almasb.fxgl.entity.components.CollidableComponent
16:46:37.330 [JavaFX Application Thread] WARN  Entity               - Entity already has component: com.almasb.fxgl.entity.components.CollidableComponent
16:46:37.490 [JavaFX Application Thread] DEBUG PrimaryStageWindow   - Push state: DialogSubScene
16:46:37.490 [JavaFX Application Thread] DEBUG Input                - Clearing active input actions
16:46:37.491 [JavaFX Application Thread] DEBUG GameApplicationServi - Removing overlay from GameScene and adding to DialogSubScene
16:46:37.491 [JavaFX Application Thread] DEBUG PrimaryStageWindow   - GameScene -> DialogSubScene
16:46:39.186 [JavaFX Application Thread] DEBUG PrimaryStageWindow   - Pop state: DialogSubScene
16:46:39.186 [JavaFX Application Thread] DEBUG Input                - Clearing active input actions
16:46:39.187 [JavaFX Application Thread] DEBUG GameApplicationServi - Removing overlay from DialogSubScene and adding to GameScene
16:46:39.187 [JavaFX Application Thread] DEBUG PrimaryStageWindow   - GameScene <- DialogSubScene
16:46:39.187 [JavaFX Application Thread] DEBUG GameApplicationServi - Starting new game
16:46:39.187 [JavaFX Application Thread] DEBUG Input                - Clearing active input actions
16:46:39.192 [JavaFX Application Thread] DEBUG GameApplicationServi - Removing overlay from GameScene and adding to FXGLLoadingScene
16:46:39.192 [JavaFX Application Thread] DEBUG PrimaryStageWindow   - GameScene -> FXGLLoadingScene
16:46:39.192 [JavaFX Application Thread] DEBUG GameApplicationServi - Clearing previous game
16:46:39.192 [JavaFX Application Thread] DEBUG GameScene            - Clearing game scene
16:46:39.192 [JavaFX Application Thread] DEBUG GameWorld            - Clearing game world
16:46:39.193 [JavaFX Application Thread] DEBUG PhysicsWorld         - Clearing physics world
16:46:39.194 [FXGL Background Thread 2 ] DEBUG FXGLApplication      - Initializing game
16:46:39.195 [FXGL Background Thread 2 ] INFO  FXGLApplication      - Game initialization took: 0,001 sec
16:46:39.196 [JavaFX Application Thread] DEBUG Input                - Clearing active input actions
16:46:39.199 [JavaFX Application Thread] DEBUG GameApplicationServi - Removing overlay from FXGLLoadingScene and adding to GameScene
16:46:39.200 [JavaFX Application Thread] DEBUG PrimaryStageWindow   - FXGLLoadingScene -> GameScene
16:46:42.840 [JavaFX Application Thread] WARN  Entity               - Entity already has component: com.almasb.fxgl.entity.components.CollidableComponent
16:46:43.483 [JavaFX Application Thread] WARN  Entity               - Entity already has component: com.almasb.fxgl.entity.components.CollidableComponent
16:46:45.846 [JavaFX Application Thread] WARN  Entity               - Entity already has component: com.almasb.fxgl.entity.components.CollidableComponent
16:46:46.672 [JavaFX Application Thread] WARN  Entity               - Entity already has component: com.almasb.fxgl.entity.components.CollidableComponent
16:46:51.707 [JavaFX Application Thread] WARN  Entity               - Entity already has component: com.almasb.fxgl.entity.components.CollidableComponent
16:46:52.410 [JavaFX Application Thread] WARN  Entity               - Entity already has component: com.almasb.fxgl.entity.components.CollidableComponent
16:46:52.972 [JavaFX Application Thread] WARN  Entity               - Entity already has component: com.almasb.fxgl.entity.components.CollidableComponent
16:46:54.486 [JavaFX Application Thread] WARN  Entity               - Entity already has component: com.almasb.fxgl.entity.components.CollidableComponent
16:46:57.721 [JavaFX Application Thread] WARN  Entity               - Entity already has component: com.almasb.fxgl.entity.components.CollidableComponent
16:46:58.215 [JavaFX Application Thread] WARN  Entity               - Entity already has component: com.almasb.fxgl.entity.components.CollidableComponent
16:46:58.277 [JavaFX Application Thread] WARN  Entity               - Entity already has component: com.almasb.fxgl.entity.components.CollidableComponent
16:47:00.082 [JavaFX Application Thread] WARN  Entity               - Entity already has component: com.almasb.fxgl.entity.components.CollidableComponent
16:47:01.206 [JavaFX Application Thread] WARN  Entity               - Entity already has component: com.almasb.fxgl.entity.components.CollidableComponent
16:47:01.442 [JavaFX Application Thread] WARN  Entity               - Entity already has component: com.almasb.fxgl.entity.components.CollidableComponent
16:47:01.527 [JavaFX Application Thread] WARN  Entity               - Entity already has component: com.almasb.fxgl.entity.components.CollidableComponent
16:47:04.217 [JavaFX Application Thread] WARN  Entity               - Entity already has component: com.almasb.fxgl.entity.components.CollidableComponent
16:47:05.206 [JavaFX Application Thread] DEBUG PrimaryStageWindow   - Push state: DialogSubScene
16:47:05.207 [JavaFX Application Thread] DEBUG Input                - Clearing active input actions
16:47:05.207 [JavaFX Application Thread] DEBUG GameApplicationServi - Removing overlay from GameScene and adding to DialogSubScene
16:47:05.208 [JavaFX Application Thread] DEBUG PrimaryStageWindow   - GameScene -> DialogSubScene
16:47:05.209 [JavaFX Application Thread] WARN  Entity               - Entity already has component: com.almasb.fxgl.entity.components.CollidableComponent
16:47:07.678 [JavaFX Application Thread] DEBUG PrimaryStageWindow   - Pop state: DialogSubScene
16:47:07.678 [JavaFX Application Thread] DEBUG Input                - Clearing active input actions
16:47:07.678 [JavaFX Application Thread] DEBUG GameApplicationServi - Removing overlay from DialogSubScene and adding to GameScene
16:47:07.678 [JavaFX Application Thread] DEBUG PrimaryStageWindow   - GameScene <- DialogSubScene
16:47:07.678 [JavaFX Application Thread] DEBUG GameApplicationServi - Starting new game
16:47:07.678 [JavaFX Application Thread] DEBUG Input                - Clearing active input actions
16:47:07.684 [JavaFX Application Thread] DEBUG GameApplicationServi - Removing overlay from GameScene and adding to FXGLLoadingScene
16:47:07.684 [JavaFX Application Thread] DEBUG PrimaryStageWindow   - GameScene -> FXGLLoadingScene
16:47:07.684 [JavaFX Application Thread] DEBUG GameApplicationServi - Clearing previous game
16:47:07.684 [JavaFX Application Thread] DEBUG GameScene            - Clearing game scene
16:47:07.684 [JavaFX Application Thread] DEBUG GameWorld            - Clearing game world
16:47:07.684 [JavaFX Application Thread] DEBUG PhysicsWorld         - Clearing physics world
16:47:07.685 [FXGL Background Thread 2 ] DEBUG FXGLApplication      - Initializing game
16:47:07.687 [FXGL Background Thread 2 ] INFO  FXGLApplication      - Game initialization took: 0,002 sec
16:47:07.687 [JavaFX Application Thread] DEBUG Input                - Clearing active input actions
16:47:07.690 [JavaFX Application Thread] DEBUG GameApplicationServi - Removing overlay from FXGLLoadingScene and adding to GameScene
16:47:07.690 [JavaFX Application Thread] DEBUG PrimaryStageWindow   - FXGLLoadingScene -> GameScene
16:47:28.683 [JavaFX Application Thread] WARN  Entity               - Entity already has component: com.almasb.fxgl.entity.components.CollidableComponent
16:47:30.199 [JavaFX Application Thread] WARN  Entity               - Entity already has component: com.almasb.fxgl.entity.components.CollidableComponent
16:47:30.202 [JavaFX Application Thread] WARN  Entity               - Entity already has component: com.almasb.fxgl.entity.components.CollidableComponent
16:47:32.713 [JavaFX Application Thread] WARN  Entity               - Entity already has component: com.almasb.fxgl.entity.components.CollidableComponent
16:47:33.466 [JavaFX Application Thread] WARN  Entity               - Entity already has component: com.almasb.fxgl.entity.components.CollidableComponent
16:47:33.490 [JavaFX Application Thread] WARN  Entity               - Entity already has component: com.almasb.fxgl.entity.components.CollidableComponent
16:47:35.369 [JavaFX Application Thread] DEBUG PrimaryStageWindow   - Push state: DialogSubScene
16:47:35.369 [JavaFX Application Thread] DEBUG Input                - Clearing active input actions
16:47:35.369 [JavaFX Application Thread] DEBUG GameApplicationServi - Removing overlay from GameScene and adding to DialogSubScene
16:47:35.369 [JavaFX Application Thread] DEBUG PrimaryStageWindow   - GameScene -> DialogSubScene
16:47:37.584 [JavaFX Application Thread] DEBUG PrimaryStageWindow   - Pop state: DialogSubScene
16:47:37.584 [JavaFX Application Thread] DEBUG Input                - Clearing active input actions
16:47:37.585 [JavaFX Application Thread] DEBUG GameApplicationServi - Removing overlay from DialogSubScene and adding to GameScene
16:47:37.585 [JavaFX Application Thread] DEBUG PrimaryStageWindow   - GameScene <- DialogSubScene
16:47:37.585 [JavaFX Application Thread] DEBUG GameApplicationServi - Starting new game
16:47:37.585 [JavaFX Application Thread] DEBUG Input                - Clearing active input actions
16:47:37.589 [JavaFX Application Thread] DEBUG GameApplicationServi - Removing overlay from GameScene and adding to FXGLLoadingScene
16:47:37.589 [JavaFX Application Thread] DEBUG PrimaryStageWindow   - GameScene -> FXGLLoadingScene
16:47:37.589 [JavaFX Application Thread] DEBUG GameApplicationServi - Clearing previous game
16:47:37.589 [JavaFX Application Thread] DEBUG GameScene            - Clearing game scene
16:47:37.589 [JavaFX Application Thread] DEBUG GameWorld            - Clearing game world
16:47:37.590 [JavaFX Application Thread] DEBUG PhysicsWorld         - Clearing physics world
16:47:37.590 [FXGL Background Thread 2 ] DEBUG FXGLApplication      - Initializing game
16:47:37.593 [FXGL Background Thread 2 ] INFO  FXGLApplication      - Game initialization took: 0,002 sec
16:47:37.595 [JavaFX Application Thread] DEBUG Input                - Clearing active input actions
16:47:37.599 [JavaFX Application Thread] DEBUG GameApplicationServi - Removing overlay from FXGLLoadingScene and adding to GameScene
16:47:37.599 [JavaFX Application Thread] DEBUG PrimaryStageWindow   - FXGLLoadingScene -> GameScene
16:47:38.913 [JavaFX Application Thread] WARN  Entity               - Entity already has component: com.almasb.fxgl.entity.components.CollidableComponent
16:47:42.203 [JavaFX Application Thread] WARN  Entity               - Entity already has component: com.almasb.fxgl.entity.components.CollidableComponent
16:47:43.440 [JavaFX Application Thread] WARN  Entity               - Entity already has component: com.almasb.fxgl.entity.components.CollidableComponent
16:47:47.601 [JavaFX Application Thread] WARN  Entity               - Entity already has component: com.almasb.fxgl.entity.components.CollidableComponent
16:47:48.484 [JavaFX Application Thread] WARN  Entity               - Entity already has component: com.almasb.fxgl.entity.components.CollidableComponent
16:47:52.234 [JavaFX Application Thread] WARN  Entity               - Entity already has component: com.almasb.fxgl.entity.components.CollidableComponent
16:47:53.673 [JavaFX Application Thread] WARN  Entity               - Entity already has component: com.almasb.fxgl.entity.components.CollidableComponent
16:47:54.345 [JavaFX Application Thread] WARN  Entity               - Entity already has component: com.almasb.fxgl.entity.components.CollidableComponent
16:47:54.551 [JavaFX Application Thread] WARN  Entity               - Entity already has component: com.almasb.fxgl.entity.components.CollidableComponent
16:47:55.722 [JavaFX Application Thread] WARN  GameWorld            - Attempted to remove entity which is not active
16:47:58.556 [JavaFX Application Thread] WARN  Entity               - Entity already has component: com.almasb.fxgl.entity.components.CollidableComponent
16:47:58.838 [JavaFX Application Thread] WARN  Entity               - Entity already has component: com.almasb.fxgl.entity.components.CollidableComponent
16:48:02.803 [JavaFX Application Thread] WARN  Entity               - Entity already has component: com.almasb.fxgl.entity.components.CollidableComponent
16:48:02.906 [JavaFX Application Thread] WARN  Entity               - Entity already has component: com.almasb.fxgl.entity.components.CollidableComponent
16:48:04.433 [JavaFX Application Thread] WARN  Entity               - Entity already has component: com.almasb.fxgl.entity.components.CollidableComponent
16:48:04.649 [JavaFX Application Thread] WARN  Entity               - Entity already has component: com.almasb.fxgl.entity.components.CollidableComponent
16:48:06.137 [JavaFX Application Thread] WARN  Entity               - Entity already has component: com.almasb.fxgl.entity.components.CollidableComponent
16:48:06.201 [JavaFX Application Thread] WARN  Entity               - Entity already has component: com.almasb.fxgl.entity.components.CollidableComponent
16:48:07.017 [JavaFX Application Thread] WARN  Entity               - Entity already has component: com.almasb.fxgl.entity.components.CollidableComponent
16:48:07.306 [JavaFX Application Thread] WARN  Entity               - Entity already has component: com.almasb.fxgl.entity.components.CollidableComponent
16:48:07.449 [JavaFX Application Thread] WARN  Entity               - Entity already has component: com.almasb.fxgl.entity.components.CollidableComponent
16:48:07.683 [JavaFX Application Thread] WARN  Entity               - Entity already has component: com.almasb.fxgl.entity.components.CollidableComponent
16:48:07.705 [JavaFX Application Thread] WARN  Entity               - Entity already has component: com.almasb.fxgl.entity.components.CollidableComponent
16:48:08.010 [JavaFX Application Thread] WARN  Entity               - Entity already has component: com.almasb.fxgl.entity.components.CollidableComponent
16:48:08.487 [JavaFX Application Thread] WARN  Entity               - Entity already has component: com.almasb.fxgl.entity.components.CollidableComponent
16:48:09.269 [JavaFX Application Thread] WARN  Entity               - Entity already has component: com.almasb.fxgl.entity.components.CollidableComponent
16:48:09.481 [JavaFX Application Thread] DEBUG PrimaryStageWindow   - Push state: DialogSubScene
16:48:09.481 [JavaFX Application Thread] DEBUG Input                - Clearing active input actions
16:48:09.482 [JavaFX Application Thread] DEBUG GameApplicationServi - Removing overlay from GameScene and adding to DialogSubScene
16:48:09.482 [JavaFX Application Thread] DEBUG PrimaryStageWindow   - GameScene -> DialogSubScene
16:48:10.892 [JavaFX Application Thread] DEBUG PrimaryStageWindow   - Pop state: DialogSubScene
16:48:10.892 [JavaFX Application Thread] DEBUG Input                - Clearing active input actions
16:48:10.893 [JavaFX Application Thread] DEBUG GameApplicationServi - Removing overlay from DialogSubScene and adding to GameScene
16:48:10.893 [JavaFX Application Thread] DEBUG PrimaryStageWindow   - GameScene <- DialogSubScene
16:48:10.893 [JavaFX Application Thread] DEBUG GameApplicationServi - Starting new game
16:48:10.893 [JavaFX Application Thread] DEBUG Input                - Clearing active input actions
16:48:10.897 [JavaFX Application Thread] DEBUG GameApplicationServi - Removing overlay from GameScene and adding to FXGLLoadingScene
16:48:10.897 [JavaFX Application Thread] DEBUG PrimaryStageWindow   - GameScene -> FXGLLoadingScene
16:48:10.897 [JavaFX Application Thread] DEBUG GameApplicationServi - Clearing previous game
16:48:10.897 [JavaFX Application Thread] DEBUG GameScene            - Clearing game scene
16:48:10.897 [JavaFX Application Thread] DEBUG GameWorld            - Clearing game world
16:48:10.898 [JavaFX Application Thread] DEBUG PhysicsWorld         - Clearing physics world
16:48:10.898 [FXGL Background Thread 2 ] DEBUG FXGLApplication      - Initializing game
16:48:10.900 [FXGL Background Thread 2 ] INFO  FXGLApplication      - Game initialization took: 0,001 sec
16:48:10.900 [JavaFX Application Thread] DEBUG Input                - Clearing active input actions
16:48:10.902 [JavaFX Application Thread] DEBUG GameApplicationServi - Removing overlay from FXGLLoadingScene and adding to GameScene
16:48:10.902 [JavaFX Application Thread] DEBUG PrimaryStageWindow   - FXGLLoadingScene -> GameScene
16:48:11.803 [JavaFX Application Thread] WARN  Entity               - Entity already has component: com.almasb.fxgl.entity.components.CollidableComponent
16:48:12.545 [JavaFX Application Thread] WARN  Entity               - Entity already has component: com.almasb.fxgl.entity.components.CollidableComponent
16:48:13.620 [JavaFX Application Thread] WARN  Entity               - Entity already has component: com.almasb.fxgl.entity.components.CollidableComponent
16:48:15.507 [JavaFX Application Thread] DEBUG FXGLApplication      - Exiting FXGL
16:48:15.507 [JavaFX Application Thread] DEBUG LoopRunner           - Stopping loop
16:48:15.507 [JavaFX Application Thread] DEBUG SystemBundleService  - Saving FXGL system data
16:48:15.510 [JavaFX Application Thread] DEBUG FileSystemAccess     - Writing to: C:\Users\Hao\Documents\DAM 2 PRO\GameFX\system\fxgl.bundle
16:48:15.513 [JavaFX Application Thread] DEBUG Async                - Shutting down background threads
16:48:15.513 [JavaFX Application Thread] DEBUG PrimaryStageWindow   - Closing main window
16:48:15.521 [JavaFX Application Thread] DEBUG Logger               - Closing Logger
