20:15:08.600 [main                     ] DEBUG Logger               - Configured Logger
20:15:08.602 [main                     ] DEBUG GameApplication      - Logging settings
Title: Dead Space but Family Friendly
Version: 0.1
Width: 1200
Height: 700
Fullscreen: true
Intro: false
Profiling: false
Single step:false
App Mode: DEVELOPER
Menu Key: ESCAPE
Stage Style: DECORATED
Scene Factory: class com.almasb.fxgl.app.scene.SceneFactory

20:15:08.817 [JavaFX Application Thread] DEBUG FXGLApplication      - Initializing FXGL
20:15:08.818 [JavaFX Application Thread] INFO  Engine               - FXGL-11.16 (25.05.2021 08.16) on WINDOWS (J:18.0.2.1 FX:16)
20:15:08.818 [JavaFX Application Thread] DEBUG Engine               - JRE Vendor Name: Oracle Corporation
20:15:08.818 [JavaFX Application Thread] DEBUG Engine               - Running on OS: Windows 10 version 10.0
20:15:08.818 [JavaFX Application Thread] DEBUG Engine               - Architecture: amd64
20:15:08.818 [JavaFX Application Thread] INFO  Engine               - Source code and latest versions at: https://github.com/AlmasB/FXGL
20:15:08.818 [JavaFX Application Thread] INFO  Engine               -              Join the FXGL chat at: https://gitter.im/AlmasB/FXGL
20:15:08.872 [JavaFX Application Thread] DEBUG PrimaryStageWindow   - Creating a JavaFX scene
20:15:08.897 [JavaFX Application Thread] DEBUG PrimaryStageWindow   - Target settings size: 1200.0 x 700.0
20:15:08.897 [JavaFX Application Thread] DEBUG PrimaryStageWindow   - Scaled scene size:    1200.0 x 700.0
20:15:08.897 [JavaFX Application Thread] DEBUG PrimaryStageWindow   - Scaled ratio: (1.0, 1.0)
20:15:08.897 [JavaFX Application Thread] DEBUG PrimaryStageWindow   - Set initial scene to FXGLStartupScene
20:15:08.901 [JavaFX Application Thread] DEBUG PrimaryStageWindow   - Opening main window
20:15:08.945 [JavaFX Application Thread] DEBUG PrimaryStageWindow   - Window border size: (14.4000244140625, 37.5999755859375)
20:15:08.945 [JavaFX Application Thread] DEBUG PrimaryStageWindow   - Scaled size: 1200.0 x 700.0
20:15:08.946 [JavaFX Application Thread] DEBUG PrimaryStageWindow   - Scaled ratio: (1.0, 1.0)
20:15:08.946 [JavaFX Application Thread] DEBUG PrimaryStageWindow   - Scene size: 1200.0 x 700.0
20:15:08.946 [JavaFX Application Thread] DEBUG PrimaryStageWindow   - Stage size: 1214.4000244140625 x 737.5999755859375
20:15:08.950 [FXGL Background Thread 1 ] DEBUG Engine               - Initializing environment variables
20:15:08.977 [FXGL Background Thread 1 ] DEBUG FXGLAssetLoaderServi - User app class for loading assets: class com.example.gamefx.MainGame
20:15:08.978 [FXGL Background Thread 1 ] DEBUG GameApplicationServi - Applying CSS: fxgl_dark.css
20:15:08.978 [FXGL Background Thread 1 ] DEBUG FXGLAssetLoaderServi - Loading from file system: jar:file:/C:/Users/Hao/.m2/repository/com/github/almasb/fxgl/11.16/fxgl-11.16.jar!/fxglassets/ui/css/fxgl_dark.css
20:15:09.000 [FXGL Background Thread 1 ] DEBUG GameApplicationServi - Initializing application scenes
20:15:09.025 [FXGL Background Thread 1 ] DEBUG GameWorld            - Game world initialized
20:15:09.058 [FXGL Background Thread 1 ] DEBUG PhysicsWorld         - Physics world initialized: appHeight=700, physics.ppm=50,0
20:15:09.058 [FXGL Background Thread 1 ] DEBUG PhysicsWorld         - Using strategy: BRUTE_FORCE
20:15:09.059 [FXGL Background Thread 1 ] DEBUG GameScene            - Game scene initialized: 1200x700
20:15:09.066 [FXGL Background Thread 1 ] DEBUG FXGL.DefaultMenu     - createMenuBodyMainMenu()
20:15:09.074 [FXGL Background Thread 1 ] DEBUG FXGL.DefaultMenu     - createOptionsMenu()
20:15:09.080 [FXGL Background Thread 1 ] DEBUG FXGLAssetLoaderServi - Loading from file system: jar:file:/C:/Users/Hao/.m2/repository/com/github/almasb/fxgl/11.16/fxgl-11.16.jar!/fxglassets/textures/particles/smoke.png
20:15:09.138 [FXGL Background Thread 1 ] DEBUG FXGLAssetLoaderServi - Loading from file system: jar:file:/C:/Users/Hao/.m2/repository/com/github/almasb/fxgl/11.16/fxgl-11.16.jar!/fxglassets/textures/particles/trace_horizontal.png
20:15:09.155 [FXGL Background Thread 1 ] DEBUG FXGL.DefaultMenu     - createMenuBodyGameMenu()
20:15:09.156 [FXGL Background Thread 1 ] DEBUG FXGL.DefaultMenu     - createOptionsMenu()
20:15:09.162 [FXGL Background Thread 1 ] DEBUG GameApplicationServi - Application scenes initialized
20:15:09.167 [FXGL Background Thread 1 ] DEBUG SystemBundleService  - Loading FXGL system data
20:15:09.169 [FXGL Background Thread 1 ] DEBUG FileSystemAccess     - Reading from: C:\Users\Hao\Documents\DAM 2 PRO\GameFX\system\fxgl.bundle
20:15:09.175 [FXGL Background Thread 1 ] DEBUG SystemBundleService  - Bundle FXGL: {}
20:15:09.175 [FXGL Background Thread 1 ] DEBUG UpdaterService       - Checking for updates
20:15:09.178 [FXGL Background Thread 4 ] DEBUG FXGLApplication      - Loading fonts
20:15:09.178 [FXGL Background Thread 1 ] DEBUG FXGLApplication      - Loading default localization
20:15:09.178 [FXGL Background Thread 1 ] DEBUG FXGLAssetLoaderServi - Loading from file system: jar:file:/C:/Users/Hao/.m2/repository/com/github/almasb/fxgl/11.16/fxgl-11.16.jar!/fxglassets/languages/english.lang
20:15:09.178 [FXGL Background Thread 4 ] DEBUG FXGLAssetLoaderServi - Loading from file system: jar:file:/C:/Users/Hao/.m2/repository/com/github/almasb/fxgl/11.16/fxgl-11.16.jar!/fxglassets/ui/fonts/VarelaRound-Regular.ttf
20:15:09.190 [FXGL Background Thread 1 ] INFO  FXGLApplication      - FXGL initialization took: 0,240 sec
20:15:09.196 [JavaFX Application Thread] DEBUG Input                - Registered new binding: left - Left
20:15:09.197 [JavaFX Application Thread] DEBUG Input                - Registered new binding: right - Right
20:15:09.197 [JavaFX Application Thread] DEBUG Input                - Registered new binding: up - Up
20:15:09.198 [JavaFX Application Thread] DEBUG Input                - Registered new binding: down - Down
20:15:09.198 [JavaFX Application Thread] DEBUG Input                - Registered new binding: Bullet - Space
20:15:09.198 [JavaFX Application Thread] DEBUG FXGLAssetLoaderServi - Loading from file system: file:/C:/Users/Hao/Documents/DAM%202%20PRO/GameFX/target/classes/assets/textures/icon.jpg
20:15:09.211 [JavaFX Application Thread] DEBUG FXGLAssetLoaderServi - Loading from file system: jar:file:/C:/Users/Hao/.m2/repository/com/github/almasb/fxgl/11.16/fxgl-11.16.jar!/fxglassets/textures/fxgl_default_cursor.png
20:15:09.212 [FXGL Background Thread 4 ] DEBUG FXGLAssetLoaderServi - Loading from file system: file:/C:/Users/Hao/Documents/DAM%202%20PRO/GameFX/target/classes/assets/ui/fonts/kenvector_future.ttf
20:15:09.213 [JavaFX Application Thread] DEBUG Input                - Registered new binding: Screenshot - CTRL+8
20:15:09.213 [JavaFX Application Thread] DEBUG Input                - Registered new binding: System info dump - CTRL+9
20:15:09.214 [JavaFX Application Thread] DEBUG Input                - Registered new binding: Restart - CTRL+R
20:15:09.214 [JavaFX Application Thread] DEBUG Input                - Registered new binding: Toggle Debug Camera - CTRL+C
20:15:09.215 [FXGL Background Thread 4 ] DEBUG FXGLAssetLoaderServi - Loading from file system: jar:file:/C:/Users/Hao/.m2/repository/com/github/almasb/fxgl/11.16/fxgl-11.16.jar!/fxglassets/ui/fonts/lucida_console.ttf
20:15:09.216 [JavaFX Application Thread] DEBUG LoopRunner           - Starting loop
20:15:09.216 [JavaFX Application Thread] DEBUG LoopRunner           - Initializing JavaFX AnimationTimerLoop
20:15:09.218 [JavaFX Application Thread] DEBUG Input                - Clearing active input actions
20:15:09.221 [FXGL Background Thread 4 ] DEBUG FXGLAssetLoaderServi - Loading from file system: jar:file:/C:/Users/Hao/.m2/repository/com/github/almasb/fxgl/11.16/fxgl-11.16.jar!/fxglassets/ui/fonts/Courier-Prime.ttf
20:15:09.222 [JavaFX Application Thread] DEBUG GameApplicationServi - Removing overlay from FXGLStartupScene and adding to FXGLMainMenuDummyScene
20:15:09.223 [JavaFX Application Thread] DEBUG PrimaryStageWindow   - FXGLStartupScene -> FXGLMainMenuDummyScene
20:15:09.223 [JavaFX Application Thread] DEBUG PrimaryStageWindow   - Push state: FXGLDefaultMenu
20:15:09.229 [JavaFX Application Thread] DEBUG Input                - Clearing active input actions
20:15:09.239 [JavaFX Application Thread] DEBUG GameApplicationServi - Removing overlay from FXGLMainMenuDummyScene and adding to FXGLDefaultMenu
20:15:09.239 [JavaFX Application Thread] DEBUG PrimaryStageWindow   - FXGLMainMenuDummyScene -> FXGLDefaultMenu
20:15:09.290 [JavaFX Application Thread] DEBUG FXGLApplication      - Registering font factories with UI factory
20:15:09.677 [FXGL Background Thread 2 ] INFO  UpdaterService       - Your current version:  11.16
20:15:09.677 [FXGL Background Thread 2 ] INFO  UpdaterService       - Latest stable version: 17.2
20:15:12.179 [FXGL Background Thread 3 ] DEBUG Engine               - Logging environment variables
20:15:12.179 [FXGL Background Thread 3 ] DEBUG Engine               - achievements: []
20:15:12.179 [FXGL Background Thread 3 ] DEBUG Engine               - actualHeight: 700.0
20:15:12.179 [FXGL Background Thread 3 ] DEBUG Engine               - actualHeightProperty: ReadOnlyDoubleProperty [value: 700.0]
20:15:12.179 [FXGL Background Thread 3 ] DEBUG Engine               - actualWidth: 1200.0
20:15:12.179 [FXGL Background Thread 3 ] DEBUG Engine               - actualWidthProperty: ReadOnlyDoubleProperty [value: 1200.0]
20:15:12.179 [FXGL Background Thread 3 ] DEBUG Engine               - appIcon: icon.jpg
20:15:12.179 [FXGL Background Thread 3 ] DEBUG Engine               - applicationMode: DEVELOPER
20:15:12.179 [FXGL Background Thread 3 ] DEBUG Engine               - cSSList: [fxgl_dark.css]
20:15:12.179 [FXGL Background Thread 3 ] DEBUG Engine               - collisionDetectionStrategy: BRUTE_FORCE
20:15:12.179 [FXGL Background Thread 3 ] DEBUG Engine               - configClass: Optional.empty
20:15:12.179 [FXGL Background Thread 3 ] DEBUG Engine               - credits: []
20:15:12.179 [FXGL Background Thread 3 ] DEBUG Engine               - defaultCursor: CursorInfo(imageName=fxgl_default_cursor.png, hotspotX=7.0, hotspotY=6.0)
20:15:12.179 [FXGL Background Thread 3 ] DEBUG Engine               - devBBoxColorProperty: ObjectProperty [value: 0xff0000ff]
20:15:12.179 [FXGL Background Thread 3 ] DEBUG Engine               - devEnableDebugCameraProperty: BooleanProperty [value: false]
20:15:12.179 [FXGL Background Thread 3 ] DEBUG Engine               - devSensorColorProperty: ObjectProperty [value: 0xffff00ff]
20:15:12.179 [FXGL Background Thread 3 ] DEBUG Engine               - devShowBBoxProperty: BooleanProperty [value: false]
20:15:12.179 [FXGL Background Thread 3 ] DEBUG Engine               - devShowPositionProperty: BooleanProperty [value: false]
20:15:12.180 [FXGL Background Thread 3 ] DEBUG Engine               - enabledMenuItems: []
20:15:12.180 [FXGL Background Thread 3 ] DEBUG Engine               - engineServices: [class com.almasb.fxgl.app.services.FXGLAssetLoaderService, class com.almasb.fxgl.app.FXGLApplication$GameApplicationService, class com.almasb.fxgl.app.services.FXGLDialogService, class com.almasb.fxgl.app.services.IOTaskExecutorService, class com.almasb.fxgl.io.FileSystemService, class com.almasb.fxgl.localization.LocalizationService, class com.almasb.fxgl.app.services.SystemBundleService, class com.almasb.fxgl.profile.SaveLoadService, class com.almasb.fxgl.ui.FXGLUIFactoryServiceProvider, class com.almasb.fxgl.ui.FXGLDialogFactoryServiceProvider, class com.almasb.fxgl.audio.AudioPlayer, class com.almasb.fxgl.notification.impl.NotificationServiceProvider, class com.almasb.fxgl.achievement.AchievementService, class com.almasb.fxgl.cutscene.CutsceneService, class com.almasb.fxgl.minigames.MiniGameService, class com.almasb.fxgl.net.NetService, class com.almasb.fxgl.app.services.UpdaterService, class com.almasb.fxgl.dev.DevService]
20:15:12.180 [FXGL Background Thread 3 ] DEBUG Engine               - fontGame: kenvector_future.ttf
20:15:12.180 [FXGL Background Thread 3 ] DEBUG Engine               - fontMono: lucida_console.ttf
20:15:12.180 [FXGL Background Thread 3 ] DEBUG Engine               - fontText: Courier-Prime.ttf
20:15:12.180 [FXGL Background Thread 3 ] DEBUG Engine               - fontUI: VarelaRound-Regular.ttf
20:15:12.180 [FXGL Background Thread 3 ] DEBUG Engine               - fullScreen: BooleanProperty [value: false]
20:15:12.180 [FXGL Background Thread 3 ] DEBUG Engine               - gameDifficulty: MEDIUM
20:15:12.180 [FXGL Background Thread 3 ] DEBUG Engine               - gameDifficultyProperty: ObjectProperty [value: MEDIUM]
20:15:12.180 [FXGL Background Thread 3 ] DEBUG Engine               - globalMusicVolume: 0.5
20:15:12.180 [FXGL Background Thread 3 ] DEBUG Engine               - globalMusicVolumeProperty: DoubleProperty [value: 0.5]
20:15:12.180 [FXGL Background Thread 3 ] DEBUG Engine               - globalSoundVolume: 0.5
20:15:12.180 [FXGL Background Thread 3 ] DEBUG Engine               - globalSoundVolumeProperty: DoubleProperty [value: 0.5]
20:15:12.180 [FXGL Background Thread 3 ] DEBUG Engine               - height: 700
20:15:12.180 [FXGL Background Thread 3 ] DEBUG Engine               - is3D: false
20:15:12.180 [FXGL Background Thread 3 ] DEBUG Engine               - isAndroid: false
20:15:12.180 [FXGL Background Thread 3 ] DEBUG Engine               - isBrowser: false
20:15:12.180 [FXGL Background Thread 3 ] DEBUG Engine               - isClickFeedbackEnabled: false
20:15:12.180 [FXGL Background Thread 3 ] DEBUG Engine               - isCloseConfirmation: false
20:15:12.180 [FXGL Background Thread 3 ] DEBUG Engine               - isDesktop: true
20:15:12.180 [FXGL Background Thread 3 ] DEBUG Engine               - isDeveloperMenuEnabled: false
20:15:12.180 [FXGL Background Thread 3 ] DEBUG Engine               - isEntityPreloadEnabled: true
20:15:12.180 [FXGL Background Thread 3 ] DEBUG Engine               - isExperimentalTiledLargeMap: false
20:15:12.180 [FXGL Background Thread 3 ] DEBUG Engine               - isFileSystemWriteAllowed: true
20:15:12.180 [FXGL Background Thread 3 ] DEBUG Engine               - isFullScreenAllowed: true
20:15:12.180 [FXGL Background Thread 3 ] DEBUG Engine               - isFullScreenFromStart: false
20:15:12.180 [FXGL Background Thread 3 ] DEBUG Engine               - isGameMenuEnabled: true
20:15:12.180 [FXGL Background Thread 3 ] DEBUG Engine               - isIOS: false
20:15:12.180 [FXGL Background Thread 3 ] DEBUG Engine               - isIntroEnabled: false
20:15:12.180 [FXGL Background Thread 3 ] DEBUG Engine               - isLinux: false
20:15:12.180 [FXGL Background Thread 3 ] DEBUG Engine               - isMac: false
20:15:12.180 [FXGL Background Thread 3 ] DEBUG Engine               - isMainMenuEnabled: true
20:15:12.180 [FXGL Background Thread 3 ] DEBUG Engine               - isManualResizeEnabled: false
20:15:12.180 [FXGL Background Thread 3 ] DEBUG Engine               - isMobile: false
20:15:12.180 [FXGL Background Thread 3 ] DEBUG Engine               - isNative: false
20:15:12.180 [FXGL Background Thread 3 ] DEBUG Engine               - isPreserveResizeRatio: false
20:15:12.180 [FXGL Background Thread 3 ] DEBUG Engine               - isProfilingEnabled: false
20:15:12.180 [FXGL Background Thread 3 ] DEBUG Engine               - isScaleAffectedOnResize: true
20:15:12.181 [FXGL Background Thread 3 ] DEBUG Engine               - isSingleStep: false
20:15:12.181 [FXGL Background Thread 3 ] DEBUG Engine               - isUserProfileEnabled: false
20:15:12.181 [FXGL Background Thread 3 ] DEBUG Engine               - isWindows: true
20:15:12.181 [FXGL Background Thread 3 ] DEBUG Engine               - language: ObjectProperty [value: ENGLISH]
20:15:12.181 [FXGL Background Thread 3 ] DEBUG Engine               - menuKey: ESCAPE
20:15:12.181 [FXGL Background Thread 3 ] DEBUG Engine               - mouseSensitivity: 0.2
20:15:12.181 [FXGL Background Thread 3 ] DEBUG Engine               - notificationViewClass: class com.almasb.fxgl.notification.view.XboxNotificationView
20:15:12.181 [FXGL Background Thread 3 ] DEBUG Engine               - pixelsPerMeter: 50.0
20:15:12.181 [FXGL Background Thread 3 ] DEBUG Engine               - platform: WINDOWS
20:15:12.181 [FXGL Background Thread 3 ] DEBUG Engine               - prefHeightProperty: ReadOnlyDoubleProperty [value: 700.0]
20:15:12.181 [FXGL Background Thread 3 ] DEBUG Engine               - prefWidthProperty: ReadOnlyDoubleProperty [value: 1200.0]
20:15:12.181 [FXGL Background Thread 3 ] DEBUG Engine               - profileDir: profiles/
20:15:12.181 [FXGL Background Thread 3 ] DEBUG Engine               - profileName: StringProperty [value: DEFAULT]
20:15:12.181 [FXGL Background Thread 3 ] DEBUG Engine               - randomSeed: -1
20:15:12.181 [FXGL Background Thread 3 ] DEBUG Engine               - runtimeInfo: RuntimeInfo(platform=WINDOWS, version=11.16, build=25.05.2021 08.16)
20:15:12.181 [FXGL Background Thread 3 ] DEBUG Engine               - saveFileExt: sav
20:15:12.181 [FXGL Background Thread 3 ] DEBUG Engine               - scaledHeightProp$fxgl: DoubleProperty [bound, value: 700.0]
20:15:12.181 [FXGL Background Thread 3 ] DEBUG Engine               - scaledWidthProp$fxgl: DoubleProperty [bound, value: 1200.0]
20:15:12.181 [FXGL Background Thread 3 ] DEBUG Engine               - sceneFactory: com.almasb.fxgl.app.scene.SceneFactory@46b243b8
20:15:12.181 [FXGL Background Thread 3 ] DEBUG Engine               - secondsIn24h: 60
20:15:12.181 [FXGL Background Thread 3 ] DEBUG Engine               - soundMenuBack: background.mp3
20:15:12.181 [FXGL Background Thread 3 ] DEBUG Engine               - soundMenuPress: menu/press.wav
20:15:12.181 [FXGL Background Thread 3 ] DEBUG Engine               - soundMenuSelect: menu/select.wav
20:15:12.181 [FXGL Background Thread 3 ] DEBUG Engine               - soundNotification: core/notification.wav
20:15:12.181 [FXGL Background Thread 3 ] DEBUG Engine               - stageStyle: DECORATED
20:15:12.181 [FXGL Background Thread 3 ] DEBUG Engine               - supportedLanguages: [ENGLISH, FRENCH, GERMAN, HUNGARIAN, RUSSIAN]
20:15:12.181 [FXGL Background Thread 3 ] DEBUG Engine               - ticksPerSecond: -1
20:15:12.181 [FXGL Background Thread 3 ] DEBUG Engine               - title: Dead Space but Family Friendly
20:15:12.181 [FXGL Background Thread 3 ] DEBUG Engine               - urlGithub: https://github.com/AlmasB/FXGL
20:15:12.181 [FXGL Background Thread 3 ] DEBUG Engine               - urlLeaderboard: http://fxgl-top.herokuapp.com/
20:15:12.181 [FXGL Background Thread 3 ] DEBUG Engine               - urlPOM: https://raw.githubusercontent.com/AlmasB/FXGL/release/README.md
20:15:12.181 [FXGL Background Thread 3 ] DEBUG Engine               - userAppClass: class com.example.gamefx.MainGame
20:15:12.181 [FXGL Background Thread 3 ] DEBUG Engine               - version: 0.1
20:15:12.181 [FXGL Background Thread 3 ] DEBUG Engine               - versionCheckDays: 7
20:15:12.181 [FXGL Background Thread 3 ] DEBUG Engine               - width: 1200
20:15:12.181 [FXGL Background Thread 3 ] DEBUG Engine               - Logging services
20:15:12.181 [FXGL Background Thread 3 ] DEBUG Engine               - class com.almasb.fxgl.app.services.FXGLAssetLoaderService
20:15:12.181 [FXGL Background Thread 3 ] DEBUG Engine               - class com.almasb.fxgl.app.FXGLApplication$GameApplicationService
20:15:12.181 [FXGL Background Thread 3 ] DEBUG Engine               - class com.almasb.fxgl.app.services.FXGLDialogService
20:15:12.181 [FXGL Background Thread 3 ] DEBUG Engine               - class com.almasb.fxgl.app.services.IOTaskExecutorService
20:15:12.182 [FXGL Background Thread 3 ] DEBUG Engine               - class com.almasb.fxgl.io.FileSystemService
20:15:12.182 [FXGL Background Thread 3 ] DEBUG Engine               - class com.almasb.fxgl.localization.LocalizationService
20:15:12.182 [FXGL Background Thread 3 ] DEBUG Engine               - class com.almasb.fxgl.app.services.SystemBundleService
20:15:12.182 [FXGL Background Thread 3 ] DEBUG Engine               - class com.almasb.fxgl.profile.SaveLoadService
20:15:12.182 [FXGL Background Thread 3 ] DEBUG Engine               - class com.almasb.fxgl.ui.FXGLUIFactoryServiceProvider
20:15:12.182 [FXGL Background Thread 3 ] DEBUG Engine               - class com.almasb.fxgl.ui.FXGLDialogFactoryServiceProvider
20:15:12.182 [FXGL Background Thread 3 ] DEBUG Engine               - class com.almasb.fxgl.audio.AudioPlayer
20:15:12.182 [FXGL Background Thread 3 ] DEBUG Engine               - class com.almasb.fxgl.notification.impl.NotificationServiceProvider
20:15:12.182 [FXGL Background Thread 3 ] DEBUG Engine               - class com.almasb.fxgl.achievement.AchievementService
20:15:12.182 [FXGL Background Thread 3 ] DEBUG Engine               - class com.almasb.fxgl.cutscene.CutsceneService
20:15:12.182 [FXGL Background Thread 3 ] DEBUG Engine               - class com.almasb.fxgl.minigames.MiniGameService
20:15:12.182 [FXGL Background Thread 3 ] DEBUG Engine               - class com.almasb.fxgl.net.NetService
20:15:12.182 [FXGL Background Thread 3 ] DEBUG Engine               - class com.almasb.fxgl.app.services.UpdaterService
20:15:12.182 [FXGL Background Thread 3 ] DEBUG Engine               - class com.almasb.fxgl.dev.DevService
20:15:13.938 [JavaFX Application Thread] DEBUG Menu                 - fireNewGame()
20:15:13.938 [JavaFX Application Thread] DEBUG GameApplicationServi - Starting new game
20:15:13.941 [JavaFX Application Thread] DEBUG PrimaryStageWindow   - Pop state: FXGLDefaultMenu
20:15:13.941 [JavaFX Application Thread] DEBUG Input                - Clearing active input actions
20:15:13.941 [JavaFX Application Thread] DEBUG GameApplicationServi - Removing overlay from FXGLDefaultMenu and adding to FXGLMainMenuDummyScene
20:15:13.941 [JavaFX Application Thread] DEBUG PrimaryStageWindow   - FXGLMainMenuDummyScene <- FXGLDefaultMenu
20:15:13.942 [JavaFX Application Thread] DEBUG Input                - Clearing active input actions
20:15:13.944 [JavaFX Application Thread] DEBUG GameApplicationServi - Removing overlay from FXGLMainMenuDummyScene and adding to FXGLLoadingScene
20:15:13.944 [JavaFX Application Thread] DEBUG PrimaryStageWindow   - FXGLMainMenuDummyScene -> FXGLLoadingScene
20:15:13.944 [JavaFX Application Thread] DEBUG GameApplicationServi - Clearing previous game
20:15:13.944 [JavaFX Application Thread] DEBUG GameScene            - Clearing game scene
20:15:13.944 [JavaFX Application Thread] DEBUG GameWorld            - Clearing game world
20:15:13.944 [JavaFX Application Thread] DEBUG PhysicsWorld         - Clearing physics world
20:15:13.946 [FXGL Background Thread 2 ] DEBUG FXGLApplication      - Initializing game
20:15:13.962 [FXGL Background Thread 2 ] DEBUG FXGLAssetLoaderServi - Loading from file system: file:/C:/Users/Hao/Documents/DAM%202%20PRO/GameFX/target/classes/assets/textures/space.jpg
20:15:14.072 [FXGL Background Thread 2 ] DEBUG FXGLAssetLoaderServi - Loading from file system: file:/C:/Users/Hao/Documents/DAM%202%20PRO/GameFX/target/classes/assets/textures/center.png
20:15:14.092 [FXGL Background Thread 2 ] DEBUG FXGLAssetLoaderServi - Loading from file system: file:/C:/Users/Hao/Documents/DAM%202%20PRO/GameFX/target/classes/assets/music/background.mp3
20:15:14.158 [FXGL Background Thread 2 ] DEBUG AudioPlayer          - Playing music com.almasb.fxgl.audio.Music@eacaf5d
20:15:14.158 [FXGL Background Thread 2 ] DEBUG FXGLAssetLoaderServi - Loading from file system: file:/C:/Users/Hao/Documents/DAM%202%20PRO/GameFX/target/classes/assets/textures/enterprise.png
20:15:14.163 [FXGL Background Thread 2 ] INFO  FXGLApplication      - Game initialization took: 0,217 sec
20:15:14.163 [JavaFX Application Thread] DEBUG Input                - Clearing active input actions
20:15:14.167 [JavaFX Application Thread] DEBUG GameApplicationServi - Removing overlay from FXGLLoadingScene and adding to GameScene
20:15:14.167 [JavaFX Application Thread] DEBUG PrimaryStageWindow   - FXGLLoadingScene -> GameScene
20:15:14.173 [JavaFX Application Thread] DEBUG FXGLAssetLoaderServi - Loading from file system: file:/C:/Users/Hao/Documents/DAM%202%20PRO/GameFX/target/classes/assets/textures/shipYellow_manned.png
20:15:14.613 [JavaFX Application Thread] DEBUG FXGLAssetLoaderServi - Loading from file system: file:/C:/Users/Hao/Documents/DAM%202%20PRO/GameFX/target/classes/assets/textures/laserred1.png
20:15:14.617 [JavaFX Application Thread] DEBUG FXGLAssetLoaderServi - Loading from file system: file:/C:/Users/Hao/Documents/DAM%202%20PRO/GameFX/target/classes/assets/sounds/sfx_laser1.wav
20:15:15.541 [JavaFX Application Thread] DEBUG FXGLAssetLoaderServi - Loading from file system: file:/C:/Users/Hao/Documents/DAM%202%20PRO/GameFX/target/classes/assets/sounds/sfx_lose.wav
20:15:17.092 [JavaFX Application Thread] DEBUG PrimaryStageWindow   - Push state: DialogSubScene
20:15:17.092 [JavaFX Application Thread] DEBUG Input                - Clearing active input actions
20:15:17.092 [JavaFX Application Thread] DEBUG GameApplicationServi - Removing overlay from GameScene and adding to DialogSubScene
20:15:17.092 [JavaFX Application Thread] DEBUG PrimaryStageWindow   - GameScene -> DialogSubScene
20:15:18.662 [JavaFX Application Thread] DEBUG PrimaryStageWindow   - Pop state: DialogSubScene
20:15:18.664 [JavaFX Application Thread] DEBUG Input                - Clearing active input actions
20:15:18.665 [JavaFX Application Thread] DEBUG GameApplicationServi - Removing overlay from DialogSubScene and adding to GameScene
20:15:18.665 [JavaFX Application Thread] DEBUG PrimaryStageWindow   - GameScene <- DialogSubScene
20:15:18.665 [JavaFX Application Thread] DEBUG GameApplicationServi - Starting new game
20:15:18.665 [JavaFX Application Thread] DEBUG Input                - Clearing active input actions
20:15:18.671 [JavaFX Application Thread] DEBUG GameApplicationServi - Removing overlay from GameScene and adding to FXGLLoadingScene
20:15:18.672 [JavaFX Application Thread] DEBUG PrimaryStageWindow   - GameScene -> FXGLLoadingScene
20:15:18.672 [JavaFX Application Thread] DEBUG GameApplicationServi - Clearing previous game
20:15:18.672 [JavaFX Application Thread] DEBUG GameScene            - Clearing game scene
20:15:18.672 [JavaFX Application Thread] DEBUG GameWorld            - Clearing game world
20:15:18.673 [JavaFX Application Thread] DEBUG PhysicsWorld         - Clearing physics world
20:15:18.673 [FXGL Background Thread 2 ] DEBUG FXGLApplication      - Initializing game
20:15:18.674 [FXGL Background Thread 2 ] DEBUG AudioPlayer          - Playing music com.almasb.fxgl.audio.Music@eacaf5d
20:15:18.675 [FXGL Background Thread 2 ] INFO  FXGLApplication      - Game initialization took: 0,003 sec
20:15:18.676 [JavaFX Application Thread] DEBUG Input                - Clearing active input actions
20:15:18.679 [JavaFX Application Thread] DEBUG GameApplicationServi - Removing overlay from FXGLLoadingScene and adding to GameScene
20:15:18.680 [JavaFX Application Thread] DEBUG PrimaryStageWindow   - FXGLLoadingScene -> GameScene
20:15:24.283 [JavaFX Application Thread] DEBUG FXGLAssetLoaderServi - Loading from file system: file:/C:/Users/Hao/Documents/DAM%202%20PRO/GameFX/target/classes/assets/textures/laserYellow_burst.png
20:15:24.288 [JavaFX Application Thread] DEBUG FXGLAssetLoaderServi - Loading from file system: file:/C:/Users/Hao/Documents/DAM%202%20PRO/GameFX/target/classes/assets/textures/pill_green.png
20:15:24.290 [JavaFX Application Thread] WARN  Entity               - Entity already has component: com.almasb.fxgl.entity.components.CollidableComponent
20:15:24.291 [JavaFX Application Thread] DEBUG FXGLAssetLoaderServi - Loading from file system: file:/C:/Users/Hao/Documents/DAM%202%20PRO/GameFX/target/classes/assets/sounds/explosion.wav
20:15:28.765 [JavaFX Application Thread] WARN  Entity               - Entity already has component: com.almasb.fxgl.entity.components.CollidableComponent
20:15:28.972 [JavaFX Application Thread] WARN  Entity               - Entity already has component: com.almasb.fxgl.entity.components.CollidableComponent
20:15:33.115 [JavaFX Application Thread] WARN  Entity               - Entity already has component: com.almasb.fxgl.entity.components.CollidableComponent
20:15:36.171 [JavaFX Application Thread] WARN  Entity               - Entity already has component: com.almasb.fxgl.entity.components.CollidableComponent
20:15:36.202 [JavaFX Application Thread] WARN  Entity               - Entity already has component: com.almasb.fxgl.entity.components.CollidableComponent
20:15:36.828 [JavaFX Application Thread] WARN  Entity               - Entity already has component: com.almasb.fxgl.entity.components.CollidableComponent
20:15:37.323 [JavaFX Application Thread] WARN  Entity               - Entity already has component: com.almasb.fxgl.entity.components.CollidableComponent
20:15:37.687 [JavaFX Application Thread] DEBUG PrimaryStageWindow   - Push state: DialogSubScene
20:15:37.687 [JavaFX Application Thread] DEBUG Input                - Clearing active input actions
20:15:37.688 [JavaFX Application Thread] DEBUG GameApplicationServi - Removing overlay from GameScene and adding to DialogSubScene
20:15:37.688 [JavaFX Application Thread] DEBUG PrimaryStageWindow   - GameScene -> DialogSubScene
20:15:38.943 [JavaFX Application Thread] DEBUG PrimaryStageWindow   - Pop state: DialogSubScene
20:15:38.943 [JavaFX Application Thread] DEBUG Input                - Clearing active input actions
20:15:38.944 [JavaFX Application Thread] DEBUG GameApplicationServi - Removing overlay from DialogSubScene and adding to GameScene
20:15:38.944 [JavaFX Application Thread] DEBUG PrimaryStageWindow   - GameScene <- DialogSubScene
20:15:38.944 [JavaFX Application Thread] DEBUG GameApplicationServi - Starting new game
20:15:38.944 [JavaFX Application Thread] DEBUG Input                - Clearing active input actions
20:15:38.949 [JavaFX Application Thread] DEBUG GameApplicationServi - Removing overlay from GameScene and adding to FXGLLoadingScene
20:15:38.949 [JavaFX Application Thread] DEBUG PrimaryStageWindow   - GameScene -> FXGLLoadingScene
20:15:38.949 [JavaFX Application Thread] DEBUG GameApplicationServi - Clearing previous game
20:15:38.949 [JavaFX Application Thread] DEBUG GameScene            - Clearing game scene
20:15:38.949 [JavaFX Application Thread] DEBUG GameWorld            - Clearing game world
20:15:38.950 [JavaFX Application Thread] DEBUG PhysicsWorld         - Clearing physics world
20:15:38.950 [FXGL Background Thread 2 ] DEBUG FXGLApplication      - Initializing game
20:15:38.952 [FXGL Background Thread 2 ] DEBUG AudioPlayer          - Playing music com.almasb.fxgl.audio.Music@eacaf5d
20:15:38.952 [FXGL Background Thread 2 ] INFO  FXGLApplication      - Game initialization took: 0,002 sec
20:15:38.953 [JavaFX Application Thread] DEBUG Input                - Clearing active input actions
20:15:38.956 [JavaFX Application Thread] DEBUG GameApplicationServi - Removing overlay from FXGLLoadingScene and adding to GameScene
20:15:38.956 [JavaFX Application Thread] DEBUG PrimaryStageWindow   - FXGLLoadingScene -> GameScene
20:15:46.397 [JavaFX Application Thread] DEBUG FXGLApplication      - Exiting FXGL
20:15:46.398 [JavaFX Application Thread] DEBUG LoopRunner           - Stopping loop
20:15:46.398 [JavaFX Application Thread] DEBUG SystemBundleService  - Saving FXGL system data
20:15:46.400 [JavaFX Application Thread] DEBUG FileSystemAccess     - Writing to: C:\Users\Hao\Documents\DAM 2 PRO\GameFX\system\fxgl.bundle
20:15:46.404 [JavaFX Application Thread] DEBUG Async                - Shutting down background threads
20:15:46.404 [JavaFX Application Thread] DEBUG PrimaryStageWindow   - Closing main window
20:15:46.417 [JavaFX Application Thread] DEBUG Logger               - Closing Logger
