17:39:27.903 [main                     ] DEBUG Logger               - Configured Logger
17:39:27.905 [main                     ] DEBUG GameApplication      - Logging settings
Title: Dead Space but Family Friendly
Version: 0.1
Width: 1200
Height: 700
Fullscreen: true
Intro: false
Profiling: false
Single step:false
App Mode: DEVELOPER
Menu Key: ESCAPE
Stage Style: DECORATED
Scene Factory: class com.almasb.fxgl.app.scene.SceneFactory

17:39:28.114 [JavaFX Application Thread] DEBUG FXGLApplication      - Initializing FXGL
17:39:28.115 [JavaFX Application Thread] INFO  Engine               - FXGL-11.16 (25.05.2021 08.16) on WINDOWS (J:18.0.2.1 FX:16)
17:39:28.115 [JavaFX Application Thread] DEBUG Engine               - JRE Vendor Name: Oracle Corporation
17:39:28.115 [JavaFX Application Thread] DEBUG Engine               - Running on OS: Windows 10 version 10.0
17:39:28.115 [JavaFX Application Thread] DEBUG Engine               - Architecture: amd64
17:39:28.115 [JavaFX Application Thread] INFO  Engine               - Source code and latest versions at: https://github.com/AlmasB/FXGL
17:39:28.116 [JavaFX Application Thread] INFO  Engine               -              Join the FXGL chat at: https://gitter.im/AlmasB/FXGL
17:39:28.170 [JavaFX Application Thread] DEBUG PrimaryStageWindow   - Creating a JavaFX scene
17:39:28.194 [JavaFX Application Thread] DEBUG PrimaryStageWindow   - Target settings size: 1200.0 x 700.0
17:39:28.194 [JavaFX Application Thread] DEBUG PrimaryStageWindow   - Scaled scene size:    1200.0 x 700.0
17:39:28.194 [JavaFX Application Thread] DEBUG PrimaryStageWindow   - Scaled ratio: (1.0, 1.0)
17:39:28.195 [JavaFX Application Thread] DEBUG PrimaryStageWindow   - Set initial scene to FXGLStartupScene
17:39:28.199 [JavaFX Application Thread] DEBUG PrimaryStageWindow   - Opening main window
17:39:28.242 [JavaFX Application Thread] DEBUG PrimaryStageWindow   - Window border size: (14.4000244140625, 37.5999755859375)
17:39:28.242 [JavaFX Application Thread] DEBUG PrimaryStageWindow   - Scaled size: 1200.0 x 700.0
17:39:28.242 [JavaFX Application Thread] DEBUG PrimaryStageWindow   - Scaled ratio: (1.0, 1.0)
17:39:28.242 [JavaFX Application Thread] DEBUG PrimaryStageWindow   - Scene size: 1200.0 x 700.0
17:39:28.242 [JavaFX Application Thread] DEBUG PrimaryStageWindow   - Stage size: 1214.4000244140625 x 737.5999755859375
17:39:28.246 [FXGL Background Thread 1 ] DEBUG Engine               - Initializing environment variables
17:39:28.277 [FXGL Background Thread 1 ] DEBUG FXGLAssetLoaderServi - User app class for loading assets: class com.example.gamefx.MainGame
17:39:28.277 [FXGL Background Thread 1 ] DEBUG GameApplicationServi - Applying CSS: fxgl_dark.css
17:39:28.278 [FXGL Background Thread 1 ] DEBUG FXGLAssetLoaderServi - Loading from file system: jar:file:/C:/Users/Hao/.m2/repository/com/github/almasb/fxgl/11.16/fxgl-11.16.jar!/fxglassets/ui/css/fxgl_dark.css
17:39:28.300 [FXGL Background Thread 1 ] DEBUG GameApplicationServi - Initializing application scenes
17:39:28.324 [FXGL Background Thread 1 ] DEBUG GameWorld            - Game world initialized
17:39:28.359 [FXGL Background Thread 1 ] DEBUG PhysicsWorld         - Physics world initialized: appHeight=700, physics.ppm=50,0
17:39:28.360 [FXGL Background Thread 1 ] DEBUG PhysicsWorld         - Using strategy: BRUTE_FORCE
17:39:28.361 [FXGL Background Thread 1 ] DEBUG GameScene            - Game scene initialized: 1200x700
17:39:28.368 [FXGL Background Thread 1 ] DEBUG FXGL.DefaultMenu     - createMenuBodyGameMenu()
17:39:28.377 [FXGL Background Thread 1 ] DEBUG FXGL.DefaultMenu     - createOptionsMenu()
17:39:28.384 [FXGL Background Thread 1 ] DEBUG FXGLAssetLoaderServi - Loading from file system: jar:file:/C:/Users/Hao/.m2/repository/com/github/almasb/fxgl/11.16/fxgl-11.16.jar!/fxglassets/textures/particles/smoke.png
17:39:28.451 [FXGL Background Thread 1 ] DEBUG FXGLAssetLoaderServi - Loading from file system: jar:file:/C:/Users/Hao/.m2/repository/com/github/almasb/fxgl/11.16/fxgl-11.16.jar!/fxglassets/textures/particles/trace_horizontal.png
17:39:28.472 [FXGL Background Thread 1 ] DEBUG GameApplicationServi - Application scenes initialized
17:39:28.480 [FXGL Background Thread 1 ] DEBUG SystemBundleService  - Loading FXGL system data
17:39:28.483 [FXGL Background Thread 1 ] DEBUG FileSystemAccess     - Reading from: C:\Users\Hao\Documents\DAM 2 PRO\GameFX\system\fxgl.bundle
17:39:28.490 [FXGL Background Thread 1 ] DEBUG SystemBundleService  - Bundle FXGL: {}
17:39:28.490 [FXGL Background Thread 1 ] DEBUG UpdaterService       - Checking for updates
17:39:28.493 [FXGL Background Thread 4 ] DEBUG FXGLApplication      - Loading fonts
17:39:28.493 [FXGL Background Thread 4 ] DEBUG FXGLAssetLoaderServi - Loading from file system: jar:file:/C:/Users/Hao/.m2/repository/com/github/almasb/fxgl/11.16/fxgl-11.16.jar!/fxglassets/ui/fonts/VarelaRound-Regular.ttf
17:39:28.494 [FXGL Background Thread 1 ] DEBUG FXGLApplication      - Loading default localization
17:39:28.494 [FXGL Background Thread 1 ] DEBUG FXGLAssetLoaderServi - Loading from file system: jar:file:/C:/Users/Hao/.m2/repository/com/github/almasb/fxgl/11.16/fxgl-11.16.jar!/fxglassets/languages/english.lang
17:39:28.510 [FXGL Background Thread 1 ] INFO  FXGLApplication      - FXGL initialization took: 0,264 sec
17:39:28.518 [JavaFX Application Thread] DEBUG Input                - Registered new binding: left - Left
17:39:28.519 [JavaFX Application Thread] DEBUG Input                - Registered new binding: right - Right
17:39:28.519 [JavaFX Application Thread] DEBUG Input                - Registered new binding: up - Up
17:39:28.520 [JavaFX Application Thread] DEBUG Input                - Registered new binding: down - Down
17:39:28.520 [JavaFX Application Thread] DEBUG Input                - Registered new binding: Bullet - Space
17:39:28.520 [JavaFX Application Thread] DEBUG FXGLAssetLoaderServi - Loading from file system: jar:file:/C:/Users/Hao/.m2/repository/com/github/almasb/fxgl/11.16/fxgl-11.16.jar!/fxglassets/textures/fxgl_icon.png
17:39:28.531 [FXGL Background Thread 4 ] DEBUG FXGLAssetLoaderServi - Loading from file system: jar:file:/C:/Users/Hao/.m2/repository/com/github/almasb/fxgl/11.16/fxgl-11.16.jar!/fxglassets/ui/fonts/Abel-Regular.ttf
17:39:28.534 [FXGL Background Thread 4 ] DEBUG FXGLAssetLoaderServi - Loading from file system: jar:file:/C:/Users/Hao/.m2/repository/com/github/almasb/fxgl/11.16/fxgl-11.16.jar!/fxglassets/ui/fonts/lucida_console.ttf
17:39:28.535 [JavaFX Application Thread] DEBUG FXGLAssetLoaderServi - Loading from file system: jar:file:/C:/Users/Hao/.m2/repository/com/github/almasb/fxgl/11.16/fxgl-11.16.jar!/fxglassets/textures/fxgl_default_cursor.png
17:39:28.538 [JavaFX Application Thread] DEBUG Input                - Registered new binding: Screenshot - CTRL+8
17:39:28.538 [JavaFX Application Thread] DEBUG Input                - Registered new binding: System info dump - CTRL+9
17:39:28.539 [JavaFX Application Thread] DEBUG Input                - Registered new binding: Restart - CTRL+R
17:39:28.540 [JavaFX Application Thread] DEBUG Input                - Registered new binding: Toggle Debug Camera - CTRL+C
17:39:28.540 [FXGL Background Thread 4 ] DEBUG FXGLAssetLoaderServi - Loading from file system: jar:file:/C:/Users/Hao/.m2/repository/com/github/almasb/fxgl/11.16/fxgl-11.16.jar!/fxglassets/ui/fonts/Courier-Prime.ttf
17:39:28.542 [JavaFX Application Thread] DEBUG LoopRunner           - Starting loop
17:39:28.542 [JavaFX Application Thread] DEBUG LoopRunner           - Initializing JavaFX AnimationTimerLoop
17:39:28.545 [JavaFX Application Thread] DEBUG GameApplicationServi - Starting new game
17:39:28.545 [JavaFX Application Thread] DEBUG Input                - Clearing active input actions
17:39:28.558 [JavaFX Application Thread] DEBUG GameApplicationServi - Removing overlay from FXGLStartupScene and adding to FXGLLoadingScene
17:39:28.558 [JavaFX Application Thread] DEBUG PrimaryStageWindow   - FXGLStartupScene -> FXGLLoadingScene
17:39:28.558 [JavaFX Application Thread] DEBUG GameApplicationServi - Clearing previous game
17:39:28.558 [JavaFX Application Thread] DEBUG GameScene            - Clearing game scene
17:39:28.559 [JavaFX Application Thread] DEBUG GameWorld            - Clearing game world
17:39:28.559 [JavaFX Application Thread] DEBUG PhysicsWorld         - Clearing physics world
17:39:28.561 [FXGL Background Thread 4 ] DEBUG FXGLApplication      - Initializing game
17:39:28.576 [FXGL Background Thread 4 ] DEBUG FXGLAssetLoaderServi - Loading from file system: file:/C:/Users/Hao/Documents/DAM%202%20PRO/GameFX/target/classes/assets/textures/space.jpg
17:39:28.720 [FXGL Background Thread 4 ] DEBUG FXGLAssetLoaderServi - Loading from file system: file:/C:/Users/Hao/Documents/DAM%202%20PRO/GameFX/target/classes/assets/textures/center.png
17:39:28.759 [FXGL Background Thread 4 ] DEBUG FXGLAssetLoaderServi - Loading from file system: file:/C:/Users/Hao/Documents/DAM%202%20PRO/GameFX/target/classes/assets/textures/enterprise.png
17:39:28.767 [FXGL Background Thread 4 ] INFO  FXGLApplication      - Game initialization took: 0,205 sec
17:39:28.768 [JavaFX Application Thread] DEBUG Input                - Clearing active input actions
17:39:28.772 [JavaFX Application Thread] DEBUG GameApplicationServi - Removing overlay from FXGLLoadingScene and adding to GameScene
17:39:28.772 [JavaFX Application Thread] DEBUG PrimaryStageWindow   - FXGLLoadingScene -> GameScene
17:39:28.780 [JavaFX Application Thread] DEBUG FXGLAssetLoaderServi - Loading from file system: file:/C:/Users/Hao/Documents/DAM%202%20PRO/GameFX/target/classes/assets/textures/enemies.png
17:39:28.788 [FXGL Background Thread 2 ] INFO  UpdaterService       - Your current version:  11.16
17:39:28.789 [FXGL Background Thread 2 ] INFO  UpdaterService       - Latest stable version: 17.2
17:39:29.167 [JavaFX Application Thread] DEBUG FXGLAssetLoaderServi - Loading from file system: file:/C:/Users/Hao/Documents/DAM%202%20PRO/GameFX/target/classes/assets/textures/laserred1.png
17:39:29.169 [JavaFX Application Thread] DEBUG FXGLAssetLoaderServi - Loading from file system: file:/C:/Users/Hao/Documents/DAM%202%20PRO/GameFX/target/classes/assets/sounds/sfx_laser1.wav
17:39:29.771 [JavaFX Application Thread] DEBUG FXGLAssetLoaderServi - Loading from file system: file:/C:/Users/Hao/Documents/DAM%202%20PRO/GameFX/target/classes/assets/textures/laserYellow_burst.png
17:39:29.773 [JavaFX Application Thread] DEBUG FXGLAssetLoaderServi - Loading from file system: file:/C:/Users/Hao/Documents/DAM%202%20PRO/GameFX/target/classes/assets/sounds/explosion.wav
17:39:31.493 [FXGL Background Thread 3 ] DEBUG Engine               - Logging environment variables
17:39:31.493 [FXGL Background Thread 3 ] DEBUG Engine               - achievements: []
17:39:31.493 [FXGL Background Thread 3 ] DEBUG Engine               - actualHeight: 700.0
17:39:31.493 [FXGL Background Thread 3 ] DEBUG Engine               - actualHeightProperty: ReadOnlyDoubleProperty [value: 700.0]
17:39:31.493 [FXGL Background Thread 3 ] DEBUG Engine               - actualWidth: 1200.0
17:39:31.493 [FXGL Background Thread 3 ] DEBUG Engine               - actualWidthProperty: ReadOnlyDoubleProperty [value: 1200.0]
17:39:31.493 [FXGL Background Thread 3 ] DEBUG Engine               - appIcon: fxgl_icon.png
17:39:31.493 [FXGL Background Thread 3 ] DEBUG Engine               - applicationMode: DEVELOPER
17:39:31.493 [FXGL Background Thread 3 ] DEBUG Engine               - cSSList: [fxgl_dark.css]
17:39:31.493 [FXGL Background Thread 3 ] DEBUG Engine               - collisionDetectionStrategy: BRUTE_FORCE
17:39:31.493 [FXGL Background Thread 3 ] DEBUG Engine               - configClass: Optional.empty
17:39:31.493 [FXGL Background Thread 3 ] DEBUG Engine               - credits: []
17:39:31.493 [FXGL Background Thread 3 ] DEBUG Engine               - defaultCursor: CursorInfo(imageName=fxgl_default_cursor.png, hotspotX=7.0, hotspotY=6.0)
17:39:31.493 [FXGL Background Thread 3 ] DEBUG Engine               - devBBoxColorProperty: ObjectProperty [value: 0xff0000ff]
17:39:31.493 [FXGL Background Thread 3 ] DEBUG Engine               - devEnableDebugCameraProperty: BooleanProperty [value: false]
17:39:31.493 [FXGL Background Thread 3 ] DEBUG Engine               - devSensorColorProperty: ObjectProperty [value: 0xffff00ff]
17:39:31.493 [FXGL Background Thread 3 ] DEBUG Engine               - devShowBBoxProperty: BooleanProperty [value: false]
17:39:31.493 [FXGL Background Thread 3 ] DEBUG Engine               - devShowPositionProperty: BooleanProperty [value: false]
17:39:31.493 [FXGL Background Thread 3 ] DEBUG Engine               - enabledMenuItems: []
17:39:31.493 [FXGL Background Thread 3 ] DEBUG Engine               - engineServices: [class com.almasb.fxgl.app.services.FXGLAssetLoaderService, class com.almasb.fxgl.app.FXGLApplication$GameApplicationService, class com.almasb.fxgl.app.services.FXGLDialogService, class com.almasb.fxgl.app.services.IOTaskExecutorService, class com.almasb.fxgl.io.FileSystemService, class com.almasb.fxgl.localization.LocalizationService, class com.almasb.fxgl.app.services.SystemBundleService, class com.almasb.fxgl.profile.SaveLoadService, class com.almasb.fxgl.ui.FXGLUIFactoryServiceProvider, class com.almasb.fxgl.ui.FXGLDialogFactoryServiceProvider, class com.almasb.fxgl.audio.AudioPlayer, class com.almasb.fxgl.notification.impl.NotificationServiceProvider, class com.almasb.fxgl.achievement.AchievementService, class com.almasb.fxgl.cutscene.CutsceneService, class com.almasb.fxgl.minigames.MiniGameService, class com.almasb.fxgl.net.NetService, class com.almasb.fxgl.app.services.UpdaterService, class com.almasb.fxgl.dev.DevService]
17:39:31.493 [FXGL Background Thread 3 ] DEBUG Engine               - fontGame: Abel-Regular.ttf
17:39:31.493 [FXGL Background Thread 3 ] DEBUG Engine               - fontMono: lucida_console.ttf
17:39:31.493 [FXGL Background Thread 3 ] DEBUG Engine               - fontText: Courier-Prime.ttf
17:39:31.493 [FXGL Background Thread 3 ] DEBUG Engine               - fontUI: VarelaRound-Regular.ttf
17:39:31.493 [FXGL Background Thread 3 ] DEBUG Engine               - fullScreen: BooleanProperty [value: false]
17:39:31.493 [FXGL Background Thread 3 ] DEBUG Engine               - gameDifficulty: MEDIUM
17:39:31.493 [FXGL Background Thread 3 ] DEBUG Engine               - gameDifficultyProperty: ObjectProperty [value: MEDIUM]
17:39:31.493 [FXGL Background Thread 3 ] DEBUG Engine               - globalMusicVolume: 0.5
17:39:31.493 [FXGL Background Thread 3 ] DEBUG Engine               - globalMusicVolumeProperty: DoubleProperty [value: 0.5]
17:39:31.494 [FXGL Background Thread 3 ] DEBUG Engine               - globalSoundVolume: 0.5
17:39:31.494 [FXGL Background Thread 3 ] DEBUG Engine               - globalSoundVolumeProperty: DoubleProperty [value: 0.5]
17:39:31.494 [FXGL Background Thread 3 ] DEBUG Engine               - height: 700
17:39:31.494 [FXGL Background Thread 3 ] DEBUG Engine               - is3D: false
17:39:31.494 [FXGL Background Thread 3 ] DEBUG Engine               - isAndroid: false
17:39:31.494 [FXGL Background Thread 3 ] DEBUG Engine               - isBrowser: false
17:39:31.494 [FXGL Background Thread 3 ] DEBUG Engine               - isClickFeedbackEnabled: false
17:39:31.494 [FXGL Background Thread 3 ] DEBUG Engine               - isCloseConfirmation: false
17:39:31.494 [FXGL Background Thread 3 ] DEBUG Engine               - isDesktop: true
17:39:31.494 [FXGL Background Thread 3 ] DEBUG Engine               - isDeveloperMenuEnabled: false
17:39:31.494 [FXGL Background Thread 3 ] DEBUG Engine               - isEntityPreloadEnabled: true
17:39:31.494 [FXGL Background Thread 3 ] DEBUG Engine               - isExperimentalTiledLargeMap: false
17:39:31.494 [FXGL Background Thread 3 ] DEBUG Engine               - isFileSystemWriteAllowed: true
17:39:31.494 [FXGL Background Thread 3 ] DEBUG Engine               - isFullScreenAllowed: true
17:39:31.494 [FXGL Background Thread 3 ] DEBUG Engine               - isFullScreenFromStart: false
17:39:31.494 [FXGL Background Thread 3 ] DEBUG Engine               - isGameMenuEnabled: true
17:39:31.494 [FXGL Background Thread 3 ] DEBUG Engine               - isIOS: false
17:39:31.494 [FXGL Background Thread 3 ] DEBUG Engine               - isIntroEnabled: false
17:39:31.494 [FXGL Background Thread 3 ] DEBUG Engine               - isLinux: false
17:39:31.494 [FXGL Background Thread 3 ] DEBUG Engine               - isMac: false
17:39:31.494 [FXGL Background Thread 3 ] DEBUG Engine               - isMainMenuEnabled: false
17:39:31.494 [FXGL Background Thread 3 ] DEBUG Engine               - isManualResizeEnabled: false
17:39:31.494 [FXGL Background Thread 3 ] DEBUG Engine               - isMobile: false
17:39:31.494 [FXGL Background Thread 3 ] DEBUG Engine               - isNative: false
17:39:31.494 [FXGL Background Thread 3 ] DEBUG Engine               - isPreserveResizeRatio: false
17:39:31.494 [FXGL Background Thread 3 ] DEBUG Engine               - isProfilingEnabled: false
17:39:31.494 [FXGL Background Thread 3 ] DEBUG Engine               - isScaleAffectedOnResize: true
17:39:31.494 [FXGL Background Thread 3 ] DEBUG Engine               - isSingleStep: false
17:39:31.494 [FXGL Background Thread 3 ] DEBUG Engine               - isUserProfileEnabled: false
17:39:31.494 [FXGL Background Thread 3 ] DEBUG Engine               - isWindows: true
17:39:31.494 [FXGL Background Thread 3 ] DEBUG Engine               - language: ObjectProperty [value: ENGLISH]
17:39:31.494 [FXGL Background Thread 3 ] DEBUG Engine               - menuKey: ESCAPE
17:39:31.494 [FXGL Background Thread 3 ] DEBUG Engine               - mouseSensitivity: 0.2
17:39:31.494 [FXGL Background Thread 3 ] DEBUG Engine               - notificationViewClass: class com.almasb.fxgl.notification.view.XboxNotificationView
17:39:31.494 [FXGL Background Thread 3 ] DEBUG Engine               - pixelsPerMeter: 50.0
17:39:31.494 [FXGL Background Thread 3 ] DEBUG Engine               - platform: WINDOWS
17:39:31.494 [FXGL Background Thread 3 ] DEBUG Engine               - prefHeightProperty: ReadOnlyDoubleProperty [value: 700.0]
17:39:31.494 [FXGL Background Thread 3 ] DEBUG Engine               - prefWidthProperty: ReadOnlyDoubleProperty [value: 1200.0]
17:39:31.494 [FXGL Background Thread 3 ] DEBUG Engine               - profileDir: profiles/
17:39:31.494 [FXGL Background Thread 3 ] DEBUG Engine               - profileName: StringProperty [value: DEFAULT]
17:39:31.494 [FXGL Background Thread 3 ] DEBUG Engine               - randomSeed: -1
17:39:31.494 [FXGL Background Thread 3 ] DEBUG Engine               - runtimeInfo: RuntimeInfo(platform=WINDOWS, version=11.16, build=25.05.2021 08.16)
17:39:31.494 [FXGL Background Thread 3 ] DEBUG Engine               - saveFileExt: sav
17:39:31.494 [FXGL Background Thread 3 ] DEBUG Engine               - scaledHeightProp$fxgl: DoubleProperty [bound, value: 700.0]
17:39:31.494 [FXGL Background Thread 3 ] DEBUG Engine               - scaledWidthProp$fxgl: DoubleProperty [bound, value: 1200.0]
17:39:31.494 [FXGL Background Thread 3 ] DEBUG Engine               - sceneFactory: com.almasb.fxgl.app.scene.SceneFactory@86cb2b8
17:39:31.494 [FXGL Background Thread 3 ] DEBUG Engine               - secondsIn24h: 60
17:39:31.494 [FXGL Background Thread 3 ] DEBUG Engine               - soundMenuBack: menu/back.wav
17:39:31.494 [FXGL Background Thread 3 ] DEBUG Engine               - soundMenuPress: menu/press.wav
17:39:31.494 [FXGL Background Thread 3 ] DEBUG Engine               - soundMenuSelect: menu/select.wav
17:39:31.494 [FXGL Background Thread 3 ] DEBUG Engine               - soundNotification: core/notification.wav
17:39:31.494 [FXGL Background Thread 3 ] DEBUG Engine               - stageStyle: DECORATED
17:39:31.494 [FXGL Background Thread 3 ] DEBUG Engine               - supportedLanguages: [ENGLISH, FRENCH, GERMAN, HUNGARIAN, RUSSIAN]
17:39:31.494 [FXGL Background Thread 3 ] DEBUG Engine               - ticksPerSecond: -1
17:39:31.494 [FXGL Background Thread 3 ] DEBUG Engine               - title: Dead Space but Family Friendly
17:39:31.494 [FXGL Background Thread 3 ] DEBUG Engine               - urlGithub: https://github.com/AlmasB/FXGL
17:39:31.494 [FXGL Background Thread 3 ] DEBUG Engine               - urlLeaderboard: http://fxgl-top.herokuapp.com/
17:39:31.494 [FXGL Background Thread 3 ] DEBUG Engine               - urlPOM: https://raw.githubusercontent.com/AlmasB/FXGL/release/README.md
17:39:31.495 [FXGL Background Thread 3 ] DEBUG Engine               - userAppClass: class com.example.gamefx.MainGame
17:39:31.495 [FXGL Background Thread 3 ] DEBUG Engine               - version: 0.1
17:39:31.495 [FXGL Background Thread 3 ] DEBUG Engine               - versionCheckDays: 7
17:39:31.495 [FXGL Background Thread 3 ] DEBUG Engine               - width: 1200
17:39:31.495 [FXGL Background Thread 3 ] DEBUG Engine               - Logging services
17:39:31.495 [FXGL Background Thread 3 ] DEBUG Engine               - class com.almasb.fxgl.app.services.FXGLAssetLoaderService
17:39:31.495 [FXGL Background Thread 3 ] DEBUG Engine               - class com.almasb.fxgl.app.FXGLApplication$GameApplicationService
17:39:31.495 [FXGL Background Thread 3 ] DEBUG Engine               - class com.almasb.fxgl.app.services.FXGLDialogService
17:39:31.495 [FXGL Background Thread 3 ] DEBUG Engine               - class com.almasb.fxgl.app.services.IOTaskExecutorService
17:39:31.495 [FXGL Background Thread 3 ] DEBUG Engine               - class com.almasb.fxgl.io.FileSystemService
17:39:31.495 [FXGL Background Thread 3 ] DEBUG Engine               - class com.almasb.fxgl.localization.LocalizationService
17:39:31.495 [FXGL Background Thread 3 ] DEBUG Engine               - class com.almasb.fxgl.app.services.SystemBundleService
17:39:31.495 [FXGL Background Thread 3 ] DEBUG Engine               - class com.almasb.fxgl.profile.SaveLoadService
17:39:31.495 [FXGL Background Thread 3 ] DEBUG Engine               - class com.almasb.fxgl.ui.FXGLUIFactoryServiceProvider
17:39:31.495 [FXGL Background Thread 3 ] DEBUG Engine               - class com.almasb.fxgl.ui.FXGLDialogFactoryServiceProvider
17:39:31.495 [FXGL Background Thread 3 ] DEBUG Engine               - class com.almasb.fxgl.audio.AudioPlayer
17:39:31.495 [FXGL Background Thread 3 ] DEBUG Engine               - class com.almasb.fxgl.notification.impl.NotificationServiceProvider
17:39:31.495 [FXGL Background Thread 3 ] DEBUG Engine               - class com.almasb.fxgl.achievement.AchievementService
17:39:31.495 [FXGL Background Thread 3 ] DEBUG Engine               - class com.almasb.fxgl.cutscene.CutsceneService
17:39:31.495 [FXGL Background Thread 3 ] DEBUG Engine               - class com.almasb.fxgl.minigames.MiniGameService
17:39:31.495 [FXGL Background Thread 3 ] DEBUG Engine               - class com.almasb.fxgl.net.NetService
17:39:31.495 [FXGL Background Thread 3 ] DEBUG Engine               - class com.almasb.fxgl.app.services.UpdaterService
17:39:31.495 [FXGL Background Thread 3 ] DEBUG Engine               - class com.almasb.fxgl.dev.DevService
17:39:31.547 [JavaFX Application Thread] DEBUG FXGLAssetLoaderServi - Loading from file system: file:/C:/Users/Hao/Documents/DAM%202%20PRO/GameFX/target/classes/assets/sounds/sfx_lose.wav
17:39:34.172 [JavaFX Application Thread] DEBUG FXGLAssetLoaderServi - Loading from file system: file:/C:/Users/Hao/Documents/DAM%202%20PRO/GameFX/target/classes/assets/textures/pill_green.png
17:39:34.174 [JavaFX Application Thread] WARN  Entity               - Entity already has component: com.almasb.fxgl.entity.components.CollidableComponent
17:39:34.732 [JavaFX Application Thread] WARN  Entity               - Entity already has component: com.almasb.fxgl.entity.components.CollidableComponent
17:39:35.292 [JavaFX Application Thread] WARN  Entity               - Entity already has component: com.almasb.fxgl.entity.components.CollidableComponent
17:39:35.311 [JavaFX Application Thread] DEBUG FXGLAssetLoaderServi - Loading from file system: file:/C:/Users/Hao/Documents/DAM%202%20PRO/GameFX/target/classes/assets/textures/laserRed02.png
17:39:35.312 [JavaFX Application Thread] DEBUG FXGLAssetLoaderServi - Loading from file system: file:/C:/Users/Hao/Documents/DAM%202%20PRO/GameFX/target/classes/assets/sounds/sfx_laser2.wav
17:39:37.902 [JavaFX Application Thread] WARN  Entity               - Entity already has component: com.almasb.fxgl.entity.components.CollidableComponent
17:39:38.899 [JavaFX Application Thread] WARN  Entity               - Entity already has component: com.almasb.fxgl.entity.components.CollidableComponent
17:39:38.907 [JavaFX Application Thread] WARN  Entity               - Entity already has component: com.almasb.fxgl.entity.components.CollidableComponent
17:39:39.084 [JavaFX Application Thread] WARN  Entity               - Entity already has component: com.almasb.fxgl.entity.components.CollidableComponent
17:39:39.227 [JavaFX Application Thread] WARN  Entity               - Entity already has component: com.almasb.fxgl.entity.components.CollidableComponent
17:39:42.264 [JavaFX Application Thread] WARN  Entity               - Entity already has component: com.almasb.fxgl.entity.components.CollidableComponent
17:39:42.534 [JavaFX Application Thread] WARN  Entity               - Entity already has component: com.almasb.fxgl.entity.components.CollidableComponent
17:39:42.630 [JavaFX Application Thread] DEBUG FXGLAssetLoaderServi - Loading from file system: file:/C:/Users/Hao/Documents/DAM%202%20PRO/GameFX/target/classes/assets/textures/laserRed04.png
17:39:42.861 [JavaFX Application Thread] WARN  Entity               - Entity already has component: com.almasb.fxgl.entity.components.CollidableComponent
17:39:43.020 [JavaFX Application Thread] WARN  Entity               - Entity already has component: com.almasb.fxgl.entity.components.CollidableComponent
17:39:44.137 [JavaFX Application Thread] WARN  Entity               - Entity already has component: com.almasb.fxgl.entity.components.CollidableComponent
17:39:44.652 [JavaFX Application Thread] WARN  Entity               - Entity already has component: com.almasb.fxgl.entity.components.CollidableComponent
17:39:45.844 [JavaFX Application Thread] WARN  Entity               - Entity already has component: com.almasb.fxgl.entity.components.CollidableComponent
17:39:46.594 [JavaFX Application Thread] WARN  Entity               - Entity already has component: com.almasb.fxgl.entity.components.CollidableComponent
17:39:46.615 [JavaFX Application Thread] WARN  Entity               - Entity already has component: com.almasb.fxgl.entity.components.CollidableComponent
17:39:47.243 [JavaFX Application Thread] WARN  Entity               - Entity already has component: com.almasb.fxgl.entity.components.CollidableComponent
17:39:48.001 [JavaFX Application Thread] DEBUG FXGLApplication      - Exiting FXGL
17:39:48.001 [JavaFX Application Thread] DEBUG LoopRunner           - Stopping loop
17:39:48.001 [JavaFX Application Thread] DEBUG SystemBundleService  - Saving FXGL system data
17:39:48.002 [JavaFX Application Thread] DEBUG FileSystemAccess     - Writing to: C:\Users\Hao\Documents\DAM 2 PRO\GameFX\system\fxgl.bundle
17:39:48.003 [JavaFX Application Thread] DEBUG Async                - Shutting down background threads
17:39:48.003 [JavaFX Application Thread] DEBUG PrimaryStageWindow   - Closing main window
17:39:48.011 [JavaFX Application Thread] DEBUG Logger               - Closing Logger
