19:28:39.218 [main                     ] DEBUG Logger               - Configured Logger
19:28:39.219 [main                     ] DEBUG GameApplication      - Logging settings
Title: Dead Space but Family Friendly
Version: 0.1
Width: 1200
Height: 700
Fullscreen: true
Intro: false
Profiling: false
Single step:false
App Mode: DEVELOPER
Menu Key: ESCAPE
Stage Style: DECORATED
Scene Factory: class com.almasb.fxgl.app.scene.SceneFactory

19:28:39.421 [JavaFX Application Thread] DEBUG FXGLApplication      - Initializing FXGL
19:28:39.422 [JavaFX Application Thread] INFO  Engine               - FXGL-11.16 (25.05.2021 08.16) on WINDOWS (J:18.0.2.1 FX:16)
19:28:39.422 [JavaFX Application Thread] DEBUG Engine               - JRE Vendor Name: Oracle Corporation
19:28:39.422 [JavaFX Application Thread] DEBUG Engine               - Running on OS: Windows 10 version 10.0
19:28:39.422 [JavaFX Application Thread] DEBUG Engine               - Architecture: amd64
19:28:39.422 [JavaFX Application Thread] INFO  Engine               - Source code and latest versions at: https://github.com/AlmasB/FXGL
19:28:39.422 [JavaFX Application Thread] INFO  Engine               -              Join the FXGL chat at: https://gitter.im/AlmasB/FXGL
19:28:39.501 [JavaFX Application Thread] DEBUG PrimaryStageWindow   - Creating a JavaFX scene
19:28:39.525 [JavaFX Application Thread] DEBUG PrimaryStageWindow   - Target settings size: 1200.0 x 700.0
19:28:39.525 [JavaFX Application Thread] DEBUG PrimaryStageWindow   - Scaled scene size:    1200.0 x 700.0
19:28:39.525 [JavaFX Application Thread] DEBUG PrimaryStageWindow   - Scaled ratio: (1.0, 1.0)
19:28:39.526 [JavaFX Application Thread] DEBUG PrimaryStageWindow   - Set initial scene to FXGLStartupScene
19:28:39.530 [JavaFX Application Thread] DEBUG PrimaryStageWindow   - Opening main window
19:28:39.575 [JavaFX Application Thread] DEBUG PrimaryStageWindow   - Window border size: (14.4000244140625, 37.5999755859375)
19:28:39.575 [JavaFX Application Thread] DEBUG PrimaryStageWindow   - Scaled size: 1200.0 x 700.0
19:28:39.575 [JavaFX Application Thread] DEBUG PrimaryStageWindow   - Scaled ratio: (1.0, 1.0)
19:28:39.575 [JavaFX Application Thread] DEBUG PrimaryStageWindow   - Scene size: 1200.0 x 700.0
19:28:39.575 [JavaFX Application Thread] DEBUG PrimaryStageWindow   - Stage size: 1214.4000244140625 x 737.5999755859375
19:28:39.579 [FXGL Background Thread 1 ] DEBUG Engine               - Initializing environment variables
19:28:39.608 [FXGL Background Thread 1 ] DEBUG FXGLAssetLoaderServi - User app class for loading assets: class com.example.gamefx.MainGame
19:28:39.608 [FXGL Background Thread 1 ] DEBUG GameApplicationServi - Applying CSS: fxgl_dark.css
19:28:39.608 [FXGL Background Thread 1 ] DEBUG FXGLAssetLoaderServi - Loading from file system: jar:file:/C:/Users/Hao/.m2/repository/com/github/almasb/fxgl/11.16/fxgl-11.16.jar!/fxglassets/ui/css/fxgl_dark.css
19:28:39.631 [FXGL Background Thread 1 ] DEBUG GameApplicationServi - Initializing application scenes
19:28:39.654 [FXGL Background Thread 1 ] DEBUG GameWorld            - Game world initialized
19:28:39.685 [FXGL Background Thread 1 ] DEBUG PhysicsWorld         - Physics world initialized: appHeight=700, physics.ppm=50,0
19:28:39.685 [FXGL Background Thread 1 ] DEBUG PhysicsWorld         - Using strategy: BRUTE_FORCE
19:28:39.687 [FXGL Background Thread 1 ] DEBUG GameScene            - Game scene initialized: 1200x700
19:28:39.693 [FXGL Background Thread 1 ] DEBUG FXGL.DefaultMenu     - createMenuBodyGameMenu()
19:28:39.702 [FXGL Background Thread 1 ] DEBUG FXGL.DefaultMenu     - createOptionsMenu()
19:28:39.707 [FXGL Background Thread 1 ] DEBUG FXGLAssetLoaderServi - Loading from file system: jar:file:/C:/Users/Hao/.m2/repository/com/github/almasb/fxgl/11.16/fxgl-11.16.jar!/fxglassets/textures/particles/smoke.png
19:28:39.765 [FXGL Background Thread 1 ] DEBUG FXGLAssetLoaderServi - Loading from file system: jar:file:/C:/Users/Hao/.m2/repository/com/github/almasb/fxgl/11.16/fxgl-11.16.jar!/fxglassets/textures/particles/trace_horizontal.png
19:28:39.783 [FXGL Background Thread 1 ] DEBUG GameApplicationServi - Application scenes initialized
19:28:39.790 [FXGL Background Thread 1 ] DEBUG SystemBundleService  - Loading FXGL system data
19:28:39.793 [FXGL Background Thread 1 ] DEBUG FileSystemAccess     - Reading from: C:\Users\Hao\Documents\DAM 2 PRO\GameFX\system\fxgl.bundle
19:28:39.798 [FXGL Background Thread 1 ] DEBUG SystemBundleService  - Bundle FXGL: {}
19:28:39.798 [FXGL Background Thread 1 ] DEBUG UpdaterService       - Checking for updates
19:28:39.801 [FXGL Background Thread 4 ] DEBUG FXGLApplication      - Loading fonts
19:28:39.801 [FXGL Background Thread 1 ] DEBUG FXGLApplication      - Loading default localization
19:28:39.801 [FXGL Background Thread 4 ] DEBUG FXGLAssetLoaderServi - Loading from file system: jar:file:/C:/Users/Hao/.m2/repository/com/github/almasb/fxgl/11.16/fxgl-11.16.jar!/fxglassets/ui/fonts/VarelaRound-Regular.ttf
19:28:39.801 [FXGL Background Thread 1 ] DEBUG FXGLAssetLoaderServi - Loading from file system: jar:file:/C:/Users/Hao/.m2/repository/com/github/almasb/fxgl/11.16/fxgl-11.16.jar!/fxglassets/languages/english.lang
19:28:39.813 [FXGL Background Thread 1 ] INFO  FXGLApplication      - FXGL initialization took: 0,233 sec
19:28:39.820 [JavaFX Application Thread] DEBUG Input                - Registered new binding: left - Left
19:28:39.821 [JavaFX Application Thread] DEBUG Input                - Registered new binding: right - Right
19:28:39.821 [JavaFX Application Thread] DEBUG Input                - Registered new binding: up - Up
19:28:39.821 [JavaFX Application Thread] DEBUG Input                - Registered new binding: down - Down
19:28:39.822 [JavaFX Application Thread] DEBUG Input                - Registered new binding: Bullet - Space
19:28:39.822 [JavaFX Application Thread] DEBUG FXGLAssetLoaderServi - Loading from file system: jar:file:/C:/Users/Hao/.m2/repository/com/github/almasb/fxgl/11.16/fxgl-11.16.jar!/fxglassets/textures/fxgl_icon.png
19:28:39.832 [FXGL Background Thread 4 ] DEBUG FXGLAssetLoaderServi - Loading from file system: file:/C:/Users/Hao/Documents/DAM%202%20PRO/GameFX/target/classes/assets/ui/fonts/kenvector_future.ttf
19:28:39.834 [JavaFX Application Thread] DEBUG FXGLAssetLoaderServi - Loading from file system: jar:file:/C:/Users/Hao/.m2/repository/com/github/almasb/fxgl/11.16/fxgl-11.16.jar!/fxglassets/textures/fxgl_default_cursor.png
19:28:39.835 [FXGL Background Thread 4 ] DEBUG FXGLAssetLoaderServi - Loading from file system: jar:file:/C:/Users/Hao/.m2/repository/com/github/almasb/fxgl/11.16/fxgl-11.16.jar!/fxglassets/ui/fonts/lucida_console.ttf
19:28:39.837 [JavaFX Application Thread] DEBUG Input                - Registered new binding: Screenshot - CTRL+8
19:28:39.837 [JavaFX Application Thread] DEBUG Input                - Registered new binding: System info dump - CTRL+9
19:28:39.837 [JavaFX Application Thread] DEBUG Input                - Registered new binding: Restart - CTRL+R
19:28:39.838 [JavaFX Application Thread] DEBUG Input                - Registered new binding: Toggle Debug Camera - CTRL+C
19:28:39.839 [JavaFX Application Thread] DEBUG LoopRunner           - Starting loop
19:28:39.839 [JavaFX Application Thread] DEBUG LoopRunner           - Initializing JavaFX AnimationTimerLoop
19:28:39.839 [FXGL Background Thread 4 ] DEBUG FXGLAssetLoaderServi - Loading from file system: jar:file:/C:/Users/Hao/.m2/repository/com/github/almasb/fxgl/11.16/fxgl-11.16.jar!/fxglassets/ui/fonts/Courier-Prime.ttf
19:28:39.841 [JavaFX Application Thread] DEBUG GameApplicationServi - Starting new game
19:28:39.841 [JavaFX Application Thread] DEBUG Input                - Clearing active input actions
19:28:39.850 [JavaFX Application Thread] DEBUG GameApplicationServi - Removing overlay from FXGLStartupScene and adding to FXGLLoadingScene
19:28:39.850 [JavaFX Application Thread] DEBUG PrimaryStageWindow   - FXGLStartupScene -> FXGLLoadingScene
19:28:39.850 [JavaFX Application Thread] DEBUG GameApplicationServi - Clearing previous game
19:28:39.850 [JavaFX Application Thread] DEBUG GameScene            - Clearing game scene
19:28:39.850 [JavaFX Application Thread] DEBUG GameWorld            - Clearing game world
19:28:39.850 [JavaFX Application Thread] DEBUG PhysicsWorld         - Clearing physics world
19:28:39.851 [JavaFX Application Thread] DEBUG FXGLApplication      - Registering font factories with UI factory
19:28:39.851 [FXGL Background Thread 4 ] DEBUG FXGLApplication      - Initializing game
19:28:39.870 [FXGL Background Thread 4 ] DEBUG PrimaryStageWindow   - Push state: DialogSubScene
19:28:39.870 [FXGL Background Thread 4 ] DEBUG Input                - Clearing active input actions
19:28:39.883 [JavaFX Application Thread] DEBUG LoopRunner           - Stopping loop
19:28:39.884 [JavaFX Application Thread] FATAL FXGLApplication      - Uncaught Exception:
java.lang.RuntimeException: Initialization failed
	at com.almasb.fxgl.app.FXGLApplication$InitAppTask.failed(FXGLApplication.kt:343)
	at javafx.concurrent.Task.setState(Task.java:710)
	at javafx.concurrent.Task$TaskCallable.lambda$call$2(Task.java:1455)
	at com.sun.javafx.application.PlatformImpl.lambda$runLater$10(PlatformImpl.java:447)
	at java.base/java.security.AccessController.doPrivileged(AccessController.java:399)
	at com.sun.javafx.application.PlatformImpl.lambda$runLater$11(PlatformImpl.java:446)
	at com.sun.glass.ui.InvokeLaterDispatcher$Future.run(InvokeLaterDispatcher.java:96)
	at com.sun.glass.ui.win.WinApplication._runLoop(Native Method)
	at com.sun.glass.ui.win.WinApplication.lambda$runLoop$3(WinApplication.java:174)
	at java.base/java.lang.Thread.run(Thread.java:833)
Caused by: java.lang.IllegalStateException: Not on FX application thread; currentThread = FXGL Background Thread 4
	at com.sun.javafx.tk.Toolkit.checkFxUserThread(Toolkit.java:292)
	at com.sun.javafx.tk.quantum.QuantumToolkit.checkFxUserThread(QuantumToolkit.java:446)
	at javafx.scene.Parent$3.onProposedChange(Parent.java:474)
	at com.sun.javafx.collections.VetoableListDecorator.add(VetoableListDecorator.java:205)
	at com.almasb.fxgl.app.MainWindow.pushState(MainWindow.kt:160)
	at com.almasb.fxgl.app.FXGLApplication$GameApplicationService.pushSubScene(FXGLApplication.kt:698)
	at com.almasb.fxgl.app.services.FXGLDialogService.show(FXGLDialogService.kt:99)
	at com.almasb.fxgl.app.services.FXGLDialogService.show(FXGLDialogService.kt:94)
	at com.almasb.fxgl.app.services.FXGLDialogService.showMessageBox(FXGLDialogService.kt:125)
	at com.example.gamefx.MainGame.initGame(MainGame.java:110)
	at com.almasb.fxgl.app.FXGLApplication$InitAppTask.initGame(FXGLApplication.kt:339)
	at com.almasb.fxgl.app.FXGLApplication$InitAppTask.call(FXGLApplication.kt:319)
	at com.almasb.fxgl.app.FXGLApplication$InitAppTask.call(FXGLApplication.kt:311)
	at javafx.concurrent.Task$TaskCallable.call(Task.java:1425)
	at java.base/java.util.concurrent.FutureTask.run(FutureTask.java:264)
	at java.base/java.util.concurrent.Executors$RunnableAdapter.call(Executors.java:539)
	at java.base/java.util.concurrent.FutureTask.run(FutureTask.java:264)
	at java.base/java.util.concurrent.ThreadPoolExecutor.runWorker(ThreadPoolExecutor.java:1136)
	at java.base/java.util.concurrent.ThreadPoolExecutor$Worker.run(ThreadPoolExecutor.java:635)
	... 1 more

19:28:39.884 [JavaFX Application Thread] FATAL FXGLApplication      - Application will now exit
19:28:39.902 [JavaFX Application Thread] DEBUG PrimaryStageWindow   - Push state: ErrorSubScene
19:28:39.902 [JavaFX Application Thread] DEBUG Input                - Clearing active input actions
19:28:39.906 [JavaFX Application Thread] DEBUG GameApplicationServi - Removing overlay from FXGLLoadingScene and adding to ErrorSubScene
19:28:39.906 [JavaFX Application Thread] DEBUG PrimaryStageWindow   - DialogSubScene -> ErrorSubScene
19:28:40.232 [FXGL Background Thread 2 ] INFO  UpdaterService       - Your current version:  11.16
19:28:40.232 [FXGL Background Thread 2 ] INFO  UpdaterService       - Latest stable version: 17.2
19:28:42.801 [FXGL Background Thread 3 ] DEBUG Engine               - Logging environment variables
19:28:42.801 [FXGL Background Thread 3 ] DEBUG Engine               - achievements: []
19:28:42.802 [FXGL Background Thread 3 ] DEBUG Engine               - actualHeight: 700.0
19:28:42.802 [FXGL Background Thread 3 ] DEBUG Engine               - actualHeightProperty: ReadOnlyDoubleProperty [value: 700.0]
19:28:42.802 [FXGL Background Thread 3 ] DEBUG Engine               - actualWidth: 1200.0
19:28:42.802 [FXGL Background Thread 3 ] DEBUG Engine               - actualWidthProperty: ReadOnlyDoubleProperty [value: 1200.0]
19:28:42.802 [FXGL Background Thread 3 ] DEBUG Engine               - appIcon: fxgl_icon.png
19:28:42.803 [FXGL Background Thread 3 ] DEBUG Engine               - applicationMode: DEVELOPER
19:28:42.803 [FXGL Background Thread 3 ] DEBUG Engine               - cSSList: [fxgl_dark.css]
19:28:42.803 [FXGL Background Thread 3 ] DEBUG Engine               - collisionDetectionStrategy: BRUTE_FORCE
19:28:42.803 [FXGL Background Thread 3 ] DEBUG Engine               - configClass: Optional.empty
19:28:42.803 [FXGL Background Thread 3 ] DEBUG Engine               - credits: []
19:28:42.803 [FXGL Background Thread 3 ] DEBUG Engine               - defaultCursor: CursorInfo(imageName=fxgl_default_cursor.png, hotspotX=7.0, hotspotY=6.0)
19:28:42.803 [FXGL Background Thread 3 ] DEBUG Engine               - devBBoxColorProperty: ObjectProperty [value: 0xff0000ff]
19:28:42.804 [FXGL Background Thread 3 ] DEBUG Engine               - devEnableDebugCameraProperty: BooleanProperty [value: false]
19:28:42.804 [FXGL Background Thread 3 ] DEBUG Engine               - devSensorColorProperty: ObjectProperty [value: 0xffff00ff]
19:28:42.804 [FXGL Background Thread 3 ] DEBUG Engine               - devShowBBoxProperty: BooleanProperty [value: false]
19:28:42.804 [FXGL Background Thread 3 ] DEBUG Engine               - devShowPositionProperty: BooleanProperty [value: false]
19:28:42.804 [FXGL Background Thread 3 ] DEBUG Engine               - enabledMenuItems: []
19:28:42.804 [FXGL Background Thread 3 ] DEBUG Engine               - engineServices: [class com.almasb.fxgl.app.services.FXGLAssetLoaderService, class com.almasb.fxgl.app.FXGLApplication$GameApplicationService, class com.almasb.fxgl.app.services.FXGLDialogService, class com.almasb.fxgl.app.services.IOTaskExecutorService, class com.almasb.fxgl.io.FileSystemService, class com.almasb.fxgl.localization.LocalizationService, class com.almasb.fxgl.app.services.SystemBundleService, class com.almasb.fxgl.profile.SaveLoadService, class com.almasb.fxgl.ui.FXGLUIFactoryServiceProvider, class com.almasb.fxgl.ui.FXGLDialogFactoryServiceProvider, class com.almasb.fxgl.audio.AudioPlayer, class com.almasb.fxgl.notification.impl.NotificationServiceProvider, class com.almasb.fxgl.achievement.AchievementService, class com.almasb.fxgl.cutscene.CutsceneService, class com.almasb.fxgl.minigames.MiniGameService, class com.almasb.fxgl.net.NetService, class com.almasb.fxgl.app.services.UpdaterService, class com.almasb.fxgl.dev.DevService]
19:28:42.804 [FXGL Background Thread 3 ] DEBUG Engine               - fontGame: kenvector_future.ttf
19:28:42.804 [FXGL Background Thread 3 ] DEBUG Engine               - fontMono: lucida_console.ttf
19:28:42.804 [FXGL Background Thread 3 ] DEBUG Engine               - fontText: Courier-Prime.ttf
19:28:42.804 [FXGL Background Thread 3 ] DEBUG Engine               - fontUI: VarelaRound-Regular.ttf
19:28:42.804 [FXGL Background Thread 3 ] DEBUG Engine               - fullScreen: BooleanProperty [value: false]
19:28:42.805 [FXGL Background Thread 3 ] DEBUG Engine               - gameDifficulty: MEDIUM
19:28:42.805 [FXGL Background Thread 3 ] DEBUG Engine               - gameDifficultyProperty: ObjectProperty [value: MEDIUM]
19:28:42.805 [FXGL Background Thread 3 ] DEBUG Engine               - globalMusicVolume: 0.5
19:28:42.805 [FXGL Background Thread 3 ] DEBUG Engine               - globalMusicVolumeProperty: DoubleProperty [value: 0.5]
19:28:42.805 [FXGL Background Thread 3 ] DEBUG Engine               - globalSoundVolume: 0.5
19:28:42.805 [FXGL Background Thread 3 ] DEBUG Engine               - globalSoundVolumeProperty: DoubleProperty [value: 0.5]
19:28:42.805 [FXGL Background Thread 3 ] DEBUG Engine               - height: 700
19:28:42.805 [FXGL Background Thread 3 ] DEBUG Engine               - is3D: false
19:28:42.805 [FXGL Background Thread 3 ] DEBUG Engine               - isAndroid: false
19:28:42.805 [FXGL Background Thread 3 ] DEBUG Engine               - isBrowser: false
19:28:42.805 [FXGL Background Thread 3 ] DEBUG Engine               - isClickFeedbackEnabled: false
19:28:42.805 [FXGL Background Thread 3 ] DEBUG Engine               - isCloseConfirmation: false
19:28:42.805 [FXGL Background Thread 3 ] DEBUG Engine               - isDesktop: true
19:28:42.806 [FXGL Background Thread 3 ] DEBUG Engine               - isDeveloperMenuEnabled: false
19:28:42.806 [FXGL Background Thread 3 ] DEBUG Engine               - isEntityPreloadEnabled: true
19:28:42.806 [FXGL Background Thread 3 ] DEBUG Engine               - isExperimentalTiledLargeMap: false
19:28:42.806 [FXGL Background Thread 3 ] DEBUG Engine               - isFileSystemWriteAllowed: true
19:28:42.806 [FXGL Background Thread 3 ] DEBUG Engine               - isFullScreenAllowed: true
19:28:42.806 [FXGL Background Thread 3 ] DEBUG Engine               - isFullScreenFromStart: false
19:28:42.806 [FXGL Background Thread 3 ] DEBUG Engine               - isGameMenuEnabled: true
19:28:42.806 [FXGL Background Thread 3 ] DEBUG Engine               - isIOS: false
19:28:42.806 [FXGL Background Thread 3 ] DEBUG Engine               - isIntroEnabled: false
19:28:42.806 [FXGL Background Thread 3 ] DEBUG Engine               - isLinux: false
19:28:42.806 [FXGL Background Thread 3 ] DEBUG Engine               - isMac: false
19:28:42.806 [FXGL Background Thread 3 ] DEBUG Engine               - isMainMenuEnabled: false
19:28:42.806 [FXGL Background Thread 3 ] DEBUG Engine               - isManualResizeEnabled: false
19:28:42.806 [FXGL Background Thread 3 ] DEBUG Engine               - isMobile: false
19:28:42.806 [FXGL Background Thread 3 ] DEBUG Engine               - isNative: false
19:28:42.806 [FXGL Background Thread 3 ] DEBUG Engine               - isPreserveResizeRatio: false
19:28:42.807 [FXGL Background Thread 3 ] DEBUG Engine               - isProfilingEnabled: false
19:28:42.807 [FXGL Background Thread 3 ] DEBUG Engine               - isScaleAffectedOnResize: true
19:28:42.807 [FXGL Background Thread 3 ] DEBUG Engine               - isSingleStep: false
19:28:42.807 [FXGL Background Thread 3 ] DEBUG Engine               - isUserProfileEnabled: false
19:28:42.807 [FXGL Background Thread 3 ] DEBUG Engine               - isWindows: true
19:28:42.807 [FXGL Background Thread 3 ] DEBUG Engine               - language: ObjectProperty [value: ENGLISH]
19:28:42.807 [FXGL Background Thread 3 ] DEBUG Engine               - menuKey: ESCAPE
19:28:42.807 [FXGL Background Thread 3 ] DEBUG Engine               - mouseSensitivity: 0.2
19:28:42.807 [FXGL Background Thread 3 ] DEBUG Engine               - notificationViewClass: class com.almasb.fxgl.notification.view.XboxNotificationView
19:28:42.807 [FXGL Background Thread 3 ] DEBUG Engine               - pixelsPerMeter: 50.0
19:28:42.807 [FXGL Background Thread 3 ] DEBUG Engine               - platform: WINDOWS
19:28:42.807 [FXGL Background Thread 3 ] DEBUG Engine               - prefHeightProperty: ReadOnlyDoubleProperty [value: 700.0]
19:28:42.807 [FXGL Background Thread 3 ] DEBUG Engine               - prefWidthProperty: ReadOnlyDoubleProperty [value: 1200.0]
19:28:42.807 [FXGL Background Thread 3 ] DEBUG Engine               - profileDir: profiles/
19:28:42.807 [FXGL Background Thread 3 ] DEBUG Engine               - profileName: StringProperty [value: DEFAULT]
19:28:42.807 [FXGL Background Thread 3 ] DEBUG Engine               - randomSeed: -1
19:28:42.807 [FXGL Background Thread 3 ] DEBUG Engine               - runtimeInfo: RuntimeInfo(platform=WINDOWS, version=11.16, build=25.05.2021 08.16)
19:28:42.807 [FXGL Background Thread 3 ] DEBUG Engine               - saveFileExt: sav
19:28:42.807 [FXGL Background Thread 3 ] DEBUG Engine               - scaledHeightProp$fxgl: DoubleProperty [bound, value: 700.0]
19:28:42.808 [FXGL Background Thread 3 ] DEBUG Engine               - scaledWidthProp$fxgl: DoubleProperty [bound, value: 1200.0]
19:28:42.808 [FXGL Background Thread 3 ] DEBUG Engine               - sceneFactory: com.almasb.fxgl.app.scene.SceneFactory@1572dcf1
19:28:42.808 [FXGL Background Thread 3 ] DEBUG Engine               - secondsIn24h: 60
19:28:42.808 [FXGL Background Thread 3 ] DEBUG Engine               - soundMenuBack: menu/back.wav
19:28:42.808 [FXGL Background Thread 3 ] DEBUG Engine               - soundMenuPress: menu/press.wav
19:28:42.808 [FXGL Background Thread 3 ] DEBUG Engine               - soundMenuSelect: menu/select.wav
19:28:42.808 [FXGL Background Thread 3 ] DEBUG Engine               - soundNotification: core/notification.wav
19:28:42.808 [FXGL Background Thread 3 ] DEBUG Engine               - stageStyle: DECORATED
19:28:42.808 [FXGL Background Thread 3 ] DEBUG Engine               - supportedLanguages: [ENGLISH, FRENCH, GERMAN, HUNGARIAN, RUSSIAN]
19:28:42.808 [FXGL Background Thread 3 ] DEBUG Engine               - ticksPerSecond: -1
19:28:42.808 [FXGL Background Thread 3 ] DEBUG Engine               - title: Dead Space but Family Friendly
19:28:42.808 [FXGL Background Thread 3 ] DEBUG Engine               - urlGithub: https://github.com/AlmasB/FXGL
19:28:42.808 [FXGL Background Thread 3 ] DEBUG Engine               - urlLeaderboard: http://fxgl-top.herokuapp.com/
19:28:42.808 [FXGL Background Thread 3 ] DEBUG Engine               - urlPOM: https://raw.githubusercontent.com/AlmasB/FXGL/release/README.md
19:28:42.808 [FXGL Background Thread 3 ] DEBUG Engine               - userAppClass: class com.example.gamefx.MainGame
19:28:42.808 [FXGL Background Thread 3 ] DEBUG Engine               - version: 0.1
19:28:42.808 [FXGL Background Thread 3 ] DEBUG Engine               - versionCheckDays: 7
19:28:42.808 [FXGL Background Thread 3 ] DEBUG Engine               - width: 1200
19:28:42.808 [FXGL Background Thread 3 ] DEBUG Engine               - Logging services
19:28:42.808 [FXGL Background Thread 3 ] DEBUG Engine               - class com.almasb.fxgl.app.services.FXGLAssetLoaderService
19:28:42.808 [FXGL Background Thread 3 ] DEBUG Engine               - class com.almasb.fxgl.app.FXGLApplication$GameApplicationService
19:28:42.808 [FXGL Background Thread 3 ] DEBUG Engine               - class com.almasb.fxgl.app.services.FXGLDialogService
19:28:42.808 [FXGL Background Thread 3 ] DEBUG Engine               - class com.almasb.fxgl.app.services.IOTaskExecutorService
19:28:42.808 [FXGL Background Thread 3 ] DEBUG Engine               - class com.almasb.fxgl.io.FileSystemService
19:28:42.808 [FXGL Background Thread 3 ] DEBUG Engine               - class com.almasb.fxgl.localization.LocalizationService
19:28:42.808 [FXGL Background Thread 3 ] DEBUG Engine               - class com.almasb.fxgl.app.services.SystemBundleService
19:28:42.808 [FXGL Background Thread 3 ] DEBUG Engine               - class com.almasb.fxgl.profile.SaveLoadService
19:28:42.808 [FXGL Background Thread 3 ] DEBUG Engine               - class com.almasb.fxgl.ui.FXGLUIFactoryServiceProvider
19:28:42.808 [FXGL Background Thread 3 ] DEBUG Engine               - class com.almasb.fxgl.ui.FXGLDialogFactoryServiceProvider
19:28:42.808 [FXGL Background Thread 3 ] DEBUG Engine               - class com.almasb.fxgl.audio.AudioPlayer
19:28:42.808 [FXGL Background Thread 3 ] DEBUG Engine               - class com.almasb.fxgl.notification.impl.NotificationServiceProvider
19:28:42.808 [FXGL Background Thread 3 ] DEBUG Engine               - class com.almasb.fxgl.achievement.AchievementService
19:28:42.809 [FXGL Background Thread 3 ] DEBUG Engine               - class com.almasb.fxgl.cutscene.CutsceneService
19:28:42.809 [FXGL Background Thread 3 ] DEBUG Engine               - class com.almasb.fxgl.minigames.MiniGameService
19:28:42.809 [FXGL Background Thread 3 ] DEBUG Engine               - class com.almasb.fxgl.net.NetService
19:28:42.809 [FXGL Background Thread 3 ] DEBUG Engine               - class com.almasb.fxgl.app.services.UpdaterService
19:28:42.809 [FXGL Background Thread 3 ] DEBUG Engine               - class com.almasb.fxgl.dev.DevService
19:28:42.944 [JavaFX Application Thread] DEBUG FXGLApplication      - Exiting FXGL
19:28:42.944 [JavaFX Application Thread] DEBUG Async                - Shutting down background threads
19:28:42.944 [JavaFX Application Thread] DEBUG PrimaryStageWindow   - Closing main window
19:28:42.963 [JavaFX Application Thread] DEBUG Logger               - Closing Logger
