22:02:02.616 [main                     ] DEBUG Logger               - Configured Logger
22:02:02.619 [main                     ] DEBUG GameApplication      - Logging settings
Title: Dead Space but Family Friendly
Version: 0.1
Width: 1200
Height: 700
Fullscreen: true
Intro: false
Profiling: false
Single step:false
App Mode: DEVELOPER
Menu Key: ESCAPE
Stage Style: DECORATED
Scene Factory: class com.almasb.fxgl.app.scene.SceneFactory

22:02:02.977 [JavaFX Application Thread] DEBUG FXGLApplication      - Initializing FXGL
22:02:02.978 [JavaFX Application Thread] INFO  Engine               - FXGL-11.16 (25.05.2021 08.16) on WINDOWS (J:18.0.2.1 FX:16)
22:02:02.979 [JavaFX Application Thread] DEBUG Engine               - JRE Vendor Name: Oracle Corporation
22:02:02.979 [JavaFX Application Thread] DEBUG Engine               - Running on OS: Windows 10 version 10.0
22:02:02.979 [JavaFX Application Thread] DEBUG Engine               - Architecture: amd64
22:02:02.979 [JavaFX Application Thread] INFO  Engine               - Source code and latest versions at: https://github.com/AlmasB/FXGL
22:02:02.979 [JavaFX Application Thread] INFO  Engine               -              Join the FXGL chat at: https://gitter.im/AlmasB/FXGL
22:02:03.061 [JavaFX Application Thread] DEBUG PrimaryStageWindow   - Creating a JavaFX scene
22:02:03.099 [JavaFX Application Thread] DEBUG PrimaryStageWindow   - Target settings size: 1200.0 x 700.0
22:02:03.099 [JavaFX Application Thread] DEBUG PrimaryStageWindow   - Scaled scene size:    1200.0 x 700.0
22:02:03.099 [JavaFX Application Thread] DEBUG PrimaryStageWindow   - Scaled ratio: (1.0, 1.0)
22:02:03.100 [JavaFX Application Thread] DEBUG PrimaryStageWindow   - Set initial scene to FXGLStartupScene
22:02:03.105 [JavaFX Application Thread] DEBUG PrimaryStageWindow   - Opening main window
22:02:03.164 [JavaFX Application Thread] DEBUG PrimaryStageWindow   - Window border size: (14.4000244140625, 37.5999755859375)
22:02:03.164 [JavaFX Application Thread] DEBUG PrimaryStageWindow   - Scaled size: 1200.0 x 700.0
22:02:03.164 [JavaFX Application Thread] DEBUG PrimaryStageWindow   - Scaled ratio: (1.0, 1.0)
22:02:03.165 [JavaFX Application Thread] DEBUG PrimaryStageWindow   - Scene size: 1200.0 x 700.0
22:02:03.165 [JavaFX Application Thread] DEBUG PrimaryStageWindow   - Stage size: 1214.4000244140625 x 737.5999755859375
22:02:03.172 [FXGL Background Thread 1 ] DEBUG Engine               - Initializing environment variables
22:02:03.243 [FXGL Background Thread 1 ] DEBUG FXGLAssetLoaderServi - User app class for loading assets: class com.example.gamefx.MainGame
22:02:03.243 [FXGL Background Thread 1 ] DEBUG GameApplicationServi - Applying CSS: fxgl_dark.css
22:02:03.243 [FXGL Background Thread 1 ] DEBUG FXGLAssetLoaderServi - Loading from file system: jar:file:/C:/Users/Hao/.m2/repository/com/github/almasb/fxgl/11.16/fxgl-11.16.jar!/fxglassets/ui/css/fxgl_dark.css
22:02:03.284 [FXGL Background Thread 1 ] DEBUG GameApplicationServi - Initializing application scenes
22:02:03.367 [FXGL Background Thread 1 ] DEBUG GameWorld            - Game world initialized
22:02:03.418 [FXGL Background Thread 1 ] DEBUG PhysicsWorld         - Physics world initialized: appHeight=700, physics.ppm=50,0
22:02:03.419 [FXGL Background Thread 1 ] DEBUG PhysicsWorld         - Using strategy: BRUTE_FORCE
22:02:03.422 [FXGL Background Thread 1 ] DEBUG GameScene            - Game scene initialized: 1200x700
22:02:03.432 [FXGL Background Thread 1 ] DEBUG FXGL.DefaultMenu     - createMenuBodyGameMenu()
22:02:03.445 [FXGL Background Thread 1 ] DEBUG FXGL.DefaultMenu     - createOptionsMenu()
22:02:03.453 [FXGL Background Thread 1 ] DEBUG FXGLAssetLoaderServi - Loading from file system: jar:file:/C:/Users/Hao/.m2/repository/com/github/almasb/fxgl/11.16/fxgl-11.16.jar!/fxglassets/textures/particles/smoke.png
22:02:03.567 [FXGL Background Thread 1 ] DEBUG FXGLAssetLoaderServi - Loading from file system: jar:file:/C:/Users/Hao/.m2/repository/com/github/almasb/fxgl/11.16/fxgl-11.16.jar!/fxglassets/textures/particles/trace_horizontal.png
22:02:03.603 [FXGL Background Thread 1 ] DEBUG GameApplicationServi - Application scenes initialized
22:02:03.616 [FXGL Background Thread 1 ] DEBUG SystemBundleService  - Loading FXGL system data
22:02:03.619 [FXGL Background Thread 1 ] DEBUG FileSystemAccess     - Reading from: C:\Users\Hao\Documents\DAM 2 PRO\GameFX\system\fxgl.bundle
22:02:03.627 [FXGL Background Thread 1 ] DEBUG SystemBundleService  - Bundle FXGL: {}
22:02:03.627 [FXGL Background Thread 1 ] DEBUG UpdaterService       - Checking for updates
22:02:03.631 [FXGL Background Thread 1 ] DEBUG FXGLApplication      - Loading default localization
22:02:03.632 [FXGL Background Thread 1 ] DEBUG FXGLAssetLoaderServi - Loading from file system: jar:file:/C:/Users/Hao/.m2/repository/com/github/almasb/fxgl/11.16/fxgl-11.16.jar!/fxglassets/languages/english.lang
22:02:03.631 [FXGL Background Thread 4 ] DEBUG FXGLApplication      - Loading fonts
22:02:03.635 [FXGL Background Thread 4 ] DEBUG FXGLAssetLoaderServi - Loading from file system: jar:file:/C:/Users/Hao/.m2/repository/com/github/almasb/fxgl/11.16/fxgl-11.16.jar!/fxglassets/ui/fonts/VarelaRound-Regular.ttf
22:02:03.673 [FXGL Background Thread 1 ] INFO  FXGLApplication      - FXGL initialization took: 0,501 sec
22:02:03.681 [JavaFX Application Thread] DEBUG Input                - Registered new binding: left - Left
22:02:03.682 [JavaFX Application Thread] DEBUG Input                - Registered new binding: right - Right
22:02:03.682 [JavaFX Application Thread] DEBUG Input                - Registered new binding: up - Up
22:02:03.682 [JavaFX Application Thread] DEBUG Input                - Registered new binding: down - Down
22:02:03.683 [JavaFX Application Thread] DEBUG Input                - Registered new binding: Bullet - Space
22:02:03.683 [JavaFX Application Thread] DEBUG FXGLAssetLoaderServi - Loading from file system: jar:file:/C:/Users/Hao/.m2/repository/com/github/almasb/fxgl/11.16/fxgl-11.16.jar!/fxglassets/textures/fxgl_icon.png
22:02:03.708 [JavaFX Application Thread] DEBUG FXGLAssetLoaderServi - Loading from file system: jar:file:/C:/Users/Hao/.m2/repository/com/github/almasb/fxgl/11.16/fxgl-11.16.jar!/fxglassets/textures/fxgl_default_cursor.png
22:02:03.714 [JavaFX Application Thread] DEBUG Input                - Registered new binding: Screenshot - CTRL+8
22:02:03.715 [JavaFX Application Thread] DEBUG Input                - Registered new binding: System info dump - CTRL+9
22:02:03.717 [JavaFX Application Thread] DEBUG Input                - Registered new binding: Restart - CTRL+R
22:02:03.719 [JavaFX Application Thread] DEBUG Input                - Registered new binding: Toggle Debug Camera - CTRL+C
22:02:03.724 [JavaFX Application Thread] DEBUG LoopRunner           - Starting loop
22:02:03.724 [JavaFX Application Thread] DEBUG LoopRunner           - Initializing JavaFX AnimationTimerLoop
22:02:03.725 [JavaFX Application Thread] DEBUG GameApplicationServi - Starting new game
22:02:03.725 [JavaFX Application Thread] DEBUG Input                - Clearing active input actions
22:02:03.741 [JavaFX Application Thread] DEBUG GameApplicationServi - Removing overlay from FXGLStartupScene and adding to FXGLLoadingScene
22:02:03.741 [JavaFX Application Thread] DEBUG PrimaryStageWindow   - FXGLStartupScene -> FXGLLoadingScene
22:02:03.741 [JavaFX Application Thread] DEBUG GameApplicationServi - Clearing previous game
22:02:03.742 [JavaFX Application Thread] DEBUG GameScene            - Clearing game scene
22:02:03.742 [JavaFX Application Thread] DEBUG GameWorld            - Clearing game world
22:02:03.743 [JavaFX Application Thread] DEBUG PhysicsWorld         - Clearing physics world
22:02:03.750 [FXGL Background Thread 1 ] DEBUG FXGLApplication      - Initializing game
22:02:03.768 [FXGL Background Thread 4 ] DEBUG FXGLAssetLoaderServi - Loading from file system: jar:file:/C:/Users/Hao/.m2/repository/com/github/almasb/fxgl/11.16/fxgl-11.16.jar!/fxglassets/ui/fonts/Abel-Regular.ttf
22:02:03.773 [FXGL Background Thread 4 ] DEBUG FXGLAssetLoaderServi - Loading from file system: jar:file:/C:/Users/Hao/.m2/repository/com/github/almasb/fxgl/11.16/fxgl-11.16.jar!/fxglassets/ui/fonts/lucida_console.ttf
22:02:03.777 [FXGL Background Thread 4 ] DEBUG FXGLAssetLoaderServi - Loading from file system: jar:file:/C:/Users/Hao/.m2/repository/com/github/almasb/fxgl/11.16/fxgl-11.16.jar!/fxglassets/ui/fonts/Courier-Prime.ttf
22:02:03.784 [FXGL Background Thread 1 ] DEBUG FXGLAssetLoaderServi - Loading from file system: file:/C:/Users/Hao/Documents/DAM%202%20PRO/GameFX/target/classes/assets/textures/space.jpg
22:02:03.816 [JavaFX Application Thread] DEBUG FXGLApplication      - Registering font factories with UI factory
22:02:04.091 [FXGL Background Thread 1 ] DEBUG FXGLAssetLoaderServi - Loading from file system: file:/C:/Users/Hao/Documents/DAM%202%20PRO/GameFX/target/classes/assets/textures/center.png
22:02:04.183 [FXGL Background Thread 1 ] DEBUG FXGLAssetLoaderServi - Loading from file system: file:/C:/Users/Hao/Documents/DAM%202%20PRO/GameFX/target/classes/assets/textures/enterprise.png
22:02:04.203 [FXGL Background Thread 1 ] INFO  FXGLApplication      - Game initialization took: 0,454 sec
22:02:04.203 [JavaFX Application Thread] DEBUG Input                - Clearing active input actions
22:02:04.221 [JavaFX Application Thread] DEBUG GameApplicationServi - Removing overlay from FXGLLoadingScene and adding to GameScene
22:02:04.221 [JavaFX Application Thread] DEBUG PrimaryStageWindow   - FXGLLoadingScene -> GameScene
22:02:04.230 [JavaFX Application Thread] DEBUG FXGLAssetLoaderServi - Loading from file system: file:/C:/Users/Hao/Documents/DAM%202%20PRO/GameFX/target/classes/assets/textures/enemies.png
22:02:04.251 [FXGL Background Thread 2 ] INFO  UpdaterService       - Your current version:  11.16
22:02:04.251 [FXGL Background Thread 2 ] INFO  UpdaterService       - Latest stable version: 17.2
22:02:05.817 [JavaFX Application Thread] DEBUG FXGLAssetLoaderServi - Loading from file system: file:/C:/Users/Hao/Documents/DAM%202%20PRO/GameFX/target/classes/assets/textures/laserred1.png
22:02:06.632 [FXGL Background Thread 3 ] DEBUG Engine               - Logging environment variables
22:02:06.639 [FXGL Background Thread 3 ] DEBUG Engine               - achievements: []
22:02:06.640 [FXGL Background Thread 3 ] DEBUG Engine               - actualHeight: 700.0
22:02:06.640 [FXGL Background Thread 3 ] DEBUG Engine               - actualHeightProperty: ReadOnlyDoubleProperty [value: 700.0]
22:02:06.641 [FXGL Background Thread 3 ] DEBUG Engine               - actualWidth: 1200.0
22:02:06.642 [FXGL Background Thread 3 ] DEBUG Engine               - actualWidthProperty: ReadOnlyDoubleProperty [value: 1200.0]
22:02:06.644 [FXGL Background Thread 3 ] DEBUG Engine               - appIcon: fxgl_icon.png
22:02:06.644 [FXGL Background Thread 3 ] DEBUG Engine               - applicationMode: DEVELOPER
22:02:06.646 [FXGL Background Thread 3 ] DEBUG Engine               - cSSList: [fxgl_dark.css]
22:02:06.647 [FXGL Background Thread 3 ] DEBUG Engine               - collisionDetectionStrategy: BRUTE_FORCE
22:02:06.647 [FXGL Background Thread 3 ] DEBUG Engine               - configClass: Optional.empty
22:02:06.647 [FXGL Background Thread 3 ] DEBUG Engine               - credits: []
22:02:06.648 [FXGL Background Thread 3 ] DEBUG Engine               - defaultCursor: CursorInfo(imageName=fxgl_default_cursor.png, hotspotX=7.0, hotspotY=6.0)
22:02:06.649 [FXGL Background Thread 3 ] DEBUG Engine               - devBBoxColorProperty: ObjectProperty [value: 0xff0000ff]
22:02:06.649 [FXGL Background Thread 3 ] DEBUG Engine               - devEnableDebugCameraProperty: BooleanProperty [value: false]
22:02:06.650 [FXGL Background Thread 3 ] DEBUG Engine               - devSensorColorProperty: ObjectProperty [value: 0xffff00ff]
22:02:06.650 [FXGL Background Thread 3 ] DEBUG Engine               - devShowBBoxProperty: BooleanProperty [value: false]
22:02:06.650 [FXGL Background Thread 3 ] DEBUG Engine               - devShowPositionProperty: BooleanProperty [value: false]
22:02:06.650 [FXGL Background Thread 3 ] DEBUG Engine               - enabledMenuItems: []
22:02:06.651 [FXGL Background Thread 3 ] DEBUG Engine               - engineServices: [class com.almasb.fxgl.app.services.FXGLAssetLoaderService, class com.almasb.fxgl.app.FXGLApplication$GameApplicationService, class com.almasb.fxgl.app.services.FXGLDialogService, class com.almasb.fxgl.app.services.IOTaskExecutorService, class com.almasb.fxgl.io.FileSystemService, class com.almasb.fxgl.localization.LocalizationService, class com.almasb.fxgl.app.services.SystemBundleService, class com.almasb.fxgl.profile.SaveLoadService, class com.almasb.fxgl.ui.FXGLUIFactoryServiceProvider, class com.almasb.fxgl.ui.FXGLDialogFactoryServiceProvider, class com.almasb.fxgl.audio.AudioPlayer, class com.almasb.fxgl.notification.impl.NotificationServiceProvider, class com.almasb.fxgl.achievement.AchievementService, class com.almasb.fxgl.cutscene.CutsceneService, class com.almasb.fxgl.minigames.MiniGameService, class com.almasb.fxgl.net.NetService, class com.almasb.fxgl.app.services.UpdaterService, class com.almasb.fxgl.dev.DevService]
22:02:06.651 [FXGL Background Thread 3 ] DEBUG Engine               - fontGame: Abel-Regular.ttf
22:02:06.652 [FXGL Background Thread 3 ] DEBUG Engine               - fontMono: lucida_console.ttf
22:02:06.652 [FXGL Background Thread 3 ] DEBUG Engine               - fontText: Courier-Prime.ttf
22:02:06.652 [FXGL Background Thread 3 ] DEBUG Engine               - fontUI: VarelaRound-Regular.ttf
22:02:06.653 [FXGL Background Thread 3 ] DEBUG Engine               - fullScreen: BooleanProperty [value: false]
22:02:06.653 [FXGL Background Thread 3 ] DEBUG Engine               - gameDifficulty: MEDIUM
22:02:06.653 [FXGL Background Thread 3 ] DEBUG Engine               - gameDifficultyProperty: ObjectProperty [value: MEDIUM]
22:02:06.653 [FXGL Background Thread 3 ] DEBUG Engine               - globalMusicVolume: 0.5
22:02:06.654 [FXGL Background Thread 3 ] DEBUG Engine               - globalMusicVolumeProperty: DoubleProperty [value: 0.5]
22:02:06.654 [FXGL Background Thread 3 ] DEBUG Engine               - globalSoundVolume: 0.5
22:02:06.655 [FXGL Background Thread 3 ] DEBUG Engine               - globalSoundVolumeProperty: DoubleProperty [value: 0.5]
22:02:06.655 [FXGL Background Thread 3 ] DEBUG Engine               - height: 700
22:02:06.655 [FXGL Background Thread 3 ] DEBUG Engine               - is3D: false
22:02:06.656 [FXGL Background Thread 3 ] DEBUG Engine               - isAndroid: false
22:02:06.656 [FXGL Background Thread 3 ] DEBUG Engine               - isBrowser: false
22:02:06.656 [FXGL Background Thread 3 ] DEBUG Engine               - isClickFeedbackEnabled: false
22:02:06.656 [FXGL Background Thread 3 ] DEBUG Engine               - isCloseConfirmation: false
22:02:06.656 [FXGL Background Thread 3 ] DEBUG Engine               - isDesktop: true
22:02:06.656 [FXGL Background Thread 3 ] DEBUG Engine               - isDeveloperMenuEnabled: false
22:02:06.657 [FXGL Background Thread 3 ] DEBUG Engine               - isEntityPreloadEnabled: true
22:02:06.657 [FXGL Background Thread 3 ] DEBUG Engine               - isExperimentalTiledLargeMap: false
22:02:06.658 [FXGL Background Thread 3 ] DEBUG Engine               - isFileSystemWriteAllowed: true
22:02:06.659 [FXGL Background Thread 3 ] DEBUG Engine               - isFullScreenAllowed: true
22:02:06.660 [FXGL Background Thread 3 ] DEBUG Engine               - isFullScreenFromStart: false
22:02:06.660 [FXGL Background Thread 3 ] DEBUG Engine               - isGameMenuEnabled: true
22:02:06.664 [FXGL Background Thread 3 ] DEBUG Engine               - isIOS: false
22:02:06.664 [FXGL Background Thread 3 ] DEBUG Engine               - isIntroEnabled: false
22:02:06.664 [FXGL Background Thread 3 ] DEBUG Engine               - isLinux: false
22:02:06.666 [FXGL Background Thread 3 ] DEBUG Engine               - isMac: false
22:02:06.666 [FXGL Background Thread 3 ] DEBUG Engine               - isMainMenuEnabled: false
22:02:06.666 [FXGL Background Thread 3 ] DEBUG Engine               - isManualResizeEnabled: false
22:02:06.667 [FXGL Background Thread 3 ] DEBUG Engine               - isMobile: false
22:02:06.667 [FXGL Background Thread 3 ] DEBUG Engine               - isNative: false
22:02:06.668 [FXGL Background Thread 3 ] DEBUG Engine               - isPreserveResizeRatio: false
22:02:06.668 [FXGL Background Thread 3 ] DEBUG Engine               - isProfilingEnabled: false
22:02:06.669 [FXGL Background Thread 3 ] DEBUG Engine               - isScaleAffectedOnResize: true
22:02:06.670 [FXGL Background Thread 3 ] DEBUG Engine               - isSingleStep: false
22:02:06.670 [FXGL Background Thread 3 ] DEBUG Engine               - isUserProfileEnabled: false
22:02:06.671 [FXGL Background Thread 3 ] DEBUG Engine               - isWindows: true
22:02:06.671 [FXGL Background Thread 3 ] DEBUG Engine               - language: ObjectProperty [value: ENGLISH]
22:02:06.671 [FXGL Background Thread 3 ] DEBUG Engine               - menuKey: ESCAPE
22:02:06.671 [FXGL Background Thread 3 ] DEBUG Engine               - mouseSensitivity: 0.2
22:02:06.672 [FXGL Background Thread 3 ] DEBUG Engine               - notificationViewClass: class com.almasb.fxgl.notification.view.XboxNotificationView
22:02:06.672 [FXGL Background Thread 3 ] DEBUG Engine               - pixelsPerMeter: 50.0
22:02:06.672 [FXGL Background Thread 3 ] DEBUG Engine               - platform: WINDOWS
22:02:06.672 [FXGL Background Thread 3 ] DEBUG Engine               - prefHeightProperty: ReadOnlyDoubleProperty [value: 700.0]
22:02:06.672 [FXGL Background Thread 3 ] DEBUG Engine               - prefWidthProperty: ReadOnlyDoubleProperty [value: 1200.0]
22:02:06.673 [FXGL Background Thread 3 ] DEBUG Engine               - profileDir: profiles/
22:02:06.673 [FXGL Background Thread 3 ] DEBUG Engine               - profileName: StringProperty [value: DEFAULT]
22:02:06.673 [FXGL Background Thread 3 ] DEBUG Engine               - randomSeed: -1
22:02:06.674 [FXGL Background Thread 3 ] DEBUG Engine               - runtimeInfo: RuntimeInfo(platform=WINDOWS, version=11.16, build=25.05.2021 08.16)
22:02:06.674 [FXGL Background Thread 3 ] DEBUG Engine               - saveFileExt: sav
22:02:06.674 [FXGL Background Thread 3 ] DEBUG Engine               - scaledHeightProp$fxgl: DoubleProperty [bound, value: 700.0]
22:02:06.675 [FXGL Background Thread 3 ] DEBUG Engine               - scaledWidthProp$fxgl: DoubleProperty [bound, value: 1200.0]
22:02:06.675 [FXGL Background Thread 3 ] DEBUG Engine               - sceneFactory: com.almasb.fxgl.app.scene.SceneFactory@4e2b8455
22:02:06.675 [FXGL Background Thread 3 ] DEBUG Engine               - secondsIn24h: 60
22:02:06.676 [FXGL Background Thread 3 ] DEBUG Engine               - soundMenuBack: menu/back.wav
22:02:06.676 [FXGL Background Thread 3 ] DEBUG Engine               - soundMenuPress: menu/press.wav
22:02:06.676 [FXGL Background Thread 3 ] DEBUG Engine               - soundMenuSelect: menu/select.wav
22:02:06.676 [FXGL Background Thread 3 ] DEBUG Engine               - soundNotification: core/notification.wav
22:02:06.677 [FXGL Background Thread 3 ] DEBUG Engine               - stageStyle: DECORATED
22:02:06.677 [FXGL Background Thread 3 ] DEBUG Engine               - supportedLanguages: [ENGLISH, FRENCH, GERMAN, HUNGARIAN, RUSSIAN]
22:02:06.677 [FXGL Background Thread 3 ] DEBUG Engine               - ticksPerSecond: -1
22:02:06.677 [FXGL Background Thread 3 ] DEBUG Engine               - title: Dead Space but Family Friendly
22:02:06.678 [FXGL Background Thread 3 ] DEBUG Engine               - urlGithub: https://github.com/AlmasB/FXGL
22:02:06.678 [FXGL Background Thread 3 ] DEBUG Engine               - urlLeaderboard: http://fxgl-top.herokuapp.com/
22:02:06.678 [FXGL Background Thread 3 ] DEBUG Engine               - urlPOM: https://raw.githubusercontent.com/AlmasB/FXGL/release/README.md
22:02:06.678 [FXGL Background Thread 3 ] DEBUG Engine               - userAppClass: class com.example.gamefx.MainGame
22:02:06.678 [FXGL Background Thread 3 ] DEBUG Engine               - version: 0.1
22:02:06.679 [FXGL Background Thread 3 ] DEBUG Engine               - versionCheckDays: 7
22:02:06.679 [FXGL Background Thread 3 ] DEBUG Engine               - width: 1200
22:02:06.679 [FXGL Background Thread 3 ] DEBUG Engine               - Logging services
22:02:06.680 [FXGL Background Thread 3 ] DEBUG Engine               - class com.almasb.fxgl.app.services.FXGLAssetLoaderService
22:02:06.683 [FXGL Background Thread 3 ] DEBUG Engine               - class com.almasb.fxgl.app.FXGLApplication$GameApplicationService
22:02:06.683 [FXGL Background Thread 3 ] DEBUG Engine               - class com.almasb.fxgl.app.services.FXGLDialogService
22:02:06.684 [FXGL Background Thread 3 ] DEBUG Engine               - class com.almasb.fxgl.app.services.IOTaskExecutorService
22:02:06.684 [FXGL Background Thread 3 ] DEBUG Engine               - class com.almasb.fxgl.io.FileSystemService
22:02:06.684 [FXGL Background Thread 3 ] DEBUG Engine               - class com.almasb.fxgl.localization.LocalizationService
22:02:06.685 [FXGL Background Thread 3 ] DEBUG Engine               - class com.almasb.fxgl.app.services.SystemBundleService
22:02:06.685 [FXGL Background Thread 3 ] DEBUG Engine               - class com.almasb.fxgl.profile.SaveLoadService
22:02:06.685 [FXGL Background Thread 3 ] DEBUG Engine               - class com.almasb.fxgl.ui.FXGLUIFactoryServiceProvider
22:02:06.685 [FXGL Background Thread 3 ] DEBUG Engine               - class com.almasb.fxgl.ui.FXGLDialogFactoryServiceProvider
22:02:06.686 [FXGL Background Thread 3 ] DEBUG Engine               - class com.almasb.fxgl.audio.AudioPlayer
22:02:06.686 [FXGL Background Thread 3 ] DEBUG Engine               - class com.almasb.fxgl.notification.impl.NotificationServiceProvider
22:02:06.686 [FXGL Background Thread 3 ] DEBUG Engine               - class com.almasb.fxgl.achievement.AchievementService
22:02:06.686 [FXGL Background Thread 3 ] DEBUG Engine               - class com.almasb.fxgl.cutscene.CutsceneService
22:02:06.686 [FXGL Background Thread 3 ] DEBUG Engine               - class com.almasb.fxgl.minigames.MiniGameService
22:02:06.687 [FXGL Background Thread 3 ] DEBUG Engine               - class com.almasb.fxgl.net.NetService
22:02:06.687 [FXGL Background Thread 3 ] DEBUG Engine               - class com.almasb.fxgl.app.services.UpdaterService
22:02:06.687 [FXGL Background Thread 3 ] DEBUG Engine               - class com.almasb.fxgl.dev.DevService
22:02:09.078 [JavaFX Application Thread] DEBUG PrimaryStageWindow   - Push state: FXGLDefaultMenu
22:02:09.096 [JavaFX Application Thread] DEBUG Input                - Clearing active input actions
22:02:09.115 [JavaFX Application Thread] DEBUG GameApplicationServi - Removing overlay from GameScene and adding to FXGLDefaultMenu
22:02:09.115 [JavaFX Application Thread] DEBUG PrimaryStageWindow   - GameScene -> FXGLDefaultMenu
22:02:09.379 [JavaFX Application Thread] DEBUG Menu                 - fireResume()
22:02:09.384 [JavaFX Application Thread] DEBUG PrimaryStageWindow   - Pop state: FXGLDefaultMenu
22:02:09.384 [JavaFX Application Thread] DEBUG Input                - Clearing active input actions
22:02:09.384 [JavaFX Application Thread] DEBUG GameApplicationServi - Removing overlay from FXGLDefaultMenu and adding to GameScene
22:02:09.384 [JavaFX Application Thread] DEBUG PrimaryStageWindow   - GameScene <- FXGLDefaultMenu
22:02:10.057 [JavaFX Application Thread] DEBUG PrimaryStageWindow   - Push state: FXGLDefaultMenu
22:02:10.060 [JavaFX Application Thread] DEBUG Input                - Clearing active input actions
22:02:10.064 [JavaFX Application Thread] DEBUG GameApplicationServi - Removing overlay from GameScene and adding to FXGLDefaultMenu
22:02:10.064 [JavaFX Application Thread] DEBUG PrimaryStageWindow   - GameScene -> FXGLDefaultMenu
22:02:14.937 [JavaFX Application Thread] DEBUG FXGL.DefaultMenu     - createContentVideo()
22:02:20.858 [JavaFX Application Thread] DEBUG Menu                 - fireResume()
22:02:20.858 [JavaFX Application Thread] DEBUG PrimaryStageWindow   - Pop state: FXGLDefaultMenu
22:02:20.858 [JavaFX Application Thread] DEBUG Input                - Clearing active input actions
22:02:20.860 [JavaFX Application Thread] DEBUG GameApplicationServi - Removing overlay from FXGLDefaultMenu and adding to GameScene
22:02:20.860 [JavaFX Application Thread] DEBUG PrimaryStageWindow   - GameScene <- FXGLDefaultMenu
22:02:21.865 [JavaFX Application Thread] DEBUG PrimaryStageWindow   - Push state: DialogSubScene
22:02:21.865 [JavaFX Application Thread] DEBUG Input                - Clearing active input actions
22:02:21.866 [JavaFX Application Thread] DEBUG GameApplicationServi - Removing overlay from GameScene and adding to DialogSubScene
22:02:21.866 [JavaFX Application Thread] DEBUG PrimaryStageWindow   - GameScene -> DialogSubScene
22:02:24.530 [JavaFX Application Thread] DEBUG PrimaryStageWindow   - Pop state: DialogSubScene
22:02:24.531 [JavaFX Application Thread] DEBUG Input                - Clearing active input actions
22:02:24.532 [JavaFX Application Thread] DEBUG GameApplicationServi - Removing overlay from DialogSubScene and adding to GameScene
22:02:24.533 [JavaFX Application Thread] DEBUG PrimaryStageWindow   - GameScene <- DialogSubScene
22:02:24.533 [JavaFX Application Thread] DEBUG GameApplicationServi - Starting new game
22:02:24.534 [JavaFX Application Thread] DEBUG Input                - Clearing active input actions
22:02:24.582 [JavaFX Application Thread] DEBUG GameApplicationServi - Removing overlay from GameScene and adding to FXGLLoadingScene
22:02:24.583 [JavaFX Application Thread] DEBUG PrimaryStageWindow   - GameScene -> FXGLLoadingScene
22:02:24.583 [JavaFX Application Thread] DEBUG GameApplicationServi - Clearing previous game
22:02:24.583 [JavaFX Application Thread] DEBUG GameScene            - Clearing game scene
22:02:24.584 [JavaFX Application Thread] DEBUG GameWorld            - Clearing game world
22:02:24.587 [JavaFX Application Thread] DEBUG PhysicsWorld         - Clearing physics world
22:02:24.589 [FXGL Background Thread 2 ] DEBUG FXGLApplication      - Initializing game
22:02:24.597 [FXGL Background Thread 2 ] INFO  FXGLApplication      - Game initialization took: 0,008 sec
22:02:24.602 [JavaFX Application Thread] DEBUG Input                - Clearing active input actions
22:02:24.612 [JavaFX Application Thread] DEBUG GameApplicationServi - Removing overlay from FXGLLoadingScene and adding to GameScene
22:02:24.612 [JavaFX Application Thread] DEBUG PrimaryStageWindow   - FXGLLoadingScene -> GameScene
22:02:27.451 [JavaFX Application Thread] DEBUG FXGLAssetLoaderServi - Loading from file system: file:/C:/Users/Hao/Documents/DAM%202%20PRO/GameFX/target/classes/assets/textures/laserRed02.png
22:02:30.460 [JavaFX Application Thread] DEBUG FXGLAssetLoaderServi - Loading from file system: file:/C:/Users/Hao/Documents/DAM%202%20PRO/GameFX/target/classes/assets/textures/laserRed04.png
22:02:36.795 [JavaFX Application Thread] DEBUG PrimaryStageWindow   - Push state: DialogSubScene
22:02:36.795 [JavaFX Application Thread] DEBUG Input                - Clearing active input actions
22:02:36.798 [JavaFX Application Thread] DEBUG GameApplicationServi - Removing overlay from GameScene and adding to DialogSubScene
22:02:36.798 [JavaFX Application Thread] DEBUG PrimaryStageWindow   - GameScene -> DialogSubScene
22:02:38.283 [JavaFX Application Thread] DEBUG PrimaryStageWindow   - Pop state: DialogSubScene
22:02:38.283 [JavaFX Application Thread] DEBUG Input                - Clearing active input actions
22:02:38.284 [JavaFX Application Thread] DEBUG GameApplicationServi - Removing overlay from DialogSubScene and adding to GameScene
22:02:38.284 [JavaFX Application Thread] DEBUG PrimaryStageWindow   - GameScene <- DialogSubScene
22:02:38.285 [JavaFX Application Thread] DEBUG GameApplicationServi - Starting new game
22:02:38.285 [JavaFX Application Thread] DEBUG Input                - Clearing active input actions
22:02:38.299 [JavaFX Application Thread] DEBUG GameApplicationServi - Removing overlay from GameScene and adding to FXGLLoadingScene
22:02:38.299 [JavaFX Application Thread] DEBUG PrimaryStageWindow   - GameScene -> FXGLLoadingScene
22:02:38.300 [JavaFX Application Thread] DEBUG GameApplicationServi - Clearing previous game
22:02:38.300 [JavaFX Application Thread] DEBUG GameScene            - Clearing game scene
22:02:38.300 [JavaFX Application Thread] DEBUG GameWorld            - Clearing game world
22:02:38.302 [JavaFX Application Thread] DEBUG PhysicsWorld         - Clearing physics world
22:02:38.303 [FXGL Background Thread 2 ] DEBUG FXGLApplication      - Initializing game
22:02:38.312 [FXGL Background Thread 2 ] INFO  FXGLApplication      - Game initialization took: 0,007 sec
22:02:38.313 [JavaFX Application Thread] DEBUG Input                - Clearing active input actions
22:02:38.323 [JavaFX Application Thread] DEBUG GameApplicationServi - Removing overlay from FXGLLoadingScene and adding to GameScene
22:02:38.323 [JavaFX Application Thread] DEBUG PrimaryStageWindow   - FXGLLoadingScene -> GameScene
22:02:58.532 [JavaFX Application Thread] DEBUG PrimaryStageWindow   - Push state: DialogSubScene
22:02:58.533 [JavaFX Application Thread] DEBUG Input                - Clearing active input actions
22:02:58.535 [JavaFX Application Thread] DEBUG GameApplicationServi - Removing overlay from GameScene and adding to DialogSubScene
22:02:58.536 [JavaFX Application Thread] DEBUG PrimaryStageWindow   - GameScene -> DialogSubScene
22:03:01.682 [JavaFX Application Thread] DEBUG PrimaryStageWindow   - Pop state: DialogSubScene
22:03:01.689 [JavaFX Application Thread] DEBUG Input                - Clearing active input actions
22:03:01.690 [JavaFX Application Thread] DEBUG GameApplicationServi - Removing overlay from DialogSubScene and adding to GameScene
22:03:01.691 [JavaFX Application Thread] DEBUG PrimaryStageWindow   - GameScene <- DialogSubScene
22:03:01.691 [JavaFX Application Thread] DEBUG GameApplicationServi - Starting new game
22:03:01.691 [JavaFX Application Thread] DEBUG Input                - Clearing active input actions
22:03:01.715 [JavaFX Application Thread] DEBUG GameApplicationServi - Removing overlay from GameScene and adding to FXGLLoadingScene
22:03:01.715 [JavaFX Application Thread] DEBUG PrimaryStageWindow   - GameScene -> FXGLLoadingScene
22:03:01.715 [JavaFX Application Thread] DEBUG GameApplicationServi - Clearing previous game
22:03:01.716 [JavaFX Application Thread] DEBUG GameScene            - Clearing game scene
22:03:01.716 [JavaFX Application Thread] DEBUG GameWorld            - Clearing game world
22:03:01.719 [JavaFX Application Thread] DEBUG PhysicsWorld         - Clearing physics world
22:03:01.720 [FXGL Background Thread 2 ] DEBUG FXGLApplication      - Initializing game
22:03:01.725 [FXGL Background Thread 2 ] INFO  FXGLApplication      - Game initialization took: 0,004 sec
22:03:01.726 [JavaFX Application Thread] DEBUG Input                - Clearing active input actions
22:03:01.732 [JavaFX Application Thread] DEBUG GameApplicationServi - Removing overlay from FXGLLoadingScene and adding to GameScene
22:03:01.732 [JavaFX Application Thread] DEBUG PrimaryStageWindow   - FXGLLoadingScene -> GameScene
22:03:03.215 [JavaFX Application Thread] DEBUG FXGLApplication      - Exiting FXGL
22:03:03.215 [JavaFX Application Thread] DEBUG LoopRunner           - Stopping loop
22:03:03.215 [JavaFX Application Thread] DEBUG SystemBundleService  - Saving FXGL system data
22:03:03.217 [JavaFX Application Thread] DEBUG FileSystemAccess     - Writing to: C:\Users\Hao\Documents\DAM 2 PRO\GameFX\system\fxgl.bundle
22:03:03.218 [JavaFX Application Thread] DEBUG Async                - Shutting down background threads
22:03:03.219 [JavaFX Application Thread] DEBUG PrimaryStageWindow   - Closing main window
22:03:03.238 [JavaFX Application Thread] DEBUG Logger               - Closing Logger
