16:44:34.168 [main                     ] DEBUG Logger               - Configured Logger
16:44:34.170 [main                     ] DEBUG GameApplication      - Logging settings
Title: Dead Space but Family Friendly
Version: 0.1
Width: 1200
Height: 700
Fullscreen: true
Intro: false
Profiling: false
Single step:false
App Mode: DEVELOPER
Menu Key: ESCAPE
Stage Style: DECORATED
Scene Factory: class com.almasb.fxgl.app.scene.SceneFactory

16:44:34.376 [JavaFX Application Thread] DEBUG FXGLApplication      - Initializing FXGL
16:44:34.377 [JavaFX Application Thread] INFO  Engine               - FXGL-11.16 (25.05.2021 08.16) on WINDOWS (J:18.0.2.1 FX:16)
16:44:34.377 [JavaFX Application Thread] DEBUG Engine               - JRE Vendor Name: Oracle Corporation
16:44:34.377 [JavaFX Application Thread] DEBUG Engine               - Running on OS: Windows 10 version 10.0
16:44:34.377 [JavaFX Application Thread] DEBUG Engine               - Architecture: amd64
16:44:34.377 [JavaFX Application Thread] INFO  Engine               - Source code and latest versions at: https://github.com/AlmasB/FXGL
16:44:34.377 [JavaFX Application Thread] INFO  Engine               -              Join the FXGL chat at: https://gitter.im/AlmasB/FXGL
16:44:34.430 [JavaFX Application Thread] DEBUG PrimaryStageWindow   - Creating a JavaFX scene
16:44:34.455 [JavaFX Application Thread] DEBUG PrimaryStageWindow   - Target settings size: 1200.0 x 700.0
16:44:34.455 [JavaFX Application Thread] DEBUG PrimaryStageWindow   - Scaled scene size:    1200.0 x 700.0
16:44:34.455 [JavaFX Application Thread] DEBUG PrimaryStageWindow   - Scaled ratio: (1.0, 1.0)
16:44:34.456 [JavaFX Application Thread] DEBUG PrimaryStageWindow   - Set initial scene to FXGLStartupScene
16:44:34.460 [JavaFX Application Thread] DEBUG PrimaryStageWindow   - Opening main window
16:44:34.504 [JavaFX Application Thread] DEBUG PrimaryStageWindow   - Window border size: (14.4000244140625, 37.5999755859375)
16:44:34.504 [JavaFX Application Thread] DEBUG PrimaryStageWindow   - Scaled size: 1200.0 x 700.0
16:44:34.504 [JavaFX Application Thread] DEBUG PrimaryStageWindow   - Scaled ratio: (1.0, 1.0)
16:44:34.504 [JavaFX Application Thread] DEBUG PrimaryStageWindow   - Scene size: 1200.0 x 700.0
16:44:34.504 [JavaFX Application Thread] DEBUG PrimaryStageWindow   - Stage size: 1214.4000244140625 x 737.5999755859375
16:44:34.509 [FXGL Background Thread 1 ] DEBUG Engine               - Initializing environment variables
16:44:34.538 [FXGL Background Thread 1 ] DEBUG FXGLAssetLoaderServi - User app class for loading assets: class com.example.gamefx.MainGame
16:44:34.538 [FXGL Background Thread 1 ] DEBUG GameApplicationServi - Applying CSS: fxgl_dark.css
16:44:34.538 [FXGL Background Thread 1 ] DEBUG FXGLAssetLoaderServi - Loading from file system: jar:file:/C:/Users/Hao/.m2/repository/com/github/almasb/fxgl/11.16/fxgl-11.16.jar!/fxglassets/ui/css/fxgl_dark.css
16:44:34.560 [FXGL Background Thread 1 ] DEBUG GameApplicationServi - Initializing application scenes
16:44:34.585 [FXGL Background Thread 1 ] DEBUG GameWorld            - Game world initialized
16:44:34.616 [FXGL Background Thread 1 ] DEBUG PhysicsWorld         - Physics world initialized: appHeight=700, physics.ppm=50,0
16:44:34.617 [FXGL Background Thread 1 ] DEBUG PhysicsWorld         - Using strategy: BRUTE_FORCE
16:44:34.618 [FXGL Background Thread 1 ] DEBUG GameScene            - Game scene initialized: 1200x700
16:44:34.625 [FXGL Background Thread 1 ] DEBUG FXGL.DefaultMenu     - createMenuBodyGameMenu()
16:44:34.633 [FXGL Background Thread 1 ] DEBUG FXGL.DefaultMenu     - createOptionsMenu()
16:44:34.638 [FXGL Background Thread 1 ] DEBUG FXGLAssetLoaderServi - Loading from file system: jar:file:/C:/Users/Hao/.m2/repository/com/github/almasb/fxgl/11.16/fxgl-11.16.jar!/fxglassets/textures/particles/smoke.png
16:44:34.703 [FXGL Background Thread 1 ] DEBUG FXGLAssetLoaderServi - Loading from file system: jar:file:/C:/Users/Hao/.m2/repository/com/github/almasb/fxgl/11.16/fxgl-11.16.jar!/fxglassets/textures/particles/trace_horizontal.png
16:44:34.737 [FXGL Background Thread 1 ] DEBUG GameApplicationServi - Application scenes initialized
16:44:34.744 [FXGL Background Thread 1 ] DEBUG SystemBundleService  - Loading FXGL system data
16:44:34.746 [FXGL Background Thread 1 ] DEBUG FileSystemAccess     - Reading from: C:\Users\Hao\Documents\DAM 2 PRO\GameFX\system\fxgl.bundle
16:44:34.751 [FXGL Background Thread 1 ] DEBUG SystemBundleService  - Bundle FXGL: {}
16:44:34.751 [FXGL Background Thread 1 ] DEBUG UpdaterService       - Checking for updates
16:44:34.754 [FXGL Background Thread 4 ] DEBUG FXGLApplication      - Loading fonts
16:44:34.754 [FXGL Background Thread 1 ] DEBUG FXGLApplication      - Loading default localization
16:44:34.754 [FXGL Background Thread 1 ] DEBUG FXGLAssetLoaderServi - Loading from file system: jar:file:/C:/Users/Hao/.m2/repository/com/github/almasb/fxgl/11.16/fxgl-11.16.jar!/fxglassets/languages/english.lang
16:44:34.754 [FXGL Background Thread 4 ] DEBUG FXGLAssetLoaderServi - Loading from file system: jar:file:/C:/Users/Hao/.m2/repository/com/github/almasb/fxgl/11.16/fxgl-11.16.jar!/fxglassets/ui/fonts/VarelaRound-Regular.ttf
16:44:34.771 [FXGL Background Thread 1 ] INFO  FXGLApplication      - FXGL initialization took: 0,262 sec
16:44:34.778 [JavaFX Application Thread] DEBUG Input                - Registered new binding: left - Left
16:44:34.778 [JavaFX Application Thread] DEBUG Input                - Registered new binding: right - Right
16:44:34.778 [JavaFX Application Thread] DEBUG Input                - Registered new binding: up - Up
16:44:34.778 [JavaFX Application Thread] DEBUG Input                - Registered new binding: down - Down
16:44:34.779 [JavaFX Application Thread] DEBUG Input                - Registered new binding: Bullet - Space
16:44:34.779 [JavaFX Application Thread] DEBUG FXGLAssetLoaderServi - Loading from file system: jar:file:/C:/Users/Hao/.m2/repository/com/github/almasb/fxgl/11.16/fxgl-11.16.jar!/fxglassets/textures/fxgl_icon.png
16:44:34.781 [FXGL Background Thread 4 ] DEBUG FXGLAssetLoaderServi - Loading from file system: jar:file:/C:/Users/Hao/.m2/repository/com/github/almasb/fxgl/11.16/fxgl-11.16.jar!/fxglassets/ui/fonts/Abel-Regular.ttf
16:44:34.784 [FXGL Background Thread 4 ] DEBUG FXGLAssetLoaderServi - Loading from file system: jar:file:/C:/Users/Hao/.m2/repository/com/github/almasb/fxgl/11.16/fxgl-11.16.jar!/fxglassets/ui/fonts/lucida_console.ttf
16:44:34.787 [FXGL Background Thread 4 ] DEBUG FXGLAssetLoaderServi - Loading from file system: jar:file:/C:/Users/Hao/.m2/repository/com/github/almasb/fxgl/11.16/fxgl-11.16.jar!/fxglassets/ui/fonts/Courier-Prime.ttf
16:44:34.797 [JavaFX Application Thread] DEBUG FXGLAssetLoaderServi - Loading from file system: jar:file:/C:/Users/Hao/.m2/repository/com/github/almasb/fxgl/11.16/fxgl-11.16.jar!/fxglassets/textures/fxgl_default_cursor.png
16:44:34.799 [JavaFX Application Thread] DEBUG Input                - Registered new binding: Screenshot - CTRL+8
16:44:34.800 [JavaFX Application Thread] DEBUG Input                - Registered new binding: System info dump - CTRL+9
16:44:34.800 [JavaFX Application Thread] DEBUG Input                - Registered new binding: Restart - CTRL+R
16:44:34.801 [JavaFX Application Thread] DEBUG Input                - Registered new binding: Toggle Debug Camera - CTRL+C
16:44:34.803 [JavaFX Application Thread] DEBUG LoopRunner           - Starting loop
16:44:34.803 [JavaFX Application Thread] DEBUG LoopRunner           - Initializing JavaFX AnimationTimerLoop
16:44:34.805 [JavaFX Application Thread] DEBUG GameApplicationServi - Starting new game
16:44:34.805 [JavaFX Application Thread] DEBUG Input                - Clearing active input actions
16:44:34.814 [JavaFX Application Thread] DEBUG GameApplicationServi - Removing overlay from FXGLStartupScene and adding to FXGLLoadingScene
16:44:34.814 [JavaFX Application Thread] DEBUG PrimaryStageWindow   - FXGLStartupScene -> FXGLLoadingScene
16:44:34.814 [JavaFX Application Thread] DEBUG GameApplicationServi - Clearing previous game
16:44:34.814 [JavaFX Application Thread] DEBUG GameScene            - Clearing game scene
16:44:34.814 [JavaFX Application Thread] DEBUG GameWorld            - Clearing game world
16:44:34.814 [JavaFX Application Thread] DEBUG PhysicsWorld         - Clearing physics world
16:44:34.815 [FXGL Background Thread 4 ] DEBUG FXGLApplication      - Initializing game
16:44:34.821 [FXGL Background Thread 4 ] DEBUG FXGLAssetLoaderServi - Loading from file system: file:/C:/Users/Hao/Documents/DAM%202%20PRO/GameFX/target/classes/assets/textures/space.jpg
16:44:34.946 [FXGL Background Thread 4 ] DEBUG FXGLAssetLoaderServi - Loading from file system: file:/C:/Users/Hao/Documents/DAM%202%20PRO/GameFX/target/classes/assets/textures/center.png
16:44:34.960 [FXGL Background Thread 4 ] DEBUG FXGLAssetLoaderServi - Loading from file system: file:/C:/Users/Hao/Documents/DAM%202%20PRO/GameFX/target/classes/assets/textures/enterprise.png
16:44:34.965 [FXGL Background Thread 4 ] INFO  FXGLApplication      - Game initialization took: 0,150 sec
16:44:34.965 [JavaFX Application Thread] DEBUG Input                - Clearing active input actions
16:44:34.969 [JavaFX Application Thread] DEBUG GameApplicationServi - Removing overlay from FXGLLoadingScene and adding to GameScene
16:44:34.969 [JavaFX Application Thread] DEBUG PrimaryStageWindow   - FXGLLoadingScene -> GameScene
16:44:34.977 [JavaFX Application Thread] DEBUG FXGLAssetLoaderServi - Loading from file system: file:/C:/Users/Hao/Documents/DAM%202%20PRO/GameFX/target/classes/assets/textures/enemies.png
16:44:35.167 [FXGL Background Thread 2 ] INFO  UpdaterService       - Your current version:  11.16
16:44:35.168 [FXGL Background Thread 2 ] INFO  UpdaterService       - Latest stable version: 17.2
16:44:35.363 [JavaFX Application Thread] DEBUG FXGLAssetLoaderServi - Loading from file system: file:/C:/Users/Hao/Documents/DAM%202%20PRO/GameFX/target/classes/assets/textures/laserred1.png
16:44:35.364 [JavaFX Application Thread] DEBUG FXGLAssetLoaderServi - Loading from file system: file:/C:/Users/Hao/Documents/DAM%202%20PRO/GameFX/target/classes/assets/sounds/sfx_laser1.wav
16:44:35.890 [JavaFX Application Thread] DEBUG FXGLAssetLoaderServi - Loading from file system: file:/C:/Users/Hao/Documents/DAM%202%20PRO/GameFX/target/classes/assets/textures/laserYellow_burst.png
16:44:35.893 [JavaFX Application Thread] DEBUG FXGLAssetLoaderServi - Loading from file system: file:/C:/Users/Hao/Documents/DAM%202%20PRO/GameFX/target/classes/assets/textures/pill_green.png
16:44:35.895 [JavaFX Application Thread] WARN  Entity               - Entity already has component: com.almasb.fxgl.entity.components.CollidableComponent
16:44:35.896 [JavaFX Application Thread] DEBUG FXGLAssetLoaderServi - Loading from file system: file:/C:/Users/Hao/Documents/DAM%202%20PRO/GameFX/target/classes/assets/sounds/explosion.wav
16:44:37.755 [FXGL Background Thread 3 ] DEBUG Engine               - Logging environment variables
16:44:37.755 [FXGL Background Thread 3 ] DEBUG Engine               - achievements: []
16:44:37.755 [FXGL Background Thread 3 ] DEBUG Engine               - actualHeight: 700.0
16:44:37.755 [FXGL Background Thread 3 ] DEBUG Engine               - actualHeightProperty: ReadOnlyDoubleProperty [value: 700.0]
16:44:37.755 [FXGL Background Thread 3 ] DEBUG Engine               - actualWidth: 1200.0
16:44:37.755 [FXGL Background Thread 3 ] DEBUG Engine               - actualWidthProperty: ReadOnlyDoubleProperty [value: 1200.0]
16:44:37.755 [FXGL Background Thread 3 ] DEBUG Engine               - appIcon: fxgl_icon.png
16:44:37.755 [FXGL Background Thread 3 ] DEBUG Engine               - applicationMode: DEVELOPER
16:44:37.755 [FXGL Background Thread 3 ] DEBUG Engine               - cSSList: [fxgl_dark.css]
16:44:37.755 [FXGL Background Thread 3 ] DEBUG Engine               - collisionDetectionStrategy: BRUTE_FORCE
16:44:37.755 [FXGL Background Thread 3 ] DEBUG Engine               - configClass: Optional.empty
16:44:37.755 [FXGL Background Thread 3 ] DEBUG Engine               - credits: []
16:44:37.755 [FXGL Background Thread 3 ] DEBUG Engine               - defaultCursor: CursorInfo(imageName=fxgl_default_cursor.png, hotspotX=7.0, hotspotY=6.0)
16:44:37.755 [FXGL Background Thread 3 ] DEBUG Engine               - devBBoxColorProperty: ObjectProperty [value: 0xff0000ff]
16:44:37.755 [FXGL Background Thread 3 ] DEBUG Engine               - devEnableDebugCameraProperty: BooleanProperty [value: false]
16:44:37.755 [FXGL Background Thread 3 ] DEBUG Engine               - devSensorColorProperty: ObjectProperty [value: 0xffff00ff]
16:44:37.755 [FXGL Background Thread 3 ] DEBUG Engine               - devShowBBoxProperty: BooleanProperty [value: false]
16:44:37.755 [FXGL Background Thread 3 ] DEBUG Engine               - devShowPositionProperty: BooleanProperty [value: false]
16:44:37.755 [FXGL Background Thread 3 ] DEBUG Engine               - enabledMenuItems: []
16:44:37.755 [FXGL Background Thread 3 ] DEBUG Engine               - engineServices: [class com.almasb.fxgl.app.services.FXGLAssetLoaderService, class com.almasb.fxgl.app.FXGLApplication$GameApplicationService, class com.almasb.fxgl.app.services.FXGLDialogService, class com.almasb.fxgl.app.services.IOTaskExecutorService, class com.almasb.fxgl.io.FileSystemService, class com.almasb.fxgl.localization.LocalizationService, class com.almasb.fxgl.app.services.SystemBundleService, class com.almasb.fxgl.profile.SaveLoadService, class com.almasb.fxgl.ui.FXGLUIFactoryServiceProvider, class com.almasb.fxgl.ui.FXGLDialogFactoryServiceProvider, class com.almasb.fxgl.audio.AudioPlayer, class com.almasb.fxgl.notification.impl.NotificationServiceProvider, class com.almasb.fxgl.achievement.AchievementService, class com.almasb.fxgl.cutscene.CutsceneService, class com.almasb.fxgl.minigames.MiniGameService, class com.almasb.fxgl.net.NetService, class com.almasb.fxgl.app.services.UpdaterService, class com.almasb.fxgl.dev.DevService]
16:44:37.755 [FXGL Background Thread 3 ] DEBUG Engine               - fontGame: Abel-Regular.ttf
16:44:37.755 [FXGL Background Thread 3 ] DEBUG Engine               - fontMono: lucida_console.ttf
16:44:37.755 [FXGL Background Thread 3 ] DEBUG Engine               - fontText: Courier-Prime.ttf
16:44:37.756 [FXGL Background Thread 3 ] DEBUG Engine               - fontUI: VarelaRound-Regular.ttf
16:44:37.756 [FXGL Background Thread 3 ] DEBUG Engine               - fullScreen: BooleanProperty [value: false]
16:44:37.756 [FXGL Background Thread 3 ] DEBUG Engine               - gameDifficulty: MEDIUM
16:44:37.756 [FXGL Background Thread 3 ] DEBUG Engine               - gameDifficultyProperty: ObjectProperty [value: MEDIUM]
16:44:37.756 [FXGL Background Thread 3 ] DEBUG Engine               - globalMusicVolume: 0.5
16:44:37.756 [FXGL Background Thread 3 ] DEBUG Engine               - globalMusicVolumeProperty: DoubleProperty [value: 0.5]
16:44:37.756 [FXGL Background Thread 3 ] DEBUG Engine               - globalSoundVolume: 0.5
16:44:37.756 [FXGL Background Thread 3 ] DEBUG Engine               - globalSoundVolumeProperty: DoubleProperty [value: 0.5]
16:44:37.756 [FXGL Background Thread 3 ] DEBUG Engine               - height: 700
16:44:37.756 [FXGL Background Thread 3 ] DEBUG Engine               - is3D: false
16:44:37.756 [FXGL Background Thread 3 ] DEBUG Engine               - isAndroid: false
16:44:37.756 [FXGL Background Thread 3 ] DEBUG Engine               - isBrowser: false
16:44:37.756 [FXGL Background Thread 3 ] DEBUG Engine               - isClickFeedbackEnabled: false
16:44:37.756 [FXGL Background Thread 3 ] DEBUG Engine               - isCloseConfirmation: false
16:44:37.756 [FXGL Background Thread 3 ] DEBUG Engine               - isDesktop: true
16:44:37.756 [FXGL Background Thread 3 ] DEBUG Engine               - isDeveloperMenuEnabled: false
16:44:37.756 [FXGL Background Thread 3 ] DEBUG Engine               - isEntityPreloadEnabled: true
16:44:37.756 [FXGL Background Thread 3 ] DEBUG Engine               - isExperimentalTiledLargeMap: false
16:44:37.756 [FXGL Background Thread 3 ] DEBUG Engine               - isFileSystemWriteAllowed: true
16:44:37.756 [FXGL Background Thread 3 ] DEBUG Engine               - isFullScreenAllowed: true
16:44:37.756 [FXGL Background Thread 3 ] DEBUG Engine               - isFullScreenFromStart: false
16:44:37.756 [FXGL Background Thread 3 ] DEBUG Engine               - isGameMenuEnabled: true
16:44:37.756 [FXGL Background Thread 3 ] DEBUG Engine               - isIOS: false
16:44:37.756 [FXGL Background Thread 3 ] DEBUG Engine               - isIntroEnabled: false
16:44:37.756 [FXGL Background Thread 3 ] DEBUG Engine               - isLinux: false
16:44:37.756 [FXGL Background Thread 3 ] DEBUG Engine               - isMac: false
16:44:37.756 [FXGL Background Thread 3 ] DEBUG Engine               - isMainMenuEnabled: false
16:44:37.756 [FXGL Background Thread 3 ] DEBUG Engine               - isManualResizeEnabled: false
16:44:37.756 [FXGL Background Thread 3 ] DEBUG Engine               - isMobile: false
16:44:37.756 [FXGL Background Thread 3 ] DEBUG Engine               - isNative: false
16:44:37.756 [FXGL Background Thread 3 ] DEBUG Engine               - isPreserveResizeRatio: false
16:44:37.756 [FXGL Background Thread 3 ] DEBUG Engine               - isProfilingEnabled: false
16:44:37.756 [FXGL Background Thread 3 ] DEBUG Engine               - isScaleAffectedOnResize: true
16:44:37.756 [FXGL Background Thread 3 ] DEBUG Engine               - isSingleStep: false
16:44:37.756 [FXGL Background Thread 3 ] DEBUG Engine               - isUserProfileEnabled: false
16:44:37.756 [FXGL Background Thread 3 ] DEBUG Engine               - isWindows: true
16:44:37.756 [FXGL Background Thread 3 ] DEBUG Engine               - language: ObjectProperty [value: ENGLISH]
16:44:37.756 [FXGL Background Thread 3 ] DEBUG Engine               - menuKey: ESCAPE
16:44:37.756 [FXGL Background Thread 3 ] DEBUG Engine               - mouseSensitivity: 0.2
16:44:37.756 [FXGL Background Thread 3 ] DEBUG Engine               - notificationViewClass: class com.almasb.fxgl.notification.view.XboxNotificationView
16:44:37.756 [FXGL Background Thread 3 ] DEBUG Engine               - pixelsPerMeter: 50.0
16:44:37.756 [FXGL Background Thread 3 ] DEBUG Engine               - platform: WINDOWS
16:44:37.756 [FXGL Background Thread 3 ] DEBUG Engine               - prefHeightProperty: ReadOnlyDoubleProperty [value: 700.0]
16:44:37.756 [FXGL Background Thread 3 ] DEBUG Engine               - prefWidthProperty: ReadOnlyDoubleProperty [value: 1200.0]
16:44:37.756 [FXGL Background Thread 3 ] DEBUG Engine               - profileDir: profiles/
16:44:37.756 [FXGL Background Thread 3 ] DEBUG Engine               - profileName: StringProperty [value: DEFAULT]
16:44:37.756 [FXGL Background Thread 3 ] DEBUG Engine               - randomSeed: -1
16:44:37.756 [FXGL Background Thread 3 ] DEBUG Engine               - runtimeInfo: RuntimeInfo(platform=WINDOWS, version=11.16, build=25.05.2021 08.16)
16:44:37.756 [FXGL Background Thread 3 ] DEBUG Engine               - saveFileExt: sav
16:44:37.756 [FXGL Background Thread 3 ] DEBUG Engine               - scaledHeightProp$fxgl: DoubleProperty [bound, value: 700.0]
16:44:37.756 [FXGL Background Thread 3 ] DEBUG Engine               - scaledWidthProp$fxgl: DoubleProperty [bound, value: 1200.0]
16:44:37.756 [FXGL Background Thread 3 ] DEBUG Engine               - sceneFactory: com.almasb.fxgl.app.scene.SceneFactory@5fbd1a1
16:44:37.756 [FXGL Background Thread 3 ] DEBUG Engine               - secondsIn24h: 60
16:44:37.756 [FXGL Background Thread 3 ] DEBUG Engine               - soundMenuBack: menu/back.wav
16:44:37.756 [FXGL Background Thread 3 ] DEBUG Engine               - soundMenuPress: menu/press.wav
16:44:37.757 [FXGL Background Thread 3 ] DEBUG Engine               - soundMenuSelect: menu/select.wav
16:44:37.757 [FXGL Background Thread 3 ] DEBUG Engine               - soundNotification: core/notification.wav
16:44:37.757 [FXGL Background Thread 3 ] DEBUG Engine               - stageStyle: DECORATED
16:44:37.757 [FXGL Background Thread 3 ] DEBUG Engine               - supportedLanguages: [ENGLISH, FRENCH, GERMAN, HUNGARIAN, RUSSIAN]
16:44:37.757 [FXGL Background Thread 3 ] DEBUG Engine               - ticksPerSecond: -1
16:44:37.757 [FXGL Background Thread 3 ] DEBUG Engine               - title: Dead Space but Family Friendly
16:44:37.757 [FXGL Background Thread 3 ] DEBUG Engine               - urlGithub: https://github.com/AlmasB/FXGL
16:44:37.757 [FXGL Background Thread 3 ] DEBUG Engine               - urlLeaderboard: http://fxgl-top.herokuapp.com/
16:44:37.757 [FXGL Background Thread 3 ] DEBUG Engine               - urlPOM: https://raw.githubusercontent.com/AlmasB/FXGL/release/README.md
16:44:37.757 [FXGL Background Thread 3 ] DEBUG Engine               - userAppClass: class com.example.gamefx.MainGame
16:44:37.757 [FXGL Background Thread 3 ] DEBUG Engine               - version: 0.1
16:44:37.757 [FXGL Background Thread 3 ] DEBUG Engine               - versionCheckDays: 7
16:44:37.757 [FXGL Background Thread 3 ] DEBUG Engine               - width: 1200
16:44:37.757 [FXGL Background Thread 3 ] DEBUG Engine               - Logging services
16:44:37.757 [FXGL Background Thread 3 ] DEBUG Engine               - class com.almasb.fxgl.app.services.FXGLAssetLoaderService
16:44:37.757 [FXGL Background Thread 3 ] DEBUG Engine               - class com.almasb.fxgl.app.FXGLApplication$GameApplicationService
16:44:37.757 [FXGL Background Thread 3 ] DEBUG Engine               - class com.almasb.fxgl.app.services.FXGLDialogService
16:44:37.757 [FXGL Background Thread 3 ] DEBUG Engine               - class com.almasb.fxgl.app.services.IOTaskExecutorService
16:44:37.757 [FXGL Background Thread 3 ] DEBUG Engine               - class com.almasb.fxgl.io.FileSystemService
16:44:37.757 [FXGL Background Thread 3 ] DEBUG Engine               - class com.almasb.fxgl.localization.LocalizationService
16:44:37.757 [FXGL Background Thread 3 ] DEBUG Engine               - class com.almasb.fxgl.app.services.SystemBundleService
16:44:37.757 [FXGL Background Thread 3 ] DEBUG Engine               - class com.almasb.fxgl.profile.SaveLoadService
16:44:37.757 [FXGL Background Thread 3 ] DEBUG Engine               - class com.almasb.fxgl.ui.FXGLUIFactoryServiceProvider
16:44:37.757 [FXGL Background Thread 3 ] DEBUG Engine               - class com.almasb.fxgl.ui.FXGLDialogFactoryServiceProvider
16:44:37.757 [FXGL Background Thread 3 ] DEBUG Engine               - class com.almasb.fxgl.audio.AudioPlayer
16:44:37.757 [FXGL Background Thread 3 ] DEBUG Engine               - class com.almasb.fxgl.notification.impl.NotificationServiceProvider
16:44:37.757 [FXGL Background Thread 3 ] DEBUG Engine               - class com.almasb.fxgl.achievement.AchievementService
16:44:37.757 [FXGL Background Thread 3 ] DEBUG Engine               - class com.almasb.fxgl.cutscene.CutsceneService
16:44:37.757 [FXGL Background Thread 3 ] DEBUG Engine               - class com.almasb.fxgl.minigames.MiniGameService
16:44:37.758 [FXGL Background Thread 3 ] DEBUG Engine               - class com.almasb.fxgl.net.NetService
16:44:37.758 [FXGL Background Thread 3 ] DEBUG Engine               - class com.almasb.fxgl.app.services.UpdaterService
16:44:37.758 [FXGL Background Thread 3 ] DEBUG Engine               - class com.almasb.fxgl.dev.DevService
16:44:39.466 [JavaFX Application Thread] WARN  Entity               - Entity already has component: com.almasb.fxgl.entity.components.CollidableComponent
16:44:40.861 [JavaFX Application Thread] DEBUG FXGLAssetLoaderServi - Loading from file system: file:/C:/Users/Hao/Documents/DAM%202%20PRO/GameFX/target/classes/assets/sounds/sfx_lose.wav
16:44:43.602 [JavaFX Application Thread] WARN  Entity               - Entity already has component: com.almasb.fxgl.entity.components.CollidableComponent
16:44:43.987 [JavaFX Application Thread] WARN  Entity               - Entity already has component: com.almasb.fxgl.entity.components.CollidableComponent
16:44:47.904 [JavaFX Application Thread] WARN  Entity               - Entity already has component: com.almasb.fxgl.entity.components.CollidableComponent
16:44:48.803 [JavaFX Application Thread] WARN  Entity               - Entity already has component: com.almasb.fxgl.entity.components.CollidableComponent
16:44:49.416 [JavaFX Application Thread] WARN  Entity               - Entity already has component: com.almasb.fxgl.entity.components.CollidableComponent
16:44:51.410 [JavaFX Application Thread] WARN  Entity               - Entity already has component: com.almasb.fxgl.entity.components.CollidableComponent
16:44:52.015 [JavaFX Application Thread] WARN  Entity               - Entity already has component: com.almasb.fxgl.entity.components.CollidableComponent
16:44:52.434 [JavaFX Application Thread] WARN  Entity               - Entity already has component: com.almasb.fxgl.entity.components.CollidableComponent
16:44:53.458 [JavaFX Application Thread] WARN  Entity               - Entity already has component: com.almasb.fxgl.entity.components.CollidableComponent
16:44:54.382 [JavaFX Application Thread] WARN  Entity               - Entity already has component: com.almasb.fxgl.entity.components.CollidableComponent
16:44:57.624 [JavaFX Application Thread] DEBUG FXGLAssetLoaderServi - Loading from file system: file:/C:/Users/Hao/Documents/DAM%202%20PRO/GameFX/target/classes/assets/textures/laserRed02.png
16:44:57.627 [JavaFX Application Thread] DEBUG FXGLAssetLoaderServi - Loading from file system: file:/C:/Users/Hao/Documents/DAM%202%20PRO/GameFX/target/classes/assets/sounds/sfx_laser2.wav
16:44:59.146 [JavaFX Application Thread] WARN  Entity               - Entity already has component: com.almasb.fxgl.entity.components.CollidableComponent
16:45:01.618 [JavaFX Application Thread] WARN  Entity               - Entity already has component: com.almasb.fxgl.entity.components.CollidableComponent
16:45:02.035 [JavaFX Application Thread] WARN  Entity               - Entity already has component: com.almasb.fxgl.entity.components.CollidableComponent
16:45:02.050 [JavaFX Application Thread] WARN  Entity               - Entity already has component: com.almasb.fxgl.entity.components.CollidableComponent
16:45:02.066 [JavaFX Application Thread] WARN  Entity               - Entity already has component: com.almasb.fxgl.entity.components.CollidableComponent
16:45:02.096 [JavaFX Application Thread] WARN  Entity               - Entity already has component: com.almasb.fxgl.entity.components.CollidableComponent
16:45:02.124 [JavaFX Application Thread] WARN  Entity               - Entity already has component: com.almasb.fxgl.entity.components.CollidableComponent
16:45:02.145 [JavaFX Application Thread] WARN  Entity               - Entity already has component: com.almasb.fxgl.entity.components.CollidableComponent
16:45:02.204 [JavaFX Application Thread] DEBUG FXGLAssetLoaderServi - Loading from file system: file:/C:/Users/Hao/Documents/DAM%202%20PRO/GameFX/target/classes/assets/textures/laserRed04.png
16:45:02.208 [JavaFX Application Thread] WARN  Entity               - Entity already has component: com.almasb.fxgl.entity.components.CollidableComponent
16:45:02.226 [JavaFX Application Thread] WARN  Entity               - Entity already has component: com.almasb.fxgl.entity.components.CollidableComponent
16:45:03.699 [JavaFX Application Thread] WARN  Entity               - Entity already has component: com.almasb.fxgl.entity.components.CollidableComponent
16:45:04.443 [JavaFX Application Thread] WARN  Entity               - Entity already has component: com.almasb.fxgl.entity.components.CollidableComponent
16:45:04.547 [JavaFX Application Thread] WARN  Entity               - Entity already has component: com.almasb.fxgl.entity.components.CollidableComponent
16:45:04.680 [JavaFX Application Thread] WARN  Entity               - Entity already has component: com.almasb.fxgl.entity.components.CollidableComponent
16:45:04.992 [JavaFX Application Thread] WARN  Entity               - Entity already has component: com.almasb.fxgl.entity.components.CollidableComponent
16:45:05.292 [JavaFX Application Thread] WARN  Entity               - Entity already has component: com.almasb.fxgl.entity.components.CollidableComponent
16:45:05.907 [JavaFX Application Thread] WARN  Entity               - Entity already has component: com.almasb.fxgl.entity.components.CollidableComponent
16:45:06.082 [JavaFX Application Thread] WARN  Entity               - Entity already has component: com.almasb.fxgl.entity.components.CollidableComponent
16:45:06.382 [JavaFX Application Thread] WARN  Entity               - Entity already has component: com.almasb.fxgl.entity.components.CollidableComponent
16:45:06.479 [JavaFX Application Thread] WARN  Entity               - Entity already has component: com.almasb.fxgl.entity.components.CollidableComponent
16:45:06.499 [JavaFX Application Thread] WARN  Entity               - Entity already has component: com.almasb.fxgl.entity.components.CollidableComponent
16:45:06.721 [JavaFX Application Thread] WARN  Entity               - Entity already has component: com.almasb.fxgl.entity.components.CollidableComponent
16:45:07.007 [JavaFX Application Thread] WARN  Entity               - Entity already has component: com.almasb.fxgl.entity.components.CollidableComponent
16:45:07.291 [JavaFX Application Thread] WARN  Entity               - Entity already has component: com.almasb.fxgl.entity.components.CollidableComponent
16:45:08.735 [JavaFX Application Thread] WARN  Entity               - Entity already has component: com.almasb.fxgl.entity.components.CollidableComponent
16:45:09.229 [JavaFX Application Thread] WARN  Entity               - Entity already has component: com.almasb.fxgl.entity.components.CollidableComponent
16:45:09.500 [JavaFX Application Thread] WARN  Entity               - Entity already has component: com.almasb.fxgl.entity.components.CollidableComponent
16:45:09.582 [JavaFX Application Thread] WARN  Entity               - Entity already has component: com.almasb.fxgl.entity.components.CollidableComponent
16:45:10.146 [JavaFX Application Thread] WARN  Entity               - Entity already has component: com.almasb.fxgl.entity.components.CollidableComponent
16:45:10.721 [JavaFX Application Thread] WARN  Entity               - Entity already has component: com.almasb.fxgl.entity.components.CollidableComponent
16:45:11.166 [JavaFX Application Thread] WARN  Entity               - Entity already has component: com.almasb.fxgl.entity.components.CollidableComponent
16:45:11.475 [JavaFX Application Thread] WARN  Entity               - Entity already has component: com.almasb.fxgl.entity.components.CollidableComponent
16:45:11.666 [JavaFX Application Thread] WARN  Entity               - Entity already has component: com.almasb.fxgl.entity.components.CollidableComponent
16:45:11.778 [JavaFX Application Thread] WARN  Entity               - Entity already has component: com.almasb.fxgl.entity.components.CollidableComponent
16:45:11.887 [JavaFX Application Thread] WARN  Entity               - Entity already has component: com.almasb.fxgl.entity.components.CollidableComponent
16:45:12.207 [JavaFX Application Thread] WARN  Entity               - Entity already has component: com.almasb.fxgl.entity.components.CollidableComponent
16:45:12.304 [JavaFX Application Thread] WARN  Entity               - Entity already has component: com.almasb.fxgl.entity.components.CollidableComponent
16:45:12.418 [JavaFX Application Thread] WARN  Entity               - Entity already has component: com.almasb.fxgl.entity.components.CollidableComponent
16:45:12.626 [JavaFX Application Thread] WARN  Entity               - Entity already has component: com.almasb.fxgl.entity.components.CollidableComponent
16:45:12.642 [JavaFX Application Thread] WARN  Entity               - Entity already has component: com.almasb.fxgl.entity.components.CollidableComponent
16:45:12.811 [JavaFX Application Thread] WARN  Entity               - Entity already has component: com.almasb.fxgl.entity.components.CollidableComponent
16:45:12.860 [JavaFX Application Thread] WARN  Entity               - Entity already has component: com.almasb.fxgl.entity.components.CollidableComponent
16:45:13.117 [JavaFX Application Thread] WARN  Entity               - Entity already has component: com.almasb.fxgl.entity.components.CollidableComponent
16:45:13.314 [JavaFX Application Thread] WARN  Entity               - Entity already has component: com.almasb.fxgl.entity.components.CollidableComponent
16:45:13.522 [JavaFX Application Thread] WARN  Entity               - Entity already has component: com.almasb.fxgl.entity.components.CollidableComponent
16:45:14.338 [JavaFX Application Thread] WARN  Entity               - Entity already has component: com.almasb.fxgl.entity.components.CollidableComponent
16:45:14.506 [JavaFX Application Thread] WARN  Entity               - Entity already has component: com.almasb.fxgl.entity.components.CollidableComponent
16:45:14.527 [JavaFX Application Thread] WARN  Entity               - Entity already has component: com.almasb.fxgl.entity.components.CollidableComponent
16:45:14.652 [JavaFX Application Thread] WARN  Entity               - Entity already has component: com.almasb.fxgl.entity.components.CollidableComponent
16:45:14.737 [JavaFX Application Thread] WARN  Entity               - Entity already has component: com.almasb.fxgl.entity.components.CollidableComponent
16:45:14.850 [JavaFX Application Thread] WARN  Entity               - Entity already has component: com.almasb.fxgl.entity.components.CollidableComponent
16:45:14.992 [JavaFX Application Thread] WARN  Entity               - Entity already has component: com.almasb.fxgl.entity.components.CollidableComponent
16:45:15.810 [JavaFX Application Thread] WARN  Entity               - Entity already has component: com.almasb.fxgl.entity.components.CollidableComponent
16:45:16.817 [JavaFX Application Thread] WARN  Entity               - Entity already has component: com.almasb.fxgl.entity.components.CollidableComponent
16:45:17.203 [JavaFX Application Thread] DEBUG PrimaryStageWindow   - Push state: DialogSubScene
16:45:17.204 [JavaFX Application Thread] DEBUG Input                - Clearing active input actions
16:45:17.205 [JavaFX Application Thread] DEBUG GameApplicationServi - Removing overlay from GameScene and adding to DialogSubScene
16:45:17.206 [JavaFX Application Thread] DEBUG PrimaryStageWindow   - GameScene -> DialogSubScene
16:45:20.227 [JavaFX Application Thread] DEBUG PrimaryStageWindow   - Pop state: DialogSubScene
16:45:20.227 [JavaFX Application Thread] DEBUG Input                - Clearing active input actions
16:45:20.227 [JavaFX Application Thread] DEBUG GameApplicationServi - Removing overlay from DialogSubScene and adding to GameScene
16:45:20.228 [JavaFX Application Thread] DEBUG PrimaryStageWindow   - GameScene <- DialogSubScene
16:45:20.228 [JavaFX Application Thread] DEBUG GameApplicationServi - Starting new game
16:45:20.228 [JavaFX Application Thread] DEBUG Input                - Clearing active input actions
16:45:20.236 [JavaFX Application Thread] DEBUG GameApplicationServi - Removing overlay from GameScene and adding to FXGLLoadingScene
16:45:20.236 [JavaFX Application Thread] DEBUG PrimaryStageWindow   - GameScene -> FXGLLoadingScene
16:45:20.236 [JavaFX Application Thread] DEBUG GameApplicationServi - Clearing previous game
16:45:20.236 [JavaFX Application Thread] DEBUG GameScene            - Clearing game scene
16:45:20.237 [JavaFX Application Thread] DEBUG GameWorld            - Clearing game world
16:45:20.239 [JavaFX Application Thread] DEBUG PhysicsWorld         - Clearing physics world
16:45:20.241 [FXGL Background Thread 2 ] DEBUG FXGLApplication      - Initializing game
16:45:20.243 [FXGL Background Thread 2 ] INFO  FXGLApplication      - Game initialization took: 0,002 sec
16:45:20.248 [JavaFX Application Thread] DEBUG Input                - Clearing active input actions
16:45:20.252 [JavaFX Application Thread] DEBUG GameApplicationServi - Removing overlay from FXGLLoadingScene and adding to GameScene
16:45:20.252 [JavaFX Application Thread] DEBUG PrimaryStageWindow   - FXGLLoadingScene -> GameScene
16:45:21.955 [JavaFX Application Thread] WARN  Entity               - Entity already has component: com.almasb.fxgl.entity.components.CollidableComponent
16:45:25.888 [JavaFX Application Thread] WARN  Entity               - Entity already has component: com.almasb.fxgl.entity.components.CollidableComponent
16:45:30.402 [JavaFX Application Thread] WARN  Entity               - Entity already has component: com.almasb.fxgl.entity.components.CollidableComponent
16:45:31.010 [JavaFX Application Thread] WARN  Entity               - Entity already has component: com.almasb.fxgl.entity.components.CollidableComponent
16:45:34.801 [JavaFX Application Thread] DEBUG FXGLApplication      - Exiting FXGL
16:45:34.802 [JavaFX Application Thread] DEBUG LoopRunner           - Stopping loop
16:45:34.802 [JavaFX Application Thread] DEBUG SystemBundleService  - Saving FXGL system data
16:45:34.803 [JavaFX Application Thread] DEBUG FileSystemAccess     - Writing to: C:\Users\Hao\Documents\DAM 2 PRO\GameFX\system\fxgl.bundle
16:45:34.804 [JavaFX Application Thread] DEBUG Async                - Shutting down background threads
16:45:34.804 [JavaFX Application Thread] DEBUG PrimaryStageWindow   - Closing main window
16:45:34.813 [JavaFX Application Thread] DEBUG Logger               - Closing Logger
