22:15:04.791 [main                     ] DEBUG Logger               - Configured Logger
22:15:04.794 [main                     ] DEBUG GameApplication      - Logging settings
Title: Dead Space but Family Friendly
Version: 0.1
Width: 1200
Height: 700
Fullscreen: true
Intro: false
Profiling: false
Single step:false
App Mode: DEVELOPER
Menu Key: ESCAPE
Stage Style: DECORATED
Scene Factory: class com.almasb.fxgl.app.scene.SceneFactory

22:15:05.128 [JavaFX Application Thread] DEBUG FXGLApplication      - Initializing FXGL
22:15:05.130 [JavaFX Application Thread] INFO  Engine               - FXGL-11.16 (25.05.2021 08.16) on WINDOWS (J:18.0.2.1 FX:16)
22:15:05.130 [JavaFX Application Thread] DEBUG Engine               - JRE Vendor Name: Oracle Corporation
22:15:05.130 [JavaFX Application Thread] DEBUG Engine               - Running on OS: Windows 10 version 10.0
22:15:05.130 [JavaFX Application Thread] DEBUG Engine               - Architecture: amd64
22:15:05.130 [JavaFX Application Thread] INFO  Engine               - Source code and latest versions at: https://github.com/AlmasB/FXGL
22:15:05.131 [JavaFX Application Thread] INFO  Engine               -              Join the FXGL chat at: https://gitter.im/AlmasB/FXGL
22:15:05.212 [JavaFX Application Thread] DEBUG PrimaryStageWindow   - Creating a JavaFX scene
22:15:05.250 [JavaFX Application Thread] DEBUG PrimaryStageWindow   - Target settings size: 1200.0 x 700.0
22:15:05.250 [JavaFX Application Thread] DEBUG PrimaryStageWindow   - Scaled scene size:    1200.0 x 700.0
22:15:05.250 [JavaFX Application Thread] DEBUG PrimaryStageWindow   - Scaled ratio: (1.0, 1.0)
22:15:05.251 [JavaFX Application Thread] DEBUG PrimaryStageWindow   - Set initial scene to FXGLStartupScene
22:15:05.257 [JavaFX Application Thread] DEBUG PrimaryStageWindow   - Opening main window
22:15:05.319 [JavaFX Application Thread] DEBUG PrimaryStageWindow   - Window border size: (14.4000244140625, 37.5999755859375)
22:15:05.319 [JavaFX Application Thread] DEBUG PrimaryStageWindow   - Scaled size: 1200.0 x 700.0
22:15:05.319 [JavaFX Application Thread] DEBUG PrimaryStageWindow   - Scaled ratio: (1.0, 1.0)
22:15:05.320 [JavaFX Application Thread] DEBUG PrimaryStageWindow   - Scene size: 1200.0 x 700.0
22:15:05.320 [JavaFX Application Thread] DEBUG PrimaryStageWindow   - Stage size: 1214.4000244140625 x 737.5999755859375
22:15:05.328 [FXGL Background Thread 1 ] DEBUG Engine               - Initializing environment variables
22:15:05.396 [FXGL Background Thread 1 ] DEBUG FXGLAssetLoaderServi - User app class for loading assets: class com.example.gamefx.MainGame
22:15:05.396 [FXGL Background Thread 1 ] DEBUG GameApplicationServi - Applying CSS: fxgl_dark.css
22:15:05.397 [FXGL Background Thread 1 ] DEBUG FXGLAssetLoaderServi - Loading from file system: jar:file:/C:/Users/Hao/.m2/repository/com/github/almasb/fxgl/11.16/fxgl-11.16.jar!/fxglassets/ui/css/fxgl_dark.css
22:15:05.451 [FXGL Background Thread 1 ] DEBUG GameApplicationServi - Initializing application scenes
22:15:05.526 [FXGL Background Thread 1 ] DEBUG GameWorld            - Game world initialized
22:15:05.574 [FXGL Background Thread 1 ] DEBUG PhysicsWorld         - Physics world initialized: appHeight=700, physics.ppm=50,0
22:15:05.575 [FXGL Background Thread 1 ] DEBUG PhysicsWorld         - Using strategy: BRUTE_FORCE
22:15:05.578 [FXGL Background Thread 1 ] DEBUG GameScene            - Game scene initialized: 1200x700
22:15:05.588 [FXGL Background Thread 1 ] DEBUG FXGL.DefaultMenu     - createMenuBodyGameMenu()
22:15:05.600 [FXGL Background Thread 1 ] DEBUG FXGL.DefaultMenu     - createOptionsMenu()
22:15:05.608 [FXGL Background Thread 1 ] DEBUG FXGLAssetLoaderServi - Loading from file system: jar:file:/C:/Users/Hao/.m2/repository/com/github/almasb/fxgl/11.16/fxgl-11.16.jar!/fxglassets/textures/particles/smoke.png
22:15:05.715 [FXGL Background Thread 1 ] DEBUG FXGLAssetLoaderServi - Loading from file system: jar:file:/C:/Users/Hao/.m2/repository/com/github/almasb/fxgl/11.16/fxgl-11.16.jar!/fxglassets/textures/particles/trace_horizontal.png
22:15:05.741 [FXGL Background Thread 1 ] DEBUG GameApplicationServi - Application scenes initialized
22:15:05.753 [FXGL Background Thread 1 ] DEBUG SystemBundleService  - Loading FXGL system data
22:15:05.756 [FXGL Background Thread 1 ] DEBUG FileSystemAccess     - Reading from: C:\Users\Hao\Documents\DAM 2 PRO\GameFX\system\fxgl.bundle
22:15:05.765 [FXGL Background Thread 1 ] DEBUG SystemBundleService  - Bundle FXGL: {}
22:15:05.765 [FXGL Background Thread 1 ] DEBUG UpdaterService       - Checking for updates
22:15:05.769 [FXGL Background Thread 1 ] DEBUG FXGLApplication      - Loading default localization
22:15:05.770 [FXGL Background Thread 1 ] DEBUG FXGLAssetLoaderServi - Loading from file system: jar:file:/C:/Users/Hao/.m2/repository/com/github/almasb/fxgl/11.16/fxgl-11.16.jar!/fxglassets/languages/english.lang
22:15:05.772 [FXGL Background Thread 4 ] DEBUG FXGLApplication      - Loading fonts
22:15:05.772 [FXGL Background Thread 4 ] DEBUG FXGLAssetLoaderServi - Loading from file system: jar:file:/C:/Users/Hao/.m2/repository/com/github/almasb/fxgl/11.16/fxgl-11.16.jar!/fxglassets/ui/fonts/VarelaRound-Regular.ttf
22:15:05.792 [FXGL Background Thread 1 ] INFO  FXGLApplication      - FXGL initialization took: 0,464 sec
22:15:05.800 [JavaFX Application Thread] DEBUG Input                - Registered new binding: left - Left
22:15:05.801 [JavaFX Application Thread] DEBUG Input                - Registered new binding: right - Right
22:15:05.801 [JavaFX Application Thread] DEBUG Input                - Registered new binding: up - Up
22:15:05.802 [JavaFX Application Thread] DEBUG Input                - Registered new binding: down - Down
22:15:05.803 [JavaFX Application Thread] DEBUG Input                - Registered new binding: Bullet - Space
22:15:05.803 [JavaFX Application Thread] DEBUG FXGLAssetLoaderServi - Loading from file system: jar:file:/C:/Users/Hao/.m2/repository/com/github/almasb/fxgl/11.16/fxgl-11.16.jar!/fxglassets/textures/fxgl_icon.png
22:15:05.825 [JavaFX Application Thread] DEBUG FXGLAssetLoaderServi - Loading from file system: jar:file:/C:/Users/Hao/.m2/repository/com/github/almasb/fxgl/11.16/fxgl-11.16.jar!/fxglassets/textures/fxgl_default_cursor.png
22:15:05.835 [JavaFX Application Thread] DEBUG Input                - Registered new binding: Screenshot - CTRL+8
22:15:05.844 [JavaFX Application Thread] DEBUG Input                - Registered new binding: System info dump - CTRL+9
22:15:05.845 [JavaFX Application Thread] DEBUG Input                - Registered new binding: Restart - CTRL+R
22:15:05.845 [JavaFX Application Thread] DEBUG Input                - Registered new binding: Toggle Debug Camera - CTRL+C
22:15:05.848 [JavaFX Application Thread] DEBUG LoopRunner           - Starting loop
22:15:05.848 [JavaFX Application Thread] DEBUG LoopRunner           - Initializing JavaFX AnimationTimerLoop
22:15:05.849 [JavaFX Application Thread] DEBUG GameApplicationServi - Starting new game
22:15:05.850 [JavaFX Application Thread] DEBUG Input                - Clearing active input actions
22:15:05.898 [JavaFX Application Thread] DEBUG GameApplicationServi - Removing overlay from FXGLStartupScene and adding to FXGLLoadingScene
22:15:05.898 [JavaFX Application Thread] DEBUG PrimaryStageWindow   - FXGLStartupScene -> FXGLLoadingScene
22:15:05.898 [JavaFX Application Thread] DEBUG GameApplicationServi - Clearing previous game
22:15:05.899 [JavaFX Application Thread] DEBUG GameScene            - Clearing game scene
22:15:05.899 [JavaFX Application Thread] DEBUG GameWorld            - Clearing game world
22:15:05.899 [JavaFX Application Thread] DEBUG PhysicsWorld         - Clearing physics world
22:15:05.902 [FXGL Background Thread 1 ] DEBUG FXGLApplication      - Initializing game
22:15:05.916 [FXGL Background Thread 1 ] DEBUG FXGLAssetLoaderServi - Loading from file system: file:/C:/Users/Hao/Documents/DAM%202%20PRO/GameFX/target/classes/assets/textures/space.jpg
22:15:06.140 [FXGL Background Thread 1 ] DEBUG FXGLAssetLoaderServi - Loading from file system: file:/C:/Users/Hao/Documents/DAM%202%20PRO/GameFX/target/classes/assets/textures/center.png
22:15:06.226 [FXGL Background Thread 1 ] DEBUG FXGLAssetLoaderServi - Loading from file system: file:/C:/Users/Hao/Documents/DAM%202%20PRO/GameFX/target/classes/assets/textures/enterprise.png
22:15:06.243 [FXGL Background Thread 1 ] INFO  FXGLApplication      - Game initialization took: 0,340 sec
22:15:06.244 [JavaFX Application Thread] DEBUG Input                - Clearing active input actions
22:15:06.254 [JavaFX Application Thread] DEBUG GameApplicationServi - Removing overlay from FXGLLoadingScene and adding to GameScene
22:15:06.254 [JavaFX Application Thread] DEBUG PrimaryStageWindow   - FXGLLoadingScene -> GameScene
22:15:06.263 [JavaFX Application Thread] DEBUG FXGLAssetLoaderServi - Loading from file system: file:/C:/Users/Hao/Documents/DAM%202%20PRO/GameFX/target/classes/assets/textures/enemies.png
22:15:06.422 [FXGL Background Thread 4 ] DEBUG FXGLAssetLoaderServi - Loading from file system: jar:file:/C:/Users/Hao/.m2/repository/com/github/almasb/fxgl/11.16/fxgl-11.16.jar!/fxglassets/ui/fonts/Abel-Regular.ttf
22:15:06.428 [FXGL Background Thread 4 ] DEBUG FXGLAssetLoaderServi - Loading from file system: jar:file:/C:/Users/Hao/.m2/repository/com/github/almasb/fxgl/11.16/fxgl-11.16.jar!/fxglassets/ui/fonts/lucida_console.ttf
22:15:06.434 [FXGL Background Thread 4 ] DEBUG FXGLAssetLoaderServi - Loading from file system: jar:file:/C:/Users/Hao/.m2/repository/com/github/almasb/fxgl/11.16/fxgl-11.16.jar!/fxglassets/ui/fonts/Courier-Prime.ttf
22:15:06.440 [JavaFX Application Thread] DEBUG FXGLApplication      - Registering font factories with UI factory
22:15:06.734 [FXGL Background Thread 2 ] INFO  UpdaterService       - Your current version:  11.16
22:15:06.734 [FXGL Background Thread 2 ] INFO  UpdaterService       - Latest stable version: 17.2
22:15:06.779 [JavaFX Application Thread] DEBUG FXGLAssetLoaderServi - Loading from file system: file:/C:/Users/Hao/Documents/DAM%202%20PRO/GameFX/target/classes/assets/textures/laserred1.png
22:15:07.803 [JavaFX Application Thread] DEBUG FXGLAssetLoaderServi - Loading from file system: file:/C:/Users/Hao/Documents/DAM%202%20PRO/GameFX/target/classes/assets/textures/pill_green.png
22:15:07.824 [JavaFX Application Thread] WARN  Entity               - Entity already has component: com.almasb.fxgl.entity.components.CollidableComponent
22:15:08.769 [FXGL Background Thread 3 ] DEBUG Engine               - Logging environment variables
22:15:08.770 [FXGL Background Thread 3 ] DEBUG Engine               - achievements: []
22:15:08.771 [FXGL Background Thread 3 ] DEBUG Engine               - actualHeight: 700.0
22:15:08.772 [FXGL Background Thread 3 ] DEBUG Engine               - actualHeightProperty: ReadOnlyDoubleProperty [value: 700.0]
22:15:08.773 [FXGL Background Thread 3 ] DEBUG Engine               - actualWidth: 1200.0
22:15:08.774 [FXGL Background Thread 3 ] DEBUG Engine               - actualWidthProperty: ReadOnlyDoubleProperty [value: 1200.0]
22:15:08.774 [FXGL Background Thread 3 ] DEBUG Engine               - appIcon: fxgl_icon.png
22:15:08.775 [FXGL Background Thread 3 ] DEBUG Engine               - applicationMode: DEVELOPER
22:15:08.775 [FXGL Background Thread 3 ] DEBUG Engine               - cSSList: [fxgl_dark.css]
22:15:08.776 [FXGL Background Thread 3 ] DEBUG Engine               - collisionDetectionStrategy: BRUTE_FORCE
22:15:08.776 [FXGL Background Thread 3 ] DEBUG Engine               - configClass: Optional.empty
22:15:08.777 [FXGL Background Thread 3 ] DEBUG Engine               - credits: []
22:15:08.777 [FXGL Background Thread 3 ] DEBUG Engine               - defaultCursor: CursorInfo(imageName=fxgl_default_cursor.png, hotspotX=7.0, hotspotY=6.0)
22:15:08.779 [FXGL Background Thread 3 ] DEBUG Engine               - devBBoxColorProperty: ObjectProperty [value: 0xff0000ff]
22:15:08.779 [FXGL Background Thread 3 ] DEBUG Engine               - devEnableDebugCameraProperty: BooleanProperty [value: false]
22:15:08.780 [FXGL Background Thread 3 ] DEBUG Engine               - devSensorColorProperty: ObjectProperty [value: 0xffff00ff]
22:15:08.780 [FXGL Background Thread 3 ] DEBUG Engine               - devShowBBoxProperty: BooleanProperty [value: false]
22:15:08.781 [FXGL Background Thread 3 ] DEBUG Engine               - devShowPositionProperty: BooleanProperty [value: false]
22:15:08.781 [FXGL Background Thread 3 ] DEBUG Engine               - enabledMenuItems: []
22:15:08.781 [FXGL Background Thread 3 ] DEBUG Engine               - engineServices: [class com.almasb.fxgl.app.services.FXGLAssetLoaderService, class com.almasb.fxgl.app.FXGLApplication$GameApplicationService, class com.almasb.fxgl.app.services.FXGLDialogService, class com.almasb.fxgl.app.services.IOTaskExecutorService, class com.almasb.fxgl.io.FileSystemService, class com.almasb.fxgl.localization.LocalizationService, class com.almasb.fxgl.app.services.SystemBundleService, class com.almasb.fxgl.profile.SaveLoadService, class com.almasb.fxgl.ui.FXGLUIFactoryServiceProvider, class com.almasb.fxgl.ui.FXGLDialogFactoryServiceProvider, class com.almasb.fxgl.audio.AudioPlayer, class com.almasb.fxgl.notification.impl.NotificationServiceProvider, class com.almasb.fxgl.achievement.AchievementService, class com.almasb.fxgl.cutscene.CutsceneService, class com.almasb.fxgl.minigames.MiniGameService, class com.almasb.fxgl.net.NetService, class com.almasb.fxgl.app.services.UpdaterService, class com.almasb.fxgl.dev.DevService]
22:15:08.782 [FXGL Background Thread 3 ] DEBUG Engine               - fontGame: Abel-Regular.ttf
22:15:08.782 [FXGL Background Thread 3 ] DEBUG Engine               - fontMono: lucida_console.ttf
22:15:08.783 [FXGL Background Thread 3 ] DEBUG Engine               - fontText: Courier-Prime.ttf
22:15:08.783 [FXGL Background Thread 3 ] DEBUG Engine               - fontUI: VarelaRound-Regular.ttf
22:15:08.783 [FXGL Background Thread 3 ] DEBUG Engine               - fullScreen: BooleanProperty [value: false]
22:15:08.784 [FXGL Background Thread 3 ] DEBUG Engine               - gameDifficulty: MEDIUM
22:15:08.784 [FXGL Background Thread 3 ] DEBUG Engine               - gameDifficultyProperty: ObjectProperty [value: MEDIUM]
22:15:08.784 [FXGL Background Thread 3 ] DEBUG Engine               - globalMusicVolume: 0.5
22:15:08.786 [FXGL Background Thread 3 ] DEBUG Engine               - globalMusicVolumeProperty: DoubleProperty [value: 0.5]
22:15:08.787 [FXGL Background Thread 3 ] DEBUG Engine               - globalSoundVolume: 0.5
22:15:08.787 [FXGL Background Thread 3 ] DEBUG Engine               - globalSoundVolumeProperty: DoubleProperty [value: 0.5]
22:15:08.787 [FXGL Background Thread 3 ] DEBUG Engine               - height: 700
22:15:08.788 [FXGL Background Thread 3 ] DEBUG Engine               - is3D: false
22:15:08.788 [FXGL Background Thread 3 ] DEBUG Engine               - isAndroid: false
22:15:08.788 [FXGL Background Thread 3 ] DEBUG Engine               - isBrowser: false
22:15:08.789 [FXGL Background Thread 3 ] DEBUG Engine               - isClickFeedbackEnabled: false
22:15:08.789 [FXGL Background Thread 3 ] DEBUG Engine               - isCloseConfirmation: false
22:15:08.789 [FXGL Background Thread 3 ] DEBUG Engine               - isDesktop: true
22:15:08.790 [FXGL Background Thread 3 ] DEBUG Engine               - isDeveloperMenuEnabled: false
22:15:08.790 [FXGL Background Thread 3 ] DEBUG Engine               - isEntityPreloadEnabled: true
22:15:08.791 [FXGL Background Thread 3 ] DEBUG Engine               - isExperimentalTiledLargeMap: false
22:15:08.791 [FXGL Background Thread 3 ] DEBUG Engine               - isFileSystemWriteAllowed: true
22:15:08.792 [FXGL Background Thread 3 ] DEBUG Engine               - isFullScreenAllowed: true
22:15:08.792 [FXGL Background Thread 3 ] DEBUG Engine               - isFullScreenFromStart: false
22:15:08.793 [FXGL Background Thread 3 ] DEBUG Engine               - isGameMenuEnabled: true
22:15:08.793 [FXGL Background Thread 3 ] DEBUG Engine               - isIOS: false
22:15:08.794 [FXGL Background Thread 3 ] DEBUG Engine               - isIntroEnabled: false
22:15:08.794 [FXGL Background Thread 3 ] DEBUG Engine               - isLinux: false
22:15:08.794 [FXGL Background Thread 3 ] DEBUG Engine               - isMac: false
22:15:08.795 [FXGL Background Thread 3 ] DEBUG Engine               - isMainMenuEnabled: false
22:15:08.795 [FXGL Background Thread 3 ] DEBUG Engine               - isManualResizeEnabled: false
22:15:08.795 [FXGL Background Thread 3 ] DEBUG Engine               - isMobile: false
22:15:08.796 [FXGL Background Thread 3 ] DEBUG Engine               - isNative: false
22:15:08.796 [FXGL Background Thread 3 ] DEBUG Engine               - isPreserveResizeRatio: false
22:15:08.796 [FXGL Background Thread 3 ] DEBUG Engine               - isProfilingEnabled: false
22:15:08.797 [FXGL Background Thread 3 ] DEBUG Engine               - isScaleAffectedOnResize: true
22:15:08.797 [FXGL Background Thread 3 ] DEBUG Engine               - isSingleStep: false
22:15:08.797 [FXGL Background Thread 3 ] DEBUG Engine               - isUserProfileEnabled: false
22:15:08.798 [FXGL Background Thread 3 ] DEBUG Engine               - isWindows: true
22:15:08.798 [FXGL Background Thread 3 ] DEBUG Engine               - language: ObjectProperty [value: ENGLISH]
22:15:08.798 [FXGL Background Thread 3 ] DEBUG Engine               - menuKey: ESCAPE
22:15:08.799 [FXGL Background Thread 3 ] DEBUG Engine               - mouseSensitivity: 0.2
22:15:08.799 [FXGL Background Thread 3 ] DEBUG Engine               - notificationViewClass: class com.almasb.fxgl.notification.view.XboxNotificationView
22:15:08.800 [FXGL Background Thread 3 ] DEBUG Engine               - pixelsPerMeter: 50.0
22:15:08.800 [FXGL Background Thread 3 ] DEBUG Engine               - platform: WINDOWS
22:15:08.800 [FXGL Background Thread 3 ] DEBUG Engine               - prefHeightProperty: ReadOnlyDoubleProperty [value: 700.0]
22:15:08.801 [FXGL Background Thread 3 ] DEBUG Engine               - prefWidthProperty: ReadOnlyDoubleProperty [value: 1200.0]
22:15:08.801 [FXGL Background Thread 3 ] DEBUG Engine               - profileDir: profiles/
22:15:08.801 [FXGL Background Thread 3 ] DEBUG Engine               - profileName: StringProperty [value: DEFAULT]
22:15:08.801 [FXGL Background Thread 3 ] DEBUG Engine               - randomSeed: -1
22:15:08.801 [FXGL Background Thread 3 ] DEBUG Engine               - runtimeInfo: RuntimeInfo(platform=WINDOWS, version=11.16, build=25.05.2021 08.16)
22:15:08.802 [FXGL Background Thread 3 ] DEBUG Engine               - saveFileExt: sav
22:15:08.802 [FXGL Background Thread 3 ] DEBUG Engine               - scaledHeightProp$fxgl: DoubleProperty [bound, value: 700.0]
22:15:08.802 [FXGL Background Thread 3 ] DEBUG Engine               - scaledWidthProp$fxgl: DoubleProperty [bound, value: 1200.0]
22:15:08.802 [FXGL Background Thread 3 ] DEBUG Engine               - sceneFactory: com.almasb.fxgl.app.scene.SceneFactory@4e2b8455
22:15:08.803 [FXGL Background Thread 3 ] DEBUG Engine               - secondsIn24h: 60
22:15:08.803 [FXGL Background Thread 3 ] DEBUG Engine               - soundMenuBack: menu/back.wav
22:15:08.803 [FXGL Background Thread 3 ] DEBUG Engine               - soundMenuPress: menu/press.wav
22:15:08.803 [FXGL Background Thread 3 ] DEBUG Engine               - soundMenuSelect: menu/select.wav
22:15:08.803 [FXGL Background Thread 3 ] DEBUG Engine               - soundNotification: core/notification.wav
22:15:08.803 [FXGL Background Thread 3 ] DEBUG Engine               - stageStyle: DECORATED
22:15:08.804 [FXGL Background Thread 3 ] DEBUG Engine               - supportedLanguages: [ENGLISH, FRENCH, GERMAN, HUNGARIAN, RUSSIAN]
22:15:08.804 [FXGL Background Thread 3 ] DEBUG Engine               - ticksPerSecond: -1
22:15:08.804 [FXGL Background Thread 3 ] DEBUG Engine               - title: Dead Space but Family Friendly
22:15:08.804 [FXGL Background Thread 3 ] DEBUG Engine               - urlGithub: https://github.com/AlmasB/FXGL
22:15:08.804 [FXGL Background Thread 3 ] DEBUG Engine               - urlLeaderboard: http://fxgl-top.herokuapp.com/
22:15:08.804 [FXGL Background Thread 3 ] DEBUG Engine               - urlPOM: https://raw.githubusercontent.com/AlmasB/FXGL/release/README.md
22:15:08.804 [FXGL Background Thread 3 ] DEBUG Engine               - userAppClass: class com.example.gamefx.MainGame
22:15:08.805 [FXGL Background Thread 3 ] DEBUG Engine               - version: 0.1
22:15:08.805 [FXGL Background Thread 3 ] DEBUG Engine               - versionCheckDays: 7
22:15:08.805 [FXGL Background Thread 3 ] DEBUG Engine               - width: 1200
22:15:08.805 [FXGL Background Thread 3 ] DEBUG Engine               - Logging services
22:15:08.805 [FXGL Background Thread 3 ] DEBUG Engine               - class com.almasb.fxgl.app.services.FXGLAssetLoaderService
22:15:08.806 [FXGL Background Thread 3 ] DEBUG Engine               - class com.almasb.fxgl.app.FXGLApplication$GameApplicationService
22:15:08.806 [FXGL Background Thread 3 ] DEBUG Engine               - class com.almasb.fxgl.app.services.FXGLDialogService
22:15:08.806 [FXGL Background Thread 3 ] DEBUG Engine               - class com.almasb.fxgl.app.services.IOTaskExecutorService
22:15:08.806 [FXGL Background Thread 3 ] DEBUG Engine               - class com.almasb.fxgl.io.FileSystemService
22:15:08.806 [FXGL Background Thread 3 ] DEBUG Engine               - class com.almasb.fxgl.localization.LocalizationService
22:15:08.806 [FXGL Background Thread 3 ] DEBUG Engine               - class com.almasb.fxgl.app.services.SystemBundleService
22:15:08.807 [FXGL Background Thread 3 ] DEBUG Engine               - class com.almasb.fxgl.profile.SaveLoadService
22:15:08.807 [FXGL Background Thread 3 ] DEBUG Engine               - class com.almasb.fxgl.ui.FXGLUIFactoryServiceProvider
22:15:08.807 [FXGL Background Thread 3 ] DEBUG Engine               - class com.almasb.fxgl.ui.FXGLDialogFactoryServiceProvider
22:15:08.807 [FXGL Background Thread 3 ] DEBUG Engine               - class com.almasb.fxgl.audio.AudioPlayer
22:15:08.807 [FXGL Background Thread 3 ] DEBUG Engine               - class com.almasb.fxgl.notification.impl.NotificationServiceProvider
22:15:08.807 [FXGL Background Thread 3 ] DEBUG Engine               - class com.almasb.fxgl.achievement.AchievementService
22:15:08.807 [FXGL Background Thread 3 ] DEBUG Engine               - class com.almasb.fxgl.cutscene.CutsceneService
22:15:08.808 [FXGL Background Thread 3 ] DEBUG Engine               - class com.almasb.fxgl.minigames.MiniGameService
22:15:08.808 [FXGL Background Thread 3 ] DEBUG Engine               - class com.almasb.fxgl.net.NetService
22:15:08.808 [FXGL Background Thread 3 ] DEBUG Engine               - class com.almasb.fxgl.app.services.UpdaterService
22:15:08.808 [FXGL Background Thread 3 ] DEBUG Engine               - class com.almasb.fxgl.dev.DevService
22:15:08.907 [JavaFX Application Thread] WARN  Entity               - Entity already has component: com.almasb.fxgl.entity.components.CollidableComponent
22:15:10.157 [JavaFX Application Thread] WARN  Entity               - Entity already has component: com.almasb.fxgl.entity.components.CollidableComponent
22:15:11.150 [JavaFX Application Thread] WARN  Entity               - Entity already has component: com.almasb.fxgl.entity.components.CollidableComponent
22:15:11.408 [JavaFX Application Thread] DEBUG FXGLAssetLoaderServi - Loading from file system: file:/C:/Users/Hao/Documents/DAM%202%20PRO/GameFX/target/classes/assets/textures/laserRed02.png
22:15:13.426 [JavaFX Application Thread] WARN  Entity               - Entity already has component: com.almasb.fxgl.entity.components.CollidableComponent
22:15:13.629 [JavaFX Application Thread] WARN  Entity               - Entity already has component: com.almasb.fxgl.entity.components.CollidableComponent
22:15:13.716 [JavaFX Application Thread] WARN  Entity               - Entity already has component: com.almasb.fxgl.entity.components.CollidableComponent
22:15:14.174 [JavaFX Application Thread] DEBUG FXGLAssetLoaderServi - Loading from file system: file:/C:/Users/Hao/Documents/DAM%202%20PRO/GameFX/target/classes/assets/textures/laserRed04.png
22:15:16.578 [JavaFX Application Thread] WARN  Entity               - Entity already has component: com.almasb.fxgl.entity.components.CollidableComponent
22:15:16.706 [JavaFX Application Thread] WARN  Entity               - Entity already has component: com.almasb.fxgl.entity.components.CollidableComponent
22:15:17.521 [JavaFX Application Thread] WARN  Entity               - Entity already has component: com.almasb.fxgl.entity.components.CollidableComponent
22:15:18.020 [JavaFX Application Thread] WARN  Entity               - Entity already has component: com.almasb.fxgl.entity.components.CollidableComponent
22:15:18.272 [JavaFX Application Thread] WARN  Entity               - Entity already has component: com.almasb.fxgl.entity.components.CollidableComponent
22:15:20.513 [JavaFX Application Thread] WARN  Entity               - Entity already has component: com.almasb.fxgl.entity.components.CollidableComponent
22:15:21.161 [JavaFX Application Thread] WARN  Entity               - Entity already has component: com.almasb.fxgl.entity.components.CollidableComponent
22:15:22.067 [JavaFX Application Thread] WARN  Entity               - Entity already has component: com.almasb.fxgl.entity.components.CollidableComponent
22:15:23.280 [JavaFX Application Thread] WARN  Entity               - Entity already has component: com.almasb.fxgl.entity.components.CollidableComponent
22:15:23.426 [JavaFX Application Thread] WARN  Entity               - Entity already has component: com.almasb.fxgl.entity.components.CollidableComponent
22:15:24.660 [JavaFX Application Thread] WARN  Entity               - Entity already has component: com.almasb.fxgl.entity.components.CollidableComponent
22:15:24.752 [JavaFX Application Thread] WARN  Entity               - Entity already has component: com.almasb.fxgl.entity.components.CollidableComponent
22:15:25.521 [JavaFX Application Thread] WARN  Entity               - Entity already has component: com.almasb.fxgl.entity.components.CollidableComponent
22:15:28.545 [JavaFX Application Thread] DEBUG PrimaryStageWindow   - Push state: DialogSubScene
22:15:28.545 [JavaFX Application Thread] DEBUG Input                - Clearing active input actions
22:15:28.551 [JavaFX Application Thread] DEBUG GameApplicationServi - Removing overlay from GameScene and adding to DialogSubScene
22:15:28.551 [JavaFX Application Thread] DEBUG PrimaryStageWindow   - GameScene -> DialogSubScene
22:15:31.007 [JavaFX Application Thread] DEBUG PrimaryStageWindow   - Pop state: DialogSubScene
22:15:31.007 [JavaFX Application Thread] DEBUG Input                - Clearing active input actions
22:15:31.009 [JavaFX Application Thread] DEBUG GameApplicationServi - Removing overlay from DialogSubScene and adding to GameScene
22:15:31.009 [JavaFX Application Thread] DEBUG PrimaryStageWindow   - GameScene <- DialogSubScene
22:15:31.010 [JavaFX Application Thread] DEBUG GameApplicationServi - Starting new game
22:15:31.010 [JavaFX Application Thread] DEBUG Input                - Clearing active input actions
22:15:31.039 [JavaFX Application Thread] DEBUG GameApplicationServi - Removing overlay from GameScene and adding to FXGLLoadingScene
22:15:31.040 [JavaFX Application Thread] DEBUG PrimaryStageWindow   - GameScene -> FXGLLoadingScene
22:15:31.040 [JavaFX Application Thread] DEBUG GameApplicationServi - Clearing previous game
22:15:31.041 [JavaFX Application Thread] DEBUG GameScene            - Clearing game scene
22:15:31.041 [JavaFX Application Thread] DEBUG GameWorld            - Clearing game world
22:15:31.045 [JavaFX Application Thread] DEBUG PhysicsWorld         - Clearing physics world
22:15:31.048 [FXGL Background Thread 2 ] DEBUG FXGLApplication      - Initializing game
22:15:31.059 [FXGL Background Thread 2 ] INFO  FXGLApplication      - Game initialization took: 0,010 sec
22:15:31.068 [JavaFX Application Thread] DEBUG Input                - Clearing active input actions
22:15:31.078 [JavaFX Application Thread] DEBUG GameApplicationServi - Removing overlay from FXGLLoadingScene and adding to GameScene
22:15:31.078 [JavaFX Application Thread] DEBUG PrimaryStageWindow   - FXGLLoadingScene -> GameScene
22:15:32.945 [JavaFX Application Thread] WARN  Entity               - Entity already has component: com.almasb.fxgl.entity.components.CollidableComponent
22:15:33.290 [JavaFX Application Thread] WARN  Entity               - Entity already has component: com.almasb.fxgl.entity.components.CollidableComponent
22:15:33.869 [JavaFX Application Thread] WARN  Entity               - Entity already has component: com.almasb.fxgl.entity.components.CollidableComponent
22:15:34.449 [JavaFX Application Thread] WARN  Entity               - Entity already has component: com.almasb.fxgl.entity.components.CollidableComponent
22:15:36.562 [JavaFX Application Thread] WARN  Entity               - Entity already has component: com.almasb.fxgl.entity.components.CollidableComponent
22:15:37.699 [JavaFX Application Thread] WARN  Entity               - Entity already has component: com.almasb.fxgl.entity.components.CollidableComponent
22:15:38.121 [JavaFX Application Thread] WARN  Entity               - Entity already has component: com.almasb.fxgl.entity.components.CollidableComponent
22:15:41.770 [JavaFX Application Thread] WARN  Entity               - Entity already has component: com.almasb.fxgl.entity.components.CollidableComponent
22:15:43.858 [JavaFX Application Thread] WARN  Entity               - Entity already has component: com.almasb.fxgl.entity.components.CollidableComponent
22:15:44.242 [JavaFX Application Thread] WARN  Entity               - Entity already has component: com.almasb.fxgl.entity.components.CollidableComponent
22:15:44.430 [JavaFX Application Thread] WARN  Entity               - Entity already has component: com.almasb.fxgl.entity.components.CollidableComponent
22:15:45.267 [JavaFX Application Thread] WARN  Entity               - Entity already has component: com.almasb.fxgl.entity.components.CollidableComponent
22:15:46.474 [JavaFX Application Thread] WARN  Entity               - Entity already has component: com.almasb.fxgl.entity.components.CollidableComponent
22:15:47.266 [JavaFX Application Thread] WARN  Entity               - Entity already has component: com.almasb.fxgl.entity.components.CollidableComponent
22:15:48.744 [JavaFX Application Thread] WARN  Entity               - Entity already has component: com.almasb.fxgl.entity.components.CollidableComponent
22:15:48.754 [JavaFX Application Thread] WARN  Entity               - Entity already has component: com.almasb.fxgl.entity.components.CollidableComponent
22:15:48.769 [JavaFX Application Thread] WARN  Entity               - Entity already has component: com.almasb.fxgl.entity.components.CollidableComponent
22:15:49.297 [JavaFX Application Thread] WARN  Entity               - Entity already has component: com.almasb.fxgl.entity.components.CollidableComponent
22:15:49.388 [JavaFX Application Thread] WARN  Entity               - Entity already has component: com.almasb.fxgl.entity.components.CollidableComponent
22:15:49.682 [JavaFX Application Thread] WARN  Entity               - Entity already has component: com.almasb.fxgl.entity.components.CollidableComponent
22:15:49.858 [JavaFX Application Thread] WARN  Entity               - Entity already has component: com.almasb.fxgl.entity.components.CollidableComponent
22:15:56.089 [JavaFX Application Thread] DEBUG PrimaryStageWindow   - Push state: DialogSubScene
22:15:56.089 [JavaFX Application Thread] DEBUG Input                - Clearing active input actions
22:15:56.094 [JavaFX Application Thread] DEBUG GameApplicationServi - Removing overlay from GameScene and adding to DialogSubScene
22:15:56.095 [JavaFX Application Thread] DEBUG PrimaryStageWindow   - GameScene -> DialogSubScene
22:15:58.354 [JavaFX Application Thread] DEBUG PrimaryStageWindow   - Pop state: DialogSubScene
22:15:58.356 [JavaFX Application Thread] DEBUG Input                - Clearing active input actions
22:15:58.357 [JavaFX Application Thread] DEBUG GameApplicationServi - Removing overlay from DialogSubScene and adding to GameScene
22:15:58.357 [JavaFX Application Thread] DEBUG PrimaryStageWindow   - GameScene <- DialogSubScene
22:15:58.357 [JavaFX Application Thread] DEBUG GameApplicationServi - Starting new game
22:15:58.358 [JavaFX Application Thread] DEBUG Input                - Clearing active input actions
22:15:58.368 [JavaFX Application Thread] DEBUG GameApplicationServi - Removing overlay from GameScene and adding to FXGLLoadingScene
22:15:58.368 [JavaFX Application Thread] DEBUG PrimaryStageWindow   - GameScene -> FXGLLoadingScene
22:15:58.368 [JavaFX Application Thread] DEBUG GameApplicationServi - Clearing previous game
22:15:58.368 [JavaFX Application Thread] DEBUG GameScene            - Clearing game scene
22:15:58.368 [JavaFX Application Thread] DEBUG GameWorld            - Clearing game world
22:15:58.368 [JavaFX Application Thread] DEBUG PhysicsWorld         - Clearing physics world
22:15:58.369 [FXGL Background Thread 2 ] DEBUG FXGLApplication      - Initializing game
22:15:58.381 [FXGL Background Thread 2 ] INFO  FXGLApplication      - Game initialization took: 0,011 sec
22:15:58.392 [JavaFX Application Thread] DEBUG Input                - Clearing active input actions
22:15:58.410 [JavaFX Application Thread] DEBUG GameApplicationServi - Removing overlay from FXGLLoadingScene and adding to GameScene
22:15:58.410 [JavaFX Application Thread] DEBUG PrimaryStageWindow   - FXGLLoadingScene -> GameScene
22:15:59.232 [JavaFX Application Thread] WARN  Entity               - Entity already has component: com.almasb.fxgl.entity.components.CollidableComponent
22:16:00.006 [JavaFX Application Thread] WARN  Entity               - Entity already has component: com.almasb.fxgl.entity.components.CollidableComponent
22:16:01.989 [JavaFX Application Thread] WARN  Entity               - Entity already has component: com.almasb.fxgl.entity.components.CollidableComponent
22:16:02.626 [JavaFX Application Thread] WARN  Entity               - Entity already has component: com.almasb.fxgl.entity.components.CollidableComponent
22:16:02.777 [JavaFX Application Thread] WARN  Entity               - Entity already has component: com.almasb.fxgl.entity.components.CollidableComponent
22:16:02.783 [JavaFX Application Thread] WARN  Entity               - Entity already has component: com.almasb.fxgl.entity.components.CollidableComponent
22:16:02.813 [JavaFX Application Thread] WARN  Entity               - Entity already has component: com.almasb.fxgl.entity.components.CollidableComponent
22:16:02.934 [JavaFX Application Thread] WARN  Entity               - Entity already has component: com.almasb.fxgl.entity.components.CollidableComponent
22:16:04.394 [JavaFX Application Thread] WARN  Entity               - Entity already has component: com.almasb.fxgl.entity.components.CollidableComponent
22:16:05.203 [JavaFX Application Thread] WARN  Entity               - Entity already has component: com.almasb.fxgl.entity.components.CollidableComponent
22:16:05.268 [JavaFX Application Thread] WARN  Entity               - Entity already has component: com.almasb.fxgl.entity.components.CollidableComponent
22:16:05.555 [JavaFX Application Thread] WARN  Entity               - Entity already has component: com.almasb.fxgl.entity.components.CollidableComponent
22:16:05.788 [JavaFX Application Thread] WARN  Entity               - Entity already has component: com.almasb.fxgl.entity.components.CollidableComponent
22:16:05.798 [JavaFX Application Thread] WARN  Entity               - Entity already has component: com.almasb.fxgl.entity.components.CollidableComponent
22:16:06.868 [JavaFX Application Thread] WARN  Entity               - Entity already has component: com.almasb.fxgl.entity.components.CollidableComponent
22:16:07.753 [JavaFX Application Thread] WARN  Entity               - Entity already has component: com.almasb.fxgl.entity.components.CollidableComponent
22:16:07.835 [JavaFX Application Thread] WARN  Entity               - Entity already has component: com.almasb.fxgl.entity.components.CollidableComponent
22:16:08.121 [JavaFX Application Thread] WARN  Entity               - Entity already has component: com.almasb.fxgl.entity.components.CollidableComponent
22:16:08.315 [JavaFX Application Thread] WARN  Entity               - Entity already has component: com.almasb.fxgl.entity.components.CollidableComponent
22:16:08.718 [JavaFX Application Thread] WARN  Entity               - Entity already has component: com.almasb.fxgl.entity.components.CollidableComponent
22:16:09.595 [JavaFX Application Thread] WARN  Entity               - Entity already has component: com.almasb.fxgl.entity.components.CollidableComponent
22:16:09.706 [JavaFX Application Thread] WARN  Entity               - Entity already has component: com.almasb.fxgl.entity.components.CollidableComponent
22:16:10.554 [JavaFX Application Thread] WARN  Entity               - Entity already has component: com.almasb.fxgl.entity.components.CollidableComponent
22:16:11.473 [JavaFX Application Thread] DEBUG PrimaryStageWindow   - Push state: DialogSubScene
22:16:11.474 [JavaFX Application Thread] DEBUG Input                - Clearing active input actions
22:16:11.477 [JavaFX Application Thread] DEBUG GameApplicationServi - Removing overlay from GameScene and adding to DialogSubScene
22:16:11.478 [JavaFX Application Thread] DEBUG PrimaryStageWindow   - GameScene -> DialogSubScene
22:16:13.549 [JavaFX Application Thread] DEBUG PrimaryStageWindow   - Pop state: DialogSubScene
22:16:13.549 [JavaFX Application Thread] DEBUG Input                - Clearing active input actions
22:16:13.551 [JavaFX Application Thread] DEBUG GameApplicationServi - Removing overlay from DialogSubScene and adding to GameScene
22:16:13.551 [JavaFX Application Thread] DEBUG PrimaryStageWindow   - GameScene <- DialogSubScene
22:16:13.551 [JavaFX Application Thread] DEBUG GameApplicationServi - Starting new game
22:16:13.551 [JavaFX Application Thread] DEBUG Input                - Clearing active input actions
22:16:13.557 [JavaFX Application Thread] DEBUG GameApplicationServi - Removing overlay from GameScene and adding to FXGLLoadingScene
22:16:13.557 [JavaFX Application Thread] DEBUG PrimaryStageWindow   - GameScene -> FXGLLoadingScene
22:16:13.557 [JavaFX Application Thread] DEBUG GameApplicationServi - Clearing previous game
22:16:13.557 [JavaFX Application Thread] DEBUG GameScene            - Clearing game scene
22:16:13.557 [JavaFX Application Thread] DEBUG GameWorld            - Clearing game world
22:16:13.557 [JavaFX Application Thread] DEBUG PhysicsWorld         - Clearing physics world
22:16:13.557 [FXGL Background Thread 2 ] DEBUG FXGLApplication      - Initializing game
22:16:13.559 [FXGL Background Thread 2 ] INFO  FXGLApplication      - Game initialization took: 0,001 sec
22:16:13.564 [JavaFX Application Thread] DEBUG Input                - Clearing active input actions
22:16:13.568 [JavaFX Application Thread] DEBUG GameApplicationServi - Removing overlay from FXGLLoadingScene and adding to GameScene
22:16:13.568 [JavaFX Application Thread] DEBUG PrimaryStageWindow   - FXGLLoadingScene -> GameScene
22:16:14.433 [JavaFX Application Thread] WARN  Entity               - Entity already has component: com.almasb.fxgl.entity.components.CollidableComponent
22:16:15.313 [JavaFX Application Thread] WARN  Entity               - Entity already has component: com.almasb.fxgl.entity.components.CollidableComponent
22:16:15.643 [JavaFX Application Thread] WARN  Entity               - Entity already has component: com.almasb.fxgl.entity.components.CollidableComponent
22:16:17.518 [JavaFX Application Thread] WARN  Entity               - Entity already has component: com.almasb.fxgl.entity.components.CollidableComponent
22:16:17.907 [JavaFX Application Thread] DEBUG PrimaryStageWindow   - Push state: DialogSubScene
22:16:17.907 [JavaFX Application Thread] DEBUG Input                - Clearing active input actions
22:16:17.909 [JavaFX Application Thread] DEBUG GameApplicationServi - Removing overlay from GameScene and adding to DialogSubScene
22:16:17.910 [JavaFX Application Thread] DEBUG PrimaryStageWindow   - GameScene -> DialogSubScene
22:16:20.071 [JavaFX Application Thread] DEBUG PrimaryStageWindow   - Pop state: DialogSubScene
22:16:20.071 [JavaFX Application Thread] DEBUG Input                - Clearing active input actions
22:16:20.072 [JavaFX Application Thread] DEBUG GameApplicationServi - Removing overlay from DialogSubScene and adding to GameScene
22:16:20.072 [JavaFX Application Thread] DEBUG PrimaryStageWindow   - GameScene <- DialogSubScene
22:16:20.072 [JavaFX Application Thread] DEBUG GameApplicationServi - Starting new game
22:16:20.072 [JavaFX Application Thread] DEBUG Input                - Clearing active input actions
22:16:20.098 [JavaFX Application Thread] DEBUG GameApplicationServi - Removing overlay from GameScene and adding to FXGLLoadingScene
22:16:20.098 [JavaFX Application Thread] DEBUG PrimaryStageWindow   - GameScene -> FXGLLoadingScene
22:16:20.098 [JavaFX Application Thread] DEBUG GameApplicationServi - Clearing previous game
22:16:20.099 [JavaFX Application Thread] DEBUG GameScene            - Clearing game scene
22:16:20.099 [JavaFX Application Thread] DEBUG GameWorld            - Clearing game world
22:16:20.100 [JavaFX Application Thread] DEBUG PhysicsWorld         - Clearing physics world
22:16:20.101 [FXGL Background Thread 2 ] DEBUG FXGLApplication      - Initializing game
22:16:20.105 [FXGL Background Thread 2 ] INFO  FXGLApplication      - Game initialization took: 0,004 sec
22:16:20.116 [JavaFX Application Thread] DEBUG Input                - Clearing active input actions
22:16:20.130 [JavaFX Application Thread] DEBUG GameApplicationServi - Removing overlay from FXGLLoadingScene and adding to GameScene
22:16:20.130 [JavaFX Application Thread] DEBUG PrimaryStageWindow   - FXGLLoadingScene -> GameScene
22:16:23.618 [JavaFX Application Thread] WARN  Entity               - Entity already has component: com.almasb.fxgl.entity.components.CollidableComponent
22:16:23.902 [JavaFX Application Thread] WARN  Entity               - Entity already has component: com.almasb.fxgl.entity.components.CollidableComponent
22:16:24.466 [JavaFX Application Thread] WARN  Entity               - Entity already has component: com.almasb.fxgl.entity.components.CollidableComponent
22:16:25.314 [JavaFX Application Thread] WARN  Entity               - Entity already has component: com.almasb.fxgl.entity.components.CollidableComponent
22:16:25.871 [JavaFX Application Thread] WARN  Entity               - Entity already has component: com.almasb.fxgl.entity.components.CollidableComponent
22:16:26.573 [JavaFX Application Thread] WARN  Entity               - Entity already has component: com.almasb.fxgl.entity.components.CollidableComponent
22:16:35.259 [JavaFX Application Thread] WARN  Entity               - Entity already has component: com.almasb.fxgl.entity.components.CollidableComponent
22:16:35.629 [JavaFX Application Thread] WARN  Entity               - Entity already has component: com.almasb.fxgl.entity.components.CollidableComponent
22:16:35.843 [JavaFX Application Thread] WARN  Entity               - Entity already has component: com.almasb.fxgl.entity.components.CollidableComponent
22:16:36.684 [JavaFX Application Thread] WARN  Entity               - Entity already has component: com.almasb.fxgl.entity.components.CollidableComponent
22:16:36.818 [JavaFX Application Thread] WARN  Entity               - Entity already has component: com.almasb.fxgl.entity.components.CollidableComponent
22:16:36.947 [JavaFX Application Thread] WARN  Entity               - Entity already has component: com.almasb.fxgl.entity.components.CollidableComponent
22:16:37.280 [JavaFX Application Thread] WARN  Entity               - Entity already has component: com.almasb.fxgl.entity.components.CollidableComponent
22:16:37.771 [JavaFX Application Thread] WARN  Entity               - Entity already has component: com.almasb.fxgl.entity.components.CollidableComponent
22:16:39.329 [JavaFX Application Thread] WARN  Entity               - Entity already has component: com.almasb.fxgl.entity.components.CollidableComponent
22:16:40.113 [JavaFX Application Thread] WARN  Entity               - Entity already has component: com.almasb.fxgl.entity.components.CollidableComponent
22:16:40.289 [JavaFX Application Thread] WARN  Entity               - Entity already has component: com.almasb.fxgl.entity.components.CollidableComponent
22:16:40.304 [JavaFX Application Thread] WARN  Entity               - Entity already has component: com.almasb.fxgl.entity.components.CollidableComponent
22:16:40.317 [JavaFX Application Thread] WARN  Entity               - Entity already has component: com.almasb.fxgl.entity.components.CollidableComponent
22:16:40.689 [JavaFX Application Thread] WARN  Entity               - Entity already has component: com.almasb.fxgl.entity.components.CollidableComponent
22:16:41.150 [JavaFX Application Thread] WARN  Entity               - Entity already has component: com.almasb.fxgl.entity.components.CollidableComponent
22:16:43.394 [JavaFX Application Thread] WARN  Entity               - Entity already has component: com.almasb.fxgl.entity.components.CollidableComponent
22:16:43.464 [JavaFX Application Thread] WARN  Entity               - Entity already has component: com.almasb.fxgl.entity.components.CollidableComponent
22:16:43.663 [JavaFX Application Thread] WARN  Entity               - Entity already has component: com.almasb.fxgl.entity.components.CollidableComponent
22:16:45.059 [JavaFX Application Thread] WARN  Entity               - Entity already has component: com.almasb.fxgl.entity.components.CollidableComponent
22:16:53.850 [JavaFX Application Thread] WARN  Entity               - Entity already has component: com.almasb.fxgl.entity.components.CollidableComponent
22:16:56.217 [JavaFX Application Thread] DEBUG PrimaryStageWindow   - Push state: DialogSubScene
22:16:56.218 [JavaFX Application Thread] DEBUG Input                - Clearing active input actions
22:16:56.220 [JavaFX Application Thread] DEBUG GameApplicationServi - Removing overlay from GameScene and adding to DialogSubScene
22:16:56.221 [JavaFX Application Thread] DEBUG PrimaryStageWindow   - GameScene -> DialogSubScene
22:16:58.508 [JavaFX Application Thread] DEBUG PrimaryStageWindow   - Pop state: DialogSubScene
22:16:58.508 [JavaFX Application Thread] DEBUG Input                - Clearing active input actions
22:16:58.509 [JavaFX Application Thread] DEBUG GameApplicationServi - Removing overlay from DialogSubScene and adding to GameScene
22:16:58.509 [JavaFX Application Thread] DEBUG PrimaryStageWindow   - GameScene <- DialogSubScene
22:16:58.509 [JavaFX Application Thread] DEBUG GameApplicationServi - Starting new game
22:16:58.511 [JavaFX Application Thread] DEBUG Input                - Clearing active input actions
22:16:58.537 [JavaFX Application Thread] DEBUG GameApplicationServi - Removing overlay from GameScene and adding to FXGLLoadingScene
22:16:58.538 [JavaFX Application Thread] DEBUG PrimaryStageWindow   - GameScene -> FXGLLoadingScene
22:16:58.540 [JavaFX Application Thread] DEBUG GameApplicationServi - Clearing previous game
22:16:58.543 [JavaFX Application Thread] DEBUG GameScene            - Clearing game scene
22:16:58.543 [JavaFX Application Thread] DEBUG GameWorld            - Clearing game world
22:16:58.543 [JavaFX Application Thread] DEBUG PhysicsWorld         - Clearing physics world
22:16:58.544 [FXGL Background Thread 2 ] DEBUG FXGLApplication      - Initializing game
22:16:58.544 [FXGL Background Thread 2 ] INFO  FXGLApplication      - Game initialization took: 0,001 sec
22:16:58.554 [JavaFX Application Thread] DEBUG Input                - Clearing active input actions
22:16:58.557 [JavaFX Application Thread] DEBUG GameApplicationServi - Removing overlay from FXGLLoadingScene and adding to GameScene
22:16:58.557 [JavaFX Application Thread] DEBUG PrimaryStageWindow   - FXGLLoadingScene -> GameScene
22:16:59.530 [JavaFX Application Thread] WARN  Entity               - Entity already has component: com.almasb.fxgl.entity.components.CollidableComponent
22:16:59.808 [JavaFX Application Thread] WARN  Entity               - Entity already has component: com.almasb.fxgl.entity.components.CollidableComponent
22:17:00.082 [JavaFX Application Thread] WARN  Entity               - Entity already has component: com.almasb.fxgl.entity.components.CollidableComponent
22:17:05.629 [JavaFX Application Thread] WARN  Entity               - Entity already has component: com.almasb.fxgl.entity.components.CollidableComponent
22:17:06.266 [JavaFX Application Thread] WARN  Entity               - Entity already has component: com.almasb.fxgl.entity.components.CollidableComponent
22:17:06.560 [JavaFX Application Thread] WARN  Entity               - Entity already has component: com.almasb.fxgl.entity.components.CollidableComponent
22:17:06.930 [JavaFX Application Thread] WARN  Entity               - Entity already has component: com.almasb.fxgl.entity.components.CollidableComponent
22:17:09.361 [JavaFX Application Thread] WARN  Entity               - Entity already has component: com.almasb.fxgl.entity.components.CollidableComponent
22:17:09.561 [JavaFX Application Thread] WARN  Entity               - Entity already has component: com.almasb.fxgl.entity.components.CollidableComponent
22:17:13.281 [JavaFX Application Thread] WARN  Entity               - Entity already has component: com.almasb.fxgl.entity.components.CollidableComponent
22:17:14.008 [JavaFX Application Thread] DEBUG PrimaryStageWindow   - Push state: DialogSubScene
22:17:14.009 [JavaFX Application Thread] DEBUG Input                - Clearing active input actions
22:17:14.009 [JavaFX Application Thread] DEBUG GameApplicationServi - Removing overlay from GameScene and adding to DialogSubScene
22:17:14.010 [JavaFX Application Thread] DEBUG PrimaryStageWindow   - GameScene -> DialogSubScene
22:17:16.479 [JavaFX Application Thread] DEBUG PrimaryStageWindow   - Pop state: DialogSubScene
22:17:16.479 [JavaFX Application Thread] DEBUG Input                - Clearing active input actions
22:17:16.480 [JavaFX Application Thread] DEBUG GameApplicationServi - Removing overlay from DialogSubScene and adding to GameScene
22:17:16.480 [JavaFX Application Thread] DEBUG PrimaryStageWindow   - GameScene <- DialogSubScene
22:17:16.480 [JavaFX Application Thread] DEBUG GameApplicationServi - Starting new game
22:17:16.480 [JavaFX Application Thread] DEBUG Input                - Clearing active input actions
22:17:16.484 [JavaFX Application Thread] DEBUG GameApplicationServi - Removing overlay from GameScene and adding to FXGLLoadingScene
22:17:16.484 [JavaFX Application Thread] DEBUG PrimaryStageWindow   - GameScene -> FXGLLoadingScene
22:17:16.484 [JavaFX Application Thread] DEBUG GameApplicationServi - Clearing previous game
22:17:16.484 [JavaFX Application Thread] DEBUG GameScene            - Clearing game scene
22:17:16.484 [JavaFX Application Thread] DEBUG GameWorld            - Clearing game world
22:17:16.484 [JavaFX Application Thread] DEBUG PhysicsWorld         - Clearing physics world
22:17:16.485 [FXGL Background Thread 2 ] DEBUG FXGLApplication      - Initializing game
22:17:16.487 [FXGL Background Thread 2 ] INFO  FXGLApplication      - Game initialization took: 0,002 sec
22:17:16.487 [JavaFX Application Thread] DEBUG Input                - Clearing active input actions
22:17:16.494 [JavaFX Application Thread] DEBUG GameApplicationServi - Removing overlay from FXGLLoadingScene and adding to GameScene
22:17:16.494 [JavaFX Application Thread] DEBUG PrimaryStageWindow   - FXGLLoadingScene -> GameScene
22:17:17.793 [JavaFX Application Thread] WARN  Entity               - Entity already has component: com.almasb.fxgl.entity.components.CollidableComponent
22:17:17.887 [JavaFX Application Thread] WARN  GameWorld            - Attempted to remove entity which is not active
22:17:18.178 [JavaFX Application Thread] WARN  Entity               - Entity already has component: com.almasb.fxgl.entity.components.CollidableComponent
22:17:18.730 [JavaFX Application Thread] WARN  Entity               - Entity already has component: com.almasb.fxgl.entity.components.CollidableComponent
22:17:19.432 [JavaFX Application Thread] WARN  Entity               - Entity already has component: com.almasb.fxgl.entity.components.CollidableComponent
22:17:22.240 [JavaFX Application Thread] WARN  Entity               - Entity already has component: com.almasb.fxgl.entity.components.CollidableComponent
22:17:24.156 [JavaFX Application Thread] WARN  Entity               - Entity already has component: com.almasb.fxgl.entity.components.CollidableComponent
22:17:24.338 [JavaFX Application Thread] WARN  Entity               - Entity already has component: com.almasb.fxgl.entity.components.CollidableComponent
22:17:25.136 [JavaFX Application Thread] WARN  Entity               - Entity already has component: com.almasb.fxgl.entity.components.CollidableComponent
22:17:25.406 [JavaFX Application Thread] WARN  Entity               - Entity already has component: com.almasb.fxgl.entity.components.CollidableComponent
22:17:25.676 [JavaFX Application Thread] WARN  Entity               - Entity already has component: com.almasb.fxgl.entity.components.CollidableComponent
22:17:25.858 [JavaFX Application Thread] WARN  Entity               - Entity already has component: com.almasb.fxgl.entity.components.CollidableComponent
22:17:26.753 [JavaFX Application Thread] WARN  Entity               - Entity already has component: com.almasb.fxgl.entity.components.CollidableComponent
22:17:30.178 [JavaFX Application Thread] WARN  Entity               - Entity already has component: com.almasb.fxgl.entity.components.CollidableComponent
22:17:30.497 [JavaFX Application Thread] WARN  Entity               - Entity already has component: com.almasb.fxgl.entity.components.CollidableComponent
22:17:32.787 [JavaFX Application Thread] WARN  Entity               - Entity already has component: com.almasb.fxgl.entity.components.CollidableComponent
22:17:32.875 [JavaFX Application Thread] WARN  Entity               - Entity already has component: com.almasb.fxgl.entity.components.CollidableComponent
22:17:32.988 [JavaFX Application Thread] WARN  Entity               - Entity already has component: com.almasb.fxgl.entity.components.CollidableComponent
22:17:33.504 [JavaFX Application Thread] WARN  Entity               - Entity already has component: com.almasb.fxgl.entity.components.CollidableComponent
22:17:33.587 [JavaFX Application Thread] WARN  Entity               - Entity already has component: com.almasb.fxgl.entity.components.CollidableComponent
22:17:33.803 [JavaFX Application Thread] WARN  Entity               - Entity already has component: com.almasb.fxgl.entity.components.CollidableComponent
22:17:33.851 [JavaFX Application Thread] WARN  Entity               - Entity already has component: com.almasb.fxgl.entity.components.CollidableComponent
22:17:34.018 [JavaFX Application Thread] WARN  Entity               - Entity already has component: com.almasb.fxgl.entity.components.CollidableComponent
22:17:34.893 [JavaFX Application Thread] WARN  Entity               - Entity already has component: com.almasb.fxgl.entity.components.CollidableComponent
22:17:35.698 [JavaFX Application Thread] WARN  Entity               - Entity already has component: com.almasb.fxgl.entity.components.CollidableComponent
22:17:41.809 [JavaFX Application Thread] WARN  Entity               - Entity already has component: com.almasb.fxgl.entity.components.CollidableComponent
22:17:44.588 [JavaFX Application Thread] DEBUG PrimaryStageWindow   - Push state: DialogSubScene
22:17:44.588 [JavaFX Application Thread] DEBUG Input                - Clearing active input actions
22:17:44.589 [JavaFX Application Thread] DEBUG GameApplicationServi - Removing overlay from GameScene and adding to DialogSubScene
22:17:44.590 [JavaFX Application Thread] DEBUG PrimaryStageWindow   - GameScene -> DialogSubScene
22:17:46.236 [JavaFX Application Thread] DEBUG PrimaryStageWindow   - Pop state: DialogSubScene
22:17:46.236 [JavaFX Application Thread] DEBUG Input                - Clearing active input actions
22:17:46.237 [JavaFX Application Thread] DEBUG GameApplicationServi - Removing overlay from DialogSubScene and adding to GameScene
22:17:46.237 [JavaFX Application Thread] DEBUG PrimaryStageWindow   - GameScene <- DialogSubScene
22:17:46.237 [JavaFX Application Thread] DEBUG GameApplicationServi - Starting new game
22:17:46.237 [JavaFX Application Thread] DEBUG Input                - Clearing active input actions
22:17:46.253 [JavaFX Application Thread] DEBUG GameApplicationServi - Removing overlay from GameScene and adding to FXGLLoadingScene
22:17:46.253 [JavaFX Application Thread] DEBUG PrimaryStageWindow   - GameScene -> FXGLLoadingScene
22:17:46.253 [JavaFX Application Thread] DEBUG GameApplicationServi - Clearing previous game
22:17:46.253 [JavaFX Application Thread] DEBUG GameScene            - Clearing game scene
22:17:46.253 [JavaFX Application Thread] DEBUG GameWorld            - Clearing game world
22:17:46.256 [JavaFX Application Thread] DEBUG PhysicsWorld         - Clearing physics world
22:17:46.257 [FXGL Background Thread 2 ] DEBUG FXGLApplication      - Initializing game
22:17:46.263 [FXGL Background Thread 2 ] INFO  FXGLApplication      - Game initialization took: 0,005 sec
22:17:46.270 [JavaFX Application Thread] DEBUG Input                - Clearing active input actions
22:17:46.282 [JavaFX Application Thread] DEBUG GameApplicationServi - Removing overlay from FXGLLoadingScene and adding to GameScene
22:17:46.282 [JavaFX Application Thread] DEBUG PrimaryStageWindow   - FXGLLoadingScene -> GameScene
22:17:52.385 [JavaFX Application Thread] WARN  Entity               - Entity already has component: com.almasb.fxgl.entity.components.CollidableComponent
22:17:53.058 [JavaFX Application Thread] DEBUG PrimaryStageWindow   - Push state: DialogSubScene
22:17:53.058 [JavaFX Application Thread] DEBUG Input                - Clearing active input actions
22:17:53.060 [JavaFX Application Thread] DEBUG GameApplicationServi - Removing overlay from GameScene and adding to DialogSubScene
22:17:53.060 [JavaFX Application Thread] DEBUG PrimaryStageWindow   - GameScene -> DialogSubScene
22:17:55.582 [JavaFX Application Thread] DEBUG PrimaryStageWindow   - Pop state: DialogSubScene
22:17:55.582 [JavaFX Application Thread] DEBUG Input                - Clearing active input actions
22:17:55.583 [JavaFX Application Thread] DEBUG GameApplicationServi - Removing overlay from DialogSubScene and adding to GameScene
22:17:55.583 [JavaFX Application Thread] DEBUG PrimaryStageWindow   - GameScene <- DialogSubScene
22:17:55.583 [JavaFX Application Thread] DEBUG GameApplicationServi - Starting new game
22:17:55.583 [JavaFX Application Thread] DEBUG Input                - Clearing active input actions
22:17:55.592 [JavaFX Application Thread] DEBUG GameApplicationServi - Removing overlay from GameScene and adding to FXGLLoadingScene
22:17:55.592 [JavaFX Application Thread] DEBUG PrimaryStageWindow   - GameScene -> FXGLLoadingScene
22:17:55.592 [JavaFX Application Thread] DEBUG GameApplicationServi - Clearing previous game
22:17:55.592 [JavaFX Application Thread] DEBUG GameScene            - Clearing game scene
22:17:55.592 [JavaFX Application Thread] DEBUG GameWorld            - Clearing game world
22:17:55.593 [JavaFX Application Thread] DEBUG PhysicsWorld         - Clearing physics world
22:17:55.594 [FXGL Background Thread 2 ] DEBUG FXGLApplication      - Initializing game
22:17:55.600 [FXGL Background Thread 2 ] INFO  FXGLApplication      - Game initialization took: 0,005 sec
22:17:55.607 [JavaFX Application Thread] DEBUG Input                - Clearing active input actions
22:17:55.620 [JavaFX Application Thread] DEBUG GameApplicationServi - Removing overlay from FXGLLoadingScene and adding to GameScene
22:17:55.620 [JavaFX Application Thread] DEBUG PrimaryStageWindow   - FXGLLoadingScene -> GameScene
22:18:03.897 [JavaFX Application Thread] WARN  Entity               - Entity already has component: com.almasb.fxgl.entity.components.CollidableComponent
22:18:07.697 [JavaFX Application Thread] WARN  Entity               - Entity already has component: com.almasb.fxgl.entity.components.CollidableComponent
22:18:09.106 [JavaFX Application Thread] WARN  Entity               - Entity already has component: com.almasb.fxgl.entity.components.CollidableComponent
22:18:11.970 [JavaFX Application Thread] WARN  Entity               - Entity already has component: com.almasb.fxgl.entity.components.CollidableComponent
22:18:11.986 [JavaFX Application Thread] WARN  Entity               - Entity already has component: com.almasb.fxgl.entity.components.CollidableComponent
22:18:12.721 [JavaFX Application Thread] WARN  Entity               - Entity already has component: com.almasb.fxgl.entity.components.CollidableComponent
22:18:14.717 [JavaFX Application Thread] WARN  Entity               - Entity already has component: com.almasb.fxgl.entity.components.CollidableComponent
22:18:14.789 [JavaFX Application Thread] WARN  Entity               - Entity already has component: com.almasb.fxgl.entity.components.CollidableComponent
22:18:14.930 [JavaFX Application Thread] WARN  Entity               - Entity already has component: com.almasb.fxgl.entity.components.CollidableComponent
22:18:15.024 [JavaFX Application Thread] WARN  Entity               - Entity already has component: com.almasb.fxgl.entity.components.CollidableComponent
22:18:15.066 [JavaFX Application Thread] WARN  Entity               - Entity already has component: com.almasb.fxgl.entity.components.CollidableComponent
22:18:15.154 [JavaFX Application Thread] WARN  Entity               - Entity already has component: com.almasb.fxgl.entity.components.CollidableComponent
22:18:15.168 [JavaFX Application Thread] WARN  Entity               - Entity already has component: com.almasb.fxgl.entity.components.CollidableComponent
22:18:18.667 [JavaFX Application Thread] WARN  Entity               - Entity already has component: com.almasb.fxgl.entity.components.CollidableComponent
22:18:19.662 [JavaFX Application Thread] WARN  Entity               - Entity already has component: com.almasb.fxgl.entity.components.CollidableComponent
22:18:20.109 [JavaFX Application Thread] WARN  Entity               - Entity already has component: com.almasb.fxgl.entity.components.CollidableComponent
22:18:20.130 [JavaFX Application Thread] WARN  Entity               - Entity already has component: com.almasb.fxgl.entity.components.CollidableComponent
22:18:20.161 [JavaFX Application Thread] WARN  Entity               - Entity already has component: com.almasb.fxgl.entity.components.CollidableComponent
22:18:20.194 [JavaFX Application Thread] WARN  Entity               - Entity already has component: com.almasb.fxgl.entity.components.CollidableComponent
22:18:20.313 [JavaFX Application Thread] WARN  Entity               - Entity already has component: com.almasb.fxgl.entity.components.CollidableComponent
22:18:24.813 [JavaFX Application Thread] WARN  Entity               - Entity already has component: com.almasb.fxgl.entity.components.CollidableComponent
22:18:26.674 [JavaFX Application Thread] WARN  Entity               - Entity already has component: com.almasb.fxgl.entity.components.CollidableComponent
22:18:27.009 [JavaFX Application Thread] WARN  Entity               - Entity already has component: com.almasb.fxgl.entity.components.CollidableComponent
22:18:27.084 [JavaFX Application Thread] WARN  Entity               - Entity already has component: com.almasb.fxgl.entity.components.CollidableComponent
22:18:27.270 [JavaFX Application Thread] WARN  Entity               - Entity already has component: com.almasb.fxgl.entity.components.CollidableComponent
22:18:27.271 [JavaFX Application Thread] WARN  Entity               - Entity already has component: com.almasb.fxgl.entity.components.CollidableComponent
22:18:28.796 [JavaFX Application Thread] WARN  Entity               - Entity already has component: com.almasb.fxgl.entity.components.CollidableComponent
22:18:30.082 [JavaFX Application Thread] WARN  Entity               - Entity already has component: com.almasb.fxgl.entity.components.CollidableComponent
22:18:30.530 [JavaFX Application Thread] WARN  Entity               - Entity already has component: com.almasb.fxgl.entity.components.CollidableComponent
22:18:30.859 [JavaFX Application Thread] WARN  Entity               - Entity already has component: com.almasb.fxgl.entity.components.CollidableComponent
22:18:30.871 [JavaFX Application Thread] WARN  Entity               - Entity already has component: com.almasb.fxgl.entity.components.CollidableComponent
22:18:30.874 [JavaFX Application Thread] WARN  Entity               - Entity already has component: com.almasb.fxgl.entity.components.CollidableComponent
22:18:31.585 [JavaFX Application Thread] WARN  Entity               - Entity already has component: com.almasb.fxgl.entity.components.CollidableComponent
22:18:33.393 [JavaFX Application Thread] WARN  Entity               - Entity already has component: com.almasb.fxgl.entity.components.CollidableComponent
22:18:33.890 [JavaFX Application Thread] WARN  Entity               - Entity already has component: com.almasb.fxgl.entity.components.CollidableComponent
22:18:34.066 [JavaFX Application Thread] WARN  Entity               - Entity already has component: com.almasb.fxgl.entity.components.CollidableComponent
22:18:34.162 [JavaFX Application Thread] WARN  Entity               - Entity already has component: com.almasb.fxgl.entity.components.CollidableComponent
22:18:34.397 [JavaFX Application Thread] WARN  Entity               - Entity already has component: com.almasb.fxgl.entity.components.CollidableComponent
22:18:35.050 [JavaFX Application Thread] DEBUG PrimaryStageWindow   - Push state: DialogSubScene
22:18:35.050 [JavaFX Application Thread] DEBUG Input                - Clearing active input actions
22:18:35.052 [JavaFX Application Thread] DEBUG GameApplicationServi - Removing overlay from GameScene and adding to DialogSubScene
22:18:35.052 [JavaFX Application Thread] DEBUG PrimaryStageWindow   - GameScene -> DialogSubScene
22:18:40.010 [JavaFX Application Thread] DEBUG FXGLApplication      - Exiting FXGL
22:18:40.010 [JavaFX Application Thread] DEBUG LoopRunner           - Stopping loop
22:18:40.011 [JavaFX Application Thread] DEBUG SystemBundleService  - Saving FXGL system data
22:18:40.019 [JavaFX Application Thread] DEBUG FileSystemAccess     - Writing to: C:\Users\Hao\Documents\DAM 2 PRO\GameFX\system\fxgl.bundle
22:18:40.031 [JavaFX Application Thread] DEBUG Async                - Shutting down background threads
22:18:40.032 [JavaFX Application Thread] DEBUG PrimaryStageWindow   - Closing main window
22:18:40.109 [JavaFX Application Thread] DEBUG Logger               - Closing Logger
