19:45:16.634 [main                     ] DEBUG Logger               - Configured Logger
19:45:16.636 [main                     ] DEBUG GameApplication      - Logging settings
Title: Dead Space but Family Friendly
Version: 0.1
Width: 1200
Height: 700
Fullscreen: true
Intro: false
Profiling: false
Single step:false
App Mode: DEVELOPER
Menu Key: ESCAPE
Stage Style: DECORATED
Scene Factory: class com.almasb.fxgl.app.scene.SceneFactory

19:45:16.852 [JavaFX Application Thread] DEBUG FXGLApplication      - Initializing FXGL
19:45:16.853 [JavaFX Application Thread] INFO  Engine               - FXGL-11.16 (25.05.2021 08.16) on WINDOWS (J:18.0.2.1 FX:16)
19:45:16.853 [JavaFX Application Thread] DEBUG Engine               - JRE Vendor Name: Oracle Corporation
19:45:16.853 [JavaFX Application Thread] DEBUG Engine               - Running on OS: Windows 10 version 10.0
19:45:16.853 [JavaFX Application Thread] DEBUG Engine               - Architecture: amd64
19:45:16.853 [JavaFX Application Thread] INFO  Engine               - Source code and latest versions at: https://github.com/AlmasB/FXGL
19:45:16.853 [JavaFX Application Thread] INFO  Engine               -              Join the FXGL chat at: https://gitter.im/AlmasB/FXGL
19:45:16.906 [JavaFX Application Thread] DEBUG PrimaryStageWindow   - Creating a JavaFX scene
19:45:16.930 [JavaFX Application Thread] DEBUG PrimaryStageWindow   - Target settings size: 1200.0 x 700.0
19:45:16.930 [JavaFX Application Thread] DEBUG PrimaryStageWindow   - Scaled scene size:    1200.0 x 700.0
19:45:16.930 [JavaFX Application Thread] DEBUG PrimaryStageWindow   - Scaled ratio: (1.0, 1.0)
19:45:16.931 [JavaFX Application Thread] DEBUG PrimaryStageWindow   - Set initial scene to FXGLStartupScene
19:45:16.935 [JavaFX Application Thread] DEBUG PrimaryStageWindow   - Opening main window
19:45:16.978 [JavaFX Application Thread] DEBUG PrimaryStageWindow   - Window border size: (14.4000244140625, 37.5999755859375)
19:45:16.978 [JavaFX Application Thread] DEBUG PrimaryStageWindow   - Scaled size: 1200.0 x 700.0
19:45:16.978 [JavaFX Application Thread] DEBUG PrimaryStageWindow   - Scaled ratio: (1.0, 1.0)
19:45:16.978 [JavaFX Application Thread] DEBUG PrimaryStageWindow   - Scene size: 1200.0 x 700.0
19:45:16.978 [JavaFX Application Thread] DEBUG PrimaryStageWindow   - Stage size: 1214.4000244140625 x 737.5999755859375
19:45:16.983 [FXGL Background Thread 1 ] DEBUG Engine               - Initializing environment variables
19:45:17.013 [FXGL Background Thread 1 ] DEBUG FXGLAssetLoaderServi - User app class for loading assets: class com.example.gamefx.MainGame
19:45:17.013 [FXGL Background Thread 1 ] DEBUG GameApplicationServi - Applying CSS: fxgl_dark.css
19:45:17.014 [FXGL Background Thread 1 ] DEBUG FXGLAssetLoaderServi - Loading from file system: jar:file:/C:/Users/Hao/.m2/repository/com/github/almasb/fxgl/11.16/fxgl-11.16.jar!/fxglassets/ui/css/fxgl_dark.css
19:45:17.036 [FXGL Background Thread 1 ] DEBUG GameApplicationServi - Initializing application scenes
19:45:17.059 [FXGL Background Thread 1 ] DEBUG GameWorld            - Game world initialized
19:45:17.091 [FXGL Background Thread 1 ] DEBUG PhysicsWorld         - Physics world initialized: appHeight=700, physics.ppm=50,0
19:45:17.091 [FXGL Background Thread 1 ] DEBUG PhysicsWorld         - Using strategy: BRUTE_FORCE
19:45:17.093 [FXGL Background Thread 1 ] DEBUG GameScene            - Game scene initialized: 1200x700
19:45:17.098 [FXGL Background Thread 1 ] DEBUG FXGL.DefaultMenu     - createMenuBodyMainMenu()
19:45:17.107 [FXGL Background Thread 1 ] DEBUG FXGL.DefaultMenu     - createOptionsMenu()
19:45:17.112 [FXGL Background Thread 1 ] DEBUG FXGLAssetLoaderServi - Loading from file system: jar:file:/C:/Users/Hao/.m2/repository/com/github/almasb/fxgl/11.16/fxgl-11.16.jar!/fxglassets/textures/particles/smoke.png
19:45:17.173 [FXGL Background Thread 1 ] DEBUG FXGLAssetLoaderServi - Loading from file system: jar:file:/C:/Users/Hao/.m2/repository/com/github/almasb/fxgl/11.16/fxgl-11.16.jar!/fxglassets/textures/particles/trace_horizontal.png
19:45:17.206 [FXGL Background Thread 1 ] DEBUG FXGL.DefaultMenu     - createMenuBodyGameMenu()
19:45:17.206 [FXGL Background Thread 1 ] DEBUG FXGL.DefaultMenu     - createOptionsMenu()
19:45:17.212 [FXGL Background Thread 1 ] DEBUG GameApplicationServi - Application scenes initialized
19:45:17.218 [FXGL Background Thread 1 ] DEBUG SystemBundleService  - Loading FXGL system data
19:45:17.220 [FXGL Background Thread 1 ] DEBUG FileSystemAccess     - Reading from: C:\Users\Hao\Documents\DAM 2 PRO\GameFX\system\fxgl.bundle
19:45:17.225 [FXGL Background Thread 1 ] DEBUG SystemBundleService  - Bundle FXGL: {}
19:45:17.225 [FXGL Background Thread 1 ] DEBUG UpdaterService       - Checking for updates
19:45:17.228 [FXGL Background Thread 4 ] DEBUG FXGLApplication      - Loading fonts
19:45:17.228 [FXGL Background Thread 1 ] DEBUG FXGLApplication      - Loading default localization
19:45:17.228 [FXGL Background Thread 4 ] DEBUG FXGLAssetLoaderServi - Loading from file system: jar:file:/C:/Users/Hao/.m2/repository/com/github/almasb/fxgl/11.16/fxgl-11.16.jar!/fxglassets/ui/fonts/VarelaRound-Regular.ttf
19:45:17.229 [FXGL Background Thread 1 ] DEBUG FXGLAssetLoaderServi - Loading from file system: jar:file:/C:/Users/Hao/.m2/repository/com/github/almasb/fxgl/11.16/fxgl-11.16.jar!/fxglassets/languages/english.lang
19:45:17.241 [FXGL Background Thread 1 ] INFO  FXGLApplication      - FXGL initialization took: 0,258 sec
19:45:17.246 [JavaFX Application Thread] DEBUG Input                - Registered new binding: left - Left
19:45:17.246 [JavaFX Application Thread] DEBUG Input                - Registered new binding: right - Right
19:45:17.247 [JavaFX Application Thread] DEBUG Input                - Registered new binding: up - Up
19:45:17.247 [JavaFX Application Thread] DEBUG Input                - Registered new binding: down - Down
19:45:17.248 [JavaFX Application Thread] DEBUG Input                - Registered new binding: Bullet - Space
19:45:17.249 [JavaFX Application Thread] DEBUG FXGLAssetLoaderServi - Loading from file system: jar:file:/C:/Users/Hao/.m2/repository/com/github/almasb/fxgl/11.16/fxgl-11.16.jar!/fxglassets/textures/fxgl_icon.png
19:45:17.259 [FXGL Background Thread 4 ] DEBUG FXGLAssetLoaderServi - Loading from file system: file:/C:/Users/Hao/Documents/DAM%202%20PRO/GameFX/target/classes/assets/ui/fonts/kenvector_future.ttf
19:45:17.261 [FXGL Background Thread 4 ] DEBUG FXGLAssetLoaderServi - Loading from file system: jar:file:/C:/Users/Hao/.m2/repository/com/github/almasb/fxgl/11.16/fxgl-11.16.jar!/fxglassets/ui/fonts/lucida_console.ttf
19:45:17.262 [JavaFX Application Thread] DEBUG FXGLAssetLoaderServi - Loading from file system: jar:file:/C:/Users/Hao/.m2/repository/com/github/almasb/fxgl/11.16/fxgl-11.16.jar!/fxglassets/textures/fxgl_default_cursor.png
19:45:17.263 [JavaFX Application Thread] DEBUG Input                - Registered new binding: Screenshot - CTRL+8
19:45:17.264 [JavaFX Application Thread] DEBUG Input                - Registered new binding: System info dump - CTRL+9
19:45:17.264 [JavaFX Application Thread] DEBUG Input                - Registered new binding: Restart - CTRL+R
19:45:17.264 [JavaFX Application Thread] DEBUG Input                - Registered new binding: Toggle Debug Camera - CTRL+C
19:45:17.265 [FXGL Background Thread 4 ] DEBUG FXGLAssetLoaderServi - Loading from file system: jar:file:/C:/Users/Hao/.m2/repository/com/github/almasb/fxgl/11.16/fxgl-11.16.jar!/fxglassets/ui/fonts/Courier-Prime.ttf
19:45:17.267 [JavaFX Application Thread] DEBUG LoopRunner           - Starting loop
19:45:17.268 [JavaFX Application Thread] DEBUG LoopRunner           - Initializing JavaFX AnimationTimerLoop
19:45:17.270 [JavaFX Application Thread] DEBUG Input                - Clearing active input actions
19:45:17.274 [JavaFX Application Thread] DEBUG GameApplicationServi - Removing overlay from FXGLStartupScene and adding to FXGLMainMenuDummyScene
19:45:17.274 [JavaFX Application Thread] DEBUG PrimaryStageWindow   - FXGLStartupScene -> FXGLMainMenuDummyScene
19:45:17.274 [JavaFX Application Thread] DEBUG PrimaryStageWindow   - Push state: FXGLDefaultMenu
19:45:17.283 [JavaFX Application Thread] DEBUG Input                - Clearing active input actions
19:45:17.294 [JavaFX Application Thread] DEBUG GameApplicationServi - Removing overlay from FXGLMainMenuDummyScene and adding to FXGLDefaultMenu
19:45:17.294 [JavaFX Application Thread] DEBUG PrimaryStageWindow   - FXGLMainMenuDummyScene -> FXGLDefaultMenu
19:45:17.294 [JavaFX Application Thread] DEBUG FXGLApplication      - Registering font factories with UI factory
19:45:17.666 [FXGL Background Thread 2 ] INFO  UpdaterService       - Your current version:  11.16
19:45:17.666 [FXGL Background Thread 2 ] INFO  UpdaterService       - Latest stable version: 17.2
19:45:20.229 [FXGL Background Thread 3 ] DEBUG Engine               - Logging environment variables
19:45:20.229 [FXGL Background Thread 3 ] DEBUG Engine               - achievements: []
19:45:20.229 [FXGL Background Thread 3 ] DEBUG Engine               - actualHeight: 700.0
19:45:20.229 [FXGL Background Thread 3 ] DEBUG Engine               - actualHeightProperty: ReadOnlyDoubleProperty [value: 700.0]
19:45:20.229 [FXGL Background Thread 3 ] DEBUG Engine               - actualWidth: 1200.0
19:45:20.229 [FXGL Background Thread 3 ] DEBUG Engine               - actualWidthProperty: ReadOnlyDoubleProperty [value: 1200.0]
19:45:20.229 [FXGL Background Thread 3 ] DEBUG Engine               - appIcon: fxgl_icon.png
19:45:20.229 [FXGL Background Thread 3 ] DEBUG Engine               - applicationMode: DEVELOPER
19:45:20.229 [FXGL Background Thread 3 ] DEBUG Engine               - cSSList: [fxgl_dark.css]
19:45:20.229 [FXGL Background Thread 3 ] DEBUG Engine               - collisionDetectionStrategy: BRUTE_FORCE
19:45:20.229 [FXGL Background Thread 3 ] DEBUG Engine               - configClass: Optional.empty
19:45:20.229 [FXGL Background Thread 3 ] DEBUG Engine               - credits: []
19:45:20.229 [FXGL Background Thread 3 ] DEBUG Engine               - defaultCursor: CursorInfo(imageName=fxgl_default_cursor.png, hotspotX=7.0, hotspotY=6.0)
19:45:20.229 [FXGL Background Thread 3 ] DEBUG Engine               - devBBoxColorProperty: ObjectProperty [value: 0xff0000ff]
19:45:20.229 [FXGL Background Thread 3 ] DEBUG Engine               - devEnableDebugCameraProperty: BooleanProperty [value: false]
19:45:20.229 [FXGL Background Thread 3 ] DEBUG Engine               - devSensorColorProperty: ObjectProperty [value: 0xffff00ff]
19:45:20.229 [FXGL Background Thread 3 ] DEBUG Engine               - devShowBBoxProperty: BooleanProperty [value: false]
19:45:20.229 [FXGL Background Thread 3 ] DEBUG Engine               - devShowPositionProperty: BooleanProperty [value: false]
19:45:20.229 [FXGL Background Thread 3 ] DEBUG Engine               - enabledMenuItems: []
19:45:20.229 [FXGL Background Thread 3 ] DEBUG Engine               - engineServices: [class com.almasb.fxgl.app.services.FXGLAssetLoaderService, class com.almasb.fxgl.app.FXGLApplication$GameApplicationService, class com.almasb.fxgl.app.services.FXGLDialogService, class com.almasb.fxgl.app.services.IOTaskExecutorService, class com.almasb.fxgl.io.FileSystemService, class com.almasb.fxgl.localization.LocalizationService, class com.almasb.fxgl.app.services.SystemBundleService, class com.almasb.fxgl.profile.SaveLoadService, class com.almasb.fxgl.ui.FXGLUIFactoryServiceProvider, class com.almasb.fxgl.ui.FXGLDialogFactoryServiceProvider, class com.almasb.fxgl.audio.AudioPlayer, class com.almasb.fxgl.notification.impl.NotificationServiceProvider, class com.almasb.fxgl.achievement.AchievementService, class com.almasb.fxgl.cutscene.CutsceneService, class com.almasb.fxgl.minigames.MiniGameService, class com.almasb.fxgl.net.NetService, class com.almasb.fxgl.app.services.UpdaterService, class com.almasb.fxgl.dev.DevService]
19:45:20.230 [FXGL Background Thread 3 ] DEBUG Engine               - fontGame: kenvector_future.ttf
19:45:20.230 [FXGL Background Thread 3 ] DEBUG Engine               - fontMono: lucida_console.ttf
19:45:20.230 [FXGL Background Thread 3 ] DEBUG Engine               - fontText: Courier-Prime.ttf
19:45:20.230 [FXGL Background Thread 3 ] DEBUG Engine               - fontUI: VarelaRound-Regular.ttf
19:45:20.230 [FXGL Background Thread 3 ] DEBUG Engine               - fullScreen: BooleanProperty [value: false]
19:45:20.230 [FXGL Background Thread 3 ] DEBUG Engine               - gameDifficulty: MEDIUM
19:45:20.230 [FXGL Background Thread 3 ] DEBUG Engine               - gameDifficultyProperty: ObjectProperty [value: MEDIUM]
19:45:20.230 [FXGL Background Thread 3 ] DEBUG Engine               - globalMusicVolume: 0.5
19:45:20.230 [FXGL Background Thread 3 ] DEBUG Engine               - globalMusicVolumeProperty: DoubleProperty [value: 0.5]
19:45:20.230 [FXGL Background Thread 3 ] DEBUG Engine               - globalSoundVolume: 0.5
19:45:20.230 [FXGL Background Thread 3 ] DEBUG Engine               - globalSoundVolumeProperty: DoubleProperty [value: 0.5]
19:45:20.230 [FXGL Background Thread 3 ] DEBUG Engine               - height: 700
19:45:20.230 [FXGL Background Thread 3 ] DEBUG Engine               - is3D: false
19:45:20.230 [FXGL Background Thread 3 ] DEBUG Engine               - isAndroid: false
19:45:20.230 [FXGL Background Thread 3 ] DEBUG Engine               - isBrowser: false
19:45:20.230 [FXGL Background Thread 3 ] DEBUG Engine               - isClickFeedbackEnabled: false
19:45:20.230 [FXGL Background Thread 3 ] DEBUG Engine               - isCloseConfirmation: false
19:45:20.230 [FXGL Background Thread 3 ] DEBUG Engine               - isDesktop: true
19:45:20.230 [FXGL Background Thread 3 ] DEBUG Engine               - isDeveloperMenuEnabled: false
19:45:20.230 [FXGL Background Thread 3 ] DEBUG Engine               - isEntityPreloadEnabled: true
19:45:20.230 [FXGL Background Thread 3 ] DEBUG Engine               - isExperimentalTiledLargeMap: false
19:45:20.230 [FXGL Background Thread 3 ] DEBUG Engine               - isFileSystemWriteAllowed: true
19:45:20.230 [FXGL Background Thread 3 ] DEBUG Engine               - isFullScreenAllowed: true
19:45:20.230 [FXGL Background Thread 3 ] DEBUG Engine               - isFullScreenFromStart: false
19:45:20.230 [FXGL Background Thread 3 ] DEBUG Engine               - isGameMenuEnabled: true
19:45:20.230 [FXGL Background Thread 3 ] DEBUG Engine               - isIOS: false
19:45:20.230 [FXGL Background Thread 3 ] DEBUG Engine               - isIntroEnabled: false
19:45:20.230 [FXGL Background Thread 3 ] DEBUG Engine               - isLinux: false
19:45:20.230 [FXGL Background Thread 3 ] DEBUG Engine               - isMac: false
19:45:20.230 [FXGL Background Thread 3 ] DEBUG Engine               - isMainMenuEnabled: true
19:45:20.230 [FXGL Background Thread 3 ] DEBUG Engine               - isManualResizeEnabled: false
19:45:20.230 [FXGL Background Thread 3 ] DEBUG Engine               - isMobile: false
19:45:20.230 [FXGL Background Thread 3 ] DEBUG Engine               - isNative: false
19:45:20.230 [FXGL Background Thread 3 ] DEBUG Engine               - isPreserveResizeRatio: false
19:45:20.230 [FXGL Background Thread 3 ] DEBUG Engine               - isProfilingEnabled: false
19:45:20.230 [FXGL Background Thread 3 ] DEBUG Engine               - isScaleAffectedOnResize: true
19:45:20.230 [FXGL Background Thread 3 ] DEBUG Engine               - isSingleStep: false
19:45:20.231 [FXGL Background Thread 3 ] DEBUG Engine               - isUserProfileEnabled: false
19:45:20.231 [FXGL Background Thread 3 ] DEBUG Engine               - isWindows: true
19:45:20.231 [FXGL Background Thread 3 ] DEBUG Engine               - language: ObjectProperty [value: ENGLISH]
19:45:20.231 [FXGL Background Thread 3 ] DEBUG Engine               - menuKey: ESCAPE
19:45:20.231 [FXGL Background Thread 3 ] DEBUG Engine               - mouseSensitivity: 0.2
19:45:20.231 [FXGL Background Thread 3 ] DEBUG Engine               - notificationViewClass: class com.almasb.fxgl.notification.view.XboxNotificationView
19:45:20.231 [FXGL Background Thread 3 ] DEBUG Engine               - pixelsPerMeter: 50.0
19:45:20.231 [FXGL Background Thread 3 ] DEBUG Engine               - platform: WINDOWS
19:45:20.231 [FXGL Background Thread 3 ] DEBUG Engine               - prefHeightProperty: ReadOnlyDoubleProperty [value: 700.0]
19:45:20.231 [FXGL Background Thread 3 ] DEBUG Engine               - prefWidthProperty: ReadOnlyDoubleProperty [value: 1200.0]
19:45:20.231 [FXGL Background Thread 3 ] DEBUG Engine               - profileDir: profiles/
19:45:20.231 [FXGL Background Thread 3 ] DEBUG Engine               - profileName: StringProperty [value: DEFAULT]
19:45:20.231 [FXGL Background Thread 3 ] DEBUG Engine               - randomSeed: -1
19:45:20.231 [FXGL Background Thread 3 ] DEBUG Engine               - runtimeInfo: RuntimeInfo(platform=WINDOWS, version=11.16, build=25.05.2021 08.16)
19:45:20.231 [FXGL Background Thread 3 ] DEBUG Engine               - saveFileExt: sav
19:45:20.231 [FXGL Background Thread 3 ] DEBUG Engine               - scaledHeightProp$fxgl: DoubleProperty [bound, value: 700.0]
19:45:20.232 [FXGL Background Thread 3 ] DEBUG Engine               - scaledWidthProp$fxgl: DoubleProperty [bound, value: 1200.0]
19:45:20.232 [FXGL Background Thread 3 ] DEBUG Engine               - sceneFactory: com.almasb.fxgl.app.scene.SceneFactory@46b243b8
19:45:20.232 [FXGL Background Thread 3 ] DEBUG Engine               - secondsIn24h: 60
19:45:20.232 [FXGL Background Thread 3 ] DEBUG Engine               - soundMenuBack: background.mp3
19:45:20.232 [FXGL Background Thread 3 ] DEBUG Engine               - soundMenuPress: menu/press.wav
19:45:20.232 [FXGL Background Thread 3 ] DEBUG Engine               - soundMenuSelect: menu/select.wav
19:45:20.232 [FXGL Background Thread 3 ] DEBUG Engine               - soundNotification: core/notification.wav
19:45:20.232 [FXGL Background Thread 3 ] DEBUG Engine               - stageStyle: DECORATED
19:45:20.232 [FXGL Background Thread 3 ] DEBUG Engine               - supportedLanguages: [ENGLISH, FRENCH, GERMAN, HUNGARIAN, RUSSIAN]
19:45:20.232 [FXGL Background Thread 3 ] DEBUG Engine               - ticksPerSecond: -1
19:45:20.232 [FXGL Background Thread 3 ] DEBUG Engine               - title: Dead Space but Family Friendly
19:45:20.232 [FXGL Background Thread 3 ] DEBUG Engine               - urlGithub: https://github.com/AlmasB/FXGL
19:45:20.232 [FXGL Background Thread 3 ] DEBUG Engine               - urlLeaderboard: http://fxgl-top.herokuapp.com/
19:45:20.232 [FXGL Background Thread 3 ] DEBUG Engine               - urlPOM: https://raw.githubusercontent.com/AlmasB/FXGL/release/README.md
19:45:20.232 [FXGL Background Thread 3 ] DEBUG Engine               - userAppClass: class com.example.gamefx.MainGame
19:45:20.232 [FXGL Background Thread 3 ] DEBUG Engine               - version: 0.1
19:45:20.232 [FXGL Background Thread 3 ] DEBUG Engine               - versionCheckDays: 7
19:45:20.232 [FXGL Background Thread 3 ] DEBUG Engine               - width: 1200
19:45:20.232 [FXGL Background Thread 3 ] DEBUG Engine               - Logging services
19:45:20.232 [FXGL Background Thread 3 ] DEBUG Engine               - class com.almasb.fxgl.app.services.FXGLAssetLoaderService
19:45:20.232 [FXGL Background Thread 3 ] DEBUG Engine               - class com.almasb.fxgl.app.FXGLApplication$GameApplicationService
19:45:20.232 [FXGL Background Thread 3 ] DEBUG Engine               - class com.almasb.fxgl.app.services.FXGLDialogService
19:45:20.232 [FXGL Background Thread 3 ] DEBUG Engine               - class com.almasb.fxgl.app.services.IOTaskExecutorService
19:45:20.232 [FXGL Background Thread 3 ] DEBUG Engine               - class com.almasb.fxgl.io.FileSystemService
19:45:20.233 [FXGL Background Thread 3 ] DEBUG Engine               - class com.almasb.fxgl.localization.LocalizationService
19:45:20.233 [FXGL Background Thread 3 ] DEBUG Engine               - class com.almasb.fxgl.app.services.SystemBundleService
19:45:20.233 [FXGL Background Thread 3 ] DEBUG Engine               - class com.almasb.fxgl.profile.SaveLoadService
19:45:20.233 [FXGL Background Thread 3 ] DEBUG Engine               - class com.almasb.fxgl.ui.FXGLUIFactoryServiceProvider
19:45:20.233 [FXGL Background Thread 3 ] DEBUG Engine               - class com.almasb.fxgl.ui.FXGLDialogFactoryServiceProvider
19:45:20.233 [FXGL Background Thread 3 ] DEBUG Engine               - class com.almasb.fxgl.audio.AudioPlayer
19:45:20.233 [FXGL Background Thread 3 ] DEBUG Engine               - class com.almasb.fxgl.notification.impl.NotificationServiceProvider
19:45:20.233 [FXGL Background Thread 3 ] DEBUG Engine               - class com.almasb.fxgl.achievement.AchievementService
19:45:20.233 [FXGL Background Thread 3 ] DEBUG Engine               - class com.almasb.fxgl.cutscene.CutsceneService
19:45:20.233 [FXGL Background Thread 3 ] DEBUG Engine               - class com.almasb.fxgl.minigames.MiniGameService
19:45:20.233 [FXGL Background Thread 3 ] DEBUG Engine               - class com.almasb.fxgl.net.NetService
19:45:20.233 [FXGL Background Thread 3 ] DEBUG Engine               - class com.almasb.fxgl.app.services.UpdaterService
19:45:20.233 [FXGL Background Thread 3 ] DEBUG Engine               - class com.almasb.fxgl.dev.DevService
19:45:22.373 [JavaFX Application Thread] DEBUG Menu                 - fireNewGame()
19:45:22.373 [JavaFX Application Thread] DEBUG GameApplicationServi - Starting new game
19:45:22.374 [JavaFX Application Thread] DEBUG PrimaryStageWindow   - Pop state: FXGLDefaultMenu
19:45:22.374 [JavaFX Application Thread] DEBUG Input                - Clearing active input actions
19:45:22.375 [JavaFX Application Thread] DEBUG GameApplicationServi - Removing overlay from FXGLDefaultMenu and adding to FXGLMainMenuDummyScene
19:45:22.375 [JavaFX Application Thread] DEBUG PrimaryStageWindow   - FXGLMainMenuDummyScene <- FXGLDefaultMenu
19:45:22.375 [JavaFX Application Thread] DEBUG Input                - Clearing active input actions
19:45:22.378 [JavaFX Application Thread] DEBUG GameApplicationServi - Removing overlay from FXGLMainMenuDummyScene and adding to FXGLLoadingScene
19:45:22.378 [JavaFX Application Thread] DEBUG PrimaryStageWindow   - FXGLMainMenuDummyScene -> FXGLLoadingScene
19:45:22.378 [JavaFX Application Thread] DEBUG GameApplicationServi - Clearing previous game
19:45:22.378 [JavaFX Application Thread] DEBUG GameScene            - Clearing game scene
19:45:22.378 [JavaFX Application Thread] DEBUG GameWorld            - Clearing game world
19:45:22.378 [JavaFX Application Thread] DEBUG PhysicsWorld         - Clearing physics world
19:45:22.380 [FXGL Background Thread 2 ] DEBUG FXGLApplication      - Initializing game
19:45:22.391 [FXGL Background Thread 2 ] DEBUG FXGLAssetLoaderServi - Loading from file system: file:/C:/Users/Hao/Documents/DAM%202%20PRO/GameFX/target/classes/assets/textures/space.jpg
19:45:22.499 [FXGL Background Thread 2 ] DEBUG FXGLAssetLoaderServi - Loading from file system: file:/C:/Users/Hao/Documents/DAM%202%20PRO/GameFX/target/classes/assets/textures/center.png
19:45:22.515 [FXGL Background Thread 2 ] DEBUG FXGLAssetLoaderServi - Loading from file system: file:/C:/Users/Hao/Documents/DAM%202%20PRO/GameFX/target/classes/assets/music/background.mp3
19:45:22.583 [FXGL Background Thread 2 ] DEBUG AudioPlayer          - Playing music com.almasb.fxgl.audio.Music@3660dd22
19:45:22.584 [FXGL Background Thread 2 ] DEBUG FXGLAssetLoaderServi - Loading from file system: file:/C:/Users/Hao/Documents/DAM%202%20PRO/GameFX/target/classes/assets/textures/enterprise.png
19:45:22.588 [FXGL Background Thread 2 ] INFO  FXGLApplication      - Game initialization took: 0,209 sec
19:45:22.589 [JavaFX Application Thread] DEBUG Input                - Clearing active input actions
19:45:22.591 [JavaFX Application Thread] DEBUG GameApplicationServi - Removing overlay from FXGLLoadingScene and adding to GameScene
19:45:22.591 [JavaFX Application Thread] DEBUG PrimaryStageWindow   - FXGLLoadingScene -> GameScene
19:45:22.600 [JavaFX Application Thread] DEBUG FXGLAssetLoaderServi - Loading from file system: file:/C:/Users/Hao/Documents/DAM%202%20PRO/GameFX/target/classes/assets/textures/shipYellow_manned.png
19:45:23.139 [JavaFX Application Thread] DEBUG FXGLAssetLoaderServi - Loading from file system: file:/C:/Users/Hao/Documents/DAM%202%20PRO/GameFX/target/classes/assets/textures/laserred1.png
19:45:23.140 [JavaFX Application Thread] DEBUG FXGLAssetLoaderServi - Loading from file system: file:/C:/Users/Hao/Documents/DAM%202%20PRO/GameFX/target/classes/assets/sounds/sfx_laser1.wav
19:45:24.261 [JavaFX Application Thread] DEBUG PrimaryStageWindow   - Push state: FXGLDefaultMenu
19:45:24.261 [JavaFX Application Thread] DEBUG Input                - Clearing active input actions
19:45:24.262 [JavaFX Application Thread] DEBUG GameApplicationServi - Removing overlay from GameScene and adding to FXGLDefaultMenu
19:45:24.262 [JavaFX Application Thread] DEBUG PrimaryStageWindow   - GameScene -> FXGLDefaultMenu
19:45:27.808 [JavaFX Application Thread] DEBUG FXGLApplication      - Exiting FXGL
19:45:27.808 [JavaFX Application Thread] DEBUG LoopRunner           - Stopping loop
19:45:27.808 [JavaFX Application Thread] DEBUG SystemBundleService  - Saving FXGL system data
19:45:27.809 [JavaFX Application Thread] DEBUG FileSystemAccess     - Writing to: C:\Users\Hao\Documents\DAM 2 PRO\GameFX\system\fxgl.bundle
19:45:27.809 [JavaFX Application Thread] DEBUG Async                - Shutting down background threads
19:45:27.809 [JavaFX Application Thread] DEBUG PrimaryStageWindow   - Closing main window
19:45:27.818 [JavaFX Application Thread] DEBUG Logger               - Closing Logger
