19:50:59.480 [main                     ] DEBUG Logger               - Configured Logger
19:50:59.482 [main                     ] DEBUG GameApplication      - Logging settings
Title: Dead Space but Family Friendly
Version: 0.1
Width: 1536
Height: 864
Fullscreen: true
Intro: false
Profiling: false
Single step:false
App Mode: DEVELOPER
Menu Key: ESCAPE
Stage Style: DECORATED
Scene Factory: class com.almasb.fxgl.app.scene.SceneFactory

19:50:59.825 [JavaFX Application Thread] DEBUG FXGLApplication      - Initializing FXGL
19:50:59.827 [JavaFX Application Thread] INFO  Engine               - FXGL-11.16 (25.05.2021 08.16) on WINDOWS (J:18.0.2.1 FX:16)
19:50:59.827 [JavaFX Application Thread] DEBUG Engine               - JRE Vendor Name: Oracle Corporation
19:50:59.827 [JavaFX Application Thread] DEBUG Engine               - Running on OS: Windows 10 version 10.0
19:50:59.827 [JavaFX Application Thread] DEBUG Engine               - Architecture: amd64
19:50:59.827 [JavaFX Application Thread] INFO  Engine               - Source code and latest versions at: https://github.com/AlmasB/FXGL
19:50:59.827 [JavaFX Application Thread] INFO  Engine               -              Join the FXGL chat at: https://gitter.im/AlmasB/FXGL
19:50:59.893 [JavaFX Application Thread] DEBUG PrimaryStageWindow   - Creating a JavaFX scene
19:50:59.925 [JavaFX Application Thread] DEBUG PrimaryStageWindow   - Target settings size: 1536.0 x 864.0
19:50:59.925 [JavaFX Application Thread] DEBUG PrimaryStageWindow   - Scaled scene size:    1536.0 x 864.0
19:50:59.925 [JavaFX Application Thread] DEBUG PrimaryStageWindow   - Scaled ratio: (1.0, 1.0)
19:50:59.926 [JavaFX Application Thread] DEBUG PrimaryStageWindow   - Set initial scene to FXGLStartupScene
19:50:59.930 [JavaFX Application Thread] DEBUG PrimaryStageWindow   - Opening main window
19:50:59.985 [JavaFX Application Thread] DEBUG PrimaryStageWindow   - Window border size: (14.4000244140625, 37.5999755859375)
19:50:59.985 [JavaFX Application Thread] DEBUG PrimaryStageWindow   - Scaled size: 1536.0 x 864.0
19:50:59.986 [JavaFX Application Thread] DEBUG PrimaryStageWindow   - Scaled ratio: (1.0, 1.0)
19:50:59.986 [JavaFX Application Thread] DEBUG PrimaryStageWindow   - Scene size: 1536.0 x 864.0
19:50:59.986 [JavaFX Application Thread] DEBUG PrimaryStageWindow   - Stage size: 1550.4000244140625 x 901.5999755859375
19:51:00.075 [JavaFX Application Thread] DEBUG PrimaryStageWindow   - Going fullscreen
19:51:00.114 [FXGL Background Thread 1 ] DEBUG Engine               - Initializing environment variables
19:51:00.181 [FXGL Background Thread 1 ] DEBUG FXGLAssetLoaderServi - User app class for loading assets: class com.example.gamefx.MainGame
19:51:00.181 [FXGL Background Thread 1 ] DEBUG GameApplicationServi - Applying CSS: fxgl_dark.css
19:51:00.182 [FXGL Background Thread 1 ] DEBUG FXGLAssetLoaderServi - Loading from file system: jar:file:/C:/Users/Hao/.m2/repository/com/github/almasb/fxgl/11.16/fxgl-11.16.jar!/fxglassets/ui/css/fxgl_dark.css
19:51:00.225 [FXGL Background Thread 1 ] DEBUG GameApplicationServi - Initializing application scenes
19:51:00.294 [FXGL Background Thread 1 ] DEBUG GameWorld            - Game world initialized
19:51:00.346 [FXGL Background Thread 1 ] DEBUG PhysicsWorld         - Physics world initialized: appHeight=864, physics.ppm=50,0
19:51:00.346 [FXGL Background Thread 1 ] DEBUG PhysicsWorld         - Using strategy: BRUTE_FORCE
19:51:00.348 [FXGL Background Thread 1 ] DEBUG GameScene            - Game scene initialized: 1536x864
19:51:00.358 [FXGL Background Thread 1 ] DEBUG FXGL.DefaultMenu     - createMenuBodyGameMenu()
19:51:00.370 [FXGL Background Thread 1 ] DEBUG FXGL.DefaultMenu     - createOptionsMenu()
19:51:00.381 [FXGL Background Thread 1 ] DEBUG FXGLAssetLoaderServi - Loading from file system: jar:file:/C:/Users/Hao/.m2/repository/com/github/almasb/fxgl/11.16/fxgl-11.16.jar!/fxglassets/textures/particles/smoke.png
19:51:00.475 [FXGL Background Thread 1 ] DEBUG FXGLAssetLoaderServi - Loading from file system: jar:file:/C:/Users/Hao/.m2/repository/com/github/almasb/fxgl/11.16/fxgl-11.16.jar!/fxglassets/textures/particles/trace_horizontal.png
19:51:00.507 [FXGL Background Thread 1 ] DEBUG GameApplicationServi - Application scenes initialized
19:51:00.517 [FXGL Background Thread 1 ] DEBUG SystemBundleService  - Loading FXGL system data
19:51:00.521 [FXGL Background Thread 1 ] DEBUG FileSystemAccess     - Reading from: C:\Users\Hao\Documents\DAM 2 PRO\GameFX\system\fxgl.bundle
19:51:00.530 [FXGL Background Thread 1 ] DEBUG SystemBundleService  - Bundle FXGL: {}
19:51:00.530 [FXGL Background Thread 1 ] DEBUG UpdaterService       - Checking for updates
19:51:00.535 [FXGL Background Thread 4 ] DEBUG FXGLApplication      - Loading fonts
19:51:00.535 [FXGL Background Thread 1 ] DEBUG FXGLApplication      - Loading default localization
19:51:00.536 [FXGL Background Thread 4 ] DEBUG FXGLAssetLoaderServi - Loading from file system: jar:file:/C:/Users/Hao/.m2/repository/com/github/almasb/fxgl/11.16/fxgl-11.16.jar!/fxglassets/ui/fonts/VarelaRound-Regular.ttf
19:51:00.536 [FXGL Background Thread 1 ] DEBUG FXGLAssetLoaderServi - Loading from file system: jar:file:/C:/Users/Hao/.m2/repository/com/github/almasb/fxgl/11.16/fxgl-11.16.jar!/fxglassets/languages/english.lang
19:51:00.580 [FXGL Background Thread 1 ] INFO  FXGLApplication      - FXGL initialization took: 0,465 sec
19:51:00.591 [JavaFX Application Thread] DEBUG Input                - Registered new binding: left - Left
19:51:00.592 [JavaFX Application Thread] DEBUG Input                - Registered new binding: right - Right
19:51:00.592 [JavaFX Application Thread] DEBUG Input                - Registered new binding: up - Up
19:51:00.592 [JavaFX Application Thread] DEBUG Input                - Registered new binding: down - Down
19:51:00.594 [JavaFX Application Thread] DEBUG Input                - Registered new binding: Bullet - Space
19:51:00.594 [JavaFX Application Thread] DEBUG FXGLAssetLoaderServi - Loading from file system: jar:file:/C:/Users/Hao/.m2/repository/com/github/almasb/fxgl/11.16/fxgl-11.16.jar!/fxglassets/textures/fxgl_icon.png
19:51:00.619 [JavaFX Application Thread] DEBUG FXGLAssetLoaderServi - Loading from file system: jar:file:/C:/Users/Hao/.m2/repository/com/github/almasb/fxgl/11.16/fxgl-11.16.jar!/fxglassets/textures/fxgl_default_cursor.png
19:51:00.630 [JavaFX Application Thread] DEBUG Input                - Registered new binding: Screenshot - CTRL+8
19:51:00.631 [JavaFX Application Thread] DEBUG Input                - Registered new binding: System info dump - CTRL+9
19:51:00.632 [JavaFX Application Thread] DEBUG Input                - Registered new binding: Restart - CTRL+R
19:51:00.633 [JavaFX Application Thread] DEBUG Input                - Registered new binding: Toggle Debug Camera - CTRL+C
19:51:00.635 [JavaFX Application Thread] DEBUG LoopRunner           - Starting loop
19:51:00.635 [JavaFX Application Thread] DEBUG LoopRunner           - Initializing JavaFX AnimationTimerLoop
19:51:00.636 [JavaFX Application Thread] DEBUG GameApplicationServi - Starting new game
19:51:00.636 [JavaFX Application Thread] DEBUG Input                - Clearing active input actions
19:51:00.670 [JavaFX Application Thread] DEBUG GameApplicationServi - Removing overlay from FXGLStartupScene and adding to FXGLLoadingScene
19:51:00.671 [JavaFX Application Thread] DEBUG PrimaryStageWindow   - FXGLStartupScene -> FXGLLoadingScene
19:51:00.671 [JavaFX Application Thread] DEBUG GameApplicationServi - Clearing previous game
19:51:00.672 [JavaFX Application Thread] DEBUG GameScene            - Clearing game scene
19:51:00.673 [JavaFX Application Thread] DEBUG GameWorld            - Clearing game world
19:51:00.674 [JavaFX Application Thread] DEBUG PhysicsWorld         - Clearing physics world
19:51:00.677 [FXGL Background Thread 1 ] DEBUG FXGLApplication      - Initializing game
19:51:00.690 [FXGL Background Thread 1 ] DEBUG FXGLAssetLoaderServi - Loading from file system: file:/C:/Users/Hao/Documents/DAM%202%20PRO/GameFX/target/classes/assets/textures/space.jpg
19:51:00.927 [FXGL Background Thread 4 ] DEBUG FXGLAssetLoaderServi - Loading from file system: jar:file:/C:/Users/Hao/.m2/repository/com/github/almasb/fxgl/11.16/fxgl-11.16.jar!/fxglassets/ui/fonts/Abel-Regular.ttf
19:51:00.930 [FXGL Background Thread 4 ] DEBUG FXGLAssetLoaderServi - Loading from file system: jar:file:/C:/Users/Hao/.m2/repository/com/github/almasb/fxgl/11.16/fxgl-11.16.jar!/fxglassets/ui/fonts/lucida_console.ttf
19:51:00.944 [FXGL Background Thread 4 ] DEBUG FXGLAssetLoaderServi - Loading from file system: jar:file:/C:/Users/Hao/.m2/repository/com/github/almasb/fxgl/11.16/fxgl-11.16.jar!/fxglassets/ui/fonts/Courier-Prime.ttf
19:51:00.976 [FXGL Background Thread 1 ] DEBUG FXGLAssetLoaderServi - Loading from file system: file:/C:/Users/Hao/Documents/DAM%202%20PRO/GameFX/target/classes/assets/textures/center.png
19:51:01.024 [JavaFX Application Thread] DEBUG FXGLApplication      - Registering font factories with UI factory
19:51:01.041 [FXGL Background Thread 1 ] DEBUG FXGLAssetLoaderServi - Loading from file system: file:/C:/Users/Hao/Documents/DAM%202%20PRO/GameFX/target/classes/assets/textures/enterprise.png
19:51:01.073 [FXGL Background Thread 1 ] INFO  FXGLApplication      - Game initialization took: 0,396 sec
19:51:01.079 [JavaFX Application Thread] DEBUG Input                - Clearing active input actions
19:51:01.090 [JavaFX Application Thread] DEBUG GameApplicationServi - Removing overlay from FXGLLoadingScene and adding to GameScene
19:51:01.090 [JavaFX Application Thread] DEBUG PrimaryStageWindow   - FXGLLoadingScene -> GameScene
19:51:01.226 [FXGL Background Thread 2 ] INFO  UpdaterService       - Your current version:  11.16
19:51:01.226 [FXGL Background Thread 2 ] INFO  UpdaterService       - Latest stable version: 17.2
19:51:03.063 [JavaFX Application Thread] DEBUG FXGLApplication      - Exiting FXGL
19:51:03.064 [JavaFX Application Thread] DEBUG LoopRunner           - Stopping loop
19:51:03.067 [JavaFX Application Thread] DEBUG SystemBundleService  - Saving FXGL system data
19:51:03.078 [JavaFX Application Thread] DEBUG FileSystemAccess     - Writing to: C:\Users\Hao\Documents\DAM 2 PRO\GameFX\system\fxgl.bundle
19:51:03.093 [JavaFX Application Thread] DEBUG Async                - Shutting down background threads
19:51:03.094 [JavaFX Application Thread] DEBUG PrimaryStageWindow   - Closing main window
19:51:03.286 [JavaFX Application Thread] DEBUG Logger               - Closing Logger
