16:34:03.806 [main                     ] DEBUG Logger               - Configured Logger
16:34:03.808 [main                     ] DEBUG GameApplication      - Logging settings
Title: Dead Space but Family Friendly
Version: 0.1
Width: 1200
Height: 700
Fullscreen: true
Intro: false
Profiling: false
Single step:false
App Mode: DEVELOPER
Menu Key: ESCAPE
Stage Style: DECORATED
Scene Factory: class com.almasb.fxgl.app.scene.SceneFactory

16:34:04.009 [JavaFX Application Thread] DEBUG FXGLApplication      - Initializing FXGL
16:34:04.010 [JavaFX Application Thread] INFO  Engine               - FXGL-11.16 (25.05.2021 08.16) on WINDOWS (J:18.0.2.1 FX:16)
16:34:04.010 [JavaFX Application Thread] DEBUG Engine               - JRE Vendor Name: Oracle Corporation
16:34:04.010 [JavaFX Application Thread] DEBUG Engine               - Running on OS: Windows 10 version 10.0
16:34:04.010 [JavaFX Application Thread] DEBUG Engine               - Architecture: amd64
16:34:04.010 [JavaFX Application Thread] INFO  Engine               - Source code and latest versions at: https://github.com/AlmasB/FXGL
16:34:04.010 [JavaFX Application Thread] INFO  Engine               -              Join the FXGL chat at: https://gitter.im/AlmasB/FXGL
16:34:04.062 [JavaFX Application Thread] DEBUG PrimaryStageWindow   - Creating a JavaFX scene
16:34:04.085 [JavaFX Application Thread] DEBUG PrimaryStageWindow   - Target settings size: 1200.0 x 700.0
16:34:04.085 [JavaFX Application Thread] DEBUG PrimaryStageWindow   - Scaled scene size:    1200.0 x 700.0
16:34:04.085 [JavaFX Application Thread] DEBUG PrimaryStageWindow   - Scaled ratio: (1.0, 1.0)
16:34:04.086 [JavaFX Application Thread] DEBUG PrimaryStageWindow   - Set initial scene to FXGLStartupScene
16:34:04.089 [JavaFX Application Thread] DEBUG PrimaryStageWindow   - Opening main window
16:34:04.133 [JavaFX Application Thread] DEBUG PrimaryStageWindow   - Window border size: (14.4000244140625, 37.5999755859375)
16:34:04.133 [JavaFX Application Thread] DEBUG PrimaryStageWindow   - Scaled size: 1200.0 x 700.0
16:34:04.133 [JavaFX Application Thread] DEBUG PrimaryStageWindow   - Scaled ratio: (1.0, 1.0)
16:34:04.133 [JavaFX Application Thread] DEBUG PrimaryStageWindow   - Scene size: 1200.0 x 700.0
16:34:04.133 [JavaFX Application Thread] DEBUG PrimaryStageWindow   - Stage size: 1214.4000244140625 x 737.5999755859375
16:34:04.137 [FXGL Background Thread 1 ] DEBUG Engine               - Initializing environment variables
16:34:04.168 [FXGL Background Thread 1 ] DEBUG FXGLAssetLoaderServi - User app class for loading assets: class com.example.gamefx.MainGame
16:34:04.168 [FXGL Background Thread 1 ] DEBUG GameApplicationServi - Applying CSS: fxgl_dark.css
16:34:04.168 [FXGL Background Thread 1 ] DEBUG FXGLAssetLoaderServi - Loading from file system: jar:file:/C:/Users/Hao/.m2/repository/com/github/almasb/fxgl/11.16/fxgl-11.16.jar!/fxglassets/ui/css/fxgl_dark.css
16:34:04.191 [FXGL Background Thread 1 ] DEBUG GameApplicationServi - Initializing application scenes
16:34:04.214 [FXGL Background Thread 1 ] DEBUG GameWorld            - Game world initialized
16:34:04.245 [FXGL Background Thread 1 ] DEBUG PhysicsWorld         - Physics world initialized: appHeight=700, physics.ppm=50,0
16:34:04.246 [FXGL Background Thread 1 ] DEBUG PhysicsWorld         - Using strategy: BRUTE_FORCE
16:34:04.247 [FXGL Background Thread 1 ] DEBUG GameScene            - Game scene initialized: 1200x700
16:34:04.254 [FXGL Background Thread 1 ] DEBUG FXGL.DefaultMenu     - createMenuBodyGameMenu()
16:34:04.263 [FXGL Background Thread 1 ] DEBUG FXGL.DefaultMenu     - createOptionsMenu()
16:34:04.268 [FXGL Background Thread 1 ] DEBUG FXGLAssetLoaderServi - Loading from file system: jar:file:/C:/Users/Hao/.m2/repository/com/github/almasb/fxgl/11.16/fxgl-11.16.jar!/fxglassets/textures/particles/smoke.png
16:34:04.324 [FXGL Background Thread 1 ] DEBUG FXGLAssetLoaderServi - Loading from file system: jar:file:/C:/Users/Hao/.m2/repository/com/github/almasb/fxgl/11.16/fxgl-11.16.jar!/fxglassets/textures/particles/trace_horizontal.png
16:34:04.340 [FXGL Background Thread 1 ] DEBUG GameApplicationServi - Application scenes initialized
16:34:04.347 [FXGL Background Thread 1 ] DEBUG SystemBundleService  - Loading FXGL system data
16:34:04.349 [FXGL Background Thread 1 ] DEBUG FileSystemAccess     - Reading from: C:\Users\Hao\Documents\DAM 2 PRO\GameFX\system\fxgl.bundle
16:34:04.354 [FXGL Background Thread 1 ] DEBUG SystemBundleService  - Bundle FXGL: {}
16:34:04.354 [FXGL Background Thread 1 ] DEBUG UpdaterService       - Checking for updates
16:34:04.357 [FXGL Background Thread 4 ] DEBUG FXGLApplication      - Loading fonts
16:34:04.357 [FXGL Background Thread 4 ] DEBUG FXGLAssetLoaderServi - Loading from file system: jar:file:/C:/Users/Hao/.m2/repository/com/github/almasb/fxgl/11.16/fxgl-11.16.jar!/fxglassets/ui/fonts/VarelaRound-Regular.ttf
16:34:04.357 [FXGL Background Thread 1 ] DEBUG FXGLApplication      - Loading default localization
16:34:04.357 [FXGL Background Thread 1 ] DEBUG FXGLAssetLoaderServi - Loading from file system: jar:file:/C:/Users/Hao/.m2/repository/com/github/almasb/fxgl/11.16/fxgl-11.16.jar!/fxglassets/languages/english.lang
16:34:04.370 [FXGL Background Thread 1 ] INFO  FXGLApplication      - FXGL initialization took: 0,234 sec
16:34:04.377 [JavaFX Application Thread] DEBUG Input                - Registered new binding: left - Left
16:34:04.377 [JavaFX Application Thread] DEBUG Input                - Registered new binding: right - Right
16:34:04.377 [JavaFX Application Thread] DEBUG Input                - Registered new binding: up - Up
16:34:04.377 [JavaFX Application Thread] DEBUG Input                - Registered new binding: down - Down
16:34:04.378 [JavaFX Application Thread] DEBUG Input                - Registered new binding: Bullet - Space
16:34:04.378 [JavaFX Application Thread] DEBUG FXGLAssetLoaderServi - Loading from file system: jar:file:/C:/Users/Hao/.m2/repository/com/github/almasb/fxgl/11.16/fxgl-11.16.jar!/fxglassets/textures/fxgl_icon.png
16:34:04.388 [FXGL Background Thread 4 ] DEBUG FXGLAssetLoaderServi - Loading from file system: jar:file:/C:/Users/Hao/.m2/repository/com/github/almasb/fxgl/11.16/fxgl-11.16.jar!/fxglassets/ui/fonts/Abel-Regular.ttf
16:34:04.390 [FXGL Background Thread 4 ] DEBUG FXGLAssetLoaderServi - Loading from file system: jar:file:/C:/Users/Hao/.m2/repository/com/github/almasb/fxgl/11.16/fxgl-11.16.jar!/fxglassets/ui/fonts/lucida_console.ttf
16:34:04.391 [JavaFX Application Thread] DEBUG FXGLAssetLoaderServi - Loading from file system: jar:file:/C:/Users/Hao/.m2/repository/com/github/almasb/fxgl/11.16/fxgl-11.16.jar!/fxglassets/textures/fxgl_default_cursor.png
16:34:04.392 [JavaFX Application Thread] DEBUG Input                - Registered new binding: Screenshot - CTRL+8
16:34:04.393 [JavaFX Application Thread] DEBUG Input                - Registered new binding: System info dump - CTRL+9
16:34:04.393 [JavaFX Application Thread] DEBUG Input                - Registered new binding: Restart - CTRL+R
16:34:04.393 [FXGL Background Thread 4 ] DEBUG FXGLAssetLoaderServi - Loading from file system: jar:file:/C:/Users/Hao/.m2/repository/com/github/almasb/fxgl/11.16/fxgl-11.16.jar!/fxglassets/ui/fonts/Courier-Prime.ttf
16:34:04.394 [JavaFX Application Thread] DEBUG Input                - Registered new binding: Toggle Debug Camera - CTRL+C
16:34:04.396 [JavaFX Application Thread] DEBUG LoopRunner           - Starting loop
16:34:04.396 [JavaFX Application Thread] DEBUG LoopRunner           - Initializing JavaFX AnimationTimerLoop
16:34:04.398 [JavaFX Application Thread] DEBUG GameApplicationServi - Starting new game
16:34:04.398 [JavaFX Application Thread] DEBUG Input                - Clearing active input actions
16:34:04.406 [JavaFX Application Thread] DEBUG GameApplicationServi - Removing overlay from FXGLStartupScene and adding to FXGLLoadingScene
16:34:04.406 [JavaFX Application Thread] DEBUG PrimaryStageWindow   - FXGLStartupScene -> FXGLLoadingScene
16:34:04.406 [JavaFX Application Thread] DEBUG GameApplicationServi - Clearing previous game
16:34:04.406 [JavaFX Application Thread] DEBUG GameScene            - Clearing game scene
16:34:04.406 [JavaFX Application Thread] DEBUG GameWorld            - Clearing game world
16:34:04.407 [JavaFX Application Thread] DEBUG PhysicsWorld         - Clearing physics world
16:34:04.408 [FXGL Background Thread 4 ] DEBUG FXGLApplication      - Initializing game
16:34:04.417 [FXGL Background Thread 4 ] DEBUG FXGLAssetLoaderServi - Loading from file system: file:/C:/Users/Hao/Documents/DAM%202%20PRO/GameFX/target/classes/assets/textures/space.jpg
16:34:04.540 [FXGL Background Thread 4 ] DEBUG FXGLAssetLoaderServi - Loading from file system: file:/C:/Users/Hao/Documents/DAM%202%20PRO/GameFX/target/classes/assets/textures/center.png
16:34:04.581 [FXGL Background Thread 4 ] DEBUG FXGLAssetLoaderServi - Loading from file system: file:/C:/Users/Hao/Documents/DAM%202%20PRO/GameFX/target/classes/assets/music/background.mp3
16:34:04.643 [FXGL Background Thread 4 ] DEBUG AudioPlayer          - Playing music com.almasb.fxgl.audio.Music@4de1a5ad
16:34:04.644 [FXGL Background Thread 4 ] DEBUG FXGLAssetLoaderServi - Loading from file system: file:/C:/Users/Hao/Documents/DAM%202%20PRO/GameFX/target/classes/assets/textures/enterprise.png
16:34:04.649 [FXGL Background Thread 4 ] INFO  FXGLApplication      - Game initialization took: 0,242 sec
16:34:04.650 [JavaFX Application Thread] DEBUG Input                - Clearing active input actions
16:34:04.655 [JavaFX Application Thread] DEBUG GameApplicationServi - Removing overlay from FXGLLoadingScene and adding to GameScene
16:34:04.656 [JavaFX Application Thread] DEBUG PrimaryStageWindow   - FXGLLoadingScene -> GameScene
16:34:04.662 [JavaFX Application Thread] DEBUG FXGLAssetLoaderServi - Loading from file system: file:/C:/Users/Hao/Documents/DAM%202%20PRO/GameFX/target/classes/assets/textures/shipYellow_manned.png
16:34:04.876 [FXGL Background Thread 2 ] INFO  UpdaterService       - Your current version:  11.16
16:34:04.876 [FXGL Background Thread 2 ] INFO  UpdaterService       - Latest stable version: 17.2
16:34:07.357 [FXGL Background Thread 3 ] DEBUG Engine               - Logging environment variables
16:34:07.358 [FXGL Background Thread 3 ] DEBUG Engine               - achievements: []
16:34:07.358 [FXGL Background Thread 3 ] DEBUG Engine               - actualHeight: 700.0
16:34:07.358 [FXGL Background Thread 3 ] DEBUG Engine               - actualHeightProperty: ReadOnlyDoubleProperty [value: 700.0]
16:34:07.358 [FXGL Background Thread 3 ] DEBUG Engine               - actualWidth: 1200.0
16:34:07.358 [FXGL Background Thread 3 ] DEBUG Engine               - actualWidthProperty: ReadOnlyDoubleProperty [value: 1200.0]
16:34:07.358 [FXGL Background Thread 3 ] DEBUG Engine               - appIcon: fxgl_icon.png
16:34:07.358 [FXGL Background Thread 3 ] DEBUG Engine               - applicationMode: DEVELOPER
16:34:07.359 [FXGL Background Thread 3 ] DEBUG Engine               - cSSList: [fxgl_dark.css]
16:34:07.359 [FXGL Background Thread 3 ] DEBUG Engine               - collisionDetectionStrategy: BRUTE_FORCE
16:34:07.359 [FXGL Background Thread 3 ] DEBUG Engine               - configClass: Optional.empty
16:34:07.359 [FXGL Background Thread 3 ] DEBUG Engine               - credits: []
16:34:07.359 [FXGL Background Thread 3 ] DEBUG Engine               - defaultCursor: CursorInfo(imageName=fxgl_default_cursor.png, hotspotX=7.0, hotspotY=6.0)
16:34:07.359 [FXGL Background Thread 3 ] DEBUG Engine               - devBBoxColorProperty: ObjectProperty [value: 0xff0000ff]
16:34:07.359 [FXGL Background Thread 3 ] DEBUG Engine               - devEnableDebugCameraProperty: BooleanProperty [value: false]
16:34:07.359 [FXGL Background Thread 3 ] DEBUG Engine               - devSensorColorProperty: ObjectProperty [value: 0xffff00ff]
16:34:07.360 [FXGL Background Thread 3 ] DEBUG Engine               - devShowBBoxProperty: BooleanProperty [value: false]
16:34:07.360 [FXGL Background Thread 3 ] DEBUG Engine               - devShowPositionProperty: BooleanProperty [value: false]
16:34:07.360 [FXGL Background Thread 3 ] DEBUG Engine               - enabledMenuItems: []
16:34:07.360 [FXGL Background Thread 3 ] DEBUG Engine               - engineServices: [class com.almasb.fxgl.app.services.FXGLAssetLoaderService, class com.almasb.fxgl.app.FXGLApplication$GameApplicationService, class com.almasb.fxgl.app.services.FXGLDialogService, class com.almasb.fxgl.app.services.IOTaskExecutorService, class com.almasb.fxgl.io.FileSystemService, class com.almasb.fxgl.localization.LocalizationService, class com.almasb.fxgl.app.services.SystemBundleService, class com.almasb.fxgl.profile.SaveLoadService, class com.almasb.fxgl.ui.FXGLUIFactoryServiceProvider, class com.almasb.fxgl.ui.FXGLDialogFactoryServiceProvider, class com.almasb.fxgl.audio.AudioPlayer, class com.almasb.fxgl.notification.impl.NotificationServiceProvider, class com.almasb.fxgl.achievement.AchievementService, class com.almasb.fxgl.cutscene.CutsceneService, class com.almasb.fxgl.minigames.MiniGameService, class com.almasb.fxgl.net.NetService, class com.almasb.fxgl.app.services.UpdaterService, class com.almasb.fxgl.dev.DevService]
16:34:07.360 [FXGL Background Thread 3 ] DEBUG Engine               - fontGame: Abel-Regular.ttf
16:34:07.360 [FXGL Background Thread 3 ] DEBUG Engine               - fontMono: lucida_console.ttf
16:34:07.360 [FXGL Background Thread 3 ] DEBUG Engine               - fontText: Courier-Prime.ttf
16:34:07.360 [FXGL Background Thread 3 ] DEBUG Engine               - fontUI: VarelaRound-Regular.ttf
16:34:07.361 [FXGL Background Thread 3 ] DEBUG Engine               - fullScreen: BooleanProperty [value: false]
16:34:07.361 [FXGL Background Thread 3 ] DEBUG Engine               - gameDifficulty: MEDIUM
16:34:07.361 [FXGL Background Thread 3 ] DEBUG Engine               - gameDifficultyProperty: ObjectProperty [value: MEDIUM]
16:34:07.361 [FXGL Background Thread 3 ] DEBUG Engine               - globalMusicVolume: 0.5
16:34:07.362 [FXGL Background Thread 3 ] DEBUG Engine               - globalMusicVolumeProperty: DoubleProperty [value: 0.5]
16:34:07.363 [FXGL Background Thread 3 ] DEBUG Engine               - globalSoundVolume: 0.5
16:34:07.363 [FXGL Background Thread 3 ] DEBUG Engine               - globalSoundVolumeProperty: DoubleProperty [value: 0.5]
16:34:07.363 [FXGL Background Thread 3 ] DEBUG Engine               - height: 700
16:34:07.363 [FXGL Background Thread 3 ] DEBUG Engine               - is3D: false
16:34:07.363 [FXGL Background Thread 3 ] DEBUG Engine               - isAndroid: false
16:34:07.363 [FXGL Background Thread 3 ] DEBUG Engine               - isBrowser: false
16:34:07.363 [FXGL Background Thread 3 ] DEBUG Engine               - isClickFeedbackEnabled: false
16:34:07.363 [FXGL Background Thread 3 ] DEBUG Engine               - isCloseConfirmation: false
16:34:07.363 [FXGL Background Thread 3 ] DEBUG Engine               - isDesktop: true
16:34:07.363 [FXGL Background Thread 3 ] DEBUG Engine               - isDeveloperMenuEnabled: false
16:34:07.363 [FXGL Background Thread 3 ] DEBUG Engine               - isEntityPreloadEnabled: true
16:34:07.363 [FXGL Background Thread 3 ] DEBUG Engine               - isExperimentalTiledLargeMap: false
16:34:07.363 [FXGL Background Thread 3 ] DEBUG Engine               - isFileSystemWriteAllowed: true
16:34:07.363 [FXGL Background Thread 3 ] DEBUG Engine               - isFullScreenAllowed: true
16:34:07.364 [FXGL Background Thread 3 ] DEBUG Engine               - isFullScreenFromStart: false
16:34:07.364 [FXGL Background Thread 3 ] DEBUG Engine               - isGameMenuEnabled: true
16:34:07.364 [FXGL Background Thread 3 ] DEBUG Engine               - isIOS: false
16:34:07.364 [FXGL Background Thread 3 ] DEBUG Engine               - isIntroEnabled: false
16:34:07.364 [FXGL Background Thread 3 ] DEBUG Engine               - isLinux: false
16:34:07.364 [FXGL Background Thread 3 ] DEBUG Engine               - isMac: false
16:34:07.364 [FXGL Background Thread 3 ] DEBUG Engine               - isMainMenuEnabled: false
16:34:07.364 [FXGL Background Thread 3 ] DEBUG Engine               - isManualResizeEnabled: false
16:34:07.364 [FXGL Background Thread 3 ] DEBUG Engine               - isMobile: false
16:34:07.364 [FXGL Background Thread 3 ] DEBUG Engine               - isNative: false
16:34:07.364 [FXGL Background Thread 3 ] DEBUG Engine               - isPreserveResizeRatio: false
16:34:07.364 [FXGL Background Thread 3 ] DEBUG Engine               - isProfilingEnabled: false
16:34:07.364 [FXGL Background Thread 3 ] DEBUG Engine               - isScaleAffectedOnResize: true
16:34:07.364 [FXGL Background Thread 3 ] DEBUG Engine               - isSingleStep: false
16:34:07.364 [FXGL Background Thread 3 ] DEBUG Engine               - isUserProfileEnabled: false
16:34:07.364 [FXGL Background Thread 3 ] DEBUG Engine               - isWindows: true
16:34:07.364 [FXGL Background Thread 3 ] DEBUG Engine               - language: ObjectProperty [value: ENGLISH]
16:34:07.364 [FXGL Background Thread 3 ] DEBUG Engine               - menuKey: ESCAPE
16:34:07.364 [FXGL Background Thread 3 ] DEBUG Engine               - mouseSensitivity: 0.2
16:34:07.364 [FXGL Background Thread 3 ] DEBUG Engine               - notificationViewClass: class com.almasb.fxgl.notification.view.XboxNotificationView
16:34:07.364 [FXGL Background Thread 3 ] DEBUG Engine               - pixelsPerMeter: 50.0
16:34:07.364 [FXGL Background Thread 3 ] DEBUG Engine               - platform: WINDOWS
16:34:07.364 [FXGL Background Thread 3 ] DEBUG Engine               - prefHeightProperty: ReadOnlyDoubleProperty [value: 700.0]
16:34:07.364 [FXGL Background Thread 3 ] DEBUG Engine               - prefWidthProperty: ReadOnlyDoubleProperty [value: 1200.0]
16:34:07.365 [FXGL Background Thread 3 ] DEBUG Engine               - profileDir: profiles/
16:34:07.365 [FXGL Background Thread 3 ] DEBUG Engine               - profileName: StringProperty [value: DEFAULT]
16:34:07.365 [FXGL Background Thread 3 ] DEBUG Engine               - randomSeed: -1
16:34:07.365 [FXGL Background Thread 3 ] DEBUG Engine               - runtimeInfo: RuntimeInfo(platform=WINDOWS, version=11.16, build=25.05.2021 08.16)
16:34:07.365 [FXGL Background Thread 3 ] DEBUG Engine               - saveFileExt: sav
16:34:07.365 [FXGL Background Thread 3 ] DEBUG Engine               - scaledHeightProp$fxgl: DoubleProperty [bound, value: 700.0]
16:34:07.365 [FXGL Background Thread 3 ] DEBUG Engine               - scaledWidthProp$fxgl: DoubleProperty [bound, value: 1200.0]
16:34:07.365 [FXGL Background Thread 3 ] DEBUG Engine               - sceneFactory: com.almasb.fxgl.app.scene.SceneFactory@63c79255
16:34:07.365 [FXGL Background Thread 3 ] DEBUG Engine               - secondsIn24h: 60
16:34:07.365 [FXGL Background Thread 3 ] DEBUG Engine               - soundMenuBack: menu/back.wav
16:34:07.365 [FXGL Background Thread 3 ] DEBUG Engine               - soundMenuPress: menu/press.wav
16:34:07.365 [FXGL Background Thread 3 ] DEBUG Engine               - soundMenuSelect: menu/select.wav
16:34:07.365 [FXGL Background Thread 3 ] DEBUG Engine               - soundNotification: core/notification.wav
16:34:07.365 [FXGL Background Thread 3 ] DEBUG Engine               - stageStyle: DECORATED
16:34:07.365 [FXGL Background Thread 3 ] DEBUG Engine               - supportedLanguages: [ENGLISH, FRENCH, GERMAN, HUNGARIAN, RUSSIAN]
16:34:07.365 [FXGL Background Thread 3 ] DEBUG Engine               - ticksPerSecond: -1
16:34:07.365 [FXGL Background Thread 3 ] DEBUG Engine               - title: Dead Space but Family Friendly
16:34:07.365 [FXGL Background Thread 3 ] DEBUG Engine               - urlGithub: https://github.com/AlmasB/FXGL
16:34:07.365 [FXGL Background Thread 3 ] DEBUG Engine               - urlLeaderboard: http://fxgl-top.herokuapp.com/
16:34:07.366 [FXGL Background Thread 3 ] DEBUG Engine               - urlPOM: https://raw.githubusercontent.com/AlmasB/FXGL/release/README.md
16:34:07.366 [FXGL Background Thread 3 ] DEBUG Engine               - userAppClass: class com.example.gamefx.MainGame
16:34:07.366 [FXGL Background Thread 3 ] DEBUG Engine               - version: 0.1
16:34:07.366 [FXGL Background Thread 3 ] DEBUG Engine               - versionCheckDays: 7
16:34:07.366 [FXGL Background Thread 3 ] DEBUG Engine               - width: 1200
16:34:07.366 [FXGL Background Thread 3 ] DEBUG Engine               - Logging services
16:34:07.366 [FXGL Background Thread 3 ] DEBUG Engine               - class com.almasb.fxgl.app.services.FXGLAssetLoaderService
16:34:07.366 [FXGL Background Thread 3 ] DEBUG Engine               - class com.almasb.fxgl.app.FXGLApplication$GameApplicationService
16:34:07.366 [FXGL Background Thread 3 ] DEBUG Engine               - class com.almasb.fxgl.app.services.FXGLDialogService
16:34:07.366 [FXGL Background Thread 3 ] DEBUG Engine               - class com.almasb.fxgl.app.services.IOTaskExecutorService
16:34:07.366 [FXGL Background Thread 3 ] DEBUG Engine               - class com.almasb.fxgl.io.FileSystemService
16:34:07.366 [FXGL Background Thread 3 ] DEBUG Engine               - class com.almasb.fxgl.localization.LocalizationService
16:34:07.366 [FXGL Background Thread 3 ] DEBUG Engine               - class com.almasb.fxgl.app.services.SystemBundleService
16:34:07.366 [FXGL Background Thread 3 ] DEBUG Engine               - class com.almasb.fxgl.profile.SaveLoadService
16:34:07.366 [FXGL Background Thread 3 ] DEBUG Engine               - class com.almasb.fxgl.ui.FXGLUIFactoryServiceProvider
16:34:07.366 [FXGL Background Thread 3 ] DEBUG Engine               - class com.almasb.fxgl.ui.FXGLDialogFactoryServiceProvider
16:34:07.367 [FXGL Background Thread 3 ] DEBUG Engine               - class com.almasb.fxgl.audio.AudioPlayer
16:34:07.367 [FXGL Background Thread 3 ] DEBUG Engine               - class com.almasb.fxgl.notification.impl.NotificationServiceProvider
16:34:07.367 [FXGL Background Thread 3 ] DEBUG Engine               - class com.almasb.fxgl.achievement.AchievementService
16:34:07.367 [FXGL Background Thread 3 ] DEBUG Engine               - class com.almasb.fxgl.cutscene.CutsceneService
16:34:07.367 [FXGL Background Thread 3 ] DEBUG Engine               - class com.almasb.fxgl.minigames.MiniGameService
16:34:07.367 [FXGL Background Thread 3 ] DEBUG Engine               - class com.almasb.fxgl.net.NetService
16:34:07.367 [FXGL Background Thread 3 ] DEBUG Engine               - class com.almasb.fxgl.app.services.UpdaterService
16:34:07.367 [FXGL Background Thread 3 ] DEBUG Engine               - class com.almasb.fxgl.dev.DevService
16:34:11.644 [JavaFX Application Thread] DEBUG FXGLAssetLoaderServi - Loading from file system: file:/C:/Users/Hao/Documents/DAM%202%20PRO/GameFX/target/classes/assets/textures/laserred1.png
16:34:11.649 [JavaFX Application Thread] DEBUG FXGLAssetLoaderServi - Loading from file system: file:/C:/Users/Hao/Documents/DAM%202%20PRO/GameFX/target/classes/assets/sounds/sfx_laser1.wav
16:34:13.956 [JavaFX Application Thread] DEBUG FXGLAssetLoaderServi - Loading from file system: file:/C:/Users/Hao/Documents/DAM%202%20PRO/GameFX/target/classes/assets/textures/laserYellow_burst.png
16:34:13.960 [JavaFX Application Thread] DEBUG FXGLAssetLoaderServi - Loading from file system: file:/C:/Users/Hao/Documents/DAM%202%20PRO/GameFX/target/classes/assets/textures/pill_green.png
16:34:13.962 [JavaFX Application Thread] WARN  Entity               - Entity already has component: com.almasb.fxgl.entity.components.CollidableComponent
16:34:13.963 [JavaFX Application Thread] DEBUG FXGLAssetLoaderServi - Loading from file system: file:/C:/Users/Hao/Documents/DAM%202%20PRO/GameFX/target/classes/assets/sounds/explosion.wav
16:34:17.708 [JavaFX Application Thread] DEBUG FXGLApplication      - Exiting FXGL
16:34:17.709 [JavaFX Application Thread] DEBUG LoopRunner           - Stopping loop
16:34:17.709 [JavaFX Application Thread] DEBUG SystemBundleService  - Saving FXGL system data
16:34:17.713 [JavaFX Application Thread] DEBUG FileSystemAccess     - Writing to: C:\Users\Hao\Documents\DAM 2 PRO\GameFX\system\fxgl.bundle
16:34:17.715 [JavaFX Application Thread] DEBUG Async                - Shutting down background threads
16:34:17.716 [JavaFX Application Thread] DEBUG PrimaryStageWindow   - Closing main window
16:34:17.728 [JavaFX Application Thread] DEBUG Logger               - Closing Logger
