17:47:27.614 [main                     ] DEBUG Logger               - Configured Logger
17:47:27.616 [main                     ] DEBUG GameApplication      - Logging settings
Title: Dead Space but Family Friendly
Version: 0.1
Width: 1200
Height: 700
Fullscreen: true
Intro: false
Profiling: false
Single step:false
App Mode: DEVELOPER
Menu Key: ESCAPE
Stage Style: DECORATED
Scene Factory: class com.almasb.fxgl.app.scene.SceneFactory

17:47:27.819 [JavaFX Application Thread] DEBUG FXGLApplication      - Initializing FXGL
17:47:27.820 [JavaFX Application Thread] INFO  Engine               - FXGL-11.16 (25.05.2021 08.16) on WINDOWS (J:18.0.2.1 FX:16)
17:47:27.820 [JavaFX Application Thread] DEBUG Engine               - JRE Vendor Name: Oracle Corporation
17:47:27.820 [JavaFX Application Thread] DEBUG Engine               - Running on OS: Windows 10 version 10.0
17:47:27.820 [JavaFX Application Thread] DEBUG Engine               - Architecture: amd64
17:47:27.821 [JavaFX Application Thread] INFO  Engine               - Source code and latest versions at: https://github.com/AlmasB/FXGL
17:47:27.821 [JavaFX Application Thread] INFO  Engine               -              Join the FXGL chat at: https://gitter.im/AlmasB/FXGL
17:47:27.874 [JavaFX Application Thread] DEBUG PrimaryStageWindow   - Creating a JavaFX scene
17:47:27.898 [JavaFX Application Thread] DEBUG PrimaryStageWindow   - Target settings size: 1200.0 x 700.0
17:47:27.898 [JavaFX Application Thread] DEBUG PrimaryStageWindow   - Scaled scene size:    1200.0 x 700.0
17:47:27.898 [JavaFX Application Thread] DEBUG PrimaryStageWindow   - Scaled ratio: (1.0, 1.0)
17:47:27.898 [JavaFX Application Thread] DEBUG PrimaryStageWindow   - Set initial scene to FXGLStartupScene
17:47:27.902 [JavaFX Application Thread] DEBUG PrimaryStageWindow   - Opening main window
17:47:27.945 [JavaFX Application Thread] DEBUG PrimaryStageWindow   - Window border size: (14.4000244140625, 37.5999755859375)
17:47:27.945 [JavaFX Application Thread] DEBUG PrimaryStageWindow   - Scaled size: 1200.0 x 700.0
17:47:27.946 [JavaFX Application Thread] DEBUG PrimaryStageWindow   - Scaled ratio: (1.0, 1.0)
17:47:27.946 [JavaFX Application Thread] DEBUG PrimaryStageWindow   - Scene size: 1200.0 x 700.0
17:47:27.946 [JavaFX Application Thread] DEBUG PrimaryStageWindow   - Stage size: 1214.4000244140625 x 737.5999755859375
17:47:27.950 [FXGL Background Thread 1 ] DEBUG Engine               - Initializing environment variables
17:47:27.980 [FXGL Background Thread 1 ] DEBUG FXGLAssetLoaderServi - User app class for loading assets: class com.example.gamefx.MainGame
17:47:27.980 [FXGL Background Thread 1 ] DEBUG GameApplicationServi - Applying CSS: fxgl_dark.css
17:47:27.981 [FXGL Background Thread 1 ] DEBUG FXGLAssetLoaderServi - Loading from file system: jar:file:/C:/Users/Hao/.m2/repository/com/github/almasb/fxgl/11.16/fxgl-11.16.jar!/fxglassets/ui/css/fxgl_dark.css
17:47:28.003 [FXGL Background Thread 1 ] DEBUG GameApplicationServi - Initializing application scenes
17:47:28.027 [FXGL Background Thread 1 ] DEBUG GameWorld            - Game world initialized
17:47:28.059 [FXGL Background Thread 1 ] DEBUG PhysicsWorld         - Physics world initialized: appHeight=700, physics.ppm=50,0
17:47:28.059 [FXGL Background Thread 1 ] DEBUG PhysicsWorld         - Using strategy: BRUTE_FORCE
17:47:28.061 [FXGL Background Thread 1 ] DEBUG GameScene            - Game scene initialized: 1200x700
17:47:28.068 [FXGL Background Thread 1 ] DEBUG FXGL.DefaultMenu     - createMenuBodyGameMenu()
17:47:28.075 [FXGL Background Thread 1 ] DEBUG FXGL.DefaultMenu     - createOptionsMenu()
17:47:28.080 [FXGL Background Thread 1 ] DEBUG FXGLAssetLoaderServi - Loading from file system: jar:file:/C:/Users/Hao/.m2/repository/com/github/almasb/fxgl/11.16/fxgl-11.16.jar!/fxglassets/textures/particles/smoke.png
17:47:28.138 [FXGL Background Thread 1 ] DEBUG FXGLAssetLoaderServi - Loading from file system: jar:file:/C:/Users/Hao/.m2/repository/com/github/almasb/fxgl/11.16/fxgl-11.16.jar!/fxglassets/textures/particles/trace_horizontal.png
17:47:28.154 [FXGL Background Thread 1 ] DEBUG GameApplicationServi - Application scenes initialized
17:47:28.160 [FXGL Background Thread 1 ] DEBUG SystemBundleService  - Loading FXGL system data
17:47:28.163 [FXGL Background Thread 1 ] DEBUG FileSystemAccess     - Reading from: C:\Users\Hao\Documents\DAM 2 PRO\GameFX\system\fxgl.bundle
17:47:28.168 [FXGL Background Thread 1 ] DEBUG SystemBundleService  - Bundle FXGL: {}
17:47:28.168 [FXGL Background Thread 1 ] DEBUG UpdaterService       - Checking for updates
17:47:28.171 [FXGL Background Thread 4 ] DEBUG FXGLApplication      - Loading fonts
17:47:28.172 [FXGL Background Thread 4 ] DEBUG FXGLAssetLoaderServi - Loading from file system: jar:file:/C:/Users/Hao/.m2/repository/com/github/almasb/fxgl/11.16/fxgl-11.16.jar!/fxglassets/ui/fonts/VarelaRound-Regular.ttf
17:47:28.172 [FXGL Background Thread 1 ] DEBUG FXGLApplication      - Loading default localization
17:47:28.172 [FXGL Background Thread 1 ] DEBUG FXGLAssetLoaderServi - Loading from file system: jar:file:/C:/Users/Hao/.m2/repository/com/github/almasb/fxgl/11.16/fxgl-11.16.jar!/fxglassets/languages/english.lang
17:47:28.183 [FXGL Background Thread 1 ] INFO  FXGLApplication      - FXGL initialization took: 0,233 sec
17:47:28.190 [JavaFX Application Thread] DEBUG Input                - Registered new binding: left - Left
17:47:28.190 [JavaFX Application Thread] DEBUG Input                - Registered new binding: right - Right
17:47:28.191 [JavaFX Application Thread] DEBUG Input                - Registered new binding: up - Up
17:47:28.191 [JavaFX Application Thread] DEBUG Input                - Registered new binding: down - Down
17:47:28.191 [JavaFX Application Thread] DEBUG Input                - Registered new binding: Bullet - Space
17:47:28.192 [JavaFX Application Thread] DEBUG FXGLAssetLoaderServi - Loading from file system: jar:file:/C:/Users/Hao/.m2/repository/com/github/almasb/fxgl/11.16/fxgl-11.16.jar!/fxglassets/textures/fxgl_icon.png
17:47:28.202 [FXGL Background Thread 4 ] DEBUG FXGLAssetLoaderServi - Loading from file system: jar:file:/C:/Users/Hao/.m2/repository/com/github/almasb/fxgl/11.16/fxgl-11.16.jar!/fxglassets/ui/fonts/Abel-Regular.ttf
17:47:28.203 [JavaFX Application Thread] DEBUG FXGLAssetLoaderServi - Loading from file system: jar:file:/C:/Users/Hao/.m2/repository/com/github/almasb/fxgl/11.16/fxgl-11.16.jar!/fxglassets/textures/fxgl_default_cursor.png
17:47:28.204 [FXGL Background Thread 4 ] DEBUG FXGLAssetLoaderServi - Loading from file system: jar:file:/C:/Users/Hao/.m2/repository/com/github/almasb/fxgl/11.16/fxgl-11.16.jar!/fxglassets/ui/fonts/lucida_console.ttf
17:47:28.205 [JavaFX Application Thread] DEBUG Input                - Registered new binding: Screenshot - CTRL+8
17:47:28.205 [JavaFX Application Thread] DEBUG Input                - Registered new binding: System info dump - CTRL+9
17:47:28.206 [JavaFX Application Thread] DEBUG Input                - Registered new binding: Restart - CTRL+R
17:47:28.206 [JavaFX Application Thread] DEBUG Input                - Registered new binding: Toggle Debug Camera - CTRL+C
17:47:28.208 [JavaFX Application Thread] DEBUG LoopRunner           - Starting loop
17:47:28.208 [JavaFX Application Thread] DEBUG LoopRunner           - Initializing JavaFX AnimationTimerLoop
17:47:28.208 [FXGL Background Thread 4 ] DEBUG FXGLAssetLoaderServi - Loading from file system: jar:file:/C:/Users/Hao/.m2/repository/com/github/almasb/fxgl/11.16/fxgl-11.16.jar!/fxglassets/ui/fonts/Courier-Prime.ttf
17:47:28.209 [JavaFX Application Thread] DEBUG GameApplicationServi - Starting new game
17:47:28.210 [JavaFX Application Thread] DEBUG Input                - Clearing active input actions
17:47:28.217 [JavaFX Application Thread] DEBUG GameApplicationServi - Removing overlay from FXGLStartupScene and adding to FXGLLoadingScene
17:47:28.218 [JavaFX Application Thread] DEBUG PrimaryStageWindow   - FXGLStartupScene -> FXGLLoadingScene
17:47:28.218 [JavaFX Application Thread] DEBUG GameApplicationServi - Clearing previous game
17:47:28.218 [JavaFX Application Thread] DEBUG GameScene            - Clearing game scene
17:47:28.218 [JavaFX Application Thread] DEBUG GameWorld            - Clearing game world
17:47:28.218 [JavaFX Application Thread] DEBUG PhysicsWorld         - Clearing physics world
17:47:28.219 [JavaFX Application Thread] DEBUG FXGLApplication      - Registering font factories with UI factory
17:47:28.219 [FXGL Background Thread 4 ] DEBUG FXGLApplication      - Initializing game
17:47:28.229 [FXGL Background Thread 4 ] DEBUG FXGLAssetLoaderServi - Loading from file system: file:/C:/Users/Hao/Documents/DAM%202%20PRO/GameFX/target/classes/assets/textures/space.jpg
17:47:28.363 [FXGL Background Thread 4 ] DEBUG FXGLAssetLoaderServi - Loading from file system: file:/C:/Users/Hao/Documents/DAM%202%20PRO/GameFX/target/classes/assets/textures/center.png
17:47:28.383 [FXGL Background Thread 4 ] DEBUG FXGLAssetLoaderServi - Loading from file system: file:/C:/Users/Hao/Documents/DAM%202%20PRO/GameFX/target/classes/assets/music/backgroung.wav
17:47:28.406 [FXGL Background Thread 2 ] INFO  UpdaterService       - Your current version:  11.16
17:47:28.406 [FXGL Background Thread 2 ] INFO  UpdaterService       - Latest stable version: 17.2
17:47:28.429 [FXGL Background Thread 4 ] WARN  FXGLAssetLoaderServi - Failed to load file:/C:/Users/Hao/Documents/DAM%202%20PRO/GameFX/target/classes/assets/music/backgroung.wav
MediaException: MEDIA_UNSUPPORTED : Unrecognized file signature!
	at javafx.scene.media.Media.<init>(Media.java:411)
	at com.almasb.fxgl.audio.impl.DesktopAndMobileAudioLoader.loadAudio(DesktopAndMobileAudioLoader.kt:35)
	at com.almasb.fxgl.audio.AudioPlayer.loadAudio(AudioPlayer.kt:178)
	at com.almasb.fxgl.app.services.MusicAssetLoader.load(FXGLAssetLoaderService.kt:690)
	at com.almasb.fxgl.app.services.MusicAssetLoader.load(FXGLAssetLoaderService.kt:686)
	at com.almasb.fxgl.app.services.AssetLoader.load(FXGLAssetLoaderService.kt:625)
	at com.almasb.fxgl.app.services.FXGLAssetLoaderService.load(FXGLAssetLoaderService.kt:530)
	at com.almasb.fxgl.app.services.FXGLAssetLoaderService.load(FXGLAssetLoaderService.kt:507)
	at com.almasb.fxgl.app.services.FXGLAssetLoaderService.load(FXGLAssetLoaderService.kt:496)
	at com.almasb.fxgl.app.services.FXGLAssetLoaderService.loadMusic(FXGLAssetLoaderService.kt:224)
	at com.example.gamefx.MainGame.initGame(MainGame.java:108)
	at com.almasb.fxgl.app.FXGLApplication$InitAppTask.initGame(FXGLApplication.kt:339)
	at com.almasb.fxgl.app.FXGLApplication$InitAppTask.call(FXGLApplication.kt:319)
	at com.almasb.fxgl.app.FXGLApplication$InitAppTask.call(FXGLApplication.kt:311)
	at javafx.concurrent.Task$TaskCallable.call(Task.java:1425)
	at java.base/java.util.concurrent.FutureTask.run(FutureTask.java:264)
	at java.base/java.util.concurrent.Executors$RunnableAdapter.call(Executors.java:539)
	at java.base/java.util.concurrent.FutureTask.run(FutureTask.java:264)
	at java.base/java.util.concurrent.ThreadPoolExecutor.runWorker(ThreadPoolExecutor.java:1136)
	at java.base/java.util.concurrent.ThreadPoolExecutor$Worker.run(ThreadPoolExecutor.java:635)
	at java.base/java.lang.Thread.run(Thread.java:833)

17:47:28.430 [FXGL Background Thread 4 ] DEBUG AudioPlayer          - Playing music com.almasb.fxgl.audio.Music@4779125e
17:47:28.430 [FXGL Background Thread 4 ] DEBUG FXGLAssetLoaderServi - Loading from file system: file:/C:/Users/Hao/Documents/DAM%202%20PRO/GameFX/target/classes/assets/textures/enterprise.png
17:47:28.435 [FXGL Background Thread 4 ] INFO  FXGLApplication      - Game initialization took: 0,216 sec
17:47:28.435 [JavaFX Application Thread] DEBUG Input                - Clearing active input actions
17:47:28.439 [JavaFX Application Thread] DEBUG GameApplicationServi - Removing overlay from FXGLLoadingScene and adding to GameScene
17:47:28.440 [JavaFX Application Thread] DEBUG PrimaryStageWindow   - FXGLLoadingScene -> GameScene
17:47:28.446 [JavaFX Application Thread] DEBUG FXGLAssetLoaderServi - Loading from file system: file:/C:/Users/Hao/Documents/DAM%202%20PRO/GameFX/target/classes/assets/textures/shipYellow_manned.png
17:47:28.818 [JavaFX Application Thread] DEBUG FXGLAssetLoaderServi - Loading from file system: file:/C:/Users/Hao/Documents/DAM%202%20PRO/GameFX/target/classes/assets/textures/laserred1.png
17:47:28.821 [JavaFX Application Thread] DEBUG FXGLAssetLoaderServi - Loading from file system: file:/C:/Users/Hao/Documents/DAM%202%20PRO/GameFX/target/classes/assets/sounds/sfx_laser1.wav
17:47:29.809 [JavaFX Application Thread] DEBUG FXGLAssetLoaderServi - Loading from file system: file:/C:/Users/Hao/Documents/DAM%202%20PRO/GameFX/target/classes/assets/textures/laserYellow_burst.png
17:47:29.812 [JavaFX Application Thread] DEBUG FXGLAssetLoaderServi - Loading from file system: file:/C:/Users/Hao/Documents/DAM%202%20PRO/GameFX/target/classes/assets/textures/pill_green.png
17:47:29.813 [JavaFX Application Thread] WARN  Entity               - Entity already has component: com.almasb.fxgl.entity.components.CollidableComponent
17:47:29.814 [JavaFX Application Thread] DEBUG FXGLAssetLoaderServi - Loading from file system: file:/C:/Users/Hao/Documents/DAM%202%20PRO/GameFX/target/classes/assets/sounds/explosion.wav
17:47:31.171 [FXGL Background Thread 3 ] DEBUG Engine               - Logging environment variables
17:47:31.171 [FXGL Background Thread 3 ] DEBUG Engine               - achievements: []
17:47:31.171 [FXGL Background Thread 3 ] DEBUG Engine               - actualHeight: 700.0
17:47:31.171 [FXGL Background Thread 3 ] DEBUG Engine               - actualHeightProperty: ReadOnlyDoubleProperty [value: 700.0]
17:47:31.171 [FXGL Background Thread 3 ] DEBUG Engine               - actualWidth: 1200.0
17:47:31.171 [FXGL Background Thread 3 ] DEBUG Engine               - actualWidthProperty: ReadOnlyDoubleProperty [value: 1200.0]
17:47:31.171 [FXGL Background Thread 3 ] DEBUG Engine               - appIcon: fxgl_icon.png
17:47:31.171 [FXGL Background Thread 3 ] DEBUG Engine               - applicationMode: DEVELOPER
17:47:31.171 [FXGL Background Thread 3 ] DEBUG Engine               - cSSList: [fxgl_dark.css]
17:47:31.171 [FXGL Background Thread 3 ] DEBUG Engine               - collisionDetectionStrategy: BRUTE_FORCE
17:47:31.171 [FXGL Background Thread 3 ] DEBUG Engine               - configClass: Optional.empty
17:47:31.171 [FXGL Background Thread 3 ] DEBUG Engine               - credits: []
17:47:31.171 [FXGL Background Thread 3 ] DEBUG Engine               - defaultCursor: CursorInfo(imageName=fxgl_default_cursor.png, hotspotX=7.0, hotspotY=6.0)
17:47:31.171 [FXGL Background Thread 3 ] DEBUG Engine               - devBBoxColorProperty: ObjectProperty [value: 0xff0000ff]
17:47:31.171 [FXGL Background Thread 3 ] DEBUG Engine               - devEnableDebugCameraProperty: BooleanProperty [value: false]
17:47:31.171 [FXGL Background Thread 3 ] DEBUG Engine               - devSensorColorProperty: ObjectProperty [value: 0xffff00ff]
17:47:31.171 [FXGL Background Thread 3 ] DEBUG Engine               - devShowBBoxProperty: BooleanProperty [value: false]
17:47:31.171 [FXGL Background Thread 3 ] DEBUG Engine               - devShowPositionProperty: BooleanProperty [value: false]
17:47:31.171 [FXGL Background Thread 3 ] DEBUG Engine               - enabledMenuItems: []
17:47:31.171 [FXGL Background Thread 3 ] DEBUG Engine               - engineServices: [class com.almasb.fxgl.app.services.FXGLAssetLoaderService, class com.almasb.fxgl.app.FXGLApplication$GameApplicationService, class com.almasb.fxgl.app.services.FXGLDialogService, class com.almasb.fxgl.app.services.IOTaskExecutorService, class com.almasb.fxgl.io.FileSystemService, class com.almasb.fxgl.localization.LocalizationService, class com.almasb.fxgl.app.services.SystemBundleService, class com.almasb.fxgl.profile.SaveLoadService, class com.almasb.fxgl.ui.FXGLUIFactoryServiceProvider, class com.almasb.fxgl.ui.FXGLDialogFactoryServiceProvider, class com.almasb.fxgl.audio.AudioPlayer, class com.almasb.fxgl.notification.impl.NotificationServiceProvider, class com.almasb.fxgl.achievement.AchievementService, class com.almasb.fxgl.cutscene.CutsceneService, class com.almasb.fxgl.minigames.MiniGameService, class com.almasb.fxgl.net.NetService, class com.almasb.fxgl.app.services.UpdaterService, class com.almasb.fxgl.dev.DevService]
17:47:31.171 [FXGL Background Thread 3 ] DEBUG Engine               - fontGame: Abel-Regular.ttf
17:47:31.171 [FXGL Background Thread 3 ] DEBUG Engine               - fontMono: lucida_console.ttf
17:47:31.171 [FXGL Background Thread 3 ] DEBUG Engine               - fontText: Courier-Prime.ttf
17:47:31.171 [FXGL Background Thread 3 ] DEBUG Engine               - fontUI: VarelaRound-Regular.ttf
17:47:31.171 [FXGL Background Thread 3 ] DEBUG Engine               - fullScreen: BooleanProperty [value: false]
17:47:31.171 [FXGL Background Thread 3 ] DEBUG Engine               - gameDifficulty: MEDIUM
17:47:31.171 [FXGL Background Thread 3 ] DEBUG Engine               - gameDifficultyProperty: ObjectProperty [value: MEDIUM]
17:47:31.171 [FXGL Background Thread 3 ] DEBUG Engine               - globalMusicVolume: 0.5
17:47:31.171 [FXGL Background Thread 3 ] DEBUG Engine               - globalMusicVolumeProperty: DoubleProperty [value: 0.5]
17:47:31.171 [FXGL Background Thread 3 ] DEBUG Engine               - globalSoundVolume: 0.5
17:47:31.171 [FXGL Background Thread 3 ] DEBUG Engine               - globalSoundVolumeProperty: DoubleProperty [value: 0.5]
17:47:31.172 [FXGL Background Thread 3 ] DEBUG Engine               - height: 700
17:47:31.172 [FXGL Background Thread 3 ] DEBUG Engine               - is3D: false
17:47:31.172 [FXGL Background Thread 3 ] DEBUG Engine               - isAndroid: false
17:47:31.172 [FXGL Background Thread 3 ] DEBUG Engine               - isBrowser: false
17:47:31.172 [FXGL Background Thread 3 ] DEBUG Engine               - isClickFeedbackEnabled: false
17:47:31.172 [FXGL Background Thread 3 ] DEBUG Engine               - isCloseConfirmation: false
17:47:31.172 [FXGL Background Thread 3 ] DEBUG Engine               - isDesktop: true
17:47:31.172 [FXGL Background Thread 3 ] DEBUG Engine               - isDeveloperMenuEnabled: false
17:47:31.172 [FXGL Background Thread 3 ] DEBUG Engine               - isEntityPreloadEnabled: true
17:47:31.172 [FXGL Background Thread 3 ] DEBUG Engine               - isExperimentalTiledLargeMap: false
17:47:31.172 [FXGL Background Thread 3 ] DEBUG Engine               - isFileSystemWriteAllowed: true
17:47:31.172 [FXGL Background Thread 3 ] DEBUG Engine               - isFullScreenAllowed: true
17:47:31.172 [FXGL Background Thread 3 ] DEBUG Engine               - isFullScreenFromStart: false
17:47:31.172 [FXGL Background Thread 3 ] DEBUG Engine               - isGameMenuEnabled: true
17:47:31.172 [FXGL Background Thread 3 ] DEBUG Engine               - isIOS: false
17:47:31.172 [FXGL Background Thread 3 ] DEBUG Engine               - isIntroEnabled: false
17:47:31.172 [FXGL Background Thread 3 ] DEBUG Engine               - isLinux: false
17:47:31.172 [FXGL Background Thread 3 ] DEBUG Engine               - isMac: false
17:47:31.172 [FXGL Background Thread 3 ] DEBUG Engine               - isMainMenuEnabled: false
17:47:31.172 [FXGL Background Thread 3 ] DEBUG Engine               - isManualResizeEnabled: false
17:47:31.172 [FXGL Background Thread 3 ] DEBUG Engine               - isMobile: false
17:47:31.172 [FXGL Background Thread 3 ] DEBUG Engine               - isNative: false
17:47:31.172 [FXGL Background Thread 3 ] DEBUG Engine               - isPreserveResizeRatio: false
17:47:31.172 [FXGL Background Thread 3 ] DEBUG Engine               - isProfilingEnabled: false
17:47:31.172 [FXGL Background Thread 3 ] DEBUG Engine               - isScaleAffectedOnResize: true
17:47:31.172 [FXGL Background Thread 3 ] DEBUG Engine               - isSingleStep: false
17:47:31.172 [FXGL Background Thread 3 ] DEBUG Engine               - isUserProfileEnabled: false
17:47:31.172 [FXGL Background Thread 3 ] DEBUG Engine               - isWindows: true
17:47:31.172 [FXGL Background Thread 3 ] DEBUG Engine               - language: ObjectProperty [value: ENGLISH]
17:47:31.172 [FXGL Background Thread 3 ] DEBUG Engine               - menuKey: ESCAPE
17:47:31.172 [FXGL Background Thread 3 ] DEBUG Engine               - mouseSensitivity: 0.2
17:47:31.172 [FXGL Background Thread 3 ] DEBUG Engine               - notificationViewClass: class com.almasb.fxgl.notification.view.XboxNotificationView
17:47:31.172 [FXGL Background Thread 3 ] DEBUG Engine               - pixelsPerMeter: 50.0
17:47:31.172 [FXGL Background Thread 3 ] DEBUG Engine               - platform: WINDOWS
17:47:31.172 [FXGL Background Thread 3 ] DEBUG Engine               - prefHeightProperty: ReadOnlyDoubleProperty [value: 700.0]
17:47:31.172 [FXGL Background Thread 3 ] DEBUG Engine               - prefWidthProperty: ReadOnlyDoubleProperty [value: 1200.0]
17:47:31.172 [FXGL Background Thread 3 ] DEBUG Engine               - profileDir: profiles/
17:47:31.172 [FXGL Background Thread 3 ] DEBUG Engine               - profileName: StringProperty [value: DEFAULT]
17:47:31.172 [FXGL Background Thread 3 ] DEBUG Engine               - randomSeed: -1
17:47:31.172 [FXGL Background Thread 3 ] DEBUG Engine               - runtimeInfo: RuntimeInfo(platform=WINDOWS, version=11.16, build=25.05.2021 08.16)
17:47:31.172 [FXGL Background Thread 3 ] DEBUG Engine               - saveFileExt: sav
17:47:31.172 [FXGL Background Thread 3 ] DEBUG Engine               - scaledHeightProp$fxgl: DoubleProperty [bound, value: 700.0]
17:47:31.172 [FXGL Background Thread 3 ] DEBUG Engine               - scaledWidthProp$fxgl: DoubleProperty [bound, value: 1200.0]
17:47:31.172 [FXGL Background Thread 3 ] DEBUG Engine               - sceneFactory: com.almasb.fxgl.app.scene.SceneFactory@12c8e7ad
17:47:31.172 [FXGL Background Thread 3 ] DEBUG Engine               - secondsIn24h: 60
17:47:31.172 [FXGL Background Thread 3 ] DEBUG Engine               - soundMenuBack: menu/back.wav
17:47:31.172 [FXGL Background Thread 3 ] DEBUG Engine               - soundMenuPress: menu/press.wav
17:47:31.172 [FXGL Background Thread 3 ] DEBUG Engine               - soundMenuSelect: menu/select.wav
17:47:31.172 [FXGL Background Thread 3 ] DEBUG Engine               - soundNotification: core/notification.wav
17:47:31.172 [FXGL Background Thread 3 ] DEBUG Engine               - stageStyle: DECORATED
17:47:31.172 [FXGL Background Thread 3 ] DEBUG Engine               - supportedLanguages: [ENGLISH, FRENCH, GERMAN, HUNGARIAN, RUSSIAN]
17:47:31.172 [FXGL Background Thread 3 ] DEBUG Engine               - ticksPerSecond: -1
17:47:31.172 [FXGL Background Thread 3 ] DEBUG Engine               - title: Dead Space but Family Friendly
17:47:31.172 [FXGL Background Thread 3 ] DEBUG Engine               - urlGithub: https://github.com/AlmasB/FXGL
17:47:31.172 [FXGL Background Thread 3 ] DEBUG Engine               - urlLeaderboard: http://fxgl-top.herokuapp.com/
17:47:31.172 [FXGL Background Thread 3 ] DEBUG Engine               - urlPOM: https://raw.githubusercontent.com/AlmasB/FXGL/release/README.md
17:47:31.172 [FXGL Background Thread 3 ] DEBUG Engine               - userAppClass: class com.example.gamefx.MainGame
17:47:31.172 [FXGL Background Thread 3 ] DEBUG Engine               - version: 0.1
17:47:31.172 [FXGL Background Thread 3 ] DEBUG Engine               - versionCheckDays: 7
17:47:31.172 [FXGL Background Thread 3 ] DEBUG Engine               - width: 1200
17:47:31.172 [FXGL Background Thread 3 ] DEBUG Engine               - Logging services
17:47:31.172 [FXGL Background Thread 3 ] DEBUG Engine               - class com.almasb.fxgl.app.services.FXGLAssetLoaderService
17:47:31.172 [FXGL Background Thread 3 ] DEBUG Engine               - class com.almasb.fxgl.app.FXGLApplication$GameApplicationService
17:47:31.172 [FXGL Background Thread 3 ] DEBUG Engine               - class com.almasb.fxgl.app.services.FXGLDialogService
17:47:31.172 [FXGL Background Thread 3 ] DEBUG Engine               - class com.almasb.fxgl.app.services.IOTaskExecutorService
17:47:31.172 [FXGL Background Thread 3 ] DEBUG Engine               - class com.almasb.fxgl.io.FileSystemService
17:47:31.172 [FXGL Background Thread 3 ] DEBUG Engine               - class com.almasb.fxgl.localization.LocalizationService
17:47:31.172 [FXGL Background Thread 3 ] DEBUG Engine               - class com.almasb.fxgl.app.services.SystemBundleService
17:47:31.172 [FXGL Background Thread 3 ] DEBUG Engine               - class com.almasb.fxgl.profile.SaveLoadService
17:47:31.172 [FXGL Background Thread 3 ] DEBUG Engine               - class com.almasb.fxgl.ui.FXGLUIFactoryServiceProvider
17:47:31.172 [FXGL Background Thread 3 ] DEBUG Engine               - class com.almasb.fxgl.ui.FXGLDialogFactoryServiceProvider
17:47:31.173 [FXGL Background Thread 3 ] DEBUG Engine               - class com.almasb.fxgl.audio.AudioPlayer
17:47:31.173 [FXGL Background Thread 3 ] DEBUG Engine               - class com.almasb.fxgl.notification.impl.NotificationServiceProvider
17:47:31.173 [FXGL Background Thread 3 ] DEBUG Engine               - class com.almasb.fxgl.achievement.AchievementService
17:47:31.173 [FXGL Background Thread 3 ] DEBUG Engine               - class com.almasb.fxgl.cutscene.CutsceneService
17:47:31.173 [FXGL Background Thread 3 ] DEBUG Engine               - class com.almasb.fxgl.minigames.MiniGameService
17:47:31.173 [FXGL Background Thread 3 ] DEBUG Engine               - class com.almasb.fxgl.net.NetService
17:47:31.173 [FXGL Background Thread 3 ] DEBUG Engine               - class com.almasb.fxgl.app.services.UpdaterService
17:47:31.173 [FXGL Background Thread 3 ] DEBUG Engine               - class com.almasb.fxgl.dev.DevService
17:47:31.349 [JavaFX Application Thread] WARN  Entity               - Entity already has component: com.almasb.fxgl.entity.components.CollidableComponent
17:47:31.445 [JavaFX Application Thread] DEBUG FXGLAssetLoaderServi - Loading from file system: file:/C:/Users/Hao/Documents/DAM%202%20PRO/GameFX/target/classes/assets/sounds/sfx_lose.wav
17:47:33.177 [JavaFX Application Thread] DEBUG PrimaryStageWindow   - Push state: FXGLDefaultMenu
17:47:33.180 [JavaFX Application Thread] DEBUG Input                - Clearing active input actions
17:47:33.185 [JavaFX Application Thread] DEBUG GameApplicationServi - Removing overlay from GameScene and adding to FXGLDefaultMenu
17:47:33.185 [JavaFX Application Thread] DEBUG PrimaryStageWindow   - GameScene -> FXGLDefaultMenu
17:47:43.855 [JavaFX Application Thread] DEBUG FXGLApplication      - Exiting FXGL
17:47:43.855 [JavaFX Application Thread] DEBUG LoopRunner           - Stopping loop
17:47:43.856 [JavaFX Application Thread] DEBUG SystemBundleService  - Saving FXGL system data
17:47:43.859 [JavaFX Application Thread] DEBUG FileSystemAccess     - Writing to: C:\Users\Hao\Documents\DAM 2 PRO\GameFX\system\fxgl.bundle
17:47:43.863 [JavaFX Application Thread] DEBUG Async                - Shutting down background threads
17:47:43.863 [JavaFX Application Thread] DEBUG PrimaryStageWindow   - Closing main window
17:47:43.883 [JavaFX Application Thread] DEBUG Logger               - Closing Logger
