17:52:10.938 [main                     ] DEBUG Logger               - Configured Logger
17:52:10.940 [main                     ] DEBUG GameApplication      - Logging settings
Title: Dead Space but Family Friendly
Version: 0.1
Width: 1200
Height: 700
Fullscreen: true
Intro: false
Profiling: false
Single step:false
App Mode: DEVELOPER
Menu Key: ESCAPE
Stage Style: DECORATED
Scene Factory: class com.almasb.fxgl.app.scene.SceneFactory

17:52:11.157 [JavaFX Application Thread] DEBUG FXGLApplication      - Initializing FXGL
17:52:11.158 [JavaFX Application Thread] INFO  Engine               - FXGL-11.16 (25.05.2021 08.16) on WINDOWS (J:18.0.2.1 FX:16)
17:52:11.158 [JavaFX Application Thread] DEBUG Engine               - JRE Vendor Name: Oracle Corporation
17:52:11.158 [JavaFX Application Thread] DEBUG Engine               - Running on OS: Windows 10 version 10.0
17:52:11.158 [JavaFX Application Thread] DEBUG Engine               - Architecture: amd64
17:52:11.158 [JavaFX Application Thread] INFO  Engine               - Source code and latest versions at: https://github.com/AlmasB/FXGL
17:52:11.158 [JavaFX Application Thread] INFO  Engine               -              Join the FXGL chat at: https://gitter.im/AlmasB/FXGL
17:52:11.215 [JavaFX Application Thread] DEBUG PrimaryStageWindow   - Creating a JavaFX scene
17:52:11.240 [JavaFX Application Thread] DEBUG PrimaryStageWindow   - Target settings size: 1200.0 x 700.0
17:52:11.240 [JavaFX Application Thread] DEBUG PrimaryStageWindow   - Scaled scene size:    1200.0 x 700.0
17:52:11.240 [JavaFX Application Thread] DEBUG PrimaryStageWindow   - Scaled ratio: (1.0, 1.0)
17:52:11.241 [JavaFX Application Thread] DEBUG PrimaryStageWindow   - Set initial scene to FXGLStartupScene
17:52:11.245 [JavaFX Application Thread] DEBUG PrimaryStageWindow   - Opening main window
17:52:11.287 [JavaFX Application Thread] DEBUG PrimaryStageWindow   - Window border size: (14.4000244140625, 37.5999755859375)
17:52:11.287 [JavaFX Application Thread] DEBUG PrimaryStageWindow   - Scaled size: 1200.0 x 700.0
17:52:11.287 [JavaFX Application Thread] DEBUG PrimaryStageWindow   - Scaled ratio: (1.0, 1.0)
17:52:11.287 [JavaFX Application Thread] DEBUG PrimaryStageWindow   - Scene size: 1200.0 x 700.0
17:52:11.287 [JavaFX Application Thread] DEBUG PrimaryStageWindow   - Stage size: 1214.4000244140625 x 737.5999755859375
17:52:11.292 [FXGL Background Thread 1 ] DEBUG Engine               - Initializing environment variables
17:52:11.320 [FXGL Background Thread 1 ] DEBUG FXGLAssetLoaderServi - User app class for loading assets: class com.example.gamefx.MainGame
17:52:11.321 [FXGL Background Thread 1 ] DEBUG GameApplicationServi - Applying CSS: fxgl_dark.css
17:52:11.321 [FXGL Background Thread 1 ] DEBUG FXGLAssetLoaderServi - Loading from file system: jar:file:/C:/Users/Hao/.m2/repository/com/github/almasb/fxgl/11.16/fxgl-11.16.jar!/fxglassets/ui/css/fxgl_dark.css
17:52:11.343 [FXGL Background Thread 1 ] DEBUG GameApplicationServi - Initializing application scenes
17:52:11.367 [FXGL Background Thread 1 ] DEBUG GameWorld            - Game world initialized
17:52:11.396 [FXGL Background Thread 1 ] DEBUG PhysicsWorld         - Physics world initialized: appHeight=700, physics.ppm=50,0
17:52:11.397 [FXGL Background Thread 1 ] DEBUG PhysicsWorld         - Using strategy: BRUTE_FORCE
17:52:11.398 [FXGL Background Thread 1 ] DEBUG GameScene            - Game scene initialized: 1200x700
17:52:11.404 [FXGL Background Thread 1 ] DEBUG FXGL.DefaultMenu     - createMenuBodyGameMenu()
17:52:11.412 [FXGL Background Thread 1 ] DEBUG FXGL.DefaultMenu     - createOptionsMenu()
17:52:11.418 [FXGL Background Thread 1 ] DEBUG FXGLAssetLoaderServi - Loading from file system: jar:file:/C:/Users/Hao/.m2/repository/com/github/almasb/fxgl/11.16/fxgl-11.16.jar!/fxglassets/textures/particles/smoke.png
17:52:11.475 [FXGL Background Thread 1 ] DEBUG FXGLAssetLoaderServi - Loading from file system: jar:file:/C:/Users/Hao/.m2/repository/com/github/almasb/fxgl/11.16/fxgl-11.16.jar!/fxglassets/textures/particles/trace_horizontal.png
17:52:11.491 [FXGL Background Thread 1 ] DEBUG GameApplicationServi - Application scenes initialized
17:52:11.497 [FXGL Background Thread 1 ] DEBUG SystemBundleService  - Loading FXGL system data
17:52:11.500 [FXGL Background Thread 1 ] DEBUG FileSystemAccess     - Reading from: C:\Users\Hao\Documents\DAM 2 PRO\GameFX\system\fxgl.bundle
17:52:11.505 [FXGL Background Thread 1 ] DEBUG SystemBundleService  - Bundle FXGL: {}
17:52:11.505 [FXGL Background Thread 1 ] DEBUG UpdaterService       - Checking for updates
17:52:11.508 [FXGL Background Thread 4 ] DEBUG FXGLApplication      - Loading fonts
17:52:11.508 [FXGL Background Thread 1 ] DEBUG FXGLApplication      - Loading default localization
17:52:11.508 [FXGL Background Thread 1 ] DEBUG FXGLAssetLoaderServi - Loading from file system: jar:file:/C:/Users/Hao/.m2/repository/com/github/almasb/fxgl/11.16/fxgl-11.16.jar!/fxglassets/languages/english.lang
17:52:11.508 [FXGL Background Thread 4 ] DEBUG FXGLAssetLoaderServi - Loading from file system: jar:file:/C:/Users/Hao/.m2/repository/com/github/almasb/fxgl/11.16/fxgl-11.16.jar!/fxglassets/ui/fonts/VarelaRound-Regular.ttf
17:52:11.527 [FXGL Background Thread 1 ] INFO  FXGLApplication      - FXGL initialization took: 0,234 sec
17:52:11.533 [JavaFX Application Thread] DEBUG Input                - Registered new binding: left - Left
17:52:11.534 [JavaFX Application Thread] DEBUG Input                - Registered new binding: right - Right
17:52:11.534 [JavaFX Application Thread] DEBUG Input                - Registered new binding: up - Up
17:52:11.534 [JavaFX Application Thread] DEBUG Input                - Registered new binding: down - Down
17:52:11.535 [JavaFX Application Thread] DEBUG Input                - Registered new binding: Bullet - Space
17:52:11.536 [JavaFX Application Thread] DEBUG FXGLAssetLoaderServi - Loading from file system: jar:file:/C:/Users/Hao/.m2/repository/com/github/almasb/fxgl/11.16/fxgl-11.16.jar!/fxglassets/textures/fxgl_icon.png
17:52:11.541 [FXGL Background Thread 4 ] DEBUG FXGLAssetLoaderServi - Loading from file system: jar:file:/C:/Users/Hao/.m2/repository/com/github/almasb/fxgl/11.16/fxgl-11.16.jar!/fxglassets/ui/fonts/Abel-Regular.ttf
17:52:11.544 [FXGL Background Thread 4 ] DEBUG FXGLAssetLoaderServi - Loading from file system: jar:file:/C:/Users/Hao/.m2/repository/com/github/almasb/fxgl/11.16/fxgl-11.16.jar!/fxglassets/ui/fonts/lucida_console.ttf
17:52:11.548 [FXGL Background Thread 4 ] DEBUG FXGLAssetLoaderServi - Loading from file system: jar:file:/C:/Users/Hao/.m2/repository/com/github/almasb/fxgl/11.16/fxgl-11.16.jar!/fxglassets/ui/fonts/Courier-Prime.ttf
17:52:11.549 [JavaFX Application Thread] DEBUG FXGLAssetLoaderServi - Loading from file system: jar:file:/C:/Users/Hao/.m2/repository/com/github/almasb/fxgl/11.16/fxgl-11.16.jar!/fxglassets/textures/fxgl_default_cursor.png
17:52:11.551 [JavaFX Application Thread] DEBUG Input                - Registered new binding: Screenshot - CTRL+8
17:52:11.551 [JavaFX Application Thread] DEBUG Input                - Registered new binding: System info dump - CTRL+9
17:52:11.552 [JavaFX Application Thread] DEBUG Input                - Registered new binding: Restart - CTRL+R
17:52:11.552 [JavaFX Application Thread] DEBUG Input                - Registered new binding: Toggle Debug Camera - CTRL+C
17:52:11.554 [JavaFX Application Thread] DEBUG LoopRunner           - Starting loop
17:52:11.554 [JavaFX Application Thread] DEBUG LoopRunner           - Initializing JavaFX AnimationTimerLoop
17:52:11.555 [JavaFX Application Thread] DEBUG GameApplicationServi - Starting new game
17:52:11.556 [JavaFX Application Thread] DEBUG Input                - Clearing active input actions
17:52:11.564 [JavaFX Application Thread] DEBUG GameApplicationServi - Removing overlay from FXGLStartupScene and adding to FXGLLoadingScene
17:52:11.564 [JavaFX Application Thread] DEBUG PrimaryStageWindow   - FXGLStartupScene -> FXGLLoadingScene
17:52:11.564 [JavaFX Application Thread] DEBUG GameApplicationServi - Clearing previous game
17:52:11.564 [JavaFX Application Thread] DEBUG GameScene            - Clearing game scene
17:52:11.564 [JavaFX Application Thread] DEBUG GameWorld            - Clearing game world
17:52:11.564 [JavaFX Application Thread] DEBUG PhysicsWorld         - Clearing physics world
17:52:11.566 [JavaFX Application Thread] DEBUG FXGLApplication      - Registering font factories with UI factory
17:52:11.566 [FXGL Background Thread 4 ] DEBUG FXGLApplication      - Initializing game
17:52:11.575 [FXGL Background Thread 4 ] DEBUG FXGLAssetLoaderServi - Loading from file system: file:/C:/Users/Hao/Documents/DAM%202%20PRO/GameFX/target/classes/assets/textures/space.jpg
17:52:11.700 [FXGL Background Thread 4 ] DEBUG FXGLAssetLoaderServi - Loading from file system: file:/C:/Users/Hao/Documents/DAM%202%20PRO/GameFX/target/classes/assets/textures/center.png
17:52:11.722 [FXGL Background Thread 4 ] DEBUG FXGLAssetLoaderServi - Loading from file system: file:/C:/Users/Hao/Documents/DAM%202%20PRO/GameFX/target/classes/assets/music/background.mp3
17:52:11.790 [FXGL Background Thread 4 ] DEBUG AudioPlayer          - Playing music com.almasb.fxgl.audio.Music@43ccb17f
17:52:11.792 [FXGL Background Thread 4 ] DEBUG FXGLAssetLoaderServi - Loading from file system: file:/C:/Users/Hao/Documents/DAM%202%20PRO/GameFX/target/classes/assets/textures/enterprise.png
17:52:11.798 [FXGL Background Thread 4 ] INFO  FXGLApplication      - Game initialization took: 0,232 sec
17:52:11.798 [JavaFX Application Thread] DEBUG Input                - Clearing active input actions
17:52:11.802 [JavaFX Application Thread] DEBUG GameApplicationServi - Removing overlay from FXGLLoadingScene and adding to GameScene
17:52:11.803 [JavaFX Application Thread] DEBUG PrimaryStageWindow   - FXGLLoadingScene -> GameScene
17:52:11.808 [JavaFX Application Thread] DEBUG FXGLAssetLoaderServi - Loading from file system: file:/C:/Users/Hao/Documents/DAM%202%20PRO/GameFX/target/classes/assets/textures/shipYellow_manned.png
17:52:11.957 [FXGL Background Thread 2 ] INFO  UpdaterService       - Your current version:  11.16
17:52:11.958 [FXGL Background Thread 2 ] INFO  UpdaterService       - Latest stable version: 17.2
17:52:12.223 [JavaFX Application Thread] DEBUG FXGLAssetLoaderServi - Loading from file system: file:/C:/Users/Hao/Documents/DAM%202%20PRO/GameFX/target/classes/assets/textures/laserred1.png
17:52:12.225 [JavaFX Application Thread] DEBUG FXGLAssetLoaderServi - Loading from file system: file:/C:/Users/Hao/Documents/DAM%202%20PRO/GameFX/target/classes/assets/sounds/sfx_laser1.wav
17:52:14.509 [FXGL Background Thread 3 ] DEBUG Engine               - Logging environment variables
17:52:14.509 [FXGL Background Thread 3 ] DEBUG Engine               - achievements: []
17:52:14.509 [FXGL Background Thread 3 ] DEBUG Engine               - actualHeight: 700.0
17:52:14.509 [FXGL Background Thread 3 ] DEBUG Engine               - actualHeightProperty: ReadOnlyDoubleProperty [value: 700.0]
17:52:14.509 [FXGL Background Thread 3 ] DEBUG Engine               - actualWidth: 1200.0
17:52:14.509 [FXGL Background Thread 3 ] DEBUG Engine               - actualWidthProperty: ReadOnlyDoubleProperty [value: 1200.0]
17:52:14.509 [FXGL Background Thread 3 ] DEBUG Engine               - appIcon: fxgl_icon.png
17:52:14.509 [FXGL Background Thread 3 ] DEBUG Engine               - applicationMode: DEVELOPER
17:52:14.509 [FXGL Background Thread 3 ] DEBUG Engine               - cSSList: [fxgl_dark.css]
17:52:14.509 [FXGL Background Thread 3 ] DEBUG Engine               - collisionDetectionStrategy: BRUTE_FORCE
17:52:14.509 [FXGL Background Thread 3 ] DEBUG Engine               - configClass: Optional.empty
17:52:14.509 [FXGL Background Thread 3 ] DEBUG Engine               - credits: []
17:52:14.509 [FXGL Background Thread 3 ] DEBUG Engine               - defaultCursor: CursorInfo(imageName=fxgl_default_cursor.png, hotspotX=7.0, hotspotY=6.0)
17:52:14.509 [FXGL Background Thread 3 ] DEBUG Engine               - devBBoxColorProperty: ObjectProperty [value: 0xff0000ff]
17:52:14.509 [FXGL Background Thread 3 ] DEBUG Engine               - devEnableDebugCameraProperty: BooleanProperty [value: false]
17:52:14.509 [FXGL Background Thread 3 ] DEBUG Engine               - devSensorColorProperty: ObjectProperty [value: 0xffff00ff]
17:52:14.509 [FXGL Background Thread 3 ] DEBUG Engine               - devShowBBoxProperty: BooleanProperty [value: false]
17:52:14.509 [FXGL Background Thread 3 ] DEBUG Engine               - devShowPositionProperty: BooleanProperty [value: false]
17:52:14.509 [FXGL Background Thread 3 ] DEBUG Engine               - enabledMenuItems: []
17:52:14.509 [FXGL Background Thread 3 ] DEBUG Engine               - engineServices: [class com.almasb.fxgl.app.services.FXGLAssetLoaderService, class com.almasb.fxgl.app.FXGLApplication$GameApplicationService, class com.almasb.fxgl.app.services.FXGLDialogService, class com.almasb.fxgl.app.services.IOTaskExecutorService, class com.almasb.fxgl.io.FileSystemService, class com.almasb.fxgl.localization.LocalizationService, class com.almasb.fxgl.app.services.SystemBundleService, class com.almasb.fxgl.profile.SaveLoadService, class com.almasb.fxgl.ui.FXGLUIFactoryServiceProvider, class com.almasb.fxgl.ui.FXGLDialogFactoryServiceProvider, class com.almasb.fxgl.audio.AudioPlayer, class com.almasb.fxgl.notification.impl.NotificationServiceProvider, class com.almasb.fxgl.achievement.AchievementService, class com.almasb.fxgl.cutscene.CutsceneService, class com.almasb.fxgl.minigames.MiniGameService, class com.almasb.fxgl.net.NetService, class com.almasb.fxgl.app.services.UpdaterService, class com.almasb.fxgl.dev.DevService]
17:52:14.509 [FXGL Background Thread 3 ] DEBUG Engine               - fontGame: Abel-Regular.ttf
17:52:14.510 [FXGL Background Thread 3 ] DEBUG Engine               - fontMono: lucida_console.ttf
17:52:14.510 [FXGL Background Thread 3 ] DEBUG Engine               - fontText: Courier-Prime.ttf
17:52:14.510 [FXGL Background Thread 3 ] DEBUG Engine               - fontUI: VarelaRound-Regular.ttf
17:52:14.510 [FXGL Background Thread 3 ] DEBUG Engine               - fullScreen: BooleanProperty [value: false]
17:52:14.510 [FXGL Background Thread 3 ] DEBUG Engine               - gameDifficulty: MEDIUM
17:52:14.510 [FXGL Background Thread 3 ] DEBUG Engine               - gameDifficultyProperty: ObjectProperty [value: MEDIUM]
17:52:14.510 [FXGL Background Thread 3 ] DEBUG Engine               - globalMusicVolume: 0.5
17:52:14.510 [FXGL Background Thread 3 ] DEBUG Engine               - globalMusicVolumeProperty: DoubleProperty [value: 0.5]
17:52:14.510 [FXGL Background Thread 3 ] DEBUG Engine               - globalSoundVolume: 0.5
17:52:14.510 [FXGL Background Thread 3 ] DEBUG Engine               - globalSoundVolumeProperty: DoubleProperty [value: 0.5]
17:52:14.510 [FXGL Background Thread 3 ] DEBUG Engine               - height: 700
17:52:14.510 [FXGL Background Thread 3 ] DEBUG Engine               - is3D: false
17:52:14.510 [FXGL Background Thread 3 ] DEBUG Engine               - isAndroid: false
17:52:14.510 [FXGL Background Thread 3 ] DEBUG Engine               - isBrowser: false
17:52:14.510 [FXGL Background Thread 3 ] DEBUG Engine               - isClickFeedbackEnabled: false
17:52:14.510 [FXGL Background Thread 3 ] DEBUG Engine               - isCloseConfirmation: false
17:52:14.510 [FXGL Background Thread 3 ] DEBUG Engine               - isDesktop: true
17:52:14.510 [FXGL Background Thread 3 ] DEBUG Engine               - isDeveloperMenuEnabled: false
17:52:14.510 [FXGL Background Thread 3 ] DEBUG Engine               - isEntityPreloadEnabled: true
17:52:14.510 [FXGL Background Thread 3 ] DEBUG Engine               - isExperimentalTiledLargeMap: false
17:52:14.510 [FXGL Background Thread 3 ] DEBUG Engine               - isFileSystemWriteAllowed: true
17:52:14.510 [FXGL Background Thread 3 ] DEBUG Engine               - isFullScreenAllowed: true
17:52:14.510 [FXGL Background Thread 3 ] DEBUG Engine               - isFullScreenFromStart: false
17:52:14.510 [FXGL Background Thread 3 ] DEBUG Engine               - isGameMenuEnabled: true
17:52:14.510 [FXGL Background Thread 3 ] DEBUG Engine               - isIOS: false
17:52:14.510 [FXGL Background Thread 3 ] DEBUG Engine               - isIntroEnabled: false
17:52:14.510 [FXGL Background Thread 3 ] DEBUG Engine               - isLinux: false
17:52:14.510 [FXGL Background Thread 3 ] DEBUG Engine               - isMac: false
17:52:14.510 [FXGL Background Thread 3 ] DEBUG Engine               - isMainMenuEnabled: false
17:52:14.510 [FXGL Background Thread 3 ] DEBUG Engine               - isManualResizeEnabled: false
17:52:14.510 [FXGL Background Thread 3 ] DEBUG Engine               - isMobile: false
17:52:14.510 [FXGL Background Thread 3 ] DEBUG Engine               - isNative: false
17:52:14.510 [FXGL Background Thread 3 ] DEBUG Engine               - isPreserveResizeRatio: false
17:52:14.510 [FXGL Background Thread 3 ] DEBUG Engine               - isProfilingEnabled: false
17:52:14.510 [FXGL Background Thread 3 ] DEBUG Engine               - isScaleAffectedOnResize: true
17:52:14.510 [FXGL Background Thread 3 ] DEBUG Engine               - isSingleStep: false
17:52:14.510 [FXGL Background Thread 3 ] DEBUG Engine               - isUserProfileEnabled: false
17:52:14.510 [FXGL Background Thread 3 ] DEBUG Engine               - isWindows: true
17:52:14.510 [FXGL Background Thread 3 ] DEBUG Engine               - language: ObjectProperty [value: ENGLISH]
17:52:14.510 [FXGL Background Thread 3 ] DEBUG Engine               - menuKey: ESCAPE
17:52:14.510 [FXGL Background Thread 3 ] DEBUG Engine               - mouseSensitivity: 0.2
17:52:14.510 [FXGL Background Thread 3 ] DEBUG Engine               - notificationViewClass: class com.almasb.fxgl.notification.view.XboxNotificationView
17:52:14.510 [FXGL Background Thread 3 ] DEBUG Engine               - pixelsPerMeter: 50.0
17:52:14.510 [FXGL Background Thread 3 ] DEBUG Engine               - platform: WINDOWS
17:52:14.510 [FXGL Background Thread 3 ] DEBUG Engine               - prefHeightProperty: ReadOnlyDoubleProperty [value: 700.0]
17:52:14.510 [FXGL Background Thread 3 ] DEBUG Engine               - prefWidthProperty: ReadOnlyDoubleProperty [value: 1200.0]
17:52:14.510 [FXGL Background Thread 3 ] DEBUG Engine               - profileDir: profiles/
17:52:14.510 [FXGL Background Thread 3 ] DEBUG Engine               - profileName: StringProperty [value: DEFAULT]
17:52:14.510 [FXGL Background Thread 3 ] DEBUG Engine               - randomSeed: -1
17:52:14.510 [FXGL Background Thread 3 ] DEBUG Engine               - runtimeInfo: RuntimeInfo(platform=WINDOWS, version=11.16, build=25.05.2021 08.16)
17:52:14.510 [FXGL Background Thread 3 ] DEBUG Engine               - saveFileExt: sav
17:52:14.510 [FXGL Background Thread 3 ] DEBUG Engine               - scaledHeightProp$fxgl: DoubleProperty [bound, value: 700.0]
17:52:14.510 [FXGL Background Thread 3 ] DEBUG Engine               - scaledWidthProp$fxgl: DoubleProperty [bound, value: 1200.0]
17:52:14.510 [FXGL Background Thread 3 ] DEBUG Engine               - sceneFactory: com.almasb.fxgl.app.scene.SceneFactory@ef48f85
17:52:14.510 [FXGL Background Thread 3 ] DEBUG Engine               - secondsIn24h: 60
17:52:14.510 [FXGL Background Thread 3 ] DEBUG Engine               - soundMenuBack: menu/back.wav
17:52:14.510 [FXGL Background Thread 3 ] DEBUG Engine               - soundMenuPress: menu/press.wav
17:52:14.511 [FXGL Background Thread 3 ] DEBUG Engine               - soundMenuSelect: menu/select.wav
17:52:14.511 [FXGL Background Thread 3 ] DEBUG Engine               - soundNotification: core/notification.wav
17:52:14.511 [FXGL Background Thread 3 ] DEBUG Engine               - stageStyle: DECORATED
17:52:14.511 [FXGL Background Thread 3 ] DEBUG Engine               - supportedLanguages: [ENGLISH, FRENCH, GERMAN, HUNGARIAN, RUSSIAN]
17:52:14.511 [FXGL Background Thread 3 ] DEBUG Engine               - ticksPerSecond: -1
17:52:14.511 [FXGL Background Thread 3 ] DEBUG Engine               - title: Dead Space but Family Friendly
17:52:14.511 [FXGL Background Thread 3 ] DEBUG Engine               - urlGithub: https://github.com/AlmasB/FXGL
17:52:14.511 [FXGL Background Thread 3 ] DEBUG Engine               - urlLeaderboard: http://fxgl-top.herokuapp.com/
17:52:14.511 [FXGL Background Thread 3 ] DEBUG Engine               - urlPOM: https://raw.githubusercontent.com/AlmasB/FXGL/release/README.md
17:52:14.511 [FXGL Background Thread 3 ] DEBUG Engine               - userAppClass: class com.example.gamefx.MainGame
17:52:14.511 [FXGL Background Thread 3 ] DEBUG Engine               - version: 0.1
17:52:14.511 [FXGL Background Thread 3 ] DEBUG Engine               - versionCheckDays: 7
17:52:14.511 [FXGL Background Thread 3 ] DEBUG Engine               - width: 1200
17:52:14.511 [FXGL Background Thread 3 ] DEBUG Engine               - Logging services
17:52:14.511 [FXGL Background Thread 3 ] DEBUG Engine               - class com.almasb.fxgl.app.services.FXGLAssetLoaderService
17:52:14.511 [FXGL Background Thread 3 ] DEBUG Engine               - class com.almasb.fxgl.app.FXGLApplication$GameApplicationService
17:52:14.511 [FXGL Background Thread 3 ] DEBUG Engine               - class com.almasb.fxgl.app.services.FXGLDialogService
17:52:14.511 [FXGL Background Thread 3 ] DEBUG Engine               - class com.almasb.fxgl.app.services.IOTaskExecutorService
17:52:14.511 [FXGL Background Thread 3 ] DEBUG Engine               - class com.almasb.fxgl.io.FileSystemService
17:52:14.511 [FXGL Background Thread 3 ] DEBUG Engine               - class com.almasb.fxgl.localization.LocalizationService
17:52:14.511 [FXGL Background Thread 3 ] DEBUG Engine               - class com.almasb.fxgl.app.services.SystemBundleService
17:52:14.511 [FXGL Background Thread 3 ] DEBUG Engine               - class com.almasb.fxgl.profile.SaveLoadService
17:52:14.511 [FXGL Background Thread 3 ] DEBUG Engine               - class com.almasb.fxgl.ui.FXGLUIFactoryServiceProvider
17:52:14.511 [FXGL Background Thread 3 ] DEBUG Engine               - class com.almasb.fxgl.ui.FXGLDialogFactoryServiceProvider
17:52:14.511 [FXGL Background Thread 3 ] DEBUG Engine               - class com.almasb.fxgl.audio.AudioPlayer
17:52:14.511 [FXGL Background Thread 3 ] DEBUG Engine               - class com.almasb.fxgl.notification.impl.NotificationServiceProvider
17:52:14.511 [FXGL Background Thread 3 ] DEBUG Engine               - class com.almasb.fxgl.achievement.AchievementService
17:52:14.511 [FXGL Background Thread 3 ] DEBUG Engine               - class com.almasb.fxgl.cutscene.CutsceneService
17:52:14.511 [FXGL Background Thread 3 ] DEBUG Engine               - class com.almasb.fxgl.minigames.MiniGameService
17:52:14.511 [FXGL Background Thread 3 ] DEBUG Engine               - class com.almasb.fxgl.net.NetService
17:52:14.511 [FXGL Background Thread 3 ] DEBUG Engine               - class com.almasb.fxgl.app.services.UpdaterService
17:52:14.511 [FXGL Background Thread 3 ] DEBUG Engine               - class com.almasb.fxgl.dev.DevService
17:52:14.518 [JavaFX Application Thread] DEBUG FXGLAssetLoaderServi - Loading from file system: file:/C:/Users/Hao/Documents/DAM%202%20PRO/GameFX/target/classes/assets/textures/laserYellow_burst.png
17:52:14.521 [JavaFX Application Thread] DEBUG FXGLAssetLoaderServi - Loading from file system: file:/C:/Users/Hao/Documents/DAM%202%20PRO/GameFX/target/classes/assets/sounds/explosion.wav
17:52:19.033 [JavaFX Application Thread] DEBUG FXGLAssetLoaderServi - Loading from file system: file:/C:/Users/Hao/Documents/DAM%202%20PRO/GameFX/target/classes/assets/textures/pill_green.png
17:52:19.035 [JavaFX Application Thread] WARN  Entity               - Entity already has component: com.almasb.fxgl.entity.components.CollidableComponent
17:52:21.799 [JavaFX Application Thread] WARN  Entity               - Entity already has component: com.almasb.fxgl.entity.components.CollidableComponent
17:52:22.268 [JavaFX Application Thread] WARN  Entity               - Entity already has component: com.almasb.fxgl.entity.components.CollidableComponent
17:52:26.316 [JavaFX Application Thread] WARN  Entity               - Entity already has component: com.almasb.fxgl.entity.components.CollidableComponent
17:52:26.511 [JavaFX Application Thread] WARN  Entity               - Entity already has component: com.almasb.fxgl.entity.components.CollidableComponent
17:52:26.691 [JavaFX Application Thread] DEBUG FXGLAssetLoaderServi - Loading from file system: file:/C:/Users/Hao/Documents/DAM%202%20PRO/GameFX/target/classes/assets/textures/laserRed02.png
17:52:26.694 [JavaFX Application Thread] DEBUG FXGLAssetLoaderServi - Loading from file system: file:/C:/Users/Hao/Documents/DAM%202%20PRO/GameFX/target/classes/assets/sounds/sfx_laser2.wav
17:52:27.502 [JavaFX Application Thread] WARN  Entity               - Entity already has component: com.almasb.fxgl.entity.components.CollidableComponent
17:52:28.344 [JavaFX Application Thread] WARN  Entity               - Entity already has component: com.almasb.fxgl.entity.components.CollidableComponent
17:52:28.446 [JavaFX Application Thread] WARN  Entity               - Entity already has component: com.almasb.fxgl.entity.components.CollidableComponent
17:52:29.118 [JavaFX Application Thread] WARN  Entity               - Entity already has component: com.almasb.fxgl.entity.components.CollidableComponent
17:52:29.768 [JavaFX Application Thread] WARN  Entity               - Entity already has component: com.almasb.fxgl.entity.components.CollidableComponent
17:52:29.844 [JavaFX Application Thread] WARN  Entity               - Entity already has component: com.almasb.fxgl.entity.components.CollidableComponent
17:52:30.651 [JavaFX Application Thread] WARN  Entity               - Entity already has component: com.almasb.fxgl.entity.components.CollidableComponent
17:52:30.686 [JavaFX Application Thread] WARN  Entity               - Entity already has component: com.almasb.fxgl.entity.components.CollidableComponent
17:52:30.791 [JavaFX Application Thread] DEBUG FXGLAssetLoaderServi - Loading from file system: file:/C:/Users/Hao/Documents/DAM%202%20PRO/GameFX/target/classes/assets/textures/laserRed04.png
17:52:32.732 [JavaFX Application Thread] WARN  Entity               - Entity already has component: com.almasb.fxgl.entity.components.CollidableComponent
17:52:32.955 [JavaFX Application Thread] WARN  Entity               - Entity already has component: com.almasb.fxgl.entity.components.CollidableComponent
17:52:33.069 [JavaFX Application Thread] WARN  Entity               - Entity already has component: com.almasb.fxgl.entity.components.CollidableComponent
17:52:33.117 [JavaFX Application Thread] WARN  Entity               - Entity already has component: com.almasb.fxgl.entity.components.CollidableComponent
17:52:33.420 [JavaFX Application Thread] DEBUG PrimaryStageWindow   - Push state: FXGLDefaultMenu
17:52:33.423 [JavaFX Application Thread] DEBUG Input                - Clearing active input actions
17:52:33.425 [JavaFX Application Thread] DEBUG GameApplicationServi - Removing overlay from GameScene and adding to FXGLDefaultMenu
17:52:33.425 [JavaFX Application Thread] DEBUG PrimaryStageWindow   - GameScene -> FXGLDefaultMenu
17:52:36.983 [JavaFX Application Thread] DEBUG FXGL.DefaultMenu     - createContentAudio()
17:52:44.245 [JavaFX Application Thread] DEBUG Menu                 - fireResume()
17:52:44.245 [JavaFX Application Thread] DEBUG PrimaryStageWindow   - Pop state: FXGLDefaultMenu
17:52:44.245 [JavaFX Application Thread] DEBUG Input                - Clearing active input actions
17:52:44.246 [JavaFX Application Thread] DEBUG GameApplicationServi - Removing overlay from FXGLDefaultMenu and adding to GameScene
17:52:44.246 [JavaFX Application Thread] DEBUG PrimaryStageWindow   - GameScene <- FXGLDefaultMenu
17:52:44.408 [JavaFX Application Thread] WARN  Entity               - Entity already has component: com.almasb.fxgl.entity.components.CollidableComponent
17:52:45.469 [JavaFX Application Thread] DEBUG FXGLAssetLoaderServi - Loading from file system: file:/C:/Users/Hao/Documents/DAM%202%20PRO/GameFX/target/classes/assets/sounds/sfx_lose.wav
17:52:46.847 [JavaFX Application Thread] WARN  Entity               - Entity already has component: com.almasb.fxgl.entity.components.CollidableComponent
17:52:47.022 [JavaFX Application Thread] WARN  Entity               - Entity already has component: com.almasb.fxgl.entity.components.CollidableComponent
17:52:47.164 [JavaFX Application Thread] WARN  Entity               - Entity already has component: com.almasb.fxgl.entity.components.CollidableComponent
17:52:48.490 [JavaFX Application Thread] WARN  Entity               - Entity already has component: com.almasb.fxgl.entity.components.CollidableComponent
17:52:48.517 [JavaFX Application Thread] WARN  Entity               - Entity already has component: com.almasb.fxgl.entity.components.CollidableComponent
17:52:48.734 [JavaFX Application Thread] WARN  Entity               - Entity already has component: com.almasb.fxgl.entity.components.CollidableComponent
17:52:50.317 [JavaFX Application Thread] WARN  Entity               - Entity already has component: com.almasb.fxgl.entity.components.CollidableComponent
17:52:50.468 [JavaFX Application Thread] WARN  Entity               - Entity already has component: com.almasb.fxgl.entity.components.CollidableComponent
17:52:51.163 [JavaFX Application Thread] WARN  Entity               - Entity already has component: com.almasb.fxgl.entity.components.CollidableComponent
17:52:51.524 [JavaFX Application Thread] WARN  Entity               - Entity already has component: com.almasb.fxgl.entity.components.CollidableComponent
17:52:52.476 [JavaFX Application Thread] WARN  Entity               - Entity already has component: com.almasb.fxgl.entity.components.CollidableComponent
17:52:52.559 [JavaFX Application Thread] WARN  Entity               - Entity already has component: com.almasb.fxgl.entity.components.CollidableComponent
17:52:53.019 [JavaFX Application Thread] DEBUG PrimaryStageWindow   - Push state: DialogSubScene
17:52:53.019 [JavaFX Application Thread] DEBUG Input                - Clearing active input actions
17:52:53.019 [JavaFX Application Thread] DEBUG GameApplicationServi - Removing overlay from GameScene and adding to DialogSubScene
17:52:53.019 [JavaFX Application Thread] DEBUG PrimaryStageWindow   - GameScene -> DialogSubScene
17:52:57.480 [JavaFX Application Thread] DEBUG PrimaryStageWindow   - Pop state: DialogSubScene
17:52:57.480 [JavaFX Application Thread] DEBUG Input                - Clearing active input actions
17:52:57.481 [JavaFX Application Thread] DEBUG GameApplicationServi - Removing overlay from DialogSubScene and adding to GameScene
17:52:57.481 [JavaFX Application Thread] DEBUG PrimaryStageWindow   - GameScene <- DialogSubScene
17:52:57.481 [JavaFX Application Thread] DEBUG GameApplicationServi - Starting new game
17:52:57.481 [JavaFX Application Thread] DEBUG Input                - Clearing active input actions
17:52:57.488 [JavaFX Application Thread] DEBUG GameApplicationServi - Removing overlay from GameScene and adding to FXGLLoadingScene
17:52:57.488 [JavaFX Application Thread] DEBUG PrimaryStageWindow   - GameScene -> FXGLLoadingScene
17:52:57.488 [JavaFX Application Thread] DEBUG GameApplicationServi - Clearing previous game
17:52:57.488 [JavaFX Application Thread] DEBUG GameScene            - Clearing game scene
17:52:57.488 [JavaFX Application Thread] DEBUG GameWorld            - Clearing game world
17:52:57.488 [JavaFX Application Thread] DEBUG PhysicsWorld         - Clearing physics world
17:52:57.489 [FXGL Background Thread 2 ] DEBUG FXGLApplication      - Initializing game
17:52:57.490 [FXGL Background Thread 2 ] DEBUG AudioPlayer          - Playing music com.almasb.fxgl.audio.Music@43ccb17f
17:52:57.491 [FXGL Background Thread 2 ] INFO  FXGLApplication      - Game initialization took: 0,001 sec
17:52:57.492 [JavaFX Application Thread] DEBUG Input                - Clearing active input actions
17:52:57.497 [JavaFX Application Thread] DEBUG GameApplicationServi - Removing overlay from FXGLLoadingScene and adding to GameScene
17:52:57.497 [JavaFX Application Thread] DEBUG PrimaryStageWindow   - FXGLLoadingScene -> GameScene
17:53:01.208 [JavaFX Application Thread] WARN  Entity               - Entity already has component: com.almasb.fxgl.entity.components.CollidableComponent
17:53:02.302 [JavaFX Application Thread] WARN  Entity               - Entity already has component: com.almasb.fxgl.entity.components.CollidableComponent
17:53:03.900 [JavaFX Application Thread] WARN  Entity               - Entity already has component: com.almasb.fxgl.entity.components.CollidableComponent
17:53:03.913 [JavaFX Application Thread] WARN  Entity               - Entity already has component: com.almasb.fxgl.entity.components.CollidableComponent
17:53:03.942 [JavaFX Application Thread] WARN  Entity               - Entity already has component: com.almasb.fxgl.entity.components.CollidableComponent
17:53:05.607 [JavaFX Application Thread] WARN  Entity               - Entity already has component: com.almasb.fxgl.entity.components.CollidableComponent
17:53:09.552 [JavaFX Application Thread] WARN  Entity               - Entity already has component: com.almasb.fxgl.entity.components.CollidableComponent
17:53:09.643 [JavaFX Application Thread] WARN  Entity               - Entity already has component: com.almasb.fxgl.entity.components.CollidableComponent
17:53:09.708 [JavaFX Application Thread] WARN  Entity               - Entity already has component: com.almasb.fxgl.entity.components.CollidableComponent
17:53:11.253 [JavaFX Application Thread] WARN  Entity               - Entity already has component: com.almasb.fxgl.entity.components.CollidableComponent
17:53:13.983 [JavaFX Application Thread] WARN  Entity               - Entity already has component: com.almasb.fxgl.entity.components.CollidableComponent
17:53:14.394 [JavaFX Application Thread] WARN  Entity               - Entity already has component: com.almasb.fxgl.entity.components.CollidableComponent
17:53:15.947 [JavaFX Application Thread] WARN  Entity               - Entity already has component: com.almasb.fxgl.entity.components.CollidableComponent
17:53:16.405 [JavaFX Application Thread] WARN  Entity               - Entity already has component: com.almasb.fxgl.entity.components.CollidableComponent
17:53:16.489 [JavaFX Application Thread] WARN  Entity               - Entity already has component: com.almasb.fxgl.entity.components.CollidableComponent
17:53:17.582 [JavaFX Application Thread] WARN  Entity               - Entity already has component: com.almasb.fxgl.entity.components.CollidableComponent
17:53:17.958 [JavaFX Application Thread] DEBUG PrimaryStageWindow   - Push state: FXGLDefaultMenu
17:53:17.958 [JavaFX Application Thread] DEBUG Input                - Clearing active input actions
17:53:17.959 [JavaFX Application Thread] DEBUG GameApplicationServi - Removing overlay from GameScene and adding to FXGLDefaultMenu
17:53:17.959 [JavaFX Application Thread] DEBUG PrimaryStageWindow   - GameScene -> FXGLDefaultMenu
17:53:21.156 [JavaFX Application Thread] DEBUG PrimaryStageWindow   - Pop state: FXGLDefaultMenu
17:53:21.156 [JavaFX Application Thread] DEBUG Input                - Clearing active input actions
17:53:21.158 [JavaFX Application Thread] DEBUG GameApplicationServi - Removing overlay from FXGLDefaultMenu and adding to GameScene
17:53:21.158 [JavaFX Application Thread] DEBUG PrimaryStageWindow   - GameScene <- FXGLDefaultMenu
17:53:22.654 [JavaFX Application Thread] WARN  Entity               - Entity already has component: com.almasb.fxgl.entity.components.CollidableComponent
17:53:24.046 [JavaFX Application Thread] WARN  Entity               - Entity already has component: com.almasb.fxgl.entity.components.CollidableComponent
17:53:27.259 [JavaFX Application Thread] WARN  GameWorld            - Attempted to remove entity which is not active
17:53:27.405 [JavaFX Application Thread] WARN  Entity               - Entity already has component: com.almasb.fxgl.entity.components.CollidableComponent
17:53:27.454 [JavaFX Application Thread] WARN  Entity               - Entity already has component: com.almasb.fxgl.entity.components.CollidableComponent
17:53:27.753 [JavaFX Application Thread] WARN  Entity               - Entity already has component: com.almasb.fxgl.entity.components.CollidableComponent
17:53:27.801 [JavaFX Application Thread] WARN  Entity               - Entity already has component: com.almasb.fxgl.entity.components.CollidableComponent
17:53:27.949 [JavaFX Application Thread] WARN  Entity               - Entity already has component: com.almasb.fxgl.entity.components.CollidableComponent
17:53:28.142 [JavaFX Application Thread] WARN  Entity               - Entity already has component: com.almasb.fxgl.entity.components.CollidableComponent
17:53:28.157 [JavaFX Application Thread] WARN  Entity               - Entity already has component: com.almasb.fxgl.entity.components.CollidableComponent
17:53:28.286 [JavaFX Application Thread] WARN  Entity               - Entity already has component: com.almasb.fxgl.entity.components.CollidableComponent
17:53:28.509 [JavaFX Application Thread] WARN  Entity               - Entity already has component: com.almasb.fxgl.entity.components.CollidableComponent
17:53:28.621 [JavaFX Application Thread] WARN  Entity               - Entity already has component: com.almasb.fxgl.entity.components.CollidableComponent
17:53:28.662 [JavaFX Application Thread] WARN  Entity               - Entity already has component: com.almasb.fxgl.entity.components.CollidableComponent
17:53:28.879 [JavaFX Application Thread] WARN  Entity               - Entity already has component: com.almasb.fxgl.entity.components.CollidableComponent
17:53:30.197 [JavaFX Application Thread] WARN  Entity               - Entity already has component: com.almasb.fxgl.entity.components.CollidableComponent
17:53:31.113 [JavaFX Application Thread] WARN  Entity               - Entity already has component: com.almasb.fxgl.entity.components.CollidableComponent
17:53:31.183 [JavaFX Application Thread] WARN  Entity               - Entity already has component: com.almasb.fxgl.entity.components.CollidableComponent
17:53:31.224 [JavaFX Application Thread] WARN  Entity               - Entity already has component: com.almasb.fxgl.entity.components.CollidableComponent
17:53:31.259 [JavaFX Application Thread] WARN  Entity               - Entity already has component: com.almasb.fxgl.entity.components.CollidableComponent
17:53:31.627 [JavaFX Application Thread] WARN  Entity               - Entity already has component: com.almasb.fxgl.entity.components.CollidableComponent
17:53:31.627 [JavaFX Application Thread] WARN  Entity               - Entity already has component: com.almasb.fxgl.entity.components.CollidableComponent
17:53:31.675 [JavaFX Application Thread] WARN  Entity               - Entity already has component: com.almasb.fxgl.entity.components.CollidableComponent
17:53:31.766 [JavaFX Application Thread] WARN  Entity               - Entity already has component: com.almasb.fxgl.entity.components.CollidableComponent
17:53:32.023 [JavaFX Application Thread] WARN  Entity               - Entity already has component: com.almasb.fxgl.entity.components.CollidableComponent
17:53:32.029 [JavaFX Application Thread] WARN  Entity               - Entity already has component: com.almasb.fxgl.entity.components.CollidableComponent
17:53:33.028 [JavaFX Application Thread] DEBUG PrimaryStageWindow   - Push state: FXGLDefaultMenu
17:53:33.028 [JavaFX Application Thread] DEBUG Input                - Clearing active input actions
17:53:33.028 [JavaFX Application Thread] DEBUG GameApplicationServi - Removing overlay from GameScene and adding to FXGLDefaultMenu
17:53:33.028 [JavaFX Application Thread] DEBUG PrimaryStageWindow   - GameScene -> FXGLDefaultMenu
17:53:37.934 [JavaFX Application Thread] DEBUG PrimaryStageWindow   - Pop state: FXGLDefaultMenu
17:53:37.934 [JavaFX Application Thread] DEBUG Input                - Clearing active input actions
17:53:37.935 [JavaFX Application Thread] DEBUG GameApplicationServi - Removing overlay from FXGLDefaultMenu and adding to GameScene
17:53:37.935 [JavaFX Application Thread] DEBUG PrimaryStageWindow   - GameScene <- FXGLDefaultMenu
17:53:37.965 [JavaFX Application Thread] WARN  Entity               - Entity already has component: com.almasb.fxgl.entity.components.CollidableComponent
17:53:38.078 [JavaFX Application Thread] WARN  Entity               - Entity already has component: com.almasb.fxgl.entity.components.CollidableComponent
17:53:38.300 [JavaFX Application Thread] WARN  Entity               - Entity already has component: com.almasb.fxgl.entity.components.CollidableComponent
17:53:38.414 [JavaFX Application Thread] WARN  Entity               - Entity already has component: com.almasb.fxgl.entity.components.CollidableComponent
17:53:38.676 [JavaFX Application Thread] WARN  Entity               - Entity already has component: com.almasb.fxgl.entity.components.CollidableComponent
17:53:39.022 [JavaFX Application Thread] WARN  Entity               - Entity already has component: com.almasb.fxgl.entity.components.CollidableComponent
17:53:40.237 [JavaFX Application Thread] WARN  Entity               - Entity already has component: com.almasb.fxgl.entity.components.CollidableComponent
17:53:40.734 [JavaFX Application Thread] WARN  Entity               - Entity already has component: com.almasb.fxgl.entity.components.CollidableComponent
17:53:41.446 [JavaFX Application Thread] DEBUG PrimaryStageWindow   - Push state: DialogSubScene
17:53:41.446 [JavaFX Application Thread] DEBUG Input                - Clearing active input actions
17:53:41.446 [JavaFX Application Thread] DEBUG GameApplicationServi - Removing overlay from GameScene and adding to DialogSubScene
17:53:41.446 [JavaFX Application Thread] DEBUG PrimaryStageWindow   - GameScene -> DialogSubScene
17:53:42.844 [JavaFX Application Thread] DEBUG PrimaryStageWindow   - Pop state: DialogSubScene
17:53:42.844 [JavaFX Application Thread] DEBUG Input                - Clearing active input actions
17:53:42.844 [JavaFX Application Thread] DEBUG GameApplicationServi - Removing overlay from DialogSubScene and adding to GameScene
17:53:42.844 [JavaFX Application Thread] DEBUG PrimaryStageWindow   - GameScene <- DialogSubScene
17:53:42.844 [JavaFX Application Thread] DEBUG GameApplicationServi - Starting new game
17:53:42.844 [JavaFX Application Thread] DEBUG Input                - Clearing active input actions
17:53:42.846 [JavaFX Application Thread] DEBUG GameApplicationServi - Removing overlay from GameScene and adding to FXGLLoadingScene
17:53:42.846 [JavaFX Application Thread] DEBUG PrimaryStageWindow   - GameScene -> FXGLLoadingScene
17:53:42.846 [JavaFX Application Thread] DEBUG GameApplicationServi - Clearing previous game
17:53:42.846 [JavaFX Application Thread] DEBUG GameScene            - Clearing game scene
17:53:42.846 [JavaFX Application Thread] DEBUG GameWorld            - Clearing game world
17:53:42.847 [JavaFX Application Thread] DEBUG PhysicsWorld         - Clearing physics world
17:53:42.847 [FXGL Background Thread 2 ] DEBUG FXGLApplication      - Initializing game
17:53:42.848 [FXGL Background Thread 2 ] DEBUG AudioPlayer          - Playing music com.almasb.fxgl.audio.Music@43ccb17f
17:53:42.848 [FXGL Background Thread 2 ] INFO  FXGLApplication      - Game initialization took: 0,001 sec
17:53:42.849 [JavaFX Application Thread] DEBUG Input                - Clearing active input actions
17:53:42.852 [JavaFX Application Thread] DEBUG GameApplicationServi - Removing overlay from FXGLLoadingScene and adding to GameScene
17:53:42.852 [JavaFX Application Thread] DEBUG PrimaryStageWindow   - FXGLLoadingScene -> GameScene
17:53:45.017 [JavaFX Application Thread] WARN  Entity               - Entity already has component: com.almasb.fxgl.entity.components.CollidableComponent
17:53:45.211 [JavaFX Application Thread] WARN  Entity               - Entity already has component: com.almasb.fxgl.entity.components.CollidableComponent
17:53:48.539 [JavaFX Application Thread] WARN  Entity               - Entity already has component: com.almasb.fxgl.entity.components.CollidableComponent
17:53:48.671 [JavaFX Application Thread] WARN  Entity               - Entity already has component: com.almasb.fxgl.entity.components.CollidableComponent
17:53:48.796 [JavaFX Application Thread] WARN  Entity               - Entity already has component: com.almasb.fxgl.entity.components.CollidableComponent
17:53:49.933 [JavaFX Application Thread] WARN  Entity               - Entity already has component: com.almasb.fxgl.entity.components.CollidableComponent
17:53:52.220 [JavaFX Application Thread] WARN  Entity               - Entity already has component: com.almasb.fxgl.entity.components.CollidableComponent
17:53:53.144 [JavaFX Application Thread] WARN  Entity               - Entity already has component: com.almasb.fxgl.entity.components.CollidableComponent
17:53:53.199 [JavaFX Application Thread] WARN  Entity               - Entity already has component: com.almasb.fxgl.entity.components.CollidableComponent
17:53:55.776 [JavaFX Application Thread] WARN  Entity               - Entity already has component: com.almasb.fxgl.entity.components.CollidableComponent
17:53:57.024 [JavaFX Application Thread] WARN  Entity               - Entity already has component: com.almasb.fxgl.entity.components.CollidableComponent
17:53:57.934 [JavaFX Application Thread] WARN  Entity               - Entity already has component: com.almasb.fxgl.entity.components.CollidableComponent
17:54:00.382 [JavaFX Application Thread] WARN  Entity               - Entity already has component: com.almasb.fxgl.entity.components.CollidableComponent
17:54:00.813 [JavaFX Application Thread] WARN  Entity               - Entity already has component: com.almasb.fxgl.entity.components.CollidableComponent
17:54:02.425 [JavaFX Application Thread] WARN  Entity               - Entity already has component: com.almasb.fxgl.entity.components.CollidableComponent
17:54:02.509 [JavaFX Application Thread] WARN  Entity               - Entity already has component: com.almasb.fxgl.entity.components.CollidableComponent
17:54:02.647 [JavaFX Application Thread] WARN  Entity               - Entity already has component: com.almasb.fxgl.entity.components.CollidableComponent
17:54:02.669 [JavaFX Application Thread] WARN  Entity               - Entity already has component: com.almasb.fxgl.entity.components.CollidableComponent
17:54:02.682 [JavaFX Application Thread] WARN  Entity               - Entity already has component: com.almasb.fxgl.entity.components.CollidableComponent
17:54:02.798 [JavaFX Application Thread] WARN  Entity               - Entity already has component: com.almasb.fxgl.entity.components.CollidableComponent
17:54:02.942 [JavaFX Application Thread] WARN  Entity               - Entity already has component: com.almasb.fxgl.entity.components.CollidableComponent
17:54:03.946 [JavaFX Application Thread] WARN  Entity               - Entity already has component: com.almasb.fxgl.entity.components.CollidableComponent
17:54:03.995 [JavaFX Application Thread] WARN  Entity               - Entity already has component: com.almasb.fxgl.entity.components.CollidableComponent
17:54:04.126 [JavaFX Application Thread] WARN  Entity               - Entity already has component: com.almasb.fxgl.entity.components.CollidableComponent
17:54:04.398 [JavaFX Application Thread] WARN  Entity               - Entity already has component: com.almasb.fxgl.entity.components.CollidableComponent
17:54:04.734 [JavaFX Application Thread] WARN  Entity               - Entity already has component: com.almasb.fxgl.entity.components.CollidableComponent
17:54:04.798 [JavaFX Application Thread] WARN  Entity               - Entity already has component: com.almasb.fxgl.entity.components.CollidableComponent
17:54:04.814 [JavaFX Application Thread] WARN  Entity               - Entity already has component: com.almasb.fxgl.entity.components.CollidableComponent
17:54:05.245 [JavaFX Application Thread] WARN  Entity               - Entity already has component: com.almasb.fxgl.entity.components.CollidableComponent
17:54:05.261 [JavaFX Application Thread] WARN  Entity               - Entity already has component: com.almasb.fxgl.entity.components.CollidableComponent
17:54:05.390 [JavaFX Application Thread] WARN  Entity               - Entity already has component: com.almasb.fxgl.entity.components.CollidableComponent
17:54:05.837 [JavaFX Application Thread] WARN  Entity               - Entity already has component: com.almasb.fxgl.entity.components.CollidableComponent
17:54:06.094 [JavaFX Application Thread] WARN  Entity               - Entity already has component: com.almasb.fxgl.entity.components.CollidableComponent
17:54:07.230 [JavaFX Application Thread] WARN  Entity               - Entity already has component: com.almasb.fxgl.entity.components.CollidableComponent
17:54:07.258 [JavaFX Application Thread] WARN  Entity               - Entity already has component: com.almasb.fxgl.entity.components.CollidableComponent
17:54:07.309 [JavaFX Application Thread] WARN  Entity               - Entity already has component: com.almasb.fxgl.entity.components.CollidableComponent
17:54:07.454 [JavaFX Application Thread] WARN  Entity               - Entity already has component: com.almasb.fxgl.entity.components.CollidableComponent
17:54:07.495 [JavaFX Application Thread] WARN  Entity               - Entity already has component: com.almasb.fxgl.entity.components.CollidableComponent
17:54:07.502 [JavaFX Application Thread] WARN  Entity               - Entity already has component: com.almasb.fxgl.entity.components.CollidableComponent
17:54:07.517 [JavaFX Application Thread] WARN  Entity               - Entity already has component: com.almasb.fxgl.entity.components.CollidableComponent
17:54:07.543 [JavaFX Application Thread] WARN  Entity               - Entity already has component: com.almasb.fxgl.entity.components.CollidableComponent
17:54:07.613 [JavaFX Application Thread] WARN  Entity               - Entity already has component: com.almasb.fxgl.entity.components.CollidableComponent
17:54:07.654 [JavaFX Application Thread] WARN  Entity               - Entity already has component: com.almasb.fxgl.entity.components.CollidableComponent
17:54:07.677 [JavaFX Application Thread] WARN  Entity               - Entity already has component: com.almasb.fxgl.entity.components.CollidableComponent
17:54:08.550 [JavaFX Application Thread] WARN  Entity               - Entity already has component: com.almasb.fxgl.entity.components.CollidableComponent
17:54:08.685 [JavaFX Application Thread] WARN  Entity               - Entity already has component: com.almasb.fxgl.entity.components.CollidableComponent
17:54:09.113 [JavaFX Application Thread] WARN  Entity               - Entity already has component: com.almasb.fxgl.entity.components.CollidableComponent
17:54:10.071 [JavaFX Application Thread] WARN  Entity               - Entity already has component: com.almasb.fxgl.entity.components.CollidableComponent
17:54:10.119 [JavaFX Application Thread] WARN  Entity               - Entity already has component: com.almasb.fxgl.entity.components.CollidableComponent
17:54:10.918 [JavaFX Application Thread] DEBUG PrimaryStageWindow   - Push state: DialogSubScene
17:54:10.918 [JavaFX Application Thread] DEBUG Input                - Clearing active input actions
17:54:10.918 [JavaFX Application Thread] DEBUG GameApplicationServi - Removing overlay from GameScene and adding to DialogSubScene
17:54:10.918 [JavaFX Application Thread] DEBUG PrimaryStageWindow   - GameScene -> DialogSubScene
17:54:14.764 [JavaFX Application Thread] DEBUG PrimaryStageWindow   - Pop state: DialogSubScene
17:54:14.764 [JavaFX Application Thread] DEBUG Input                - Clearing active input actions
17:54:14.764 [JavaFX Application Thread] DEBUG GameApplicationServi - Removing overlay from DialogSubScene and adding to GameScene
17:54:14.764 [JavaFX Application Thread] DEBUG PrimaryStageWindow   - GameScene <- DialogSubScene
17:54:14.764 [JavaFX Application Thread] DEBUG GameApplicationServi - Starting new game
17:54:14.764 [JavaFX Application Thread] DEBUG Input                - Clearing active input actions
17:54:14.766 [JavaFX Application Thread] DEBUG GameApplicationServi - Removing overlay from GameScene and adding to FXGLLoadingScene
17:54:14.766 [JavaFX Application Thread] DEBUG PrimaryStageWindow   - GameScene -> FXGLLoadingScene
17:54:14.766 [JavaFX Application Thread] DEBUG GameApplicationServi - Clearing previous game
17:54:14.766 [JavaFX Application Thread] DEBUG GameScene            - Clearing game scene
17:54:14.766 [JavaFX Application Thread] DEBUG GameWorld            - Clearing game world
17:54:14.767 [JavaFX Application Thread] DEBUG PhysicsWorld         - Clearing physics world
17:54:14.767 [FXGL Background Thread 2 ] DEBUG FXGLApplication      - Initializing game
17:54:14.768 [FXGL Background Thread 2 ] DEBUG AudioPlayer          - Playing music com.almasb.fxgl.audio.Music@43ccb17f
17:54:14.768 [FXGL Background Thread 2 ] INFO  FXGLApplication      - Game initialization took: 0,001 sec
17:54:14.768 [JavaFX Application Thread] DEBUG Input                - Clearing active input actions
17:54:14.770 [JavaFX Application Thread] DEBUG GameApplicationServi - Removing overlay from FXGLLoadingScene and adding to GameScene
17:54:14.770 [JavaFX Application Thread] DEBUG PrimaryStageWindow   - FXGLLoadingScene -> GameScene
17:54:16.863 [JavaFX Application Thread] WARN  Entity               - Entity already has component: com.almasb.fxgl.entity.components.CollidableComponent
17:54:26.244 [JavaFX Application Thread] WARN  Entity               - Entity already has component: com.almasb.fxgl.entity.components.CollidableComponent
17:54:29.902 [JavaFX Application Thread] WARN  Entity               - Entity already has component: com.almasb.fxgl.entity.components.CollidableComponent
17:54:37.501 [JavaFX Application Thread] WARN  Entity               - Entity already has component: com.almasb.fxgl.entity.components.CollidableComponent
17:54:38.246 [JavaFX Application Thread] WARN  Entity               - Entity already has component: com.almasb.fxgl.entity.components.CollidableComponent
17:54:38.725 [JavaFX Application Thread] WARN  Entity               - Entity already has component: com.almasb.fxgl.entity.components.CollidableComponent
17:54:39.052 [JavaFX Application Thread] WARN  Entity               - Entity already has component: com.almasb.fxgl.entity.components.CollidableComponent
17:54:39.259 [JavaFX Application Thread] WARN  Entity               - Entity already has component: com.almasb.fxgl.entity.components.CollidableComponent
17:54:45.167 [JavaFX Application Thread] WARN  Entity               - Entity already has component: com.almasb.fxgl.entity.components.CollidableComponent
17:54:45.902 [JavaFX Application Thread] WARN  GameWorld            - Attempted to remove entity which is not active
17:54:48.030 [JavaFX Application Thread] WARN  Entity               - Entity already has component: com.almasb.fxgl.entity.components.CollidableComponent
17:54:48.760 [JavaFX Application Thread] WARN  Entity               - Entity already has component: com.almasb.fxgl.entity.components.CollidableComponent
17:54:49.959 [JavaFX Application Thread] WARN  Entity               - Entity already has component: com.almasb.fxgl.entity.components.CollidableComponent
17:54:51.293 [JavaFX Application Thread] WARN  Entity               - Entity already has component: com.almasb.fxgl.entity.components.CollidableComponent
17:54:52.349 [JavaFX Application Thread] WARN  Entity               - Entity already has component: com.almasb.fxgl.entity.components.CollidableComponent
17:54:52.389 [JavaFX Application Thread] WARN  Entity               - Entity already has component: com.almasb.fxgl.entity.components.CollidableComponent
17:54:52.573 [JavaFX Application Thread] WARN  Entity               - Entity already has component: com.almasb.fxgl.entity.components.CollidableComponent
17:54:52.653 [JavaFX Application Thread] WARN  GameWorld            - Attempted to remove entity which is not active
17:54:53.518 [JavaFX Application Thread] WARN  Entity               - Entity already has component: com.almasb.fxgl.entity.components.CollidableComponent
17:54:53.528 [JavaFX Application Thread] WARN  Entity               - Entity already has component: com.almasb.fxgl.entity.components.CollidableComponent
17:54:54.007 [JavaFX Application Thread] WARN  Entity               - Entity already has component: com.almasb.fxgl.entity.components.CollidableComponent
17:54:54.254 [JavaFX Application Thread] WARN  Entity               - Entity already has component: com.almasb.fxgl.entity.components.CollidableComponent
17:54:54.333 [JavaFX Application Thread] WARN  Entity               - Entity already has component: com.almasb.fxgl.entity.components.CollidableComponent
17:54:54.424 [JavaFX Application Thread] WARN  Entity               - Entity already has component: com.almasb.fxgl.entity.components.CollidableComponent
17:54:54.478 [JavaFX Application Thread] WARN  Entity               - Entity already has component: com.almasb.fxgl.entity.components.CollidableComponent
17:54:54.487 [JavaFX Application Thread] WARN  Entity               - Entity already has component: com.almasb.fxgl.entity.components.CollidableComponent
17:54:54.521 [JavaFX Application Thread] WARN  Entity               - Entity already has component: com.almasb.fxgl.entity.components.CollidableComponent
17:54:56.014 [JavaFX Application Thread] WARN  Entity               - Entity already has component: com.almasb.fxgl.entity.components.CollidableComponent
17:54:56.230 [JavaFX Application Thread] WARN  Entity               - Entity already has component: com.almasb.fxgl.entity.components.CollidableComponent
17:54:56.341 [JavaFX Application Thread] WARN  Entity               - Entity already has component: com.almasb.fxgl.entity.components.CollidableComponent
17:54:56.647 [JavaFX Application Thread] WARN  Entity               - Entity already has component: com.almasb.fxgl.entity.components.CollidableComponent
17:54:56.749 [JavaFX Application Thread] WARN  Entity               - Entity already has component: com.almasb.fxgl.entity.components.CollidableComponent
17:54:56.792 [JavaFX Application Thread] WARN  Entity               - Entity already has component: com.almasb.fxgl.entity.components.CollidableComponent
17:54:56.889 [JavaFX Application Thread] WARN  Entity               - Entity already has component: com.almasb.fxgl.entity.components.CollidableComponent
17:54:56.909 [JavaFX Application Thread] WARN  Entity               - Entity already has component: com.almasb.fxgl.entity.components.CollidableComponent
17:54:56.942 [JavaFX Application Thread] WARN  Entity               - Entity already has component: com.almasb.fxgl.entity.components.CollidableComponent
17:54:56.958 [JavaFX Application Thread] WARN  Entity               - Entity already has component: com.almasb.fxgl.entity.components.CollidableComponent
17:54:57.021 [JavaFX Application Thread] WARN  Entity               - Entity already has component: com.almasb.fxgl.entity.components.CollidableComponent
17:54:57.868 [JavaFX Application Thread] WARN  Entity               - Entity already has component: com.almasb.fxgl.entity.components.CollidableComponent
17:54:58.298 [JavaFX Application Thread] WARN  Entity               - Entity already has component: com.almasb.fxgl.entity.components.CollidableComponent
17:54:58.334 [JavaFX Application Thread] WARN  Entity               - Entity already has component: com.almasb.fxgl.entity.components.CollidableComponent
17:54:58.522 [JavaFX Application Thread] WARN  Entity               - Entity already has component: com.almasb.fxgl.entity.components.CollidableComponent
17:54:58.670 [JavaFX Application Thread] WARN  Entity               - Entity already has component: com.almasb.fxgl.entity.components.CollidableComponent
17:54:58.750 [JavaFX Application Thread] WARN  Entity               - Entity already has component: com.almasb.fxgl.entity.components.CollidableComponent
17:54:58.778 [JavaFX Application Thread] WARN  Entity               - Entity already has component: com.almasb.fxgl.entity.components.CollidableComponent
17:54:58.792 [JavaFX Application Thread] WARN  Entity               - Entity already has component: com.almasb.fxgl.entity.components.CollidableComponent
17:54:58.814 [JavaFX Application Thread] WARN  Entity               - Entity already has component: com.almasb.fxgl.entity.components.CollidableComponent
17:54:58.924 [JavaFX Application Thread] WARN  Entity               - Entity already has component: com.almasb.fxgl.entity.components.CollidableComponent
17:54:58.926 [JavaFX Application Thread] WARN  Entity               - Entity already has component: com.almasb.fxgl.entity.components.CollidableComponent
17:54:58.926 [JavaFX Application Thread] WARN  Entity               - Entity already has component: com.almasb.fxgl.entity.components.CollidableComponent
17:54:59.037 [JavaFX Application Thread] WARN  Entity               - Entity already has component: com.almasb.fxgl.entity.components.CollidableComponent
17:54:59.063 [JavaFX Application Thread] WARN  Entity               - Entity already has component: com.almasb.fxgl.entity.components.CollidableComponent
17:54:59.146 [JavaFX Application Thread] WARN  Entity               - Entity already has component: com.almasb.fxgl.entity.components.CollidableComponent
17:54:59.160 [JavaFX Application Thread] WARN  Entity               - Entity already has component: com.almasb.fxgl.entity.components.CollidableComponent
17:54:59.165 [JavaFX Application Thread] WARN  Entity               - Entity already has component: com.almasb.fxgl.entity.components.CollidableComponent
17:55:00.264 [JavaFX Application Thread] WARN  Entity               - Entity already has component: com.almasb.fxgl.entity.components.CollidableComponent
17:55:00.715 [JavaFX Application Thread] WARN  Entity               - Entity already has component: com.almasb.fxgl.entity.components.CollidableComponent
17:55:00.889 [JavaFX Application Thread] WARN  Entity               - Entity already has component: com.almasb.fxgl.entity.components.CollidableComponent
17:55:00.958 [JavaFX Application Thread] WARN  Entity               - Entity already has component: com.almasb.fxgl.entity.components.CollidableComponent
17:55:01.086 [JavaFX Application Thread] WARN  Entity               - Entity already has component: com.almasb.fxgl.entity.components.CollidableComponent
17:55:01.223 [JavaFX Application Thread] WARN  Entity               - Entity already has component: com.almasb.fxgl.entity.components.CollidableComponent
17:55:01.382 [JavaFX Application Thread] WARN  Entity               - Entity already has component: com.almasb.fxgl.entity.components.CollidableComponent
17:55:02.189 [JavaFX Application Thread] WARN  Entity               - Entity already has component: com.almasb.fxgl.entity.components.CollidableComponent
17:55:02.390 [JavaFX Application Thread] WARN  Entity               - Entity already has component: com.almasb.fxgl.entity.components.CollidableComponent
17:55:02.574 [JavaFX Application Thread] WARN  Entity               - Entity already has component: com.almasb.fxgl.entity.components.CollidableComponent
17:55:03.278 [JavaFX Application Thread] DEBUG PrimaryStageWindow   - Push state: DialogSubScene
17:55:03.278 [JavaFX Application Thread] DEBUG Input                - Clearing active input actions
17:55:03.278 [JavaFX Application Thread] DEBUG GameApplicationServi - Removing overlay from GameScene and adding to DialogSubScene
17:55:03.278 [JavaFX Application Thread] DEBUG PrimaryStageWindow   - GameScene -> DialogSubScene
17:55:05.144 [JavaFX Application Thread] DEBUG PrimaryStageWindow   - Pop state: DialogSubScene
17:55:05.144 [JavaFX Application Thread] DEBUG Input                - Clearing active input actions
17:55:05.144 [JavaFX Application Thread] DEBUG GameApplicationServi - Removing overlay from DialogSubScene and adding to GameScene
17:55:05.144 [JavaFX Application Thread] DEBUG PrimaryStageWindow   - GameScene <- DialogSubScene
17:55:05.144 [JavaFX Application Thread] DEBUG GameApplicationServi - Starting new game
17:55:05.144 [JavaFX Application Thread] DEBUG Input                - Clearing active input actions
17:55:05.146 [JavaFX Application Thread] DEBUG GameApplicationServi - Removing overlay from GameScene and adding to FXGLLoadingScene
17:55:05.146 [JavaFX Application Thread] DEBUG PrimaryStageWindow   - GameScene -> FXGLLoadingScene
17:55:05.146 [JavaFX Application Thread] DEBUG GameApplicationServi - Clearing previous game
17:55:05.146 [JavaFX Application Thread] DEBUG GameScene            - Clearing game scene
17:55:05.146 [JavaFX Application Thread] DEBUG GameWorld            - Clearing game world
17:55:05.147 [JavaFX Application Thread] DEBUG PhysicsWorld         - Clearing physics world
17:55:05.147 [FXGL Background Thread 2 ] DEBUG FXGLApplication      - Initializing game
17:55:05.148 [FXGL Background Thread 2 ] DEBUG AudioPlayer          - Playing music com.almasb.fxgl.audio.Music@43ccb17f
17:55:05.148 [FXGL Background Thread 2 ] INFO  FXGLApplication      - Game initialization took: 0,001 sec
17:55:05.149 [JavaFX Application Thread] DEBUG Input                - Clearing active input actions
17:55:05.150 [JavaFX Application Thread] DEBUG GameApplicationServi - Removing overlay from FXGLLoadingScene and adding to GameScene
17:55:05.150 [JavaFX Application Thread] DEBUG PrimaryStageWindow   - FXGLLoadingScene -> GameScene
17:55:09.213 [JavaFX Application Thread] DEBUG PrimaryStageWindow   - Push state: DialogSubScene
17:55:09.214 [JavaFX Application Thread] DEBUG Input                - Clearing active input actions
17:55:09.214 [JavaFX Application Thread] DEBUG GameApplicationServi - Removing overlay from GameScene and adding to DialogSubScene
17:55:09.214 [JavaFX Application Thread] DEBUG PrimaryStageWindow   - GameScene -> DialogSubScene
17:55:09.835 [JavaFX Application Thread] DEBUG FXGLApplication      - Exiting FXGL
17:55:09.835 [JavaFX Application Thread] DEBUG LoopRunner           - Stopping loop
17:55:09.835 [JavaFX Application Thread] DEBUG SystemBundleService  - Saving FXGL system data
17:55:09.838 [JavaFX Application Thread] DEBUG FileSystemAccess     - Writing to: C:\Users\Hao\Documents\DAM 2 PRO\GameFX\system\fxgl.bundle
17:55:09.842 [JavaFX Application Thread] DEBUG Async                - Shutting down background threads
17:55:09.842 [JavaFX Application Thread] DEBUG PrimaryStageWindow   - Closing main window
17:55:09.859 [JavaFX Application Thread] DEBUG Logger               - Closing Logger
