22:01:02.161 [main                     ] DEBUG Logger               - Configured Logger
22:01:02.164 [main                     ] DEBUG GameApplication      - Logging settings
Title: Dead Space but Family Friendly
Version: 0.1
Width: 1200
Height: 700
Fullscreen: true
Intro: false
Profiling: false
Single step:false
App Mode: DEVELOPER
Menu Key: ESCAPE
Stage Style: DECORATED
Scene Factory: class com.almasb.fxgl.app.scene.SceneFactory

22:01:02.505 [JavaFX Application Thread] DEBUG FXGLApplication      - Initializing FXGL
22:01:02.506 [JavaFX Application Thread] INFO  Engine               - FXGL-11.16 (25.05.2021 08.16) on WINDOWS (J:18.0.2.1 FX:16)
22:01:02.506 [JavaFX Application Thread] DEBUG Engine               - JRE Vendor Name: Oracle Corporation
22:01:02.507 [JavaFX Application Thread] DEBUG Engine               - Running on OS: Windows 10 version 10.0
22:01:02.507 [JavaFX Application Thread] DEBUG Engine               - Architecture: amd64
22:01:02.507 [JavaFX Application Thread] INFO  Engine               - Source code and latest versions at: https://github.com/AlmasB/FXGL
22:01:02.507 [JavaFX Application Thread] INFO  Engine               -              Join the FXGL chat at: https://gitter.im/AlmasB/FXGL
22:01:02.590 [JavaFX Application Thread] DEBUG PrimaryStageWindow   - Creating a JavaFX scene
22:01:02.628 [JavaFX Application Thread] DEBUG PrimaryStageWindow   - Target settings size: 1200.0 x 700.0
22:01:02.628 [JavaFX Application Thread] DEBUG PrimaryStageWindow   - Scaled scene size:    1200.0 x 700.0
22:01:02.628 [JavaFX Application Thread] DEBUG PrimaryStageWindow   - Scaled ratio: (1.0, 1.0)
22:01:02.629 [JavaFX Application Thread] DEBUG PrimaryStageWindow   - Set initial scene to FXGLStartupScene
22:01:02.636 [JavaFX Application Thread] DEBUG PrimaryStageWindow   - Opening main window
22:01:02.698 [JavaFX Application Thread] DEBUG PrimaryStageWindow   - Window border size: (14.4000244140625, 37.5999755859375)
22:01:02.698 [JavaFX Application Thread] DEBUG PrimaryStageWindow   - Scaled size: 1200.0 x 700.0
22:01:02.698 [JavaFX Application Thread] DEBUG PrimaryStageWindow   - Scaled ratio: (1.0, 1.0)
22:01:02.698 [JavaFX Application Thread] DEBUG PrimaryStageWindow   - Scene size: 1200.0 x 700.0
22:01:02.698 [JavaFX Application Thread] DEBUG PrimaryStageWindow   - Stage size: 1214.4000244140625 x 737.5999755859375
22:01:02.705 [FXGL Background Thread 1 ] DEBUG Engine               - Initializing environment variables
22:01:02.784 [FXGL Background Thread 1 ] DEBUG FXGLAssetLoaderServi - User app class for loading assets: class com.example.gamefx.MainGame
22:01:02.784 [FXGL Background Thread 1 ] DEBUG GameApplicationServi - Applying CSS: fxgl_dark.css
22:01:02.785 [FXGL Background Thread 1 ] DEBUG FXGLAssetLoaderServi - Loading from file system: jar:file:/C:/Users/Hao/.m2/repository/com/github/almasb/fxgl/11.16/fxgl-11.16.jar!/fxglassets/ui/css/fxgl_dark.css
22:01:02.830 [FXGL Background Thread 1 ] DEBUG GameApplicationServi - Initializing application scenes
22:01:02.891 [FXGL Background Thread 1 ] DEBUG GameWorld            - Game world initialized
22:01:02.947 [FXGL Background Thread 1 ] DEBUG PhysicsWorld         - Physics world initialized: appHeight=700, physics.ppm=50,0
22:01:02.948 [FXGL Background Thread 1 ] DEBUG PhysicsWorld         - Using strategy: BRUTE_FORCE
22:01:02.951 [FXGL Background Thread 1 ] DEBUG GameScene            - Game scene initialized: 1200x700
22:01:02.960 [FXGL Background Thread 1 ] DEBUG FXGL.DefaultMenu     - createMenuBodyGameMenu()
22:01:02.974 [FXGL Background Thread 1 ] DEBUG FXGL.DefaultMenu     - createOptionsMenu()
22:01:02.982 [FXGL Background Thread 1 ] DEBUG FXGLAssetLoaderServi - Loading from file system: jar:file:/C:/Users/Hao/.m2/repository/com/github/almasb/fxgl/11.16/fxgl-11.16.jar!/fxglassets/textures/particles/smoke.png
22:01:03.103 [FXGL Background Thread 1 ] DEBUG FXGLAssetLoaderServi - Loading from file system: jar:file:/C:/Users/Hao/.m2/repository/com/github/almasb/fxgl/11.16/fxgl-11.16.jar!/fxglassets/textures/particles/trace_horizontal.png
22:01:03.132 [FXGL Background Thread 1 ] DEBUG GameApplicationServi - Application scenes initialized
22:01:03.143 [FXGL Background Thread 1 ] DEBUG SystemBundleService  - Loading FXGL system data
22:01:03.148 [FXGL Background Thread 1 ] DEBUG FileSystemAccess     - Reading from: C:\Users\Hao\Documents\DAM 2 PRO\GameFX\system\fxgl.bundle
22:01:03.155 [FXGL Background Thread 1 ] DEBUG SystemBundleService  - Bundle FXGL: {}
22:01:03.156 [FXGL Background Thread 1 ] DEBUG UpdaterService       - Checking for updates
22:01:03.161 [FXGL Background Thread 4 ] DEBUG FXGLApplication      - Loading fonts
22:01:03.162 [FXGL Background Thread 4 ] DEBUG FXGLAssetLoaderServi - Loading from file system: jar:file:/C:/Users/Hao/.m2/repository/com/github/almasb/fxgl/11.16/fxgl-11.16.jar!/fxglassets/ui/fonts/VarelaRound-Regular.ttf
22:01:03.162 [FXGL Background Thread 1 ] DEBUG FXGLApplication      - Loading default localization
22:01:03.163 [FXGL Background Thread 1 ] DEBUG FXGLAssetLoaderServi - Loading from file system: jar:file:/C:/Users/Hao/.m2/repository/com/github/almasb/fxgl/11.16/fxgl-11.16.jar!/fxglassets/languages/english.lang
22:01:03.189 [FXGL Background Thread 1 ] INFO  FXGLApplication      - FXGL initialization took: 0,483 sec
22:01:03.197 [JavaFX Application Thread] DEBUG Input                - Registered new binding: left - Left
22:01:03.198 [JavaFX Application Thread] DEBUG Input                - Registered new binding: right - Right
22:01:03.199 [JavaFX Application Thread] DEBUG Input                - Registered new binding: up - Up
22:01:03.200 [JavaFX Application Thread] DEBUG Input                - Registered new binding: down - Down
22:01:03.200 [JavaFX Application Thread] DEBUG Input                - Registered new binding: Bullet - Space
22:01:03.201 [JavaFX Application Thread] DEBUG FXGLAssetLoaderServi - Loading from file system: jar:file:/C:/Users/Hao/.m2/repository/com/github/almasb/fxgl/11.16/fxgl-11.16.jar!/fxglassets/textures/fxgl_icon.png
22:01:03.231 [JavaFX Application Thread] DEBUG FXGLAssetLoaderServi - Loading from file system: jar:file:/C:/Users/Hao/.m2/repository/com/github/almasb/fxgl/11.16/fxgl-11.16.jar!/fxglassets/textures/fxgl_default_cursor.png
22:01:03.234 [JavaFX Application Thread] DEBUG Input                - Registered new binding: Screenshot - CTRL+8
22:01:03.234 [JavaFX Application Thread] DEBUG Input                - Registered new binding: System info dump - CTRL+9
22:01:03.237 [JavaFX Application Thread] DEBUG Input                - Registered new binding: Restart - CTRL+R
22:01:03.238 [JavaFX Application Thread] DEBUG Input                - Registered new binding: Toggle Debug Camera - CTRL+C
22:01:03.242 [JavaFX Application Thread] DEBUG LoopRunner           - Starting loop
22:01:03.242 [JavaFX Application Thread] DEBUG LoopRunner           - Initializing JavaFX AnimationTimerLoop
22:01:03.243 [JavaFX Application Thread] DEBUG GameApplicationServi - Starting new game
22:01:03.244 [JavaFX Application Thread] DEBUG Input                - Clearing active input actions
22:01:03.266 [JavaFX Application Thread] DEBUG GameApplicationServi - Removing overlay from FXGLStartupScene and adding to FXGLLoadingScene
22:01:03.266 [JavaFX Application Thread] DEBUG PrimaryStageWindow   - FXGLStartupScene -> FXGLLoadingScene
22:01:03.266 [JavaFX Application Thread] DEBUG GameApplicationServi - Clearing previous game
22:01:03.266 [JavaFX Application Thread] DEBUG GameScene            - Clearing game scene
22:01:03.267 [JavaFX Application Thread] DEBUG GameWorld            - Clearing game world
22:01:03.267 [JavaFX Application Thread] DEBUG PhysicsWorld         - Clearing physics world
22:01:03.269 [FXGL Background Thread 1 ] DEBUG FXGLApplication      - Initializing game
22:01:03.284 [FXGL Background Thread 1 ] DEBUG FXGLAssetLoaderServi - Loading from file system: file:/C:/Users/Hao/Documents/DAM%202%20PRO/GameFX/target/classes/assets/textures/space.jpg
22:01:03.297 [FXGL Background Thread 4 ] DEBUG FXGLAssetLoaderServi - Loading from file system: jar:file:/C:/Users/Hao/.m2/repository/com/github/almasb/fxgl/11.16/fxgl-11.16.jar!/fxglassets/ui/fonts/Abel-Regular.ttf
22:01:03.301 [FXGL Background Thread 4 ] DEBUG FXGLAssetLoaderServi - Loading from file system: jar:file:/C:/Users/Hao/.m2/repository/com/github/almasb/fxgl/11.16/fxgl-11.16.jar!/fxglassets/ui/fonts/lucida_console.ttf
22:01:03.315 [FXGL Background Thread 4 ] DEBUG FXGLAssetLoaderServi - Loading from file system: jar:file:/C:/Users/Hao/.m2/repository/com/github/almasb/fxgl/11.16/fxgl-11.16.jar!/fxglassets/ui/fonts/Courier-Prime.ttf
22:01:03.357 [JavaFX Application Thread] DEBUG FXGLApplication      - Registering font factories with UI factory
22:01:03.515 [FXGL Background Thread 1 ] DEBUG FXGLAssetLoaderServi - Loading from file system: file:/C:/Users/Hao/Documents/DAM%202%20PRO/GameFX/target/classes/assets/textures/center.png
22:01:03.550 [FXGL Background Thread 1 ] DEBUG FXGLAssetLoaderServi - Loading from file system: file:/C:/Users/Hao/Documents/DAM%202%20PRO/GameFX/target/classes/assets/textures/enterprise.png
22:01:03.564 [FXGL Background Thread 1 ] INFO  FXGLApplication      - Game initialization took: 0,295 sec
22:01:03.565 [JavaFX Application Thread] DEBUG Input                - Clearing active input actions
22:01:03.579 [JavaFX Application Thread] DEBUG GameApplicationServi - Removing overlay from FXGLLoadingScene and adding to GameScene
22:01:03.579 [JavaFX Application Thread] DEBUG PrimaryStageWindow   - FXGLLoadingScene -> GameScene
22:01:03.598 [JavaFX Application Thread] DEBUG FXGLAssetLoaderServi - Loading from file system: file:/C:/Users/Hao/Documents/DAM%202%20PRO/GameFX/target/classes/assets/textures/enemies.png
22:01:03.832 [FXGL Background Thread 2 ] INFO  UpdaterService       - Your current version:  11.16
22:01:03.833 [FXGL Background Thread 2 ] INFO  UpdaterService       - Latest stable version: 17.2
22:01:04.051 [JavaFX Application Thread] DEBUG PrimaryStageWindow   - Push state: FXGLDefaultMenu
22:01:04.053 [JavaFX Application Thread] DEBUG Input                - Clearing active input actions
22:01:04.059 [JavaFX Application Thread] DEBUG GameApplicationServi - Removing overlay from GameScene and adding to FXGLDefaultMenu
22:01:04.060 [JavaFX Application Thread] DEBUG PrimaryStageWindow   - GameScene -> FXGLDefaultMenu
22:01:06.162 [FXGL Background Thread 3 ] DEBUG Engine               - Logging environment variables
22:01:06.162 [FXGL Background Thread 3 ] DEBUG Engine               - achievements: []
22:01:06.162 [FXGL Background Thread 3 ] DEBUG Engine               - actualHeight: 700.0
22:01:06.164 [FXGL Background Thread 3 ] DEBUG Engine               - actualHeightProperty: ReadOnlyDoubleProperty [value: 700.0]
22:01:06.164 [FXGL Background Thread 3 ] DEBUG Engine               - actualWidth: 1200.0
22:01:06.164 [FXGL Background Thread 3 ] DEBUG Engine               - actualWidthProperty: ReadOnlyDoubleProperty [value: 1200.0]
22:01:06.164 [FXGL Background Thread 3 ] DEBUG Engine               - appIcon: fxgl_icon.png
22:01:06.164 [FXGL Background Thread 3 ] DEBUG Engine               - applicationMode: DEVELOPER
22:01:06.164 [FXGL Background Thread 3 ] DEBUG Engine               - cSSList: [fxgl_dark.css]
22:01:06.164 [FXGL Background Thread 3 ] DEBUG Engine               - collisionDetectionStrategy: BRUTE_FORCE
22:01:06.164 [FXGL Background Thread 3 ] DEBUG Engine               - configClass: Optional.empty
22:01:06.164 [FXGL Background Thread 3 ] DEBUG Engine               - credits: []
22:01:06.164 [FXGL Background Thread 3 ] DEBUG Engine               - defaultCursor: CursorInfo(imageName=fxgl_default_cursor.png, hotspotX=7.0, hotspotY=6.0)
22:01:06.164 [FXGL Background Thread 3 ] DEBUG Engine               - devBBoxColorProperty: ObjectProperty [value: 0xff0000ff]
22:01:06.164 [FXGL Background Thread 3 ] DEBUG Engine               - devEnableDebugCameraProperty: BooleanProperty [value: false]
22:01:06.164 [FXGL Background Thread 3 ] DEBUG Engine               - devSensorColorProperty: ObjectProperty [value: 0xffff00ff]
22:01:06.164 [FXGL Background Thread 3 ] DEBUG Engine               - devShowBBoxProperty: BooleanProperty [value: false]
22:01:06.164 [FXGL Background Thread 3 ] DEBUG Engine               - devShowPositionProperty: BooleanProperty [value: false]
22:01:06.165 [FXGL Background Thread 3 ] DEBUG Engine               - enabledMenuItems: []
22:01:06.165 [FXGL Background Thread 3 ] DEBUG Engine               - engineServices: [class com.almasb.fxgl.app.services.FXGLAssetLoaderService, class com.almasb.fxgl.app.FXGLApplication$GameApplicationService, class com.almasb.fxgl.app.services.FXGLDialogService, class com.almasb.fxgl.app.services.IOTaskExecutorService, class com.almasb.fxgl.io.FileSystemService, class com.almasb.fxgl.localization.LocalizationService, class com.almasb.fxgl.app.services.SystemBundleService, class com.almasb.fxgl.profile.SaveLoadService, class com.almasb.fxgl.ui.FXGLUIFactoryServiceProvider, class com.almasb.fxgl.ui.FXGLDialogFactoryServiceProvider, class com.almasb.fxgl.audio.AudioPlayer, class com.almasb.fxgl.notification.impl.NotificationServiceProvider, class com.almasb.fxgl.achievement.AchievementService, class com.almasb.fxgl.cutscene.CutsceneService, class com.almasb.fxgl.minigames.MiniGameService, class com.almasb.fxgl.net.NetService, class com.almasb.fxgl.app.services.UpdaterService, class com.almasb.fxgl.dev.DevService]
22:01:06.165 [FXGL Background Thread 3 ] DEBUG Engine               - fontGame: Abel-Regular.ttf
22:01:06.165 [FXGL Background Thread 3 ] DEBUG Engine               - fontMono: lucida_console.ttf
22:01:06.165 [FXGL Background Thread 3 ] DEBUG Engine               - fontText: Courier-Prime.ttf
22:01:06.165 [FXGL Background Thread 3 ] DEBUG Engine               - fontUI: VarelaRound-Regular.ttf
22:01:06.165 [FXGL Background Thread 3 ] DEBUG Engine               - fullScreen: BooleanProperty [value: false]
22:01:06.165 [FXGL Background Thread 3 ] DEBUG Engine               - gameDifficulty: MEDIUM
22:01:06.165 [FXGL Background Thread 3 ] DEBUG Engine               - gameDifficultyProperty: ObjectProperty [value: MEDIUM]
22:01:06.165 [FXGL Background Thread 3 ] DEBUG Engine               - globalMusicVolume: 0.5
22:01:06.165 [FXGL Background Thread 3 ] DEBUG Engine               - globalMusicVolumeProperty: DoubleProperty [value: 0.5]
22:01:06.165 [FXGL Background Thread 3 ] DEBUG Engine               - globalSoundVolume: 0.5
22:01:06.165 [FXGL Background Thread 3 ] DEBUG Engine               - globalSoundVolumeProperty: DoubleProperty [value: 0.5]
22:01:06.165 [FXGL Background Thread 3 ] DEBUG Engine               - height: 700
22:01:06.166 [FXGL Background Thread 3 ] DEBUG Engine               - is3D: false
22:01:06.166 [FXGL Background Thread 3 ] DEBUG Engine               - isAndroid: false
22:01:06.166 [FXGL Background Thread 3 ] DEBUG Engine               - isBrowser: false
22:01:06.166 [FXGL Background Thread 3 ] DEBUG Engine               - isClickFeedbackEnabled: false
22:01:06.166 [FXGL Background Thread 3 ] DEBUG Engine               - isCloseConfirmation: false
22:01:06.166 [FXGL Background Thread 3 ] DEBUG Engine               - isDesktop: true
22:01:06.167 [FXGL Background Thread 3 ] DEBUG Engine               - isDeveloperMenuEnabled: false
22:01:06.167 [FXGL Background Thread 3 ] DEBUG Engine               - isEntityPreloadEnabled: true
22:01:06.167 [FXGL Background Thread 3 ] DEBUG Engine               - isExperimentalTiledLargeMap: false
22:01:06.167 [FXGL Background Thread 3 ] DEBUG Engine               - isFileSystemWriteAllowed: true
22:01:06.167 [FXGL Background Thread 3 ] DEBUG Engine               - isFullScreenAllowed: true
22:01:06.167 [FXGL Background Thread 3 ] DEBUG Engine               - isFullScreenFromStart: false
22:01:06.168 [FXGL Background Thread 3 ] DEBUG Engine               - isGameMenuEnabled: true
22:01:06.168 [FXGL Background Thread 3 ] DEBUG Engine               - isIOS: false
22:01:06.168 [FXGL Background Thread 3 ] DEBUG Engine               - isIntroEnabled: false
22:01:06.168 [FXGL Background Thread 3 ] DEBUG Engine               - isLinux: false
22:01:06.168 [FXGL Background Thread 3 ] DEBUG Engine               - isMac: false
22:01:06.168 [FXGL Background Thread 3 ] DEBUG Engine               - isMainMenuEnabled: false
22:01:06.168 [FXGL Background Thread 3 ] DEBUG Engine               - isManualResizeEnabled: false
22:01:06.168 [FXGL Background Thread 3 ] DEBUG Engine               - isMobile: false
22:01:06.168 [FXGL Background Thread 3 ] DEBUG Engine               - isNative: false
22:01:06.168 [FXGL Background Thread 3 ] DEBUG Engine               - isPreserveResizeRatio: false
22:01:06.168 [FXGL Background Thread 3 ] DEBUG Engine               - isProfilingEnabled: false
22:01:06.168 [FXGL Background Thread 3 ] DEBUG Engine               - isScaleAffectedOnResize: true
22:01:06.168 [FXGL Background Thread 3 ] DEBUG Engine               - isSingleStep: false
22:01:06.168 [FXGL Background Thread 3 ] DEBUG Engine               - isUserProfileEnabled: false
22:01:06.168 [FXGL Background Thread 3 ] DEBUG Engine               - isWindows: true
22:01:06.168 [FXGL Background Thread 3 ] DEBUG Engine               - language: ObjectProperty [value: ENGLISH]
22:01:06.168 [FXGL Background Thread 3 ] DEBUG Engine               - menuKey: ESCAPE
22:01:06.169 [FXGL Background Thread 3 ] DEBUG Engine               - mouseSensitivity: 0.2
22:01:06.169 [FXGL Background Thread 3 ] DEBUG Engine               - notificationViewClass: class com.almasb.fxgl.notification.view.XboxNotificationView
22:01:06.169 [FXGL Background Thread 3 ] DEBUG Engine               - pixelsPerMeter: 50.0
22:01:06.169 [FXGL Background Thread 3 ] DEBUG Engine               - platform: WINDOWS
22:01:06.169 [FXGL Background Thread 3 ] DEBUG Engine               - prefHeightProperty: ReadOnlyDoubleProperty [value: 700.0]
22:01:06.169 [FXGL Background Thread 3 ] DEBUG Engine               - prefWidthProperty: ReadOnlyDoubleProperty [value: 1200.0]
22:01:06.169 [FXGL Background Thread 3 ] DEBUG Engine               - profileDir: profiles/
22:01:06.169 [FXGL Background Thread 3 ] DEBUG Engine               - profileName: StringProperty [value: DEFAULT]
22:01:06.169 [FXGL Background Thread 3 ] DEBUG Engine               - randomSeed: -1
22:01:06.169 [FXGL Background Thread 3 ] DEBUG Engine               - runtimeInfo: RuntimeInfo(platform=WINDOWS, version=11.16, build=25.05.2021 08.16)
22:01:06.169 [FXGL Background Thread 3 ] DEBUG Engine               - saveFileExt: sav
22:01:06.169 [FXGL Background Thread 3 ] DEBUG Engine               - scaledHeightProp$fxgl: DoubleProperty [bound, value: 700.0]
22:01:06.169 [FXGL Background Thread 3 ] DEBUG Engine               - scaledWidthProp$fxgl: DoubleProperty [bound, value: 1200.0]
22:01:06.169 [FXGL Background Thread 3 ] DEBUG Engine               - sceneFactory: com.almasb.fxgl.app.scene.SceneFactory@19fb54d8
22:01:06.169 [FXGL Background Thread 3 ] DEBUG Engine               - secondsIn24h: 60
22:01:06.169 [FXGL Background Thread 3 ] DEBUG Engine               - soundMenuBack: menu/back.wav
22:01:06.169 [FXGL Background Thread 3 ] DEBUG Engine               - soundMenuPress: menu/press.wav
22:01:06.169 [FXGL Background Thread 3 ] DEBUG Engine               - soundMenuSelect: menu/select.wav
22:01:06.169 [FXGL Background Thread 3 ] DEBUG Engine               - soundNotification: core/notification.wav
22:01:06.169 [FXGL Background Thread 3 ] DEBUG Engine               - stageStyle: DECORATED
22:01:06.169 [FXGL Background Thread 3 ] DEBUG Engine               - supportedLanguages: [ENGLISH, FRENCH, GERMAN, HUNGARIAN, RUSSIAN]
22:01:06.169 [FXGL Background Thread 3 ] DEBUG Engine               - ticksPerSecond: -1
22:01:06.169 [FXGL Background Thread 3 ] DEBUG Engine               - title: Dead Space but Family Friendly
22:01:06.169 [FXGL Background Thread 3 ] DEBUG Engine               - urlGithub: https://github.com/AlmasB/FXGL
22:01:06.169 [FXGL Background Thread 3 ] DEBUG Engine               - urlLeaderboard: http://fxgl-top.herokuapp.com/
22:01:06.169 [FXGL Background Thread 3 ] DEBUG Engine               - urlPOM: https://raw.githubusercontent.com/AlmasB/FXGL/release/README.md
22:01:06.169 [FXGL Background Thread 3 ] DEBUG Engine               - userAppClass: class com.example.gamefx.MainGame
22:01:06.169 [FXGL Background Thread 3 ] DEBUG Engine               - version: 0.1
22:01:06.169 [FXGL Background Thread 3 ] DEBUG Engine               - versionCheckDays: 7
22:01:06.169 [FXGL Background Thread 3 ] DEBUG Engine               - width: 1200
22:01:06.169 [FXGL Background Thread 3 ] DEBUG Engine               - Logging services
22:01:06.169 [FXGL Background Thread 3 ] DEBUG Engine               - class com.almasb.fxgl.app.services.FXGLAssetLoaderService
22:01:06.169 [FXGL Background Thread 3 ] DEBUG Engine               - class com.almasb.fxgl.app.FXGLApplication$GameApplicationService
22:01:06.169 [FXGL Background Thread 3 ] DEBUG Engine               - class com.almasb.fxgl.app.services.FXGLDialogService
22:01:06.169 [FXGL Background Thread 3 ] DEBUG Engine               - class com.almasb.fxgl.app.services.IOTaskExecutorService
22:01:06.169 [FXGL Background Thread 3 ] DEBUG Engine               - class com.almasb.fxgl.io.FileSystemService
22:01:06.169 [FXGL Background Thread 3 ] DEBUG Engine               - class com.almasb.fxgl.localization.LocalizationService
22:01:06.169 [FXGL Background Thread 3 ] DEBUG Engine               - class com.almasb.fxgl.app.services.SystemBundleService
22:01:06.169 [FXGL Background Thread 3 ] DEBUG Engine               - class com.almasb.fxgl.profile.SaveLoadService
22:01:06.170 [FXGL Background Thread 3 ] DEBUG Engine               - class com.almasb.fxgl.ui.FXGLUIFactoryServiceProvider
22:01:06.170 [FXGL Background Thread 3 ] DEBUG Engine               - class com.almasb.fxgl.ui.FXGLDialogFactoryServiceProvider
22:01:06.170 [FXGL Background Thread 3 ] DEBUG Engine               - class com.almasb.fxgl.audio.AudioPlayer
22:01:06.170 [FXGL Background Thread 3 ] DEBUG Engine               - class com.almasb.fxgl.notification.impl.NotificationServiceProvider
22:01:06.170 [FXGL Background Thread 3 ] DEBUG Engine               - class com.almasb.fxgl.achievement.AchievementService
22:01:06.170 [FXGL Background Thread 3 ] DEBUG Engine               - class com.almasb.fxgl.cutscene.CutsceneService
22:01:06.170 [FXGL Background Thread 3 ] DEBUG Engine               - class com.almasb.fxgl.minigames.MiniGameService
22:01:06.170 [FXGL Background Thread 3 ] DEBUG Engine               - class com.almasb.fxgl.net.NetService
22:01:06.170 [FXGL Background Thread 3 ] DEBUG Engine               - class com.almasb.fxgl.app.services.UpdaterService
22:01:06.170 [FXGL Background Thread 3 ] DEBUG Engine               - class com.almasb.fxgl.dev.DevService
22:01:07.257 [JavaFX Application Thread] DEBUG FXGL.DefaultMenu     - createContentVideo()
22:01:14.666 [JavaFX Application Thread] DEBUG Menu                 - fireResume()
22:01:14.667 [JavaFX Application Thread] DEBUG PrimaryStageWindow   - Pop state: FXGLDefaultMenu
22:01:14.667 [JavaFX Application Thread] DEBUG Input                - Clearing active input actions
22:01:14.667 [JavaFX Application Thread] DEBUG GameApplicationServi - Removing overlay from FXGLDefaultMenu and adding to GameScene
22:01:14.667 [JavaFX Application Thread] DEBUG PrimaryStageWindow   - GameScene <- FXGLDefaultMenu
22:01:15.235 [JavaFX Application Thread] DEBUG FXGLAssetLoaderServi - Loading from file system: file:/C:/Users/Hao/Documents/DAM%202%20PRO/GameFX/target/classes/assets/textures/laserred1.png
22:01:19.298 [JavaFX Application Thread] DEBUG FXGLApplication      - Exiting FXGL
22:01:19.299 [JavaFX Application Thread] DEBUG LoopRunner           - Stopping loop
22:01:19.299 [JavaFX Application Thread] DEBUG SystemBundleService  - Saving FXGL system data
22:01:19.308 [JavaFX Application Thread] DEBUG FileSystemAccess     - Writing to: C:\Users\Hao\Documents\DAM 2 PRO\GameFX\system\fxgl.bundle
22:01:19.322 [JavaFX Application Thread] DEBUG Async                - Shutting down background threads
22:01:19.322 [JavaFX Application Thread] DEBUG PrimaryStageWindow   - Closing main window
22:01:19.530 [JavaFX Application Thread] DEBUG Logger               - Closing Logger
