18:09:30.193 [main                     ] DEBUG Logger               - Configured Logger
18:09:30.195 [main                     ] DEBUG GameApplication      - Logging settings
Title: Dead Space but Family Friendly
Version: 0.1
Width: 1200
Height: 700
Fullscreen: true
Intro: false
Profiling: false
Single step:false
App Mode: DEVELOPER
Menu Key: ESCAPE
Stage Style: DECORATED
Scene Factory: class com.almasb.fxgl.app.scene.SceneFactory

18:09:30.397 [JavaFX Application Thread] DEBUG FXGLApplication      - Initializing FXGL
18:09:30.398 [JavaFX Application Thread] INFO  Engine               - FXGL-11.16 (25.05.2021 08.16) on WINDOWS (J:18.0.2.1 FX:16)
18:09:30.398 [JavaFX Application Thread] DEBUG Engine               - JRE Vendor Name: Oracle Corporation
18:09:30.398 [JavaFX Application Thread] DEBUG Engine               - Running on OS: Windows 10 version 10.0
18:09:30.398 [JavaFX Application Thread] DEBUG Engine               - Architecture: amd64
18:09:30.398 [JavaFX Application Thread] INFO  Engine               - Source code and latest versions at: https://github.com/AlmasB/FXGL
18:09:30.399 [JavaFX Application Thread] INFO  Engine               -              Join the FXGL chat at: https://gitter.im/AlmasB/FXGL
18:09:30.452 [JavaFX Application Thread] DEBUG PrimaryStageWindow   - Creating a JavaFX scene
18:09:30.476 [JavaFX Application Thread] DEBUG PrimaryStageWindow   - Target settings size: 1200.0 x 700.0
18:09:30.476 [JavaFX Application Thread] DEBUG PrimaryStageWindow   - Scaled scene size:    1200.0 x 700.0
18:09:30.476 [JavaFX Application Thread] DEBUG PrimaryStageWindow   - Scaled ratio: (1.0, 1.0)
18:09:30.477 [JavaFX Application Thread] DEBUG PrimaryStageWindow   - Set initial scene to FXGLStartupScene
18:09:30.480 [JavaFX Application Thread] DEBUG PrimaryStageWindow   - Opening main window
18:09:30.523 [JavaFX Application Thread] DEBUG PrimaryStageWindow   - Window border size: (14.4000244140625, 37.5999755859375)
18:09:30.523 [JavaFX Application Thread] DEBUG PrimaryStageWindow   - Scaled size: 1200.0 x 700.0
18:09:30.524 [JavaFX Application Thread] DEBUG PrimaryStageWindow   - Scaled ratio: (1.0, 1.0)
18:09:30.524 [JavaFX Application Thread] DEBUG PrimaryStageWindow   - Scene size: 1200.0 x 700.0
18:09:30.524 [JavaFX Application Thread] DEBUG PrimaryStageWindow   - Stage size: 1214.4000244140625 x 737.5999755859375
18:09:30.528 [FXGL Background Thread 1 ] DEBUG Engine               - Initializing environment variables
18:09:30.559 [FXGL Background Thread 1 ] DEBUG FXGLAssetLoaderServi - User app class for loading assets: class com.example.gamefx.MainGame
18:09:30.559 [FXGL Background Thread 1 ] DEBUG GameApplicationServi - Applying CSS: fxgl_dark.css
18:09:30.559 [FXGL Background Thread 1 ] DEBUG FXGLAssetLoaderServi - Loading from file system: jar:file:/C:/Users/Hao/.m2/repository/com/github/almasb/fxgl/11.16/fxgl-11.16.jar!/fxglassets/ui/css/fxgl_dark.css
18:09:30.583 [FXGL Background Thread 1 ] DEBUG GameApplicationServi - Initializing application scenes
18:09:30.608 [FXGL Background Thread 1 ] DEBUG GameWorld            - Game world initialized
18:09:30.638 [FXGL Background Thread 1 ] DEBUG PhysicsWorld         - Physics world initialized: appHeight=700, physics.ppm=50,0
18:09:30.638 [FXGL Background Thread 1 ] DEBUG PhysicsWorld         - Using strategy: BRUTE_FORCE
18:09:30.640 [FXGL Background Thread 1 ] DEBUG GameScene            - Game scene initialized: 1200x700
18:09:30.646 [FXGL Background Thread 1 ] DEBUG FXGL.DefaultMenu     - createMenuBodyGameMenu()
18:09:30.656 [FXGL Background Thread 1 ] DEBUG FXGL.DefaultMenu     - createOptionsMenu()
18:09:30.660 [FXGL Background Thread 1 ] DEBUG FXGLAssetLoaderServi - Loading from file system: jar:file:/C:/Users/Hao/.m2/repository/com/github/almasb/fxgl/11.16/fxgl-11.16.jar!/fxglassets/textures/particles/smoke.png
18:09:30.723 [FXGL Background Thread 1 ] DEBUG FXGLAssetLoaderServi - Loading from file system: jar:file:/C:/Users/Hao/.m2/repository/com/github/almasb/fxgl/11.16/fxgl-11.16.jar!/fxglassets/textures/particles/trace_horizontal.png
18:09:30.739 [FXGL Background Thread 1 ] DEBUG GameApplicationServi - Application scenes initialized
18:09:30.746 [FXGL Background Thread 1 ] DEBUG SystemBundleService  - Loading FXGL system data
18:09:30.748 [FXGL Background Thread 1 ] DEBUG FileSystemAccess     - Reading from: C:\Users\Hao\Documents\DAM 2 PRO\GameFX\system\fxgl.bundle
18:09:30.753 [FXGL Background Thread 1 ] DEBUG SystemBundleService  - Bundle FXGL: {}
18:09:30.754 [FXGL Background Thread 1 ] DEBUG UpdaterService       - Checking for updates
18:09:30.756 [FXGL Background Thread 4 ] DEBUG FXGLApplication      - Loading fonts
18:09:30.756 [FXGL Background Thread 1 ] DEBUG FXGLApplication      - Loading default localization
18:09:30.756 [FXGL Background Thread 4 ] DEBUG FXGLAssetLoaderServi - Loading from file system: jar:file:/C:/Users/Hao/.m2/repository/com/github/almasb/fxgl/11.16/fxgl-11.16.jar!/fxglassets/ui/fonts/VarelaRound-Regular.ttf
18:09:30.756 [FXGL Background Thread 1 ] DEBUG FXGLAssetLoaderServi - Loading from file system: jar:file:/C:/Users/Hao/.m2/repository/com/github/almasb/fxgl/11.16/fxgl-11.16.jar!/fxglassets/languages/english.lang
18:09:30.773 [FXGL Background Thread 1 ] INFO  FXGLApplication      - FXGL initialization took: 0,244 sec
18:09:30.779 [JavaFX Application Thread] DEBUG Input                - Registered new binding: left - Left
18:09:30.780 [JavaFX Application Thread] DEBUG Input                - Registered new binding: right - Right
18:09:30.780 [JavaFX Application Thread] DEBUG Input                - Registered new binding: up - Up
18:09:30.780 [JavaFX Application Thread] DEBUG Input                - Registered new binding: down - Down
18:09:30.781 [JavaFX Application Thread] DEBUG Input                - Registered new binding: Bullet - Space
18:09:30.781 [JavaFX Application Thread] DEBUG FXGLAssetLoaderServi - Loading from file system: jar:file:/C:/Users/Hao/.m2/repository/com/github/almasb/fxgl/11.16/fxgl-11.16.jar!/fxglassets/textures/fxgl_icon.png
18:09:30.789 [FXGL Background Thread 4 ] DEBUG FXGLAssetLoaderServi - Loading from file system: jar:file:/C:/Users/Hao/.m2/repository/com/github/almasb/fxgl/11.16/fxgl-11.16.jar!/fxglassets/ui/fonts/Abel-Regular.ttf
18:09:30.791 [FXGL Background Thread 4 ] DEBUG FXGLAssetLoaderServi - Loading from file system: jar:file:/C:/Users/Hao/.m2/repository/com/github/almasb/fxgl/11.16/fxgl-11.16.jar!/fxglassets/ui/fonts/lucida_console.ttf
18:09:30.794 [FXGL Background Thread 4 ] DEBUG FXGLAssetLoaderServi - Loading from file system: jar:file:/C:/Users/Hao/.m2/repository/com/github/almasb/fxgl/11.16/fxgl-11.16.jar!/fxglassets/ui/fonts/Courier-Prime.ttf
18:09:30.795 [JavaFX Application Thread] DEBUG FXGLAssetLoaderServi - Loading from file system: jar:file:/C:/Users/Hao/.m2/repository/com/github/almasb/fxgl/11.16/fxgl-11.16.jar!/fxglassets/textures/fxgl_default_cursor.png
18:09:30.797 [JavaFX Application Thread] DEBUG Input                - Registered new binding: Screenshot - CTRL+8
18:09:30.797 [JavaFX Application Thread] DEBUG Input                - Registered new binding: System info dump - CTRL+9
18:09:30.798 [JavaFX Application Thread] DEBUG Input                - Registered new binding: Restart - CTRL+R
18:09:30.798 [JavaFX Application Thread] DEBUG Input                - Registered new binding: Toggle Debug Camera - CTRL+C
18:09:30.801 [JavaFX Application Thread] DEBUG LoopRunner           - Starting loop
18:09:30.801 [JavaFX Application Thread] DEBUG LoopRunner           - Initializing JavaFX AnimationTimerLoop
18:09:30.802 [JavaFX Application Thread] DEBUG GameApplicationServi - Starting new game
18:09:30.803 [JavaFX Application Thread] DEBUG Input                - Clearing active input actions
18:09:30.809 [JavaFX Application Thread] DEBUG GameApplicationServi - Removing overlay from FXGLStartupScene and adding to FXGLLoadingScene
18:09:30.810 [JavaFX Application Thread] DEBUG PrimaryStageWindow   - FXGLStartupScene -> FXGLLoadingScene
18:09:30.810 [JavaFX Application Thread] DEBUG GameApplicationServi - Clearing previous game
18:09:30.810 [JavaFX Application Thread] DEBUG GameScene            - Clearing game scene
18:09:30.810 [JavaFX Application Thread] DEBUG GameWorld            - Clearing game world
18:09:30.810 [JavaFX Application Thread] DEBUG PhysicsWorld         - Clearing physics world
18:09:30.811 [FXGL Background Thread 4 ] DEBUG FXGLApplication      - Initializing game
18:09:30.811 [JavaFX Application Thread] DEBUG FXGLApplication      - Registering font factories with UI factory
18:09:30.823 [FXGL Background Thread 4 ] DEBUG FXGLAssetLoaderServi - Loading from file system: file:/C:/Users/Hao/Documents/DAM%202%20PRO/GameFX/target/classes/assets/textures/space.jpg
18:09:30.947 [FXGL Background Thread 4 ] DEBUG FXGLAssetLoaderServi - Loading from file system: file:/C:/Users/Hao/Documents/DAM%202%20PRO/GameFX/target/classes/assets/textures/center.png
18:09:30.969 [FXGL Background Thread 4 ] DEBUG FXGLAssetLoaderServi - Loading from file system: file:/C:/Users/Hao/Documents/DAM%202%20PRO/GameFX/target/classes/assets/music/background.mp3
18:09:31.037 [FXGL Background Thread 4 ] DEBUG AudioPlayer          - Playing music com.almasb.fxgl.audio.Music@1e39ea67
18:09:31.039 [FXGL Background Thread 4 ] DEBUG FXGLAssetLoaderServi - Loading from file system: file:/C:/Users/Hao/Documents/DAM%202%20PRO/GameFX/target/classes/assets/textures/enterprise.png
18:09:31.048 [FXGL Background Thread 4 ] INFO  FXGLApplication      - Game initialization took: 0,236 sec
18:09:31.050 [JavaFX Application Thread] DEBUG Input                - Clearing active input actions
18:09:31.055 [JavaFX Application Thread] DEBUG GameApplicationServi - Removing overlay from FXGLLoadingScene and adding to GameScene
18:09:31.056 [JavaFX Application Thread] DEBUG PrimaryStageWindow   - FXGLLoadingScene -> GameScene
18:09:31.062 [JavaFX Application Thread] DEBUG FXGLAssetLoaderServi - Loading from file system: file:/C:/Users/Hao/Documents/DAM%202%20PRO/GameFX/target/classes/assets/textures/shipYellow_manned.png
18:09:31.214 [FXGL Background Thread 2 ] INFO  UpdaterService       - Your current version:  11.16
18:09:31.214 [FXGL Background Thread 2 ] INFO  UpdaterService       - Latest stable version: 17.2
18:09:32.215 [JavaFX Application Thread] DEBUG PrimaryStageWindow   - Push state: FXGLDefaultMenu
18:09:32.219 [JavaFX Application Thread] DEBUG Input                - Clearing active input actions
18:09:32.223 [JavaFX Application Thread] DEBUG GameApplicationServi - Removing overlay from GameScene and adding to FXGLDefaultMenu
18:09:32.223 [JavaFX Application Thread] DEBUG PrimaryStageWindow   - GameScene -> FXGLDefaultMenu
18:09:32.419 [JavaFX Application Thread] DEBUG PrimaryStageWindow   - Pop state: FXGLDefaultMenu
18:09:32.419 [JavaFX Application Thread] DEBUG Input                - Clearing active input actions
18:09:32.419 [JavaFX Application Thread] DEBUG GameApplicationServi - Removing overlay from FXGLDefaultMenu and adding to GameScene
18:09:32.419 [JavaFX Application Thread] DEBUG PrimaryStageWindow   - GameScene <- FXGLDefaultMenu
18:09:32.788 [JavaFX Application Thread] DEBUG PrimaryStageWindow   - Push state: FXGLDefaultMenu
18:09:32.789 [JavaFX Application Thread] DEBUG Input                - Clearing active input actions
18:09:32.790 [JavaFX Application Thread] DEBUG GameApplicationServi - Removing overlay from GameScene and adding to FXGLDefaultMenu
18:09:32.790 [JavaFX Application Thread] DEBUG PrimaryStageWindow   - GameScene -> FXGLDefaultMenu
18:09:33.756 [FXGL Background Thread 3 ] DEBUG Engine               - Logging environment variables
18:09:33.756 [FXGL Background Thread 3 ] DEBUG Engine               - achievements: []
18:09:33.756 [FXGL Background Thread 3 ] DEBUG Engine               - actualHeight: 700.0
18:09:33.756 [FXGL Background Thread 3 ] DEBUG Engine               - actualHeightProperty: ReadOnlyDoubleProperty [value: 700.0]
18:09:33.756 [FXGL Background Thread 3 ] DEBUG Engine               - actualWidth: 1200.0
18:09:33.756 [FXGL Background Thread 3 ] DEBUG Engine               - actualWidthProperty: ReadOnlyDoubleProperty [value: 1200.0]
18:09:33.756 [FXGL Background Thread 3 ] DEBUG Engine               - appIcon: fxgl_icon.png
18:09:33.756 [FXGL Background Thread 3 ] DEBUG Engine               - applicationMode: DEVELOPER
18:09:33.756 [FXGL Background Thread 3 ] DEBUG Engine               - cSSList: [fxgl_dark.css]
18:09:33.756 [FXGL Background Thread 3 ] DEBUG Engine               - collisionDetectionStrategy: BRUTE_FORCE
18:09:33.756 [FXGL Background Thread 3 ] DEBUG Engine               - configClass: Optional.empty
18:09:33.756 [FXGL Background Thread 3 ] DEBUG Engine               - credits: []
18:09:33.756 [FXGL Background Thread 3 ] DEBUG Engine               - defaultCursor: CursorInfo(imageName=fxgl_default_cursor.png, hotspotX=7.0, hotspotY=6.0)
18:09:33.756 [FXGL Background Thread 3 ] DEBUG Engine               - devBBoxColorProperty: ObjectProperty [value: 0xff0000ff]
18:09:33.756 [FXGL Background Thread 3 ] DEBUG Engine               - devEnableDebugCameraProperty: BooleanProperty [value: false]
18:09:33.756 [FXGL Background Thread 3 ] DEBUG Engine               - devSensorColorProperty: ObjectProperty [value: 0xffff00ff]
18:09:33.756 [FXGL Background Thread 3 ] DEBUG Engine               - devShowBBoxProperty: BooleanProperty [value: false]
18:09:33.756 [FXGL Background Thread 3 ] DEBUG Engine               - devShowPositionProperty: BooleanProperty [value: false]
18:09:33.756 [FXGL Background Thread 3 ] DEBUG Engine               - enabledMenuItems: []
18:09:33.756 [FXGL Background Thread 3 ] DEBUG Engine               - engineServices: [class com.almasb.fxgl.app.services.FXGLAssetLoaderService, class com.almasb.fxgl.app.FXGLApplication$GameApplicationService, class com.almasb.fxgl.app.services.FXGLDialogService, class com.almasb.fxgl.app.services.IOTaskExecutorService, class com.almasb.fxgl.io.FileSystemService, class com.almasb.fxgl.localization.LocalizationService, class com.almasb.fxgl.app.services.SystemBundleService, class com.almasb.fxgl.profile.SaveLoadService, class com.almasb.fxgl.ui.FXGLUIFactoryServiceProvider, class com.almasb.fxgl.ui.FXGLDialogFactoryServiceProvider, class com.almasb.fxgl.audio.AudioPlayer, class com.almasb.fxgl.notification.impl.NotificationServiceProvider, class com.almasb.fxgl.achievement.AchievementService, class com.almasb.fxgl.cutscene.CutsceneService, class com.almasb.fxgl.minigames.MiniGameService, class com.almasb.fxgl.net.NetService, class com.almasb.fxgl.app.services.UpdaterService, class com.almasb.fxgl.dev.DevService]
18:09:33.756 [FXGL Background Thread 3 ] DEBUG Engine               - fontGame: Abel-Regular.ttf
18:09:33.756 [FXGL Background Thread 3 ] DEBUG Engine               - fontMono: lucida_console.ttf
18:09:33.756 [FXGL Background Thread 3 ] DEBUG Engine               - fontText: Courier-Prime.ttf
18:09:33.756 [FXGL Background Thread 3 ] DEBUG Engine               - fontUI: VarelaRound-Regular.ttf
18:09:33.756 [FXGL Background Thread 3 ] DEBUG Engine               - fullScreen: BooleanProperty [value: false]
18:09:33.756 [FXGL Background Thread 3 ] DEBUG Engine               - gameDifficulty: MEDIUM
18:09:33.757 [FXGL Background Thread 3 ] DEBUG Engine               - gameDifficultyProperty: ObjectProperty [value: MEDIUM]
18:09:33.757 [FXGL Background Thread 3 ] DEBUG Engine               - globalMusicVolume: 0.5
18:09:33.757 [FXGL Background Thread 3 ] DEBUG Engine               - globalMusicVolumeProperty: DoubleProperty [value: 0.5]
18:09:33.757 [FXGL Background Thread 3 ] DEBUG Engine               - globalSoundVolume: 0.5
18:09:33.757 [FXGL Background Thread 3 ] DEBUG Engine               - globalSoundVolumeProperty: DoubleProperty [value: 0.5]
18:09:33.757 [FXGL Background Thread 3 ] DEBUG Engine               - height: 700
18:09:33.757 [FXGL Background Thread 3 ] DEBUG Engine               - is3D: false
18:09:33.757 [FXGL Background Thread 3 ] DEBUG Engine               - isAndroid: false
18:09:33.757 [FXGL Background Thread 3 ] DEBUG Engine               - isBrowser: false
18:09:33.757 [FXGL Background Thread 3 ] DEBUG Engine               - isClickFeedbackEnabled: false
18:09:33.757 [FXGL Background Thread 3 ] DEBUG Engine               - isCloseConfirmation: false
18:09:33.757 [FXGL Background Thread 3 ] DEBUG Engine               - isDesktop: true
18:09:33.757 [FXGL Background Thread 3 ] DEBUG Engine               - isDeveloperMenuEnabled: false
18:09:33.757 [FXGL Background Thread 3 ] DEBUG Engine               - isEntityPreloadEnabled: true
18:09:33.757 [FXGL Background Thread 3 ] DEBUG Engine               - isExperimentalTiledLargeMap: false
18:09:33.757 [FXGL Background Thread 3 ] DEBUG Engine               - isFileSystemWriteAllowed: true
18:09:33.757 [FXGL Background Thread 3 ] DEBUG Engine               - isFullScreenAllowed: true
18:09:33.757 [FXGL Background Thread 3 ] DEBUG Engine               - isFullScreenFromStart: false
18:09:33.757 [FXGL Background Thread 3 ] DEBUG Engine               - isGameMenuEnabled: true
18:09:33.757 [FXGL Background Thread 3 ] DEBUG Engine               - isIOS: false
18:09:33.758 [FXGL Background Thread 3 ] DEBUG Engine               - isIntroEnabled: false
18:09:33.758 [FXGL Background Thread 3 ] DEBUG Engine               - isLinux: false
18:09:33.758 [FXGL Background Thread 3 ] DEBUG Engine               - isMac: false
18:09:33.758 [FXGL Background Thread 3 ] DEBUG Engine               - isMainMenuEnabled: false
18:09:33.758 [FXGL Background Thread 3 ] DEBUG Engine               - isManualResizeEnabled: false
18:09:33.758 [FXGL Background Thread 3 ] DEBUG Engine               - isMobile: false
18:09:33.758 [FXGL Background Thread 3 ] DEBUG Engine               - isNative: false
18:09:33.758 [FXGL Background Thread 3 ] DEBUG Engine               - isPreserveResizeRatio: false
18:09:33.758 [FXGL Background Thread 3 ] DEBUG Engine               - isProfilingEnabled: false
18:09:33.758 [FXGL Background Thread 3 ] DEBUG Engine               - isScaleAffectedOnResize: true
18:09:33.758 [FXGL Background Thread 3 ] DEBUG Engine               - isSingleStep: false
18:09:33.758 [FXGL Background Thread 3 ] DEBUG Engine               - isUserProfileEnabled: false
18:09:33.758 [FXGL Background Thread 3 ] DEBUG Engine               - isWindows: true
18:09:33.758 [FXGL Background Thread 3 ] DEBUG Engine               - language: ObjectProperty [value: ENGLISH]
18:09:33.758 [FXGL Background Thread 3 ] DEBUG Engine               - menuKey: ESCAPE
18:09:33.758 [FXGL Background Thread 3 ] DEBUG Engine               - mouseSensitivity: 0.2
18:09:33.758 [FXGL Background Thread 3 ] DEBUG Engine               - notificationViewClass: class com.almasb.fxgl.notification.view.XboxNotificationView
18:09:33.758 [FXGL Background Thread 3 ] DEBUG Engine               - pixelsPerMeter: 50.0
18:09:33.758 [FXGL Background Thread 3 ] DEBUG Engine               - platform: WINDOWS
18:09:33.758 [FXGL Background Thread 3 ] DEBUG Engine               - prefHeightProperty: ReadOnlyDoubleProperty [value: 700.0]
18:09:33.758 [FXGL Background Thread 3 ] DEBUG Engine               - prefWidthProperty: ReadOnlyDoubleProperty [value: 1200.0]
18:09:33.758 [FXGL Background Thread 3 ] DEBUG Engine               - profileDir: profiles/
18:09:33.758 [FXGL Background Thread 3 ] DEBUG Engine               - profileName: StringProperty [value: DEFAULT]
18:09:33.758 [FXGL Background Thread 3 ] DEBUG Engine               - randomSeed: -1
18:09:33.758 [FXGL Background Thread 3 ] DEBUG Engine               - runtimeInfo: RuntimeInfo(platform=WINDOWS, version=11.16, build=25.05.2021 08.16)
18:09:33.758 [FXGL Background Thread 3 ] DEBUG Engine               - saveFileExt: sav
18:09:33.758 [FXGL Background Thread 3 ] DEBUG Engine               - scaledHeightProp$fxgl: DoubleProperty [bound, value: 700.0]
18:09:33.758 [FXGL Background Thread 3 ] DEBUG Engine               - scaledWidthProp$fxgl: DoubleProperty [bound, value: 1200.0]
18:09:33.758 [FXGL Background Thread 3 ] DEBUG Engine               - sceneFactory: com.almasb.fxgl.app.scene.SceneFactory@241038da
18:09:33.758 [FXGL Background Thread 3 ] DEBUG Engine               - secondsIn24h: 60
18:09:33.758 [FXGL Background Thread 3 ] DEBUG Engine               - soundMenuBack: menu/back.wav
18:09:33.758 [FXGL Background Thread 3 ] DEBUG Engine               - soundMenuPress: menu/press.wav
18:09:33.758 [FXGL Background Thread 3 ] DEBUG Engine               - soundMenuSelect: menu/select.wav
18:09:33.758 [FXGL Background Thread 3 ] DEBUG Engine               - soundNotification: core/notification.wav
18:09:33.758 [FXGL Background Thread 3 ] DEBUG Engine               - stageStyle: DECORATED
18:09:33.758 [FXGL Background Thread 3 ] DEBUG Engine               - supportedLanguages: [ENGLISH, FRENCH, GERMAN, HUNGARIAN, RUSSIAN]
18:09:33.758 [FXGL Background Thread 3 ] DEBUG Engine               - ticksPerSecond: -1
18:09:33.758 [FXGL Background Thread 3 ] DEBUG Engine               - title: Dead Space but Family Friendly
18:09:33.758 [FXGL Background Thread 3 ] DEBUG Engine               - urlGithub: https://github.com/AlmasB/FXGL
18:09:33.758 [FXGL Background Thread 3 ] DEBUG Engine               - urlLeaderboard: http://fxgl-top.herokuapp.com/
18:09:33.758 [FXGL Background Thread 3 ] DEBUG Engine               - urlPOM: https://raw.githubusercontent.com/AlmasB/FXGL/release/README.md
18:09:33.758 [FXGL Background Thread 3 ] DEBUG Engine               - userAppClass: class com.example.gamefx.MainGame
18:09:33.758 [FXGL Background Thread 3 ] DEBUG Engine               - version: 0.1
18:09:33.758 [FXGL Background Thread 3 ] DEBUG Engine               - versionCheckDays: 7
18:09:33.758 [FXGL Background Thread 3 ] DEBUG Engine               - width: 1200
18:09:33.758 [FXGL Background Thread 3 ] DEBUG Engine               - Logging services
18:09:33.758 [FXGL Background Thread 3 ] DEBUG Engine               - class com.almasb.fxgl.app.services.FXGLAssetLoaderService
18:09:33.758 [FXGL Background Thread 3 ] DEBUG Engine               - class com.almasb.fxgl.app.FXGLApplication$GameApplicationService
18:09:33.758 [FXGL Background Thread 3 ] DEBUG Engine               - class com.almasb.fxgl.app.services.FXGLDialogService
18:09:33.758 [FXGL Background Thread 3 ] DEBUG Engine               - class com.almasb.fxgl.app.services.IOTaskExecutorService
18:09:33.758 [FXGL Background Thread 3 ] DEBUG Engine               - class com.almasb.fxgl.io.FileSystemService
18:09:33.758 [FXGL Background Thread 3 ] DEBUG Engine               - class com.almasb.fxgl.localization.LocalizationService
18:09:33.758 [FXGL Background Thread 3 ] DEBUG Engine               - class com.almasb.fxgl.app.services.SystemBundleService
18:09:33.758 [FXGL Background Thread 3 ] DEBUG Engine               - class com.almasb.fxgl.profile.SaveLoadService
18:09:33.758 [FXGL Background Thread 3 ] DEBUG Engine               - class com.almasb.fxgl.ui.FXGLUIFactoryServiceProvider
18:09:33.758 [FXGL Background Thread 3 ] DEBUG Engine               - class com.almasb.fxgl.ui.FXGLDialogFactoryServiceProvider
18:09:33.758 [FXGL Background Thread 3 ] DEBUG Engine               - class com.almasb.fxgl.audio.AudioPlayer
18:09:33.758 [FXGL Background Thread 3 ] DEBUG Engine               - class com.almasb.fxgl.notification.impl.NotificationServiceProvider
18:09:33.759 [FXGL Background Thread 3 ] DEBUG Engine               - class com.almasb.fxgl.achievement.AchievementService
18:09:33.759 [FXGL Background Thread 3 ] DEBUG Engine               - class com.almasb.fxgl.cutscene.CutsceneService
18:09:33.759 [FXGL Background Thread 3 ] DEBUG Engine               - class com.almasb.fxgl.minigames.MiniGameService
18:09:33.759 [FXGL Background Thread 3 ] DEBUG Engine               - class com.almasb.fxgl.net.NetService
18:09:33.759 [FXGL Background Thread 3 ] DEBUG Engine               - class com.almasb.fxgl.app.services.UpdaterService
18:09:33.759 [FXGL Background Thread 3 ] DEBUG Engine               - class com.almasb.fxgl.dev.DevService
18:09:34.977 [JavaFX Application Thread] DEBUG PrimaryStageWindow   - Pop state: FXGLDefaultMenu
18:09:34.977 [JavaFX Application Thread] DEBUG Input                - Clearing active input actions
18:09:34.978 [JavaFX Application Thread] DEBUG GameApplicationServi - Removing overlay from FXGLDefaultMenu and adding to GameScene
18:09:34.978 [JavaFX Application Thread] DEBUG PrimaryStageWindow   - GameScene <- FXGLDefaultMenu
18:09:35.847 [JavaFX Application Thread] DEBUG FXGLAssetLoaderServi - Loading from file system: file:/C:/Users/Hao/Documents/DAM%202%20PRO/GameFX/target/classes/assets/textures/laserred1.png
18:09:35.852 [JavaFX Application Thread] DEBUG FXGLAssetLoaderServi - Loading from file system: file:/C:/Users/Hao/Documents/DAM%202%20PRO/GameFX/target/classes/assets/sounds/sfx_laser1.wav
18:09:36.259 [JavaFX Application Thread] DEBUG FXGLAssetLoaderServi - Loading from file system: file:/C:/Users/Hao/Documents/DAM%202%20PRO/GameFX/target/classes/assets/sounds/sfx_lose.wav
18:09:36.435 [JavaFX Application Thread] DEBUG FXGLAssetLoaderServi - Loading from file system: file:/C:/Users/Hao/Documents/DAM%202%20PRO/GameFX/target/classes/assets/textures/laserYellow_burst.png
18:09:36.441 [JavaFX Application Thread] DEBUG FXGLAssetLoaderServi - Loading from file system: file:/C:/Users/Hao/Documents/DAM%202%20PRO/GameFX/target/classes/assets/sounds/explosion.wav
18:09:36.664 [JavaFX Application Thread] DEBUG FXGLAssetLoaderServi - Loading from file system: file:/C:/Users/Hao/Documents/DAM%202%20PRO/GameFX/target/classes/assets/textures/pill_green.png
18:09:36.668 [JavaFX Application Thread] WARN  Entity               - Entity already has component: com.almasb.fxgl.entity.components.CollidableComponent
18:09:43.140 [JavaFX Application Thread] DEBUG PrimaryStageWindow   - Push state: DialogSubScene
18:09:43.140 [JavaFX Application Thread] DEBUG Input                - Clearing active input actions
18:09:43.141 [JavaFX Application Thread] DEBUG GameApplicationServi - Removing overlay from GameScene and adding to DialogSubScene
18:09:43.142 [JavaFX Application Thread] DEBUG PrimaryStageWindow   - GameScene -> DialogSubScene
18:09:46.508 [JavaFX Application Thread] DEBUG PrimaryStageWindow   - Pop state: DialogSubScene
18:09:46.508 [JavaFX Application Thread] DEBUG Input                - Clearing active input actions
18:09:46.509 [JavaFX Application Thread] DEBUG GameApplicationServi - Removing overlay from DialogSubScene and adding to GameScene
18:09:46.510 [JavaFX Application Thread] DEBUG PrimaryStageWindow   - GameScene <- DialogSubScene
18:09:46.510 [JavaFX Application Thread] DEBUG GameApplicationServi - Starting new game
18:09:46.510 [JavaFX Application Thread] DEBUG Input                - Clearing active input actions
18:09:46.519 [JavaFX Application Thread] DEBUG GameApplicationServi - Removing overlay from GameScene and adding to FXGLLoadingScene
18:09:46.519 [JavaFX Application Thread] DEBUG PrimaryStageWindow   - GameScene -> FXGLLoadingScene
18:09:46.519 [JavaFX Application Thread] DEBUG GameApplicationServi - Clearing previous game
18:09:46.519 [JavaFX Application Thread] DEBUG GameScene            - Clearing game scene
18:09:46.519 [JavaFX Application Thread] DEBUG GameWorld            - Clearing game world
18:09:46.520 [JavaFX Application Thread] DEBUG PhysicsWorld         - Clearing physics world
18:09:46.520 [FXGL Background Thread 2 ] DEBUG FXGLApplication      - Initializing game
18:09:46.521 [FXGL Background Thread 2 ] DEBUG AudioPlayer          - Playing music com.almasb.fxgl.audio.Music@1e39ea67
18:09:46.522 [FXGL Background Thread 2 ] INFO  FXGLApplication      - Game initialization took: 0,002 sec
18:09:46.524 [JavaFX Application Thread] DEBUG Input                - Clearing active input actions
18:09:46.531 [JavaFX Application Thread] DEBUG GameApplicationServi - Removing overlay from FXGLLoadingScene and adding to GameScene
18:09:46.531 [JavaFX Application Thread] DEBUG PrimaryStageWindow   - FXGLLoadingScene -> GameScene
18:09:47.912 [JavaFX Application Thread] WARN  Entity               - Entity already has component: com.almasb.fxgl.entity.components.CollidableComponent
18:09:49.383 [JavaFX Application Thread] WARN  Entity               - Entity already has component: com.almasb.fxgl.entity.components.CollidableComponent
18:09:50.502 [JavaFX Application Thread] WARN  Entity               - Entity already has component: com.almasb.fxgl.entity.components.CollidableComponent
18:09:53.545 [JavaFX Application Thread] WARN  Entity               - Entity already has component: com.almasb.fxgl.entity.components.CollidableComponent
18:09:58.037 [JavaFX Application Thread] WARN  Entity               - Entity already has component: com.almasb.fxgl.entity.components.CollidableComponent
18:10:07.808 [JavaFX Application Thread] DEBUG PrimaryStageWindow   - Push state: DialogSubScene
18:10:07.808 [JavaFX Application Thread] DEBUG Input                - Clearing active input actions
18:10:07.810 [JavaFX Application Thread] DEBUG GameApplicationServi - Removing overlay from GameScene and adding to DialogSubScene
18:10:07.810 [JavaFX Application Thread] DEBUG PrimaryStageWindow   - GameScene -> DialogSubScene
18:10:09.839 [JavaFX Application Thread] DEBUG PrimaryStageWindow   - Pop state: DialogSubScene
18:10:09.839 [JavaFX Application Thread] DEBUG Input                - Clearing active input actions
18:10:09.840 [JavaFX Application Thread] DEBUG GameApplicationServi - Removing overlay from DialogSubScene and adding to GameScene
18:10:09.840 [JavaFX Application Thread] DEBUG PrimaryStageWindow   - GameScene <- DialogSubScene
18:10:09.840 [JavaFX Application Thread] DEBUG GameApplicationServi - Starting new game
18:10:09.840 [JavaFX Application Thread] DEBUG Input                - Clearing active input actions
18:10:09.845 [JavaFX Application Thread] DEBUG GameApplicationServi - Removing overlay from GameScene and adding to FXGLLoadingScene
18:10:09.845 [JavaFX Application Thread] DEBUG PrimaryStageWindow   - GameScene -> FXGLLoadingScene
18:10:09.846 [JavaFX Application Thread] DEBUG GameApplicationServi - Clearing previous game
18:10:09.846 [JavaFX Application Thread] DEBUG GameScene            - Clearing game scene
18:10:09.846 [JavaFX Application Thread] DEBUG GameWorld            - Clearing game world
18:10:09.846 [JavaFX Application Thread] DEBUG PhysicsWorld         - Clearing physics world
18:10:09.846 [FXGL Background Thread 2 ] DEBUG FXGLApplication      - Initializing game
18:10:09.847 [FXGL Background Thread 2 ] DEBUG AudioPlayer          - Playing music com.almasb.fxgl.audio.Music@1e39ea67
18:10:09.847 [FXGL Background Thread 2 ] INFO  FXGLApplication      - Game initialization took: 0,002 sec
18:10:09.848 [JavaFX Application Thread] DEBUG Input                - Clearing active input actions
18:10:09.852 [JavaFX Application Thread] DEBUG GameApplicationServi - Removing overlay from FXGLLoadingScene and adding to GameScene
18:10:09.852 [JavaFX Application Thread] DEBUG PrimaryStageWindow   - FXGLLoadingScene -> GameScene
18:10:12.760 [JavaFX Application Thread] WARN  Entity               - Entity already has component: com.almasb.fxgl.entity.components.CollidableComponent
18:10:13.144 [JavaFX Application Thread] WARN  Entity               - Entity already has component: com.almasb.fxgl.entity.components.CollidableComponent
18:10:14.851 [JavaFX Application Thread] WARN  Entity               - Entity already has component: com.almasb.fxgl.entity.components.CollidableComponent
18:10:17.079 [JavaFX Application Thread] WARN  Entity               - Entity already has component: com.almasb.fxgl.entity.components.CollidableComponent
18:10:20.084 [JavaFX Application Thread] WARN  Entity               - Entity already has component: com.almasb.fxgl.entity.components.CollidableComponent
18:10:20.945 [JavaFX Application Thread] WARN  Entity               - Entity already has component: com.almasb.fxgl.entity.components.CollidableComponent
18:10:22.472 [JavaFX Application Thread] WARN  Entity               - Entity already has component: com.almasb.fxgl.entity.components.CollidableComponent
18:10:22.767 [JavaFX Application Thread] WARN  Entity               - Entity already has component: com.almasb.fxgl.entity.components.CollidableComponent
18:10:22.849 [JavaFX Application Thread] WARN  Entity               - Entity already has component: com.almasb.fxgl.entity.components.CollidableComponent
18:10:22.979 [JavaFX Application Thread] WARN  Entity               - Entity already has component: com.almasb.fxgl.entity.components.CollidableComponent
18:10:23.116 [JavaFX Application Thread] DEBUG FXGLAssetLoaderServi - Loading from file system: file:/C:/Users/Hao/Documents/DAM%202%20PRO/GameFX/target/classes/assets/textures/laserRed02.png
18:10:23.117 [JavaFX Application Thread] DEBUG FXGLAssetLoaderServi - Loading from file system: file:/C:/Users/Hao/Documents/DAM%202%20PRO/GameFX/target/classes/assets/sounds/sfx_laser2.wav
18:10:23.361 [JavaFX Application Thread] WARN  Entity               - Entity already has component: com.almasb.fxgl.entity.components.CollidableComponent
18:10:24.035 [JavaFX Application Thread] WARN  Entity               - Entity already has component: com.almasb.fxgl.entity.components.CollidableComponent
18:10:24.327 [JavaFX Application Thread] WARN  Entity               - Entity already has component: com.almasb.fxgl.entity.components.CollidableComponent
18:10:24.899 [JavaFX Application Thread] WARN  Entity               - Entity already has component: com.almasb.fxgl.entity.components.CollidableComponent
18:10:24.973 [JavaFX Application Thread] WARN  Entity               - Entity already has component: com.almasb.fxgl.entity.components.CollidableComponent
18:10:25.085 [JavaFX Application Thread] WARN  Entity               - Entity already has component: com.almasb.fxgl.entity.components.CollidableComponent
18:10:26.099 [JavaFX Application Thread] DEBUG FXGLAssetLoaderServi - Loading from file system: file:/C:/Users/Hao/Documents/DAM%202%20PRO/GameFX/target/classes/assets/textures/laserRed04.png
18:10:26.382 [JavaFX Application Thread] WARN  Entity               - Entity already has component: com.almasb.fxgl.entity.components.CollidableComponent
18:10:26.687 [JavaFX Application Thread] WARN  GameWorld            - Attempted to remove entity which is not active
18:10:26.791 [JavaFX Application Thread] WARN  Entity               - Entity already has component: com.almasb.fxgl.entity.components.CollidableComponent
18:10:27.396 [JavaFX Application Thread] WARN  Entity               - Entity already has component: com.almasb.fxgl.entity.components.CollidableComponent
18:10:27.597 [JavaFX Application Thread] WARN  Entity               - Entity already has component: com.almasb.fxgl.entity.components.CollidableComponent
18:10:27.680 [JavaFX Application Thread] WARN  Entity               - Entity already has component: com.almasb.fxgl.entity.components.CollidableComponent
18:10:27.926 [JavaFX Application Thread] WARN  Entity               - Entity already has component: com.almasb.fxgl.entity.components.CollidableComponent
18:10:28.024 [JavaFX Application Thread] WARN  Entity               - Entity already has component: com.almasb.fxgl.entity.components.CollidableComponent
18:10:28.048 [JavaFX Application Thread] WARN  Entity               - Entity already has component: com.almasb.fxgl.entity.components.CollidableComponent
18:10:28.257 [JavaFX Application Thread] WARN  Entity               - Entity already has component: com.almasb.fxgl.entity.components.CollidableComponent
18:10:28.340 [JavaFX Application Thread] WARN  Entity               - Entity already has component: com.almasb.fxgl.entity.components.CollidableComponent
18:10:28.374 [JavaFX Application Thread] WARN  Entity               - Entity already has component: com.almasb.fxgl.entity.components.CollidableComponent
18:10:28.487 [JavaFX Application Thread] WARN  Entity               - Entity already has component: com.almasb.fxgl.entity.components.CollidableComponent
18:10:28.910 [JavaFX Application Thread] WARN  Entity               - Entity already has component: com.almasb.fxgl.entity.components.CollidableComponent
18:10:29.254 [JavaFX Application Thread] WARN  Entity               - Entity already has component: com.almasb.fxgl.entity.components.CollidableComponent
18:10:30.184 [JavaFX Application Thread] WARN  Entity               - Entity already has component: com.almasb.fxgl.entity.components.CollidableComponent
18:10:30.371 [JavaFX Application Thread] WARN  Entity               - Entity already has component: com.almasb.fxgl.entity.components.CollidableComponent
18:10:30.806 [JavaFX Application Thread] DEBUG PrimaryStageWindow   - Push state: DialogSubScene
18:10:30.806 [JavaFX Application Thread] DEBUG Input                - Clearing active input actions
18:10:30.806 [JavaFX Application Thread] DEBUG GameApplicationServi - Removing overlay from GameScene and adding to DialogSubScene
18:10:30.806 [JavaFX Application Thread] DEBUG PrimaryStageWindow   - GameScene -> DialogSubScene
18:10:56.407 [JavaFX Application Thread] DEBUG FXGLApplication      - Exiting FXGL
18:10:56.408 [JavaFX Application Thread] DEBUG LoopRunner           - Stopping loop
18:10:56.408 [JavaFX Application Thread] DEBUG SystemBundleService  - Saving FXGL system data
18:10:56.411 [JavaFX Application Thread] DEBUG FileSystemAccess     - Writing to: C:\Users\Hao\Documents\DAM 2 PRO\GameFX\system\fxgl.bundle
18:10:56.414 [JavaFX Application Thread] DEBUG Async                - Shutting down background threads
18:10:56.414 [JavaFX Application Thread] DEBUG PrimaryStageWindow   - Closing main window
18:10:56.425 [JavaFX Application Thread] DEBUG Logger               - Closing Logger
