21:58:34.028 [main                     ] DEBUG Logger               - Configured Logger
21:58:34.032 [main                     ] DEBUG GameApplication      - Logging settings
Title: Dead Space but Family Friendly
Version: 0.1
Width: 1536
Height: 864
Fullscreen: true
Intro: false
Profiling: false
Single step:false
App Mode: DEVELOPER
Menu Key: ESCAPE
Stage Style: DECORATED
Scene Factory: class com.almasb.fxgl.app.scene.SceneFactory

21:58:34.402 [JavaFX Application Thread] DEBUG FXGLApplication      - Initializing FXGL
21:58:34.404 [JavaFX Application Thread] INFO  Engine               - FXGL-11.16 (25.05.2021 08.16) on WINDOWS (J:18.0.2.1 FX:16)
21:58:34.404 [JavaFX Application Thread] DEBUG Engine               - JRE Vendor Name: Oracle Corporation
21:58:34.404 [JavaFX Application Thread] DEBUG Engine               - Running on OS: Windows 10 version 10.0
21:58:34.404 [JavaFX Application Thread] DEBUG Engine               - Architecture: amd64
21:58:34.404 [JavaFX Application Thread] INFO  Engine               - Source code and latest versions at: https://github.com/AlmasB/FXGL
21:58:34.404 [JavaFX Application Thread] INFO  Engine               -              Join the FXGL chat at: https://gitter.im/AlmasB/FXGL
21:58:34.479 [JavaFX Application Thread] DEBUG PrimaryStageWindow   - Creating a JavaFX scene
21:58:34.512 [JavaFX Application Thread] DEBUG PrimaryStageWindow   - Target settings size: 1536.0 x 864.0
21:58:34.513 [JavaFX Application Thread] DEBUG PrimaryStageWindow   - Scaled scene size:    1536.0 x 864.0
21:58:34.513 [JavaFX Application Thread] DEBUG PrimaryStageWindow   - Scaled ratio: (1.0, 1.0)
21:58:34.513 [JavaFX Application Thread] DEBUG PrimaryStageWindow   - Set initial scene to FXGLStartupScene
21:58:34.519 [JavaFX Application Thread] DEBUG PrimaryStageWindow   - Opening main window
21:58:34.575 [JavaFX Application Thread] DEBUG PrimaryStageWindow   - Window border size: (14.4000244140625, 37.5999755859375)
21:58:34.576 [JavaFX Application Thread] DEBUG PrimaryStageWindow   - Scaled size: 1536.0 x 864.0
21:58:34.576 [JavaFX Application Thread] DEBUG PrimaryStageWindow   - Scaled ratio: (1.0, 1.0)
21:58:34.576 [JavaFX Application Thread] DEBUG PrimaryStageWindow   - Scene size: 1536.0 x 864.0
21:58:34.576 [JavaFX Application Thread] DEBUG PrimaryStageWindow   - Stage size: 1550.4000244140625 x 901.5999755859375
21:58:34.609 [FXGL Background Thread 1 ] DEBUG Engine               - Initializing environment variables
21:58:34.672 [FXGL Background Thread 1 ] DEBUG FXGLAssetLoaderServi - User app class for loading assets: class com.example.gamefx.MainGame
21:58:34.673 [FXGL Background Thread 1 ] DEBUG GameApplicationServi - Applying CSS: fxgl_dark.css
21:58:34.673 [FXGL Background Thread 1 ] DEBUG FXGLAssetLoaderServi - Loading from file system: jar:file:/C:/Users/Hao/.m2/repository/com/github/almasb/fxgl/11.16/fxgl-11.16.jar!/fxglassets/ui/css/fxgl_dark.css
21:58:34.724 [FXGL Background Thread 1 ] DEBUG GameApplicationServi - Initializing application scenes
21:58:34.817 [FXGL Background Thread 1 ] DEBUG GameWorld            - Game world initialized
21:58:34.871 [FXGL Background Thread 1 ] DEBUG PhysicsWorld         - Physics world initialized: appHeight=864, physics.ppm=50,0
21:58:34.871 [FXGL Background Thread 1 ] DEBUG PhysicsWorld         - Using strategy: BRUTE_FORCE
21:58:34.874 [FXGL Background Thread 1 ] DEBUG GameScene            - Game scene initialized: 1536x864
21:58:34.883 [FXGL Background Thread 1 ] DEBUG FXGL.DefaultMenu     - createMenuBodyGameMenu()
21:58:34.895 [FXGL Background Thread 1 ] DEBUG FXGL.DefaultMenu     - createOptionsMenu()
21:58:34.903 [FXGL Background Thread 1 ] DEBUG FXGLAssetLoaderServi - Loading from file system: jar:file:/C:/Users/Hao/.m2/repository/com/github/almasb/fxgl/11.16/fxgl-11.16.jar!/fxglassets/textures/particles/smoke.png
21:58:35.001 [FXGL Background Thread 1 ] DEBUG FXGLAssetLoaderServi - Loading from file system: jar:file:/C:/Users/Hao/.m2/repository/com/github/almasb/fxgl/11.16/fxgl-11.16.jar!/fxglassets/textures/particles/trace_horizontal.png
21:58:35.037 [FXGL Background Thread 1 ] DEBUG GameApplicationServi - Application scenes initialized
21:58:35.047 [FXGL Background Thread 1 ] DEBUG SystemBundleService  - Loading FXGL system data
21:58:35.050 [FXGL Background Thread 1 ] DEBUG FileSystemAccess     - Reading from: C:\Users\Hao\Documents\DAM 2 PRO\GameFX\system\fxgl.bundle
21:58:35.056 [FXGL Background Thread 1 ] DEBUG SystemBundleService  - Bundle FXGL: {}
21:58:35.057 [FXGL Background Thread 1 ] DEBUG UpdaterService       - Checking for updates
21:58:35.061 [FXGL Background Thread 1 ] DEBUG FXGLApplication      - Loading default localization
21:58:35.061 [FXGL Background Thread 4 ] DEBUG FXGLApplication      - Loading fonts
21:58:35.061 [FXGL Background Thread 1 ] DEBUG FXGLAssetLoaderServi - Loading from file system: jar:file:/C:/Users/Hao/.m2/repository/com/github/almasb/fxgl/11.16/fxgl-11.16.jar!/fxglassets/languages/english.lang
21:58:35.062 [FXGL Background Thread 4 ] DEBUG FXGLAssetLoaderServi - Loading from file system: jar:file:/C:/Users/Hao/.m2/repository/com/github/almasb/fxgl/11.16/fxgl-11.16.jar!/fxglassets/ui/fonts/VarelaRound-Regular.ttf
21:58:35.086 [FXGL Background Thread 1 ] INFO  FXGLApplication      - FXGL initialization took: 0,476 sec
21:58:35.093 [JavaFX Application Thread] DEBUG Input                - Registered new binding: left - Left
21:58:35.097 [JavaFX Application Thread] DEBUG Input                - Registered new binding: right - Right
21:58:35.097 [JavaFX Application Thread] DEBUG Input                - Registered new binding: up - Up
21:58:35.097 [JavaFX Application Thread] DEBUG Input                - Registered new binding: down - Down
21:58:35.098 [JavaFX Application Thread] DEBUG Input                - Registered new binding: Bullet - Space
21:58:35.099 [JavaFX Application Thread] DEBUG FXGLAssetLoaderServi - Loading from file system: jar:file:/C:/Users/Hao/.m2/repository/com/github/almasb/fxgl/11.16/fxgl-11.16.jar!/fxglassets/textures/fxgl_icon.png
21:58:35.141 [JavaFX Application Thread] DEBUG FXGLAssetLoaderServi - Loading from file system: jar:file:/C:/Users/Hao/.m2/repository/com/github/almasb/fxgl/11.16/fxgl-11.16.jar!/fxglassets/textures/fxgl_default_cursor.png
21:58:35.150 [JavaFX Application Thread] DEBUG Input                - Registered new binding: Screenshot - CTRL+8
21:58:35.151 [JavaFX Application Thread] DEBUG Input                - Registered new binding: System info dump - CTRL+9
21:58:35.152 [JavaFX Application Thread] DEBUG Input                - Registered new binding: Restart - CTRL+R
21:58:35.152 [JavaFX Application Thread] DEBUG Input                - Registered new binding: Toggle Debug Camera - CTRL+C
21:58:35.155 [JavaFX Application Thread] DEBUG LoopRunner           - Starting loop
21:58:35.155 [JavaFX Application Thread] DEBUG LoopRunner           - Initializing JavaFX AnimationTimerLoop
21:58:35.156 [JavaFX Application Thread] DEBUG GameApplicationServi - Starting new game
21:58:35.156 [JavaFX Application Thread] DEBUG Input                - Clearing active input actions
21:58:35.171 [JavaFX Application Thread] DEBUG GameApplicationServi - Removing overlay from FXGLStartupScene and adding to FXGLLoadingScene
21:58:35.171 [JavaFX Application Thread] DEBUG PrimaryStageWindow   - FXGLStartupScene -> FXGLLoadingScene
21:58:35.171 [JavaFX Application Thread] DEBUG GameApplicationServi - Clearing previous game
21:58:35.172 [JavaFX Application Thread] DEBUG GameScene            - Clearing game scene
21:58:35.172 [JavaFX Application Thread] DEBUG GameWorld            - Clearing game world
21:58:35.172 [JavaFX Application Thread] DEBUG PhysicsWorld         - Clearing physics world
21:58:35.172 [FXGL Background Thread 1 ] DEBUG FXGLApplication      - Initializing game
21:58:35.194 [FXGL Background Thread 1 ] DEBUG FXGLAssetLoaderServi - Loading from file system: file:/C:/Users/Hao/Documents/DAM%202%20PRO/GameFX/target/classes/assets/textures/space.jpg
21:58:35.401 [FXGL Background Thread 1 ] DEBUG FXGLAssetLoaderServi - Loading from file system: file:/C:/Users/Hao/Documents/DAM%202%20PRO/GameFX/target/classes/assets/textures/center.png
21:58:35.447 [FXGL Background Thread 1 ] DEBUG FXGLAssetLoaderServi - Loading from file system: file:/C:/Users/Hao/Documents/DAM%202%20PRO/GameFX/target/classes/assets/textures/enterprise.png
21:58:35.459 [FXGL Background Thread 1 ] INFO  FXGLApplication      - Game initialization took: 0,287 sec
21:58:35.460 [JavaFX Application Thread] DEBUG Input                - Clearing active input actions
21:58:35.477 [JavaFX Application Thread] DEBUG GameApplicationServi - Removing overlay from FXGLLoadingScene and adding to GameScene
21:58:35.478 [JavaFX Application Thread] DEBUG PrimaryStageWindow   - FXGLLoadingScene -> GameScene
21:58:35.485 [JavaFX Application Thread] DEBUG FXGLAssetLoaderServi - Loading from file system: file:/C:/Users/Hao/Documents/DAM%202%20PRO/GameFX/target/classes/assets/textures/enemies.png
21:58:35.517 [FXGL Background Thread 4 ] DEBUG FXGLAssetLoaderServi - Loading from file system: jar:file:/C:/Users/Hao/.m2/repository/com/github/almasb/fxgl/11.16/fxgl-11.16.jar!/fxglassets/ui/fonts/Abel-Regular.ttf
21:58:35.521 [FXGL Background Thread 4 ] DEBUG FXGLAssetLoaderServi - Loading from file system: jar:file:/C:/Users/Hao/.m2/repository/com/github/almasb/fxgl/11.16/fxgl-11.16.jar!/fxglassets/ui/fonts/lucida_console.ttf
21:58:35.532 [FXGL Background Thread 4 ] DEBUG FXGLAssetLoaderServi - Loading from file system: jar:file:/C:/Users/Hao/.m2/repository/com/github/almasb/fxgl/11.16/fxgl-11.16.jar!/fxglassets/ui/fonts/Courier-Prime.ttf
21:58:35.575 [JavaFX Application Thread] DEBUG FXGLApplication      - Registering font factories with UI factory
21:58:35.957 [FXGL Background Thread 2 ] INFO  UpdaterService       - Your current version:  11.16
21:58:35.957 [FXGL Background Thread 2 ] INFO  UpdaterService       - Latest stable version: 17.2
21:58:36.244 [JavaFX Application Thread] DEBUG FXGLAssetLoaderServi - Loading from file system: file:/C:/Users/Hao/Documents/DAM%202%20PRO/GameFX/target/classes/assets/textures/laserred1.png
21:58:38.059 [FXGL Background Thread 3 ] DEBUG Engine               - Logging environment variables
21:58:38.061 [FXGL Background Thread 3 ] DEBUG Engine               - achievements: []
21:58:38.062 [FXGL Background Thread 3 ] DEBUG Engine               - actualHeight: 864.0
21:58:38.063 [FXGL Background Thread 3 ] DEBUG Engine               - actualHeightProperty: ReadOnlyDoubleProperty [value: 864.0]
21:58:38.063 [FXGL Background Thread 3 ] DEBUG Engine               - actualWidth: 1536.0
21:58:38.064 [FXGL Background Thread 3 ] DEBUG Engine               - actualWidthProperty: ReadOnlyDoubleProperty [value: 1536.0]
21:58:38.064 [FXGL Background Thread 3 ] DEBUG Engine               - appIcon: fxgl_icon.png
21:58:38.065 [FXGL Background Thread 3 ] DEBUG Engine               - applicationMode: DEVELOPER
21:58:38.066 [FXGL Background Thread 3 ] DEBUG Engine               - cSSList: [fxgl_dark.css]
21:58:38.067 [FXGL Background Thread 3 ] DEBUG Engine               - collisionDetectionStrategy: BRUTE_FORCE
21:58:38.067 [FXGL Background Thread 3 ] DEBUG Engine               - configClass: Optional.empty
21:58:38.067 [FXGL Background Thread 3 ] DEBUG Engine               - credits: []
21:58:38.068 [FXGL Background Thread 3 ] DEBUG Engine               - defaultCursor: CursorInfo(imageName=fxgl_default_cursor.png, hotspotX=7.0, hotspotY=6.0)
21:58:38.070 [FXGL Background Thread 3 ] DEBUG Engine               - devBBoxColorProperty: ObjectProperty [value: 0xff0000ff]
21:58:38.070 [FXGL Background Thread 3 ] DEBUG Engine               - devEnableDebugCameraProperty: BooleanProperty [value: false]
21:58:38.072 [FXGL Background Thread 3 ] DEBUG Engine               - devSensorColorProperty: ObjectProperty [value: 0xffff00ff]
21:58:38.073 [FXGL Background Thread 3 ] DEBUG Engine               - devShowBBoxProperty: BooleanProperty [value: false]
21:58:38.073 [FXGL Background Thread 3 ] DEBUG Engine               - devShowPositionProperty: BooleanProperty [value: false]
21:58:38.073 [FXGL Background Thread 3 ] DEBUG Engine               - enabledMenuItems: []
21:58:38.074 [FXGL Background Thread 3 ] DEBUG Engine               - engineServices: [class com.almasb.fxgl.app.services.FXGLAssetLoaderService, class com.almasb.fxgl.app.FXGLApplication$GameApplicationService, class com.almasb.fxgl.app.services.FXGLDialogService, class com.almasb.fxgl.app.services.IOTaskExecutorService, class com.almasb.fxgl.io.FileSystemService, class com.almasb.fxgl.localization.LocalizationService, class com.almasb.fxgl.app.services.SystemBundleService, class com.almasb.fxgl.profile.SaveLoadService, class com.almasb.fxgl.ui.FXGLUIFactoryServiceProvider, class com.almasb.fxgl.ui.FXGLDialogFactoryServiceProvider, class com.almasb.fxgl.audio.AudioPlayer, class com.almasb.fxgl.notification.impl.NotificationServiceProvider, class com.almasb.fxgl.achievement.AchievementService, class com.almasb.fxgl.cutscene.CutsceneService, class com.almasb.fxgl.minigames.MiniGameService, class com.almasb.fxgl.net.NetService, class com.almasb.fxgl.app.services.UpdaterService, class com.almasb.fxgl.dev.DevService]
21:58:38.074 [FXGL Background Thread 3 ] DEBUG Engine               - fontGame: Abel-Regular.ttf
21:58:38.074 [FXGL Background Thread 3 ] DEBUG Engine               - fontMono: lucida_console.ttf
21:58:38.075 [FXGL Background Thread 3 ] DEBUG Engine               - fontText: Courier-Prime.ttf
21:58:38.075 [FXGL Background Thread 3 ] DEBUG Engine               - fontUI: VarelaRound-Regular.ttf
21:58:38.075 [FXGL Background Thread 3 ] DEBUG Engine               - fullScreen: BooleanProperty [value: false]
21:58:38.076 [FXGL Background Thread 3 ] DEBUG Engine               - gameDifficulty: MEDIUM
21:58:38.076 [FXGL Background Thread 3 ] DEBUG Engine               - gameDifficultyProperty: ObjectProperty [value: MEDIUM]
21:58:38.076 [FXGL Background Thread 3 ] DEBUG Engine               - globalMusicVolume: 0.5
21:58:38.076 [FXGL Background Thread 3 ] DEBUG Engine               - globalMusicVolumeProperty: DoubleProperty [value: 0.5]
21:58:38.076 [FXGL Background Thread 3 ] DEBUG Engine               - globalSoundVolume: 0.5
21:58:38.077 [FXGL Background Thread 3 ] DEBUG Engine               - globalSoundVolumeProperty: DoubleProperty [value: 0.5]
21:58:38.077 [FXGL Background Thread 3 ] DEBUG Engine               - height: 864
21:58:38.077 [FXGL Background Thread 3 ] DEBUG Engine               - is3D: false
21:58:38.077 [FXGL Background Thread 3 ] DEBUG Engine               - isAndroid: false
21:58:38.078 [FXGL Background Thread 3 ] DEBUG Engine               - isBrowser: false
21:58:38.078 [FXGL Background Thread 3 ] DEBUG Engine               - isClickFeedbackEnabled: false
21:58:38.078 [FXGL Background Thread 3 ] DEBUG Engine               - isCloseConfirmation: false
21:58:38.079 [FXGL Background Thread 3 ] DEBUG Engine               - isDesktop: true
21:58:38.079 [FXGL Background Thread 3 ] DEBUG Engine               - isDeveloperMenuEnabled: false
21:58:38.079 [FXGL Background Thread 3 ] DEBUG Engine               - isEntityPreloadEnabled: true
21:58:38.080 [FXGL Background Thread 3 ] DEBUG Engine               - isExperimentalTiledLargeMap: false
21:58:38.080 [FXGL Background Thread 3 ] DEBUG Engine               - isFileSystemWriteAllowed: true
21:58:38.081 [FXGL Background Thread 3 ] DEBUG Engine               - isFullScreenAllowed: true
21:58:38.082 [FXGL Background Thread 3 ] DEBUG Engine               - isFullScreenFromStart: false
21:58:38.082 [FXGL Background Thread 3 ] DEBUG Engine               - isGameMenuEnabled: true
21:58:38.082 [FXGL Background Thread 3 ] DEBUG Engine               - isIOS: false
21:58:38.083 [FXGL Background Thread 3 ] DEBUG Engine               - isIntroEnabled: false
21:58:38.083 [FXGL Background Thread 3 ] DEBUG Engine               - isLinux: false
21:58:38.084 [FXGL Background Thread 3 ] DEBUG Engine               - isMac: false
21:58:38.085 [FXGL Background Thread 3 ] DEBUG Engine               - isMainMenuEnabled: false
21:58:38.085 [FXGL Background Thread 3 ] DEBUG Engine               - isManualResizeEnabled: false
21:58:38.085 [FXGL Background Thread 3 ] DEBUG Engine               - isMobile: false
21:58:38.085 [FXGL Background Thread 3 ] DEBUG Engine               - isNative: false
21:58:38.085 [FXGL Background Thread 3 ] DEBUG Engine               - isPreserveResizeRatio: false
21:58:38.085 [FXGL Background Thread 3 ] DEBUG Engine               - isProfilingEnabled: false
21:58:38.085 [FXGL Background Thread 3 ] DEBUG Engine               - isScaleAffectedOnResize: true
21:58:38.086 [FXGL Background Thread 3 ] DEBUG Engine               - isSingleStep: false
21:58:38.086 [FXGL Background Thread 3 ] DEBUG Engine               - isUserProfileEnabled: false
21:58:38.086 [FXGL Background Thread 3 ] DEBUG Engine               - isWindows: true
21:58:38.086 [FXGL Background Thread 3 ] DEBUG Engine               - language: ObjectProperty [value: ENGLISH]
21:58:38.086 [FXGL Background Thread 3 ] DEBUG Engine               - menuKey: ESCAPE
21:58:38.086 [FXGL Background Thread 3 ] DEBUG Engine               - mouseSensitivity: 0.2
21:58:38.086 [FXGL Background Thread 3 ] DEBUG Engine               - notificationViewClass: class com.almasb.fxgl.notification.view.XboxNotificationView
21:58:38.087 [FXGL Background Thread 3 ] DEBUG Engine               - pixelsPerMeter: 50.0
21:58:38.087 [FXGL Background Thread 3 ] DEBUG Engine               - platform: WINDOWS
21:58:38.087 [FXGL Background Thread 3 ] DEBUG Engine               - prefHeightProperty: ReadOnlyDoubleProperty [value: 864.0]
21:58:38.087 [FXGL Background Thread 3 ] DEBUG Engine               - prefWidthProperty: ReadOnlyDoubleProperty [value: 1536.0]
21:58:38.087 [FXGL Background Thread 3 ] DEBUG Engine               - profileDir: profiles/
21:58:38.088 [FXGL Background Thread 3 ] DEBUG Engine               - profileName: StringProperty [value: DEFAULT]
21:58:38.088 [FXGL Background Thread 3 ] DEBUG Engine               - randomSeed: -1
21:58:38.088 [FXGL Background Thread 3 ] DEBUG Engine               - runtimeInfo: RuntimeInfo(platform=WINDOWS, version=11.16, build=25.05.2021 08.16)
21:58:38.088 [FXGL Background Thread 3 ] DEBUG Engine               - saveFileExt: sav
21:58:38.088 [FXGL Background Thread 3 ] DEBUG Engine               - scaledHeightProp$fxgl: DoubleProperty [bound, value: 864.0]
21:58:38.089 [FXGL Background Thread 3 ] DEBUG Engine               - scaledWidthProp$fxgl: DoubleProperty [bound, value: 1536.0]
21:58:38.089 [FXGL Background Thread 3 ] DEBUG Engine               - sceneFactory: com.almasb.fxgl.app.scene.SceneFactory@41e7cf87
21:58:38.089 [FXGL Background Thread 3 ] DEBUG Engine               - secondsIn24h: 60
21:58:38.089 [FXGL Background Thread 3 ] DEBUG Engine               - soundMenuBack: menu/back.wav
21:58:38.089 [FXGL Background Thread 3 ] DEBUG Engine               - soundMenuPress: menu/press.wav
21:58:38.090 [FXGL Background Thread 3 ] DEBUG Engine               - soundMenuSelect: menu/select.wav
21:58:38.090 [FXGL Background Thread 3 ] DEBUG Engine               - soundNotification: core/notification.wav
21:58:38.090 [FXGL Background Thread 3 ] DEBUG Engine               - stageStyle: DECORATED
21:58:38.090 [FXGL Background Thread 3 ] DEBUG Engine               - supportedLanguages: [ENGLISH, FRENCH, GERMAN, HUNGARIAN, RUSSIAN]
21:58:38.090 [FXGL Background Thread 3 ] DEBUG Engine               - ticksPerSecond: -1
21:58:38.090 [FXGL Background Thread 3 ] DEBUG Engine               - title: Dead Space but Family Friendly
21:58:38.090 [FXGL Background Thread 3 ] DEBUG Engine               - urlGithub: https://github.com/AlmasB/FXGL
21:58:38.091 [FXGL Background Thread 3 ] DEBUG Engine               - urlLeaderboard: http://fxgl-top.herokuapp.com/
21:58:38.091 [FXGL Background Thread 3 ] DEBUG Engine               - urlPOM: https://raw.githubusercontent.com/AlmasB/FXGL/release/README.md
21:58:38.091 [FXGL Background Thread 3 ] DEBUG Engine               - userAppClass: class com.example.gamefx.MainGame
21:58:38.091 [FXGL Background Thread 3 ] DEBUG Engine               - version: 0.1
21:58:38.091 [FXGL Background Thread 3 ] DEBUG Engine               - versionCheckDays: 7
21:58:38.091 [FXGL Background Thread 3 ] DEBUG Engine               - width: 1536
21:58:38.092 [FXGL Background Thread 3 ] DEBUG Engine               - Logging services
21:58:38.092 [FXGL Background Thread 3 ] DEBUG Engine               - class com.almasb.fxgl.app.services.FXGLAssetLoaderService
21:58:38.093 [FXGL Background Thread 3 ] DEBUG Engine               - class com.almasb.fxgl.app.FXGLApplication$GameApplicationService
21:58:38.093 [FXGL Background Thread 3 ] DEBUG Engine               - class com.almasb.fxgl.app.services.FXGLDialogService
21:58:38.094 [FXGL Background Thread 3 ] DEBUG Engine               - class com.almasb.fxgl.app.services.IOTaskExecutorService
21:58:38.094 [FXGL Background Thread 3 ] DEBUG Engine               - class com.almasb.fxgl.io.FileSystemService
21:58:38.094 [FXGL Background Thread 3 ] DEBUG Engine               - class com.almasb.fxgl.localization.LocalizationService
21:58:38.094 [FXGL Background Thread 3 ] DEBUG Engine               - class com.almasb.fxgl.app.services.SystemBundleService
21:58:38.095 [FXGL Background Thread 3 ] DEBUG Engine               - class com.almasb.fxgl.profile.SaveLoadService
21:58:38.095 [FXGL Background Thread 3 ] DEBUG Engine               - class com.almasb.fxgl.ui.FXGLUIFactoryServiceProvider
21:58:38.095 [FXGL Background Thread 3 ] DEBUG Engine               - class com.almasb.fxgl.ui.FXGLDialogFactoryServiceProvider
21:58:38.096 [FXGL Background Thread 3 ] DEBUG Engine               - class com.almasb.fxgl.audio.AudioPlayer
21:58:38.096 [FXGL Background Thread 3 ] DEBUG Engine               - class com.almasb.fxgl.notification.impl.NotificationServiceProvider
21:58:38.096 [FXGL Background Thread 3 ] DEBUG Engine               - class com.almasb.fxgl.achievement.AchievementService
21:58:38.096 [FXGL Background Thread 3 ] DEBUG Engine               - class com.almasb.fxgl.cutscene.CutsceneService
21:58:38.096 [FXGL Background Thread 3 ] DEBUG Engine               - class com.almasb.fxgl.minigames.MiniGameService
21:58:38.096 [FXGL Background Thread 3 ] DEBUG Engine               - class com.almasb.fxgl.net.NetService
21:58:38.097 [FXGL Background Thread 3 ] DEBUG Engine               - class com.almasb.fxgl.app.services.UpdaterService
21:58:38.097 [FXGL Background Thread 3 ] DEBUG Engine               - class com.almasb.fxgl.dev.DevService
21:58:39.023 [JavaFX Application Thread] DEBUG FXGLAssetLoaderServi - Loading from file system: file:/C:/Users/Hao/Documents/DAM%202%20PRO/GameFX/target/classes/assets/textures/laserRed02.png
21:58:40.612 [JavaFX Application Thread] DEBUG FXGLAssetLoaderServi - Loading from file system: file:/C:/Users/Hao/Documents/DAM%202%20PRO/GameFX/target/classes/assets/textures/laserRed04.png
21:59:06.762 [JavaFX Application Thread] DEBUG PrimaryStageWindow   - Push state: DialogSubScene
21:59:06.762 [JavaFX Application Thread] DEBUG Input                - Clearing active input actions
21:59:06.768 [JavaFX Application Thread] DEBUG GameApplicationServi - Removing overlay from GameScene and adding to DialogSubScene
21:59:06.768 [JavaFX Application Thread] DEBUG PrimaryStageWindow   - GameScene -> DialogSubScene
21:59:08.925 [JavaFX Application Thread] DEBUG PrimaryStageWindow   - Pop state: DialogSubScene
21:59:08.926 [JavaFX Application Thread] DEBUG Input                - Clearing active input actions
21:59:08.933 [JavaFX Application Thread] DEBUG GameApplicationServi - Removing overlay from DialogSubScene and adding to GameScene
21:59:08.934 [JavaFX Application Thread] DEBUG PrimaryStageWindow   - GameScene <- DialogSubScene
21:59:08.936 [JavaFX Application Thread] DEBUG GameApplicationServi - Starting new game
21:59:08.936 [JavaFX Application Thread] DEBUG Input                - Clearing active input actions
21:59:08.984 [JavaFX Application Thread] DEBUG GameApplicationServi - Removing overlay from GameScene and adding to FXGLLoadingScene
21:59:08.986 [JavaFX Application Thread] DEBUG PrimaryStageWindow   - GameScene -> FXGLLoadingScene
21:59:08.986 [JavaFX Application Thread] DEBUG GameApplicationServi - Clearing previous game
21:59:08.986 [JavaFX Application Thread] DEBUG GameScene            - Clearing game scene
21:59:08.986 [JavaFX Application Thread] DEBUG GameWorld            - Clearing game world
21:59:08.991 [JavaFX Application Thread] DEBUG PhysicsWorld         - Clearing physics world
21:59:08.993 [FXGL Background Thread 2 ] DEBUG FXGLApplication      - Initializing game
21:59:09.002 [FXGL Background Thread 2 ] INFO  FXGLApplication      - Game initialization took: 0,008 sec
21:59:09.018 [JavaFX Application Thread] DEBUG Input                - Clearing active input actions
21:59:09.028 [JavaFX Application Thread] DEBUG GameApplicationServi - Removing overlay from FXGLLoadingScene and adding to GameScene
21:59:09.028 [JavaFX Application Thread] DEBUG PrimaryStageWindow   - FXGLLoadingScene -> GameScene
21:59:14.816 [JavaFX Application Thread] DEBUG FXGLApplication      - Exiting FXGL
21:59:14.816 [JavaFX Application Thread] DEBUG LoopRunner           - Stopping loop
21:59:14.816 [JavaFX Application Thread] DEBUG SystemBundleService  - Saving FXGL system data
21:59:14.825 [JavaFX Application Thread] DEBUG FileSystemAccess     - Writing to: C:\Users\Hao\Documents\DAM 2 PRO\GameFX\system\fxgl.bundle
21:59:14.833 [JavaFX Application Thread] DEBUG Async                - Shutting down background threads
21:59:14.834 [JavaFX Application Thread] DEBUG PrimaryStageWindow   - Closing main window
21:59:14.975 [JavaFX Application Thread] DEBUG Logger               - Closing Logger
