17:36:00.314 [main                     ] DEBUG Logger               - Configured Logger
17:36:00.316 [main                     ] DEBUG GameApplication      - Logging settings
Title: Dead Space but Family Friendly
Version: 0.1
Width: 1200
Height: 700
Fullscreen: true
Intro: false
Profiling: false
Single step:false
App Mode: DEVELOPER
Menu Key: ESCAPE
Stage Style: DECORATED
Scene Factory: class com.almasb.fxgl.app.scene.SceneFactory

17:36:00.526 [JavaFX Application Thread] DEBUG FXGLApplication      - Initializing FXGL
17:36:00.527 [JavaFX Application Thread] INFO  Engine               - FXGL-11.16 (25.05.2021 08.16) on WINDOWS (J:18.0.2.1 FX:16)
17:36:00.527 [JavaFX Application Thread] DEBUG Engine               - JRE Vendor Name: Oracle Corporation
17:36:00.527 [JavaFX Application Thread] DEBUG Engine               - Running on OS: Windows 10 version 10.0
17:36:00.527 [JavaFX Application Thread] DEBUG Engine               - Architecture: amd64
17:36:00.527 [JavaFX Application Thread] INFO  Engine               - Source code and latest versions at: https://github.com/AlmasB/FXGL
17:36:00.527 [JavaFX Application Thread] INFO  Engine               -              Join the FXGL chat at: https://gitter.im/AlmasB/FXGL
17:36:00.582 [JavaFX Application Thread] DEBUG PrimaryStageWindow   - Creating a JavaFX scene
17:36:00.606 [JavaFX Application Thread] DEBUG PrimaryStageWindow   - Target settings size: 1200.0 x 700.0
17:36:00.606 [JavaFX Application Thread] DEBUG PrimaryStageWindow   - Scaled scene size:    1200.0 x 700.0
17:36:00.606 [JavaFX Application Thread] DEBUG PrimaryStageWindow   - Scaled ratio: (1.0, 1.0)
17:36:00.606 [JavaFX Application Thread] DEBUG PrimaryStageWindow   - Set initial scene to FXGLStartupScene
17:36:00.610 [JavaFX Application Thread] DEBUG PrimaryStageWindow   - Opening main window
17:36:00.654 [JavaFX Application Thread] DEBUG PrimaryStageWindow   - Window border size: (14.4000244140625, 37.5999755859375)
17:36:00.654 [JavaFX Application Thread] DEBUG PrimaryStageWindow   - Scaled size: 1200.0 x 700.0
17:36:00.654 [JavaFX Application Thread] DEBUG PrimaryStageWindow   - Scaled ratio: (1.0, 1.0)
17:36:00.654 [JavaFX Application Thread] DEBUG PrimaryStageWindow   - Scene size: 1200.0 x 700.0
17:36:00.654 [JavaFX Application Thread] DEBUG PrimaryStageWindow   - Stage size: 1214.4000244140625 x 737.5999755859375
17:36:00.659 [FXGL Background Thread 1 ] DEBUG Engine               - Initializing environment variables
17:36:00.690 [FXGL Background Thread 1 ] DEBUG FXGLAssetLoaderServi - User app class for loading assets: class com.example.gamefx.MainGame
17:36:00.690 [FXGL Background Thread 1 ] DEBUG GameApplicationServi - Applying CSS: fxgl_dark.css
17:36:00.691 [FXGL Background Thread 1 ] DEBUG FXGLAssetLoaderServi - Loading from file system: jar:file:/C:/Users/Hao/.m2/repository/com/github/almasb/fxgl/11.16/fxgl-11.16.jar!/fxglassets/ui/css/fxgl_dark.css
17:36:00.714 [FXGL Background Thread 1 ] DEBUG GameApplicationServi - Initializing application scenes
17:36:00.741 [FXGL Background Thread 1 ] DEBUG GameWorld            - Game world initialized
17:36:00.777 [FXGL Background Thread 1 ] DEBUG PhysicsWorld         - Physics world initialized: appHeight=700, physics.ppm=50,0
17:36:00.777 [FXGL Background Thread 1 ] DEBUG PhysicsWorld         - Using strategy: BRUTE_FORCE
17:36:00.779 [FXGL Background Thread 1 ] DEBUG GameScene            - Game scene initialized: 1200x700
17:36:00.785 [FXGL Background Thread 1 ] DEBUG FXGL.DefaultMenu     - createMenuBodyGameMenu()
17:36:00.795 [FXGL Background Thread 1 ] DEBUG FXGL.DefaultMenu     - createOptionsMenu()
17:36:00.800 [FXGL Background Thread 1 ] DEBUG FXGLAssetLoaderServi - Loading from file system: jar:file:/C:/Users/Hao/.m2/repository/com/github/almasb/fxgl/11.16/fxgl-11.16.jar!/fxglassets/textures/particles/smoke.png
17:36:00.868 [FXGL Background Thread 1 ] DEBUG FXGLAssetLoaderServi - Loading from file system: jar:file:/C:/Users/Hao/.m2/repository/com/github/almasb/fxgl/11.16/fxgl-11.16.jar!/fxglassets/textures/particles/trace_horizontal.png
17:36:00.890 [FXGL Background Thread 1 ] DEBUG GameApplicationServi - Application scenes initialized
17:36:00.896 [FXGL Background Thread 1 ] DEBUG SystemBundleService  - Loading FXGL system data
17:36:00.899 [FXGL Background Thread 1 ] DEBUG FileSystemAccess     - Reading from: C:\Users\Hao\Documents\DAM 2 PRO\GameFX\system\fxgl.bundle
17:36:00.905 [FXGL Background Thread 1 ] DEBUG SystemBundleService  - Bundle FXGL: {}
17:36:00.905 [FXGL Background Thread 1 ] DEBUG UpdaterService       - Checking for updates
17:36:00.907 [FXGL Background Thread 4 ] DEBUG FXGLApplication      - Loading fonts
17:36:00.908 [FXGL Background Thread 4 ] DEBUG FXGLAssetLoaderServi - Loading from file system: jar:file:/C:/Users/Hao/.m2/repository/com/github/almasb/fxgl/11.16/fxgl-11.16.jar!/fxglassets/ui/fonts/VarelaRound-Regular.ttf
17:36:00.909 [FXGL Background Thread 1 ] DEBUG FXGLApplication      - Loading default localization
17:36:00.909 [FXGL Background Thread 1 ] DEBUG FXGLAssetLoaderServi - Loading from file system: jar:file:/C:/Users/Hao/.m2/repository/com/github/almasb/fxgl/11.16/fxgl-11.16.jar!/fxglassets/languages/english.lang
17:36:00.925 [FXGL Background Thread 1 ] INFO  FXGLApplication      - FXGL initialization took: 0,266 sec
17:36:00.931 [JavaFX Application Thread] DEBUG Input                - Registered new binding: left - Left
17:36:00.932 [JavaFX Application Thread] DEBUG Input                - Registered new binding: right - Right
17:36:00.932 [JavaFX Application Thread] DEBUG Input                - Registered new binding: up - Up
17:36:00.932 [JavaFX Application Thread] DEBUG Input                - Registered new binding: down - Down
17:36:00.933 [JavaFX Application Thread] DEBUG Input                - Registered new binding: Bullet - Space
17:36:00.934 [JavaFX Application Thread] DEBUG FXGLAssetLoaderServi - Loading from file system: jar:file:/C:/Users/Hao/.m2/repository/com/github/almasb/fxgl/11.16/fxgl-11.16.jar!/fxglassets/textures/fxgl_icon.png
17:36:00.940 [FXGL Background Thread 4 ] DEBUG FXGLAssetLoaderServi - Loading from file system: jar:file:/C:/Users/Hao/.m2/repository/com/github/almasb/fxgl/11.16/fxgl-11.16.jar!/fxglassets/ui/fonts/Abel-Regular.ttf
17:36:00.943 [FXGL Background Thread 4 ] DEBUG FXGLAssetLoaderServi - Loading from file system: jar:file:/C:/Users/Hao/.m2/repository/com/github/almasb/fxgl/11.16/fxgl-11.16.jar!/fxglassets/ui/fonts/lucida_console.ttf
17:36:00.948 [FXGL Background Thread 4 ] DEBUG FXGLAssetLoaderServi - Loading from file system: jar:file:/C:/Users/Hao/.m2/repository/com/github/almasb/fxgl/11.16/fxgl-11.16.jar!/fxglassets/ui/fonts/Courier-Prime.ttf
17:36:00.949 [JavaFX Application Thread] DEBUG FXGLAssetLoaderServi - Loading from file system: jar:file:/C:/Users/Hao/.m2/repository/com/github/almasb/fxgl/11.16/fxgl-11.16.jar!/fxglassets/textures/fxgl_default_cursor.png
17:36:00.952 [JavaFX Application Thread] DEBUG Input                - Registered new binding: Screenshot - CTRL+8
17:36:00.953 [JavaFX Application Thread] DEBUG Input                - Registered new binding: System info dump - CTRL+9
17:36:00.954 [JavaFX Application Thread] DEBUG Input                - Registered new binding: Restart - CTRL+R
17:36:00.954 [JavaFX Application Thread] DEBUG Input                - Registered new binding: Toggle Debug Camera - CTRL+C
17:36:00.957 [JavaFX Application Thread] DEBUG LoopRunner           - Starting loop
17:36:00.957 [JavaFX Application Thread] DEBUG LoopRunner           - Initializing JavaFX AnimationTimerLoop
17:36:00.959 [JavaFX Application Thread] DEBUG GameApplicationServi - Starting new game
17:36:00.959 [JavaFX Application Thread] DEBUG Input                - Clearing active input actions
17:36:00.971 [JavaFX Application Thread] DEBUG GameApplicationServi - Removing overlay from FXGLStartupScene and adding to FXGLLoadingScene
17:36:00.972 [JavaFX Application Thread] DEBUG PrimaryStageWindow   - FXGLStartupScene -> FXGLLoadingScene
17:36:00.972 [JavaFX Application Thread] DEBUG GameApplicationServi - Clearing previous game
17:36:00.972 [JavaFX Application Thread] DEBUG GameScene            - Clearing game scene
17:36:00.972 [JavaFX Application Thread] DEBUG GameWorld            - Clearing game world
17:36:00.972 [JavaFX Application Thread] DEBUG PhysicsWorld         - Clearing physics world
17:36:00.974 [JavaFX Application Thread] DEBUG FXGLApplication      - Registering font factories with UI factory
17:36:00.974 [FXGL Background Thread 4 ] DEBUG FXGLApplication      - Initializing game
17:36:00.989 [FXGL Background Thread 4 ] DEBUG FXGLAssetLoaderServi - Loading from file system: file:/C:/Users/Hao/Documents/DAM%202%20PRO/GameFX/target/classes/assets/textures/space.jpg
17:36:01.127 [FXGL Background Thread 4 ] DEBUG FXGLAssetLoaderServi - Loading from file system: file:/C:/Users/Hao/Documents/DAM%202%20PRO/GameFX/target/classes/assets/textures/center.png
17:36:01.147 [FXGL Background Thread 4 ] DEBUG FXGLAssetLoaderServi - Loading from file system: file:/C:/Users/Hao/Documents/DAM%202%20PRO/GameFX/target/classes/assets/textures/enterprise.png
17:36:01.157 [FXGL Background Thread 4 ] INFO  FXGLApplication      - Game initialization took: 0,183 sec
17:36:01.157 [JavaFX Application Thread] DEBUG Input                - Clearing active input actions
17:36:01.163 [JavaFX Application Thread] DEBUG GameApplicationServi - Removing overlay from FXGLLoadingScene and adding to GameScene
17:36:01.163 [JavaFX Application Thread] DEBUG PrimaryStageWindow   - FXGLLoadingScene -> GameScene
17:36:01.171 [JavaFX Application Thread] DEBUG FXGLAssetLoaderServi - Loading from file system: file:/C:/Users/Hao/Documents/DAM%202%20PRO/GameFX/target/classes/assets/textures/enemies.png
17:36:01.411 [FXGL Background Thread 2 ] INFO  UpdaterService       - Your current version:  11.16
17:36:01.411 [FXGL Background Thread 2 ] INFO  UpdaterService       - Latest stable version: 17.2
17:36:01.624 [JavaFX Application Thread] DEBUG FXGLAssetLoaderServi - Loading from file system: file:/C:/Users/Hao/Documents/DAM%202%20PRO/GameFX/target/classes/assets/textures/laserred1.png
17:36:01.626 [JavaFX Application Thread] DEBUG FXGLAssetLoaderServi - Loading from file system: file:/C:/Users/Hao/Documents/DAM%202%20PRO/GameFX/target/classes/assets/sounds/sfx_laser1.wav
17:36:02.037 [JavaFX Application Thread] DEBUG FXGLAssetLoaderServi - Loading from file system: file:/C:/Users/Hao/Documents/DAM%202%20PRO/GameFX/target/classes/assets/textures/laserYellow_burst.png
17:36:02.039 [JavaFX Application Thread] DEBUG FXGLAssetLoaderServi - Loading from file system: file:/C:/Users/Hao/Documents/DAM%202%20PRO/GameFX/target/classes/assets/textures/pill_green.png
17:36:02.041 [JavaFX Application Thread] WARN  Entity               - Entity already has component: com.almasb.fxgl.entity.components.CollidableComponent
17:36:02.041 [JavaFX Application Thread] DEBUG FXGLAssetLoaderServi - Loading from file system: file:/C:/Users/Hao/Documents/DAM%202%20PRO/GameFX/target/classes/assets/sounds/explosion.wav
17:36:02.664 [JavaFX Application Thread] WARN  Entity               - Entity already has component: com.almasb.fxgl.entity.components.CollidableComponent
17:36:03.044 [JavaFX Application Thread] WARN  Entity               - Entity already has component: com.almasb.fxgl.entity.components.CollidableComponent
17:36:03.648 [JavaFX Application Thread] WARN  Entity               - Entity already has component: com.almasb.fxgl.entity.components.CollidableComponent
17:36:03.908 [FXGL Background Thread 3 ] DEBUG Engine               - Logging environment variables
17:36:03.908 [FXGL Background Thread 3 ] DEBUG Engine               - achievements: []
17:36:03.908 [FXGL Background Thread 3 ] DEBUG Engine               - actualHeight: 700.0
17:36:03.908 [FXGL Background Thread 3 ] DEBUG Engine               - actualHeightProperty: ReadOnlyDoubleProperty [value: 700.0]
17:36:03.908 [FXGL Background Thread 3 ] DEBUG Engine               - actualWidth: 1200.0
17:36:03.908 [FXGL Background Thread 3 ] DEBUG Engine               - actualWidthProperty: ReadOnlyDoubleProperty [value: 1200.0]
17:36:03.908 [FXGL Background Thread 3 ] DEBUG Engine               - appIcon: fxgl_icon.png
17:36:03.908 [FXGL Background Thread 3 ] DEBUG Engine               - applicationMode: DEVELOPER
17:36:03.908 [FXGL Background Thread 3 ] DEBUG Engine               - cSSList: [fxgl_dark.css]
17:36:03.908 [FXGL Background Thread 3 ] DEBUG Engine               - collisionDetectionStrategy: BRUTE_FORCE
17:36:03.908 [FXGL Background Thread 3 ] DEBUG Engine               - configClass: Optional.empty
17:36:03.908 [FXGL Background Thread 3 ] DEBUG Engine               - credits: []
17:36:03.908 [FXGL Background Thread 3 ] DEBUG Engine               - defaultCursor: CursorInfo(imageName=fxgl_default_cursor.png, hotspotX=7.0, hotspotY=6.0)
17:36:03.908 [FXGL Background Thread 3 ] DEBUG Engine               - devBBoxColorProperty: ObjectProperty [value: 0xff0000ff]
17:36:03.908 [FXGL Background Thread 3 ] DEBUG Engine               - devEnableDebugCameraProperty: BooleanProperty [value: false]
17:36:03.908 [FXGL Background Thread 3 ] DEBUG Engine               - devSensorColorProperty: ObjectProperty [value: 0xffff00ff]
17:36:03.908 [FXGL Background Thread 3 ] DEBUG Engine               - devShowBBoxProperty: BooleanProperty [value: false]
17:36:03.908 [FXGL Background Thread 3 ] DEBUG Engine               - devShowPositionProperty: BooleanProperty [value: false]
17:36:03.908 [FXGL Background Thread 3 ] DEBUG Engine               - enabledMenuItems: []
17:36:03.908 [FXGL Background Thread 3 ] DEBUG Engine               - engineServices: [class com.almasb.fxgl.app.services.FXGLAssetLoaderService, class com.almasb.fxgl.app.FXGLApplication$GameApplicationService, class com.almasb.fxgl.app.services.FXGLDialogService, class com.almasb.fxgl.app.services.IOTaskExecutorService, class com.almasb.fxgl.io.FileSystemService, class com.almasb.fxgl.localization.LocalizationService, class com.almasb.fxgl.app.services.SystemBundleService, class com.almasb.fxgl.profile.SaveLoadService, class com.almasb.fxgl.ui.FXGLUIFactoryServiceProvider, class com.almasb.fxgl.ui.FXGLDialogFactoryServiceProvider, class com.almasb.fxgl.audio.AudioPlayer, class com.almasb.fxgl.notification.impl.NotificationServiceProvider, class com.almasb.fxgl.achievement.AchievementService, class com.almasb.fxgl.cutscene.CutsceneService, class com.almasb.fxgl.minigames.MiniGameService, class com.almasb.fxgl.net.NetService, class com.almasb.fxgl.app.services.UpdaterService, class com.almasb.fxgl.dev.DevService]
17:36:03.908 [FXGL Background Thread 3 ] DEBUG Engine               - fontGame: Abel-Regular.ttf
17:36:03.908 [FXGL Background Thread 3 ] DEBUG Engine               - fontMono: lucida_console.ttf
17:36:03.908 [FXGL Background Thread 3 ] DEBUG Engine               - fontText: Courier-Prime.ttf
17:36:03.908 [FXGL Background Thread 3 ] DEBUG Engine               - fontUI: VarelaRound-Regular.ttf
17:36:03.908 [FXGL Background Thread 3 ] DEBUG Engine               - fullScreen: BooleanProperty [value: false]
17:36:03.908 [FXGL Background Thread 3 ] DEBUG Engine               - gameDifficulty: MEDIUM
17:36:03.908 [FXGL Background Thread 3 ] DEBUG Engine               - gameDifficultyProperty: ObjectProperty [value: MEDIUM]
17:36:03.908 [FXGL Background Thread 3 ] DEBUG Engine               - globalMusicVolume: 0.5
17:36:03.908 [FXGL Background Thread 3 ] DEBUG Engine               - globalMusicVolumeProperty: DoubleProperty [value: 0.5]
17:36:03.908 [FXGL Background Thread 3 ] DEBUG Engine               - globalSoundVolume: 0.5
17:36:03.908 [FXGL Background Thread 3 ] DEBUG Engine               - globalSoundVolumeProperty: DoubleProperty [value: 0.5]
17:36:03.909 [FXGL Background Thread 3 ] DEBUG Engine               - height: 700
17:36:03.909 [FXGL Background Thread 3 ] DEBUG Engine               - is3D: false
17:36:03.909 [FXGL Background Thread 3 ] DEBUG Engine               - isAndroid: false
17:36:03.909 [FXGL Background Thread 3 ] DEBUG Engine               - isBrowser: false
17:36:03.909 [FXGL Background Thread 3 ] DEBUG Engine               - isClickFeedbackEnabled: false
17:36:03.909 [FXGL Background Thread 3 ] DEBUG Engine               - isCloseConfirmation: false
17:36:03.909 [FXGL Background Thread 3 ] DEBUG Engine               - isDesktop: true
17:36:03.909 [FXGL Background Thread 3 ] DEBUG Engine               - isDeveloperMenuEnabled: false
17:36:03.909 [FXGL Background Thread 3 ] DEBUG Engine               - isEntityPreloadEnabled: true
17:36:03.909 [FXGL Background Thread 3 ] DEBUG Engine               - isExperimentalTiledLargeMap: false
17:36:03.909 [FXGL Background Thread 3 ] DEBUG Engine               - isFileSystemWriteAllowed: true
17:36:03.909 [FXGL Background Thread 3 ] DEBUG Engine               - isFullScreenAllowed: true
17:36:03.909 [FXGL Background Thread 3 ] DEBUG Engine               - isFullScreenFromStart: false
17:36:03.909 [FXGL Background Thread 3 ] DEBUG Engine               - isGameMenuEnabled: true
17:36:03.909 [FXGL Background Thread 3 ] DEBUG Engine               - isIOS: false
17:36:03.909 [FXGL Background Thread 3 ] DEBUG Engine               - isIntroEnabled: false
17:36:03.909 [FXGL Background Thread 3 ] DEBUG Engine               - isLinux: false
17:36:03.909 [FXGL Background Thread 3 ] DEBUG Engine               - isMac: false
17:36:03.909 [FXGL Background Thread 3 ] DEBUG Engine               - isMainMenuEnabled: false
17:36:03.909 [FXGL Background Thread 3 ] DEBUG Engine               - isManualResizeEnabled: false
17:36:03.909 [FXGL Background Thread 3 ] DEBUG Engine               - isMobile: false
17:36:03.909 [FXGL Background Thread 3 ] DEBUG Engine               - isNative: false
17:36:03.909 [FXGL Background Thread 3 ] DEBUG Engine               - isPreserveResizeRatio: false
17:36:03.909 [FXGL Background Thread 3 ] DEBUG Engine               - isProfilingEnabled: false
17:36:03.909 [FXGL Background Thread 3 ] DEBUG Engine               - isScaleAffectedOnResize: true
17:36:03.909 [FXGL Background Thread 3 ] DEBUG Engine               - isSingleStep: false
17:36:03.909 [FXGL Background Thread 3 ] DEBUG Engine               - isUserProfileEnabled: false
17:36:03.909 [FXGL Background Thread 3 ] DEBUG Engine               - isWindows: true
17:36:03.909 [FXGL Background Thread 3 ] DEBUG Engine               - language: ObjectProperty [value: ENGLISH]
17:36:03.909 [FXGL Background Thread 3 ] DEBUG Engine               - menuKey: ESCAPE
17:36:03.909 [FXGL Background Thread 3 ] DEBUG Engine               - mouseSensitivity: 0.2
17:36:03.909 [FXGL Background Thread 3 ] DEBUG Engine               - notificationViewClass: class com.almasb.fxgl.notification.view.XboxNotificationView
17:36:03.909 [FXGL Background Thread 3 ] DEBUG Engine               - pixelsPerMeter: 50.0
17:36:03.909 [FXGL Background Thread 3 ] DEBUG Engine               - platform: WINDOWS
17:36:03.909 [FXGL Background Thread 3 ] DEBUG Engine               - prefHeightProperty: ReadOnlyDoubleProperty [value: 700.0]
17:36:03.909 [FXGL Background Thread 3 ] DEBUG Engine               - prefWidthProperty: ReadOnlyDoubleProperty [value: 1200.0]
17:36:03.909 [FXGL Background Thread 3 ] DEBUG Engine               - profileDir: profiles/
17:36:03.909 [FXGL Background Thread 3 ] DEBUG Engine               - profileName: StringProperty [value: DEFAULT]
17:36:03.909 [FXGL Background Thread 3 ] DEBUG Engine               - randomSeed: -1
17:36:03.909 [FXGL Background Thread 3 ] DEBUG Engine               - runtimeInfo: RuntimeInfo(platform=WINDOWS, version=11.16, build=25.05.2021 08.16)
17:36:03.909 [FXGL Background Thread 3 ] DEBUG Engine               - saveFileExt: sav
17:36:03.909 [FXGL Background Thread 3 ] DEBUG Engine               - scaledHeightProp$fxgl: DoubleProperty [bound, value: 700.0]
17:36:03.909 [FXGL Background Thread 3 ] DEBUG Engine               - scaledWidthProp$fxgl: DoubleProperty [bound, value: 1200.0]
17:36:03.909 [FXGL Background Thread 3 ] DEBUG Engine               - sceneFactory: com.almasb.fxgl.app.scene.SceneFactory@7ff51b88
17:36:03.909 [FXGL Background Thread 3 ] DEBUG Engine               - secondsIn24h: 60
17:36:03.909 [FXGL Background Thread 3 ] DEBUG Engine               - soundMenuBack: menu/back.wav
17:36:03.909 [FXGL Background Thread 3 ] DEBUG Engine               - soundMenuPress: menu/press.wav
17:36:03.909 [FXGL Background Thread 3 ] DEBUG Engine               - soundMenuSelect: menu/select.wav
17:36:03.909 [FXGL Background Thread 3 ] DEBUG Engine               - soundNotification: core/notification.wav
17:36:03.909 [FXGL Background Thread 3 ] DEBUG Engine               - stageStyle: DECORATED
17:36:03.909 [FXGL Background Thread 3 ] DEBUG Engine               - supportedLanguages: [ENGLISH, FRENCH, GERMAN, HUNGARIAN, RUSSIAN]
17:36:03.909 [FXGL Background Thread 3 ] DEBUG Engine               - ticksPerSecond: -1
17:36:03.909 [FXGL Background Thread 3 ] DEBUG Engine               - title: Dead Space but Family Friendly
17:36:03.909 [FXGL Background Thread 3 ] DEBUG Engine               - urlGithub: https://github.com/AlmasB/FXGL
17:36:03.909 [FXGL Background Thread 3 ] DEBUG Engine               - urlLeaderboard: http://fxgl-top.herokuapp.com/
17:36:03.909 [FXGL Background Thread 3 ] DEBUG Engine               - urlPOM: https://raw.githubusercontent.com/AlmasB/FXGL/release/README.md
17:36:03.909 [FXGL Background Thread 3 ] DEBUG Engine               - userAppClass: class com.example.gamefx.MainGame
17:36:03.909 [FXGL Background Thread 3 ] DEBUG Engine               - version: 0.1
17:36:03.909 [FXGL Background Thread 3 ] DEBUG Engine               - versionCheckDays: 7
17:36:03.909 [FXGL Background Thread 3 ] DEBUG Engine               - width: 1200
17:36:03.909 [FXGL Background Thread 3 ] DEBUG Engine               - Logging services
17:36:03.909 [FXGL Background Thread 3 ] DEBUG Engine               - class com.almasb.fxgl.app.services.FXGLAssetLoaderService
17:36:03.909 [FXGL Background Thread 3 ] DEBUG Engine               - class com.almasb.fxgl.app.FXGLApplication$GameApplicationService
17:36:03.910 [FXGL Background Thread 3 ] DEBUG Engine               - class com.almasb.fxgl.app.services.FXGLDialogService
17:36:03.910 [FXGL Background Thread 3 ] DEBUG Engine               - class com.almasb.fxgl.app.services.IOTaskExecutorService
17:36:03.910 [FXGL Background Thread 3 ] DEBUG Engine               - class com.almasb.fxgl.io.FileSystemService
17:36:03.910 [FXGL Background Thread 3 ] DEBUG Engine               - class com.almasb.fxgl.localization.LocalizationService
17:36:03.910 [FXGL Background Thread 3 ] DEBUG Engine               - class com.almasb.fxgl.app.services.SystemBundleService
17:36:03.910 [FXGL Background Thread 3 ] DEBUG Engine               - class com.almasb.fxgl.profile.SaveLoadService
17:36:03.910 [FXGL Background Thread 3 ] DEBUG Engine               - class com.almasb.fxgl.ui.FXGLUIFactoryServiceProvider
17:36:03.910 [FXGL Background Thread 3 ] DEBUG Engine               - class com.almasb.fxgl.ui.FXGLDialogFactoryServiceProvider
17:36:03.910 [FXGL Background Thread 3 ] DEBUG Engine               - class com.almasb.fxgl.audio.AudioPlayer
17:36:03.910 [FXGL Background Thread 3 ] DEBUG Engine               - class com.almasb.fxgl.notification.impl.NotificationServiceProvider
17:36:03.910 [FXGL Background Thread 3 ] DEBUG Engine               - class com.almasb.fxgl.achievement.AchievementService
17:36:03.910 [FXGL Background Thread 3 ] DEBUG Engine               - class com.almasb.fxgl.cutscene.CutsceneService
17:36:03.910 [FXGL Background Thread 3 ] DEBUG Engine               - class com.almasb.fxgl.minigames.MiniGameService
17:36:03.910 [FXGL Background Thread 3 ] DEBUG Engine               - class com.almasb.fxgl.net.NetService
17:36:03.910 [FXGL Background Thread 3 ] DEBUG Engine               - class com.almasb.fxgl.app.services.UpdaterService
17:36:03.910 [FXGL Background Thread 3 ] DEBUG Engine               - class com.almasb.fxgl.dev.DevService
17:36:04.502 [JavaFX Application Thread] DEBUG FXGLAssetLoaderServi - Loading from file system: file:/C:/Users/Hao/Documents/DAM%202%20PRO/GameFX/target/classes/assets/sounds/sfx_lose.wav
17:36:06.392 [JavaFX Application Thread] WARN  Entity               - Entity already has component: com.almasb.fxgl.entity.components.CollidableComponent
17:36:08.686 [JavaFX Application Thread] DEBUG FXGLAssetLoaderServi - Loading from file system: file:/C:/Users/Hao/Documents/DAM%202%20PRO/GameFX/target/classes/assets/textures/laserRed02.png
17:36:08.687 [JavaFX Application Thread] DEBUG FXGLAssetLoaderServi - Loading from file system: file:/C:/Users/Hao/Documents/DAM%202%20PRO/GameFX/target/classes/assets/sounds/sfx_laser2.wav
17:36:11.141 [JavaFX Application Thread] WARN  Entity               - Entity already has component: com.almasb.fxgl.entity.components.CollidableComponent
17:36:11.411 [JavaFX Application Thread] WARN  Entity               - Entity already has component: com.almasb.fxgl.entity.components.CollidableComponent
17:36:11.606 [JavaFX Application Thread] WARN  Entity               - Entity already has component: com.almasb.fxgl.entity.components.CollidableComponent
17:36:11.704 [JavaFX Application Thread] WARN  Entity               - Entity already has component: com.almasb.fxgl.entity.components.CollidableComponent
17:36:12.016 [JavaFX Application Thread] WARN  Entity               - Entity already has component: com.almasb.fxgl.entity.components.CollidableComponent
17:36:12.024 [JavaFX Application Thread] WARN  Entity               - Entity already has component: com.almasb.fxgl.entity.components.CollidableComponent
17:36:13.192 [JavaFX Application Thread] WARN  Entity               - Entity already has component: com.almasb.fxgl.entity.components.CollidableComponent
17:36:13.966 [JavaFX Application Thread] DEBUG FXGLAssetLoaderServi - Loading from file system: file:/C:/Users/Hao/Documents/DAM%202%20PRO/GameFX/target/classes/assets/textures/laserRed04.png
17:36:14.072 [JavaFX Application Thread] WARN  Entity               - Entity already has component: com.almasb.fxgl.entity.components.CollidableComponent
17:36:14.200 [JavaFX Application Thread] WARN  Entity               - Entity already has component: com.almasb.fxgl.entity.components.CollidableComponent
17:36:15.351 [JavaFX Application Thread] WARN  Entity               - Entity already has component: com.almasb.fxgl.entity.components.CollidableComponent
17:36:16.113 [JavaFX Application Thread] WARN  Entity               - Entity already has component: com.almasb.fxgl.entity.components.CollidableComponent
17:36:16.231 [JavaFX Application Thread] WARN  Entity               - Entity already has component: com.almasb.fxgl.entity.components.CollidableComponent
17:36:17.703 [JavaFX Application Thread] WARN  Entity               - Entity already has component: com.almasb.fxgl.entity.components.CollidableComponent
17:36:18.127 [JavaFX Application Thread] WARN  Entity               - Entity already has component: com.almasb.fxgl.entity.components.CollidableComponent
17:36:20.481 [JavaFX Application Thread] WARN  Entity               - Entity already has component: com.almasb.fxgl.entity.components.CollidableComponent
17:36:21.911 [JavaFX Application Thread] WARN  Entity               - Entity already has component: com.almasb.fxgl.entity.components.CollidableComponent
17:36:22.147 [JavaFX Application Thread] WARN  Entity               - Entity already has component: com.almasb.fxgl.entity.components.CollidableComponent
17:36:22.147 [JavaFX Application Thread] WARN  Entity               - Entity already has component: com.almasb.fxgl.entity.components.CollidableComponent
17:36:22.661 [JavaFX Application Thread] WARN  Entity               - Entity already has component: com.almasb.fxgl.entity.components.CollidableComponent
17:36:23.106 [JavaFX Application Thread] WARN  Entity               - Entity already has component: com.almasb.fxgl.entity.components.CollidableComponent
17:36:23.183 [JavaFX Application Thread] WARN  Entity               - Entity already has component: com.almasb.fxgl.entity.components.CollidableComponent
17:36:23.703 [JavaFX Application Thread] WARN  Entity               - Entity already has component: com.almasb.fxgl.entity.components.CollidableComponent
17:36:23.862 [JavaFX Application Thread] WARN  Entity               - Entity already has component: com.almasb.fxgl.entity.components.CollidableComponent
17:36:25.250 [JavaFX Application Thread] DEBUG FXGLApplication      - Exiting FXGL
17:36:25.251 [JavaFX Application Thread] DEBUG LoopRunner           - Stopping loop
17:36:25.251 [JavaFX Application Thread] DEBUG SystemBundleService  - Saving FXGL system data
17:36:25.256 [JavaFX Application Thread] DEBUG FileSystemAccess     - Writing to: C:\Users\Hao\Documents\DAM 2 PRO\GameFX\system\fxgl.bundle
17:36:25.259 [JavaFX Application Thread] DEBUG Async                - Shutting down background threads
17:36:25.259 [JavaFX Application Thread] DEBUG PrimaryStageWindow   - Closing main window
17:36:25.271 [JavaFX Application Thread] DEBUG Logger               - Closing Logger
