16:49:35.128 [main                     ] DEBUG Logger               - Configured Logger
16:49:35.130 [main                     ] DEBUG GameApplication      - Logging settings
Title: Dead Space but Family Friendly
Version: 0.1
Width: 1200
Height: 700
Fullscreen: true
Intro: false
Profiling: false
Single step:false
App Mode: DEVELOPER
Menu Key: ESCAPE
Stage Style: DECORATED
Scene Factory: class com.almasb.fxgl.app.scene.SceneFactory

16:49:35.336 [JavaFX Application Thread] DEBUG FXGLApplication      - Initializing FXGL
16:49:35.337 [JavaFX Application Thread] INFO  Engine               - FXGL-11.16 (25.05.2021 08.16) on WINDOWS (J:18.0.2.1 FX:16)
16:49:35.338 [JavaFX Application Thread] DEBUG Engine               - JRE Vendor Name: Oracle Corporation
16:49:35.338 [JavaFX Application Thread] DEBUG Engine               - Running on OS: Windows 10 version 10.0
16:49:35.338 [JavaFX Application Thread] DEBUG Engine               - Architecture: amd64
16:49:35.338 [JavaFX Application Thread] INFO  Engine               - Source code and latest versions at: https://github.com/AlmasB/FXGL
16:49:35.338 [JavaFX Application Thread] INFO  Engine               -              Join the FXGL chat at: https://gitter.im/AlmasB/FXGL
16:49:35.393 [JavaFX Application Thread] DEBUG PrimaryStageWindow   - Creating a JavaFX scene
16:49:35.416 [JavaFX Application Thread] DEBUG PrimaryStageWindow   - Target settings size: 1200.0 x 700.0
16:49:35.416 [JavaFX Application Thread] DEBUG PrimaryStageWindow   - Scaled scene size:    1200.0 x 700.0
16:49:35.416 [JavaFX Application Thread] DEBUG PrimaryStageWindow   - Scaled ratio: (1.0, 1.0)
16:49:35.417 [JavaFX Application Thread] DEBUG PrimaryStageWindow   - Set initial scene to FXGLStartupScene
16:49:35.421 [JavaFX Application Thread] DEBUG PrimaryStageWindow   - Opening main window
16:49:35.464 [JavaFX Application Thread] DEBUG PrimaryStageWindow   - Window border size: (14.4000244140625, 37.5999755859375)
16:49:35.465 [JavaFX Application Thread] DEBUG PrimaryStageWindow   - Scaled size: 1200.0 x 700.0
16:49:35.465 [JavaFX Application Thread] DEBUG PrimaryStageWindow   - Scaled ratio: (1.0, 1.0)
16:49:35.465 [JavaFX Application Thread] DEBUG PrimaryStageWindow   - Scene size: 1200.0 x 700.0
16:49:35.465 [JavaFX Application Thread] DEBUG PrimaryStageWindow   - Stage size: 1214.4000244140625 x 737.5999755859375
16:49:35.469 [FXGL Background Thread 1 ] DEBUG Engine               - Initializing environment variables
16:49:35.499 [FXGL Background Thread 1 ] DEBUG FXGLAssetLoaderServi - User app class for loading assets: class com.example.gamefx.MainGame
16:49:35.500 [FXGL Background Thread 1 ] DEBUG GameApplicationServi - Applying CSS: fxgl_dark.css
16:49:35.500 [FXGL Background Thread 1 ] DEBUG FXGLAssetLoaderServi - Loading from file system: jar:file:/C:/Users/Hao/.m2/repository/com/github/almasb/fxgl/11.16/fxgl-11.16.jar!/fxglassets/ui/css/fxgl_dark.css
16:49:35.522 [FXGL Background Thread 1 ] DEBUG GameApplicationServi - Initializing application scenes
16:49:35.545 [FXGL Background Thread 1 ] DEBUG GameWorld            - Game world initialized
16:49:35.576 [FXGL Background Thread 1 ] DEBUG PhysicsWorld         - Physics world initialized: appHeight=700, physics.ppm=50,0
16:49:35.576 [FXGL Background Thread 1 ] DEBUG PhysicsWorld         - Using strategy: BRUTE_FORCE
16:49:35.578 [FXGL Background Thread 1 ] DEBUG GameScene            - Game scene initialized: 1200x700
16:49:35.584 [FXGL Background Thread 1 ] DEBUG FXGL.DefaultMenu     - createMenuBodyGameMenu()
16:49:35.592 [FXGL Background Thread 1 ] DEBUG FXGL.DefaultMenu     - createOptionsMenu()
16:49:35.597 [FXGL Background Thread 1 ] DEBUG FXGLAssetLoaderServi - Loading from file system: jar:file:/C:/Users/Hao/.m2/repository/com/github/almasb/fxgl/11.16/fxgl-11.16.jar!/fxglassets/textures/particles/smoke.png
16:49:35.656 [FXGL Background Thread 1 ] DEBUG FXGLAssetLoaderServi - Loading from file system: jar:file:/C:/Users/Hao/.m2/repository/com/github/almasb/fxgl/11.16/fxgl-11.16.jar!/fxglassets/textures/particles/trace_horizontal.png
16:49:35.674 [FXGL Background Thread 1 ] DEBUG GameApplicationServi - Application scenes initialized
16:49:35.680 [FXGL Background Thread 1 ] DEBUG SystemBundleService  - Loading FXGL system data
16:49:35.682 [FXGL Background Thread 1 ] DEBUG FileSystemAccess     - Reading from: C:\Users\Hao\Documents\DAM 2 PRO\GameFX\system\fxgl.bundle
16:49:35.688 [FXGL Background Thread 1 ] DEBUG SystemBundleService  - Bundle FXGL: {}
16:49:35.688 [FXGL Background Thread 1 ] DEBUG UpdaterService       - Checking for updates
16:49:35.691 [FXGL Background Thread 4 ] DEBUG FXGLApplication      - Loading fonts
16:49:35.691 [FXGL Background Thread 1 ] DEBUG FXGLApplication      - Loading default localization
16:49:35.691 [FXGL Background Thread 4 ] DEBUG FXGLAssetLoaderServi - Loading from file system: jar:file:/C:/Users/Hao/.m2/repository/com/github/almasb/fxgl/11.16/fxgl-11.16.jar!/fxglassets/ui/fonts/VarelaRound-Regular.ttf
16:49:35.691 [FXGL Background Thread 1 ] DEBUG FXGLAssetLoaderServi - Loading from file system: jar:file:/C:/Users/Hao/.m2/repository/com/github/almasb/fxgl/11.16/fxgl-11.16.jar!/fxglassets/languages/english.lang
16:49:35.704 [FXGL Background Thread 1 ] INFO  FXGLApplication      - FXGL initialization took: 0,235 sec
16:49:35.711 [JavaFX Application Thread] DEBUG Input                - Registered new binding: left - Left
16:49:35.712 [JavaFX Application Thread] DEBUG Input                - Registered new binding: right - Right
16:49:35.712 [JavaFX Application Thread] DEBUG Input                - Registered new binding: up - Up
16:49:35.712 [JavaFX Application Thread] DEBUG Input                - Registered new binding: down - Down
16:49:35.712 [JavaFX Application Thread] DEBUG Input                - Registered new binding: Bullet - Space
16:49:35.713 [JavaFX Application Thread] DEBUG FXGLAssetLoaderServi - Loading from file system: jar:file:/C:/Users/Hao/.m2/repository/com/github/almasb/fxgl/11.16/fxgl-11.16.jar!/fxglassets/textures/fxgl_icon.png
16:49:35.723 [FXGL Background Thread 4 ] DEBUG FXGLAssetLoaderServi - Loading from file system: jar:file:/C:/Users/Hao/.m2/repository/com/github/almasb/fxgl/11.16/fxgl-11.16.jar!/fxglassets/ui/fonts/Abel-Regular.ttf
16:49:35.725 [FXGL Background Thread 4 ] DEBUG FXGLAssetLoaderServi - Loading from file system: jar:file:/C:/Users/Hao/.m2/repository/com/github/almasb/fxgl/11.16/fxgl-11.16.jar!/fxglassets/ui/fonts/lucida_console.ttf
16:49:35.726 [JavaFX Application Thread] DEBUG FXGLAssetLoaderServi - Loading from file system: jar:file:/C:/Users/Hao/.m2/repository/com/github/almasb/fxgl/11.16/fxgl-11.16.jar!/fxglassets/textures/fxgl_default_cursor.png
16:49:35.728 [JavaFX Application Thread] DEBUG Input                - Registered new binding: Screenshot - CTRL+8
16:49:35.728 [JavaFX Application Thread] DEBUG Input                - Registered new binding: System info dump - CTRL+9
16:49:35.728 [JavaFX Application Thread] DEBUG Input                - Registered new binding: Restart - CTRL+R
16:49:35.729 [JavaFX Application Thread] DEBUG Input                - Registered new binding: Toggle Debug Camera - CTRL+C
16:49:35.729 [FXGL Background Thread 4 ] DEBUG FXGLAssetLoaderServi - Loading from file system: jar:file:/C:/Users/Hao/.m2/repository/com/github/almasb/fxgl/11.16/fxgl-11.16.jar!/fxglassets/ui/fonts/Courier-Prime.ttf
16:49:35.731 [JavaFX Application Thread] DEBUG LoopRunner           - Starting loop
16:49:35.731 [JavaFX Application Thread] DEBUG LoopRunner           - Initializing JavaFX AnimationTimerLoop
16:49:35.733 [JavaFX Application Thread] DEBUG GameApplicationServi - Starting new game
16:49:35.733 [JavaFX Application Thread] DEBUG Input                - Clearing active input actions
16:49:35.743 [JavaFX Application Thread] DEBUG GameApplicationServi - Removing overlay from FXGLStartupScene and adding to FXGLLoadingScene
16:49:35.743 [JavaFX Application Thread] DEBUG PrimaryStageWindow   - FXGLStartupScene -> FXGLLoadingScene
16:49:35.743 [JavaFX Application Thread] DEBUG GameApplicationServi - Clearing previous game
16:49:35.743 [JavaFX Application Thread] DEBUG GameScene            - Clearing game scene
16:49:35.743 [JavaFX Application Thread] DEBUG GameWorld            - Clearing game world
16:49:35.743 [JavaFX Application Thread] DEBUG PhysicsWorld         - Clearing physics world
16:49:35.745 [JavaFX Application Thread] DEBUG FXGLApplication      - Registering font factories with UI factory
16:49:35.745 [FXGL Background Thread 4 ] DEBUG FXGLApplication      - Initializing game
16:49:35.756 [FXGL Background Thread 4 ] DEBUG FXGLAssetLoaderServi - Loading from file system: file:/C:/Users/Hao/Documents/DAM%202%20PRO/GameFX/target/classes/assets/textures/space.jpg
16:49:35.883 [FXGL Background Thread 4 ] DEBUG FXGLAssetLoaderServi - Loading from file system: file:/C:/Users/Hao/Documents/DAM%202%20PRO/GameFX/target/classes/assets/textures/center.png
16:49:35.904 [FXGL Background Thread 4 ] DEBUG FXGLAssetLoaderServi - Loading from file system: file:/C:/Users/Hao/Documents/DAM%202%20PRO/GameFX/target/classes/assets/textures/enterprise.png
16:49:35.910 [FXGL Background Thread 4 ] INFO  FXGLApplication      - Game initialization took: 0,165 sec
16:49:35.910 [JavaFX Application Thread] DEBUG Input                - Clearing active input actions
16:49:35.914 [JavaFX Application Thread] DEBUG GameApplicationServi - Removing overlay from FXGLLoadingScene and adding to GameScene
16:49:35.914 [JavaFX Application Thread] DEBUG PrimaryStageWindow   - FXGLLoadingScene -> GameScene
16:49:35.922 [JavaFX Application Thread] DEBUG FXGLAssetLoaderServi - Loading from file system: file:/C:/Users/Hao/Documents/DAM%202%20PRO/GameFX/target/classes/assets/textures/shipYellow_manned.png
16:49:36.083 [FXGL Background Thread 2 ] INFO  UpdaterService       - Your current version:  11.16
16:49:36.083 [FXGL Background Thread 2 ] INFO  UpdaterService       - Latest stable version: 17.2
16:49:36.291 [JavaFX Application Thread] DEBUG FXGLAssetLoaderServi - Loading from file system: file:/C:/Users/Hao/Documents/DAM%202%20PRO/GameFX/target/classes/assets/textures/laserred1.png
16:49:36.293 [JavaFX Application Thread] DEBUG FXGLAssetLoaderServi - Loading from file system: file:/C:/Users/Hao/Documents/DAM%202%20PRO/GameFX/target/classes/assets/sounds/sfx_laser1.wav
16:49:37.881 [JavaFX Application Thread] DEBUG FXGLAssetLoaderServi - Loading from file system: file:/C:/Users/Hao/Documents/DAM%202%20PRO/GameFX/target/classes/assets/textures/laserYellow_burst.png
16:49:37.884 [JavaFX Application Thread] DEBUG FXGLAssetLoaderServi - Loading from file system: file:/C:/Users/Hao/Documents/DAM%202%20PRO/GameFX/target/classes/assets/textures/pill_green.png
16:49:37.885 [JavaFX Application Thread] WARN  Entity               - Entity already has component: com.almasb.fxgl.entity.components.CollidableComponent
16:49:37.885 [JavaFX Application Thread] DEBUG FXGLAssetLoaderServi - Loading from file system: file:/C:/Users/Hao/Documents/DAM%202%20PRO/GameFX/target/classes/assets/sounds/explosion.wav
16:49:38.591 [JavaFX Application Thread] WARN  Entity               - Entity already has component: com.almasb.fxgl.entity.components.CollidableComponent
16:49:38.692 [FXGL Background Thread 3 ] DEBUG Engine               - Logging environment variables
16:49:38.692 [FXGL Background Thread 3 ] DEBUG Engine               - achievements: []
16:49:38.692 [FXGL Background Thread 3 ] DEBUG Engine               - actualHeight: 700.0
16:49:38.692 [FXGL Background Thread 3 ] DEBUG Engine               - actualHeightProperty: ReadOnlyDoubleProperty [value: 700.0]
16:49:38.692 [FXGL Background Thread 3 ] DEBUG Engine               - actualWidth: 1200.0
16:49:38.692 [FXGL Background Thread 3 ] DEBUG Engine               - actualWidthProperty: ReadOnlyDoubleProperty [value: 1200.0]
16:49:38.692 [FXGL Background Thread 3 ] DEBUG Engine               - appIcon: fxgl_icon.png
16:49:38.692 [FXGL Background Thread 3 ] DEBUG Engine               - applicationMode: DEVELOPER
16:49:38.692 [FXGL Background Thread 3 ] DEBUG Engine               - cSSList: [fxgl_dark.css]
16:49:38.692 [FXGL Background Thread 3 ] DEBUG Engine               - collisionDetectionStrategy: BRUTE_FORCE
16:49:38.692 [FXGL Background Thread 3 ] DEBUG Engine               - configClass: Optional.empty
16:49:38.692 [FXGL Background Thread 3 ] DEBUG Engine               - credits: []
16:49:38.692 [FXGL Background Thread 3 ] DEBUG Engine               - defaultCursor: CursorInfo(imageName=fxgl_default_cursor.png, hotspotX=7.0, hotspotY=6.0)
16:49:38.692 [FXGL Background Thread 3 ] DEBUG Engine               - devBBoxColorProperty: ObjectProperty [value: 0xff0000ff]
16:49:38.692 [FXGL Background Thread 3 ] DEBUG Engine               - devEnableDebugCameraProperty: BooleanProperty [value: false]
16:49:38.692 [FXGL Background Thread 3 ] DEBUG Engine               - devSensorColorProperty: ObjectProperty [value: 0xffff00ff]
16:49:38.692 [FXGL Background Thread 3 ] DEBUG Engine               - devShowBBoxProperty: BooleanProperty [value: false]
16:49:38.692 [FXGL Background Thread 3 ] DEBUG Engine               - devShowPositionProperty: BooleanProperty [value: false]
16:49:38.692 [FXGL Background Thread 3 ] DEBUG Engine               - enabledMenuItems: []
16:49:38.693 [FXGL Background Thread 3 ] DEBUG Engine               - engineServices: [class com.almasb.fxgl.app.services.FXGLAssetLoaderService, class com.almasb.fxgl.app.FXGLApplication$GameApplicationService, class com.almasb.fxgl.app.services.FXGLDialogService, class com.almasb.fxgl.app.services.IOTaskExecutorService, class com.almasb.fxgl.io.FileSystemService, class com.almasb.fxgl.localization.LocalizationService, class com.almasb.fxgl.app.services.SystemBundleService, class com.almasb.fxgl.profile.SaveLoadService, class com.almasb.fxgl.ui.FXGLUIFactoryServiceProvider, class com.almasb.fxgl.ui.FXGLDialogFactoryServiceProvider, class com.almasb.fxgl.audio.AudioPlayer, class com.almasb.fxgl.notification.impl.NotificationServiceProvider, class com.almasb.fxgl.achievement.AchievementService, class com.almasb.fxgl.cutscene.CutsceneService, class com.almasb.fxgl.minigames.MiniGameService, class com.almasb.fxgl.net.NetService, class com.almasb.fxgl.app.services.UpdaterService, class com.almasb.fxgl.dev.DevService]
16:49:38.693 [FXGL Background Thread 3 ] DEBUG Engine               - fontGame: Abel-Regular.ttf
16:49:38.693 [FXGL Background Thread 3 ] DEBUG Engine               - fontMono: lucida_console.ttf
16:49:38.693 [FXGL Background Thread 3 ] DEBUG Engine               - fontText: Courier-Prime.ttf
16:49:38.693 [FXGL Background Thread 3 ] DEBUG Engine               - fontUI: VarelaRound-Regular.ttf
16:49:38.693 [FXGL Background Thread 3 ] DEBUG Engine               - fullScreen: BooleanProperty [value: false]
16:49:38.693 [FXGL Background Thread 3 ] DEBUG Engine               - gameDifficulty: MEDIUM
16:49:38.693 [FXGL Background Thread 3 ] DEBUG Engine               - gameDifficultyProperty: ObjectProperty [value: MEDIUM]
16:49:38.693 [FXGL Background Thread 3 ] DEBUG Engine               - globalMusicVolume: 0.5
16:49:38.693 [FXGL Background Thread 3 ] DEBUG Engine               - globalMusicVolumeProperty: DoubleProperty [value: 0.5]
16:49:38.693 [FXGL Background Thread 3 ] DEBUG Engine               - globalSoundVolume: 0.5
16:49:38.693 [FXGL Background Thread 3 ] DEBUG Engine               - globalSoundVolumeProperty: DoubleProperty [value: 0.5]
16:49:38.693 [FXGL Background Thread 3 ] DEBUG Engine               - height: 700
16:49:38.693 [FXGL Background Thread 3 ] DEBUG Engine               - is3D: false
16:49:38.693 [FXGL Background Thread 3 ] DEBUG Engine               - isAndroid: false
16:49:38.693 [FXGL Background Thread 3 ] DEBUG Engine               - isBrowser: false
16:49:38.693 [FXGL Background Thread 3 ] DEBUG Engine               - isClickFeedbackEnabled: false
16:49:38.693 [FXGL Background Thread 3 ] DEBUG Engine               - isCloseConfirmation: false
16:49:38.693 [FXGL Background Thread 3 ] DEBUG Engine               - isDesktop: true
16:49:38.693 [FXGL Background Thread 3 ] DEBUG Engine               - isDeveloperMenuEnabled: false
16:49:38.693 [FXGL Background Thread 3 ] DEBUG Engine               - isEntityPreloadEnabled: true
16:49:38.693 [FXGL Background Thread 3 ] DEBUG Engine               - isExperimentalTiledLargeMap: false
16:49:38.693 [FXGL Background Thread 3 ] DEBUG Engine               - isFileSystemWriteAllowed: true
16:49:38.693 [FXGL Background Thread 3 ] DEBUG Engine               - isFullScreenAllowed: true
16:49:38.693 [FXGL Background Thread 3 ] DEBUG Engine               - isFullScreenFromStart: false
16:49:38.693 [FXGL Background Thread 3 ] DEBUG Engine               - isGameMenuEnabled: true
16:49:38.694 [FXGL Background Thread 3 ] DEBUG Engine               - isIOS: false
16:49:38.694 [FXGL Background Thread 3 ] DEBUG Engine               - isIntroEnabled: false
16:49:38.694 [FXGL Background Thread 3 ] DEBUG Engine               - isLinux: false
16:49:38.694 [FXGL Background Thread 3 ] DEBUG Engine               - isMac: false
16:49:38.694 [FXGL Background Thread 3 ] DEBUG Engine               - isMainMenuEnabled: false
16:49:38.694 [FXGL Background Thread 3 ] DEBUG Engine               - isManualResizeEnabled: false
16:49:38.694 [FXGL Background Thread 3 ] DEBUG Engine               - isMobile: false
16:49:38.694 [FXGL Background Thread 3 ] DEBUG Engine               - isNative: false
16:49:38.694 [FXGL Background Thread 3 ] DEBUG Engine               - isPreserveResizeRatio: false
16:49:38.694 [FXGL Background Thread 3 ] DEBUG Engine               - isProfilingEnabled: false
16:49:38.694 [FXGL Background Thread 3 ] DEBUG Engine               - isScaleAffectedOnResize: true
16:49:38.694 [FXGL Background Thread 3 ] DEBUG Engine               - isSingleStep: false
16:49:38.694 [FXGL Background Thread 3 ] DEBUG Engine               - isUserProfileEnabled: false
16:49:38.694 [FXGL Background Thread 3 ] DEBUG Engine               - isWindows: true
16:49:38.694 [FXGL Background Thread 3 ] DEBUG Engine               - language: ObjectProperty [value: ENGLISH]
16:49:38.694 [FXGL Background Thread 3 ] DEBUG Engine               - menuKey: ESCAPE
16:49:38.694 [FXGL Background Thread 3 ] DEBUG Engine               - mouseSensitivity: 0.2
16:49:38.694 [FXGL Background Thread 3 ] DEBUG Engine               - notificationViewClass: class com.almasb.fxgl.notification.view.XboxNotificationView
16:49:38.694 [FXGL Background Thread 3 ] DEBUG Engine               - pixelsPerMeter: 50.0
16:49:38.694 [FXGL Background Thread 3 ] DEBUG Engine               - platform: WINDOWS
16:49:38.694 [FXGL Background Thread 3 ] DEBUG Engine               - prefHeightProperty: ReadOnlyDoubleProperty [value: 700.0]
16:49:38.694 [FXGL Background Thread 3 ] DEBUG Engine               - prefWidthProperty: ReadOnlyDoubleProperty [value: 1200.0]
16:49:38.694 [FXGL Background Thread 3 ] DEBUG Engine               - profileDir: profiles/
16:49:38.694 [FXGL Background Thread 3 ] DEBUG Engine               - profileName: StringProperty [value: DEFAULT]
16:49:38.694 [FXGL Background Thread 3 ] DEBUG Engine               - randomSeed: -1
16:49:38.694 [FXGL Background Thread 3 ] DEBUG Engine               - runtimeInfo: RuntimeInfo(platform=WINDOWS, version=11.16, build=25.05.2021 08.16)
16:49:38.694 [FXGL Background Thread 3 ] DEBUG Engine               - saveFileExt: sav
16:49:38.694 [FXGL Background Thread 3 ] DEBUG Engine               - scaledHeightProp$fxgl: DoubleProperty [bound, value: 700.0]
16:49:38.694 [FXGL Background Thread 3 ] DEBUG Engine               - scaledWidthProp$fxgl: DoubleProperty [bound, value: 1200.0]
16:49:38.694 [FXGL Background Thread 3 ] DEBUG Engine               - sceneFactory: com.almasb.fxgl.app.scene.SceneFactory@5fbd1a1
16:49:38.694 [FXGL Background Thread 3 ] DEBUG Engine               - secondsIn24h: 60
16:49:38.694 [FXGL Background Thread 3 ] DEBUG Engine               - soundMenuBack: menu/back.wav
16:49:38.694 [FXGL Background Thread 3 ] DEBUG Engine               - soundMenuPress: menu/press.wav
16:49:38.694 [FXGL Background Thread 3 ] DEBUG Engine               - soundMenuSelect: menu/select.wav
16:49:38.694 [FXGL Background Thread 3 ] DEBUG Engine               - soundNotification: core/notification.wav
16:49:38.694 [FXGL Background Thread 3 ] DEBUG Engine               - stageStyle: DECORATED
16:49:38.694 [FXGL Background Thread 3 ] DEBUG Engine               - supportedLanguages: [ENGLISH, FRENCH, GERMAN, HUNGARIAN, RUSSIAN]
16:49:38.694 [FXGL Background Thread 3 ] DEBUG Engine               - ticksPerSecond: -1
16:49:38.694 [FXGL Background Thread 3 ] DEBUG Engine               - title: Dead Space but Family Friendly
16:49:38.694 [FXGL Background Thread 3 ] DEBUG Engine               - urlGithub: https://github.com/AlmasB/FXGL
16:49:38.694 [FXGL Background Thread 3 ] DEBUG Engine               - urlLeaderboard: http://fxgl-top.herokuapp.com/
16:49:38.694 [FXGL Background Thread 3 ] DEBUG Engine               - urlPOM: https://raw.githubusercontent.com/AlmasB/FXGL/release/README.md
16:49:38.694 [FXGL Background Thread 3 ] DEBUG Engine               - userAppClass: class com.example.gamefx.MainGame
16:49:38.694 [FXGL Background Thread 3 ] DEBUG Engine               - version: 0.1
16:49:38.694 [FXGL Background Thread 3 ] DEBUG Engine               - versionCheckDays: 7
16:49:38.694 [FXGL Background Thread 3 ] DEBUG Engine               - width: 1200
16:49:38.695 [FXGL Background Thread 3 ] DEBUG Engine               - Logging services
16:49:38.695 [FXGL Background Thread 3 ] DEBUG Engine               - class com.almasb.fxgl.app.services.FXGLAssetLoaderService
16:49:38.695 [FXGL Background Thread 3 ] DEBUG Engine               - class com.almasb.fxgl.app.FXGLApplication$GameApplicationService
16:49:38.695 [FXGL Background Thread 3 ] DEBUG Engine               - class com.almasb.fxgl.app.services.FXGLDialogService
16:49:38.695 [FXGL Background Thread 3 ] DEBUG Engine               - class com.almasb.fxgl.app.services.IOTaskExecutorService
16:49:38.695 [FXGL Background Thread 3 ] DEBUG Engine               - class com.almasb.fxgl.io.FileSystemService
16:49:38.695 [FXGL Background Thread 3 ] DEBUG Engine               - class com.almasb.fxgl.localization.LocalizationService
16:49:38.695 [FXGL Background Thread 3 ] DEBUG Engine               - class com.almasb.fxgl.app.services.SystemBundleService
16:49:38.695 [FXGL Background Thread 3 ] DEBUG Engine               - class com.almasb.fxgl.profile.SaveLoadService
16:49:38.695 [FXGL Background Thread 3 ] DEBUG Engine               - class com.almasb.fxgl.ui.FXGLUIFactoryServiceProvider
16:49:38.695 [FXGL Background Thread 3 ] DEBUG Engine               - class com.almasb.fxgl.ui.FXGLDialogFactoryServiceProvider
16:49:38.695 [FXGL Background Thread 3 ] DEBUG Engine               - class com.almasb.fxgl.audio.AudioPlayer
16:49:38.695 [FXGL Background Thread 3 ] DEBUG Engine               - class com.almasb.fxgl.notification.impl.NotificationServiceProvider
16:49:38.695 [FXGL Background Thread 3 ] DEBUG Engine               - class com.almasb.fxgl.achievement.AchievementService
16:49:38.695 [FXGL Background Thread 3 ] DEBUG Engine               - class com.almasb.fxgl.cutscene.CutsceneService
16:49:38.695 [FXGL Background Thread 3 ] DEBUG Engine               - class com.almasb.fxgl.minigames.MiniGameService
16:49:38.695 [FXGL Background Thread 3 ] DEBUG Engine               - class com.almasb.fxgl.net.NetService
16:49:38.695 [FXGL Background Thread 3 ] DEBUG Engine               - class com.almasb.fxgl.app.services.UpdaterService
16:49:38.695 [FXGL Background Thread 3 ] DEBUG Engine               - class com.almasb.fxgl.dev.DevService
16:49:39.362 [JavaFX Application Thread] DEBUG FXGLAssetLoaderServi - Loading from file system: file:/C:/Users/Hao/Documents/DAM%202%20PRO/GameFX/target/classes/assets/sounds/sfx_lose.wav
16:49:42.019 [JavaFX Application Thread] WARN  Entity               - Entity already has component: com.almasb.fxgl.entity.components.CollidableComponent
16:49:50.581 [JavaFX Application Thread] WARN  Entity               - Entity already has component: com.almasb.fxgl.entity.components.CollidableComponent
16:49:51.201 [JavaFX Application Thread] WARN  Entity               - Entity already has component: com.almasb.fxgl.entity.components.CollidableComponent
16:49:51.442 [JavaFX Application Thread] WARN  Entity               - Entity already has component: com.almasb.fxgl.entity.components.CollidableComponent
16:49:51.779 [JavaFX Application Thread] DEBUG PrimaryStageWindow   - Push state: DialogSubScene
16:49:51.779 [JavaFX Application Thread] DEBUG Input                - Clearing active input actions
16:49:51.781 [JavaFX Application Thread] DEBUG GameApplicationServi - Removing overlay from GameScene and adding to DialogSubScene
16:49:51.781 [JavaFX Application Thread] DEBUG PrimaryStageWindow   - GameScene -> DialogSubScene
16:49:53.385 [JavaFX Application Thread] DEBUG PrimaryStageWindow   - Pop state: DialogSubScene
16:49:53.385 [JavaFX Application Thread] DEBUG Input                - Clearing active input actions
16:49:53.386 [JavaFX Application Thread] DEBUG GameApplicationServi - Removing overlay from DialogSubScene and adding to GameScene
16:49:53.386 [JavaFX Application Thread] DEBUG PrimaryStageWindow   - GameScene <- DialogSubScene
16:49:53.386 [JavaFX Application Thread] DEBUG GameApplicationServi - Starting new game
16:49:53.386 [JavaFX Application Thread] DEBUG Input                - Clearing active input actions
16:49:53.393 [JavaFX Application Thread] DEBUG GameApplicationServi - Removing overlay from GameScene and adding to FXGLLoadingScene
16:49:53.393 [JavaFX Application Thread] DEBUG PrimaryStageWindow   - GameScene -> FXGLLoadingScene
16:49:53.393 [JavaFX Application Thread] DEBUG GameApplicationServi - Clearing previous game
16:49:53.393 [JavaFX Application Thread] DEBUG GameScene            - Clearing game scene
16:49:53.393 [JavaFX Application Thread] DEBUG GameWorld            - Clearing game world
16:49:53.394 [JavaFX Application Thread] DEBUG PhysicsWorld         - Clearing physics world
16:49:53.395 [FXGL Background Thread 2 ] DEBUG FXGLApplication      - Initializing game
16:49:53.397 [FXGL Background Thread 2 ] INFO  FXGLApplication      - Game initialization took: 0,002 sec
16:49:53.399 [JavaFX Application Thread] DEBUG Input                - Clearing active input actions
16:49:53.403 [JavaFX Application Thread] DEBUG GameApplicationServi - Removing overlay from FXGLLoadingScene and adding to GameScene
16:49:53.403 [JavaFX Application Thread] DEBUG PrimaryStageWindow   - FXGLLoadingScene -> GameScene
16:49:56.580 [JavaFX Application Thread] WARN  Entity               - Entity already has component: com.almasb.fxgl.entity.components.CollidableComponent
16:49:56.660 [JavaFX Application Thread] WARN  Entity               - Entity already has component: com.almasb.fxgl.entity.components.CollidableComponent
16:49:57.107 [JavaFX Application Thread] WARN  Entity               - Entity already has component: com.almasb.fxgl.entity.components.CollidableComponent
16:50:01.901 [JavaFX Application Thread] WARN  Entity               - Entity already has component: com.almasb.fxgl.entity.components.CollidableComponent
16:50:02.351 [JavaFX Application Thread] WARN  Entity               - Entity already has component: com.almasb.fxgl.entity.components.CollidableComponent
16:50:02.628 [JavaFX Application Thread] WARN  Entity               - Entity already has component: com.almasb.fxgl.entity.components.CollidableComponent
16:50:05.340 [JavaFX Application Thread] WARN  Entity               - Entity already has component: com.almasb.fxgl.entity.components.CollidableComponent
16:50:05.677 [JavaFX Application Thread] WARN  Entity               - Entity already has component: com.almasb.fxgl.entity.components.CollidableComponent
16:50:07.124 [JavaFX Application Thread] DEBUG PrimaryStageWindow   - Push state: DialogSubScene
16:50:07.124 [JavaFX Application Thread] DEBUG Input                - Clearing active input actions
16:50:07.126 [JavaFX Application Thread] DEBUG GameApplicationServi - Removing overlay from GameScene and adding to DialogSubScene
16:50:07.126 [JavaFX Application Thread] DEBUG PrimaryStageWindow   - GameScene -> DialogSubScene
16:50:08.966 [JavaFX Application Thread] DEBUG PrimaryStageWindow   - Pop state: DialogSubScene
16:50:08.966 [JavaFX Application Thread] DEBUG Input                - Clearing active input actions
16:50:08.967 [JavaFX Application Thread] DEBUG GameApplicationServi - Removing overlay from DialogSubScene and adding to GameScene
16:50:08.967 [JavaFX Application Thread] DEBUG PrimaryStageWindow   - GameScene <- DialogSubScene
16:50:08.967 [JavaFX Application Thread] DEBUG GameApplicationServi - Starting new game
16:50:08.967 [JavaFX Application Thread] DEBUG Input                - Clearing active input actions
16:50:08.973 [JavaFX Application Thread] DEBUG GameApplicationServi - Removing overlay from GameScene and adding to FXGLLoadingScene
16:50:08.973 [JavaFX Application Thread] DEBUG PrimaryStageWindow   - GameScene -> FXGLLoadingScene
16:50:08.973 [JavaFX Application Thread] DEBUG GameApplicationServi - Clearing previous game
16:50:08.973 [JavaFX Application Thread] DEBUG GameScene            - Clearing game scene
16:50:08.973 [JavaFX Application Thread] DEBUG GameWorld            - Clearing game world
16:50:08.974 [JavaFX Application Thread] DEBUG PhysicsWorld         - Clearing physics world
16:50:08.974 [FXGL Background Thread 2 ] DEBUG FXGLApplication      - Initializing game
16:50:08.976 [FXGL Background Thread 2 ] INFO  FXGLApplication      - Game initialization took: 0,001 sec
16:50:08.976 [JavaFX Application Thread] DEBUG Input                - Clearing active input actions
16:50:08.978 [JavaFX Application Thread] DEBUG GameApplicationServi - Removing overlay from FXGLLoadingScene and adding to GameScene
16:50:08.978 [JavaFX Application Thread] DEBUG PrimaryStageWindow   - FXGLLoadingScene -> GameScene
16:50:11.731 [JavaFX Application Thread] WARN  Entity               - Entity already has component: com.almasb.fxgl.entity.components.CollidableComponent
16:50:15.234 [JavaFX Application Thread] WARN  Entity               - Entity already has component: com.almasb.fxgl.entity.components.CollidableComponent
16:50:15.523 [JavaFX Application Thread] WARN  Entity               - Entity already has component: com.almasb.fxgl.entity.components.CollidableComponent
16:50:15.585 [JavaFX Application Thread] WARN  Entity               - Entity already has component: com.almasb.fxgl.entity.components.CollidableComponent
16:50:15.902 [JavaFX Application Thread] WARN  Entity               - Entity already has component: com.almasb.fxgl.entity.components.CollidableComponent
16:50:18.362 [JavaFX Application Thread] WARN  Entity               - Entity already has component: com.almasb.fxgl.entity.components.CollidableComponent
16:50:18.804 [JavaFX Application Thread] DEBUG FXGLAssetLoaderServi - Loading from file system: file:/C:/Users/Hao/Documents/DAM%202%20PRO/GameFX/target/classes/assets/textures/laserRed02.png
16:50:18.806 [JavaFX Application Thread] DEBUG FXGLAssetLoaderServi - Loading from file system: file:/C:/Users/Hao/Documents/DAM%202%20PRO/GameFX/target/classes/assets/sounds/sfx_laser2.wav
16:50:19.680 [JavaFX Application Thread] WARN  Entity               - Entity already has component: com.almasb.fxgl.entity.components.CollidableComponent
16:50:19.938 [JavaFX Application Thread] WARN  Entity               - Entity already has component: com.almasb.fxgl.entity.components.CollidableComponent
16:50:20.909 [JavaFX Application Thread] WARN  Entity               - Entity already has component: com.almasb.fxgl.entity.components.CollidableComponent
16:50:21.006 [JavaFX Application Thread] WARN  Entity               - Entity already has component: com.almasb.fxgl.entity.components.CollidableComponent
16:50:21.498 [JavaFX Application Thread] WARN  Entity               - Entity already has component: com.almasb.fxgl.entity.components.CollidableComponent
16:50:23.635 [JavaFX Application Thread] WARN  Entity               - Entity already has component: com.almasb.fxgl.entity.components.CollidableComponent
16:50:23.890 [JavaFX Application Thread] WARN  Entity               - Entity already has component: com.almasb.fxgl.entity.components.CollidableComponent
16:50:23.926 [JavaFX Application Thread] DEBUG FXGLAssetLoaderServi - Loading from file system: file:/C:/Users/Hao/Documents/DAM%202%20PRO/GameFX/target/classes/assets/textures/laserRed04.png
16:50:27.193 [JavaFX Application Thread] WARN  Entity               - Entity already has component: com.almasb.fxgl.entity.components.CollidableComponent
16:50:28.456 [JavaFX Application Thread] WARN  Entity               - Entity already has component: com.almasb.fxgl.entity.components.CollidableComponent
16:50:28.562 [JavaFX Application Thread] WARN  Entity               - Entity already has component: com.almasb.fxgl.entity.components.CollidableComponent
16:50:28.575 [JavaFX Application Thread] WARN  Entity               - Entity already has component: com.almasb.fxgl.entity.components.CollidableComponent
16:50:28.642 [JavaFX Application Thread] WARN  Entity               - Entity already has component: com.almasb.fxgl.entity.components.CollidableComponent
16:50:28.674 [JavaFX Application Thread] WARN  Entity               - Entity already has component: com.almasb.fxgl.entity.components.CollidableComponent
16:50:28.908 [JavaFX Application Thread] WARN  Entity               - Entity already has component: com.almasb.fxgl.entity.components.CollidableComponent
16:50:29.006 [JavaFX Application Thread] WARN  Entity               - Entity already has component: com.almasb.fxgl.entity.components.CollidableComponent
16:50:29.054 [JavaFX Application Thread] WARN  Entity               - Entity already has component: com.almasb.fxgl.entity.components.CollidableComponent
16:50:29.105 [JavaFX Application Thread] WARN  Entity               - Entity already has component: com.almasb.fxgl.entity.components.CollidableComponent
16:50:30.700 [JavaFX Application Thread] WARN  Entity               - Entity already has component: com.almasb.fxgl.entity.components.CollidableComponent
16:50:30.895 [JavaFX Application Thread] WARN  Entity               - Entity already has component: com.almasb.fxgl.entity.components.CollidableComponent
16:50:31.074 [JavaFX Application Thread] WARN  Entity               - Entity already has component: com.almasb.fxgl.entity.components.CollidableComponent
16:50:31.154 [JavaFX Application Thread] WARN  Entity               - Entity already has component: com.almasb.fxgl.entity.components.CollidableComponent
16:50:31.248 [JavaFX Application Thread] WARN  Entity               - Entity already has component: com.almasb.fxgl.entity.components.CollidableComponent
16:50:31.325 [JavaFX Application Thread] WARN  Entity               - Entity already has component: com.almasb.fxgl.entity.components.CollidableComponent
16:50:31.353 [JavaFX Application Thread] WARN  Entity               - Entity already has component: com.almasb.fxgl.entity.components.CollidableComponent
16:50:31.393 [JavaFX Application Thread] WARN  Entity               - Entity already has component: com.almasb.fxgl.entity.components.CollidableComponent
16:50:31.408 [JavaFX Application Thread] WARN  Entity               - Entity already has component: com.almasb.fxgl.entity.components.CollidableComponent
16:50:31.450 [JavaFX Application Thread] WARN  Entity               - Entity already has component: com.almasb.fxgl.entity.components.CollidableComponent
16:50:31.562 [JavaFX Application Thread] WARN  Entity               - Entity already has component: com.almasb.fxgl.entity.components.CollidableComponent
16:50:31.728 [JavaFX Application Thread] WARN  Entity               - Entity already has component: com.almasb.fxgl.entity.components.CollidableComponent
16:50:32.033 [JavaFX Application Thread] WARN  Entity               - Entity already has component: com.almasb.fxgl.entity.components.CollidableComponent
16:50:32.801 [JavaFX Application Thread] WARN  Entity               - Entity already has component: com.almasb.fxgl.entity.components.CollidableComponent
16:50:32.897 [JavaFX Application Thread] WARN  Entity               - Entity already has component: com.almasb.fxgl.entity.components.CollidableComponent
16:50:33.020 [JavaFX Application Thread] WARN  Entity               - Entity already has component: com.almasb.fxgl.entity.components.CollidableComponent
16:50:33.473 [JavaFX Application Thread] WARN  Entity               - Entity already has component: com.almasb.fxgl.entity.components.CollidableComponent
16:50:33.554 [JavaFX Application Thread] WARN  Entity               - Entity already has component: com.almasb.fxgl.entity.components.CollidableComponent
16:50:33.731 [JavaFX Application Thread] WARN  Entity               - Entity already has component: com.almasb.fxgl.entity.components.CollidableComponent
16:50:33.818 [JavaFX Application Thread] WARN  Entity               - Entity already has component: com.almasb.fxgl.entity.components.CollidableComponent
16:50:34.018 [JavaFX Application Thread] WARN  Entity               - Entity already has component: com.almasb.fxgl.entity.components.CollidableComponent
16:50:34.898 [JavaFX Application Thread] WARN  Entity               - Entity already has component: com.almasb.fxgl.entity.components.CollidableComponent
16:50:35.586 [JavaFX Application Thread] WARN  Entity               - Entity already has component: com.almasb.fxgl.entity.components.CollidableComponent
16:50:35.665 [JavaFX Application Thread] DEBUG PrimaryStageWindow   - Push state: DialogSubScene
16:50:35.665 [JavaFX Application Thread] DEBUG Input                - Clearing active input actions
16:50:35.665 [JavaFX Application Thread] DEBUG GameApplicationServi - Removing overlay from GameScene and adding to DialogSubScene
16:50:35.665 [JavaFX Application Thread] DEBUG PrimaryStageWindow   - GameScene -> DialogSubScene
16:50:36.963 [JavaFX Application Thread] DEBUG PrimaryStageWindow   - Pop state: DialogSubScene
16:50:36.963 [JavaFX Application Thread] DEBUG Input                - Clearing active input actions
16:50:36.963 [JavaFX Application Thread] DEBUG GameApplicationServi - Removing overlay from DialogSubScene and adding to GameScene
16:50:36.963 [JavaFX Application Thread] DEBUG PrimaryStageWindow   - GameScene <- DialogSubScene
16:50:36.963 [JavaFX Application Thread] DEBUG GameApplicationServi - Starting new game
16:50:36.963 [JavaFX Application Thread] DEBUG Input                - Clearing active input actions
16:50:36.967 [JavaFX Application Thread] DEBUG GameApplicationServi - Removing overlay from GameScene and adding to FXGLLoadingScene
16:50:36.967 [JavaFX Application Thread] DEBUG PrimaryStageWindow   - GameScene -> FXGLLoadingScene
16:50:36.967 [JavaFX Application Thread] DEBUG GameApplicationServi - Clearing previous game
16:50:36.967 [JavaFX Application Thread] DEBUG GameScene            - Clearing game scene
16:50:36.967 [JavaFX Application Thread] DEBUG GameWorld            - Clearing game world
16:50:36.968 [JavaFX Application Thread] DEBUG PhysicsWorld         - Clearing physics world
16:50:36.968 [FXGL Background Thread 2 ] DEBUG FXGLApplication      - Initializing game
16:50:36.969 [FXGL Background Thread 2 ] INFO  FXGLApplication      - Game initialization took: 0,001 sec
16:50:36.969 [JavaFX Application Thread] DEBUG Input                - Clearing active input actions
16:50:36.971 [JavaFX Application Thread] DEBUG GameApplicationServi - Removing overlay from FXGLLoadingScene and adding to GameScene
16:50:36.971 [JavaFX Application Thread] DEBUG PrimaryStageWindow   - FXGLLoadingScene -> GameScene
16:50:41.661 [JavaFX Application Thread] WARN  Entity               - Entity already has component: com.almasb.fxgl.entity.components.CollidableComponent
16:50:43.136 [JavaFX Application Thread] WARN  Entity               - Entity already has component: com.almasb.fxgl.entity.components.CollidableComponent
16:50:43.538 [JavaFX Application Thread] WARN  Entity               - Entity already has component: com.almasb.fxgl.entity.components.CollidableComponent
16:50:45.084 [JavaFX Application Thread] WARN  Entity               - Entity already has component: com.almasb.fxgl.entity.components.CollidableComponent
16:50:46.801 [JavaFX Application Thread] WARN  Entity               - Entity already has component: com.almasb.fxgl.entity.components.CollidableComponent
16:50:51.348 [JavaFX Application Thread] WARN  Entity               - Entity already has component: com.almasb.fxgl.entity.components.CollidableComponent
16:50:54.446 [JavaFX Application Thread] WARN  Entity               - Entity already has component: com.almasb.fxgl.entity.components.CollidableComponent
16:50:54.478 [JavaFX Application Thread] WARN  Entity               - Entity already has component: com.almasb.fxgl.entity.components.CollidableComponent
16:50:54.548 [JavaFX Application Thread] WARN  Entity               - Entity already has component: com.almasb.fxgl.entity.components.CollidableComponent
16:50:55.473 [JavaFX Application Thread] WARN  Entity               - Entity already has component: com.almasb.fxgl.entity.components.CollidableComponent
16:50:56.018 [JavaFX Application Thread] WARN  Entity               - Entity already has component: com.almasb.fxgl.entity.components.CollidableComponent
16:50:56.577 [JavaFX Application Thread] WARN  Entity               - Entity already has component: com.almasb.fxgl.entity.components.CollidableComponent
16:50:56.917 [JavaFX Application Thread] WARN  Entity               - Entity already has component: com.almasb.fxgl.entity.components.CollidableComponent
16:50:59.005 [JavaFX Application Thread] WARN  Entity               - Entity already has component: com.almasb.fxgl.entity.components.CollidableComponent
16:50:59.540 [JavaFX Application Thread] WARN  Entity               - Entity already has component: com.almasb.fxgl.entity.components.CollidableComponent
16:51:00.401 [JavaFX Application Thread] WARN  Entity               - Entity already has component: com.almasb.fxgl.entity.components.CollidableComponent
16:51:01.426 [JavaFX Application Thread] WARN  Entity               - Entity already has component: com.almasb.fxgl.entity.components.CollidableComponent
16:51:01.586 [JavaFX Application Thread] WARN  Entity               - Entity already has component: com.almasb.fxgl.entity.components.CollidableComponent
16:51:01.618 [JavaFX Application Thread] WARN  Entity               - Entity already has component: com.almasb.fxgl.entity.components.CollidableComponent
16:51:03.314 [JavaFX Application Thread] WARN  Entity               - Entity already has component: com.almasb.fxgl.entity.components.CollidableComponent
16:51:03.596 [JavaFX Application Thread] WARN  Entity               - Entity already has component: com.almasb.fxgl.entity.components.CollidableComponent
16:51:05.521 [JavaFX Application Thread] WARN  Entity               - Entity already has component: com.almasb.fxgl.entity.components.CollidableComponent
16:51:05.873 [JavaFX Application Thread] WARN  Entity               - Entity already has component: com.almasb.fxgl.entity.components.CollidableComponent
16:51:06.831 [JavaFX Application Thread] WARN  Entity               - Entity already has component: com.almasb.fxgl.entity.components.CollidableComponent
16:51:07.409 [JavaFX Application Thread] WARN  Entity               - Entity already has component: com.almasb.fxgl.entity.components.CollidableComponent
16:51:09.009 [JavaFX Application Thread] WARN  Entity               - Entity already has component: com.almasb.fxgl.entity.components.CollidableComponent
16:51:09.297 [JavaFX Application Thread] WARN  Entity               - Entity already has component: com.almasb.fxgl.entity.components.CollidableComponent
16:51:09.644 [JavaFX Application Thread] WARN  Entity               - Entity already has component: com.almasb.fxgl.entity.components.CollidableComponent
16:51:09.730 [JavaFX Application Thread] WARN  Entity               - Entity already has component: com.almasb.fxgl.entity.components.CollidableComponent
16:51:09.889 [JavaFX Application Thread] WARN  Entity               - Entity already has component: com.almasb.fxgl.entity.components.CollidableComponent
16:51:09.969 [JavaFX Application Thread] WARN  Entity               - Entity already has component: com.almasb.fxgl.entity.components.CollidableComponent
16:51:10.109 [JavaFX Application Thread] WARN  Entity               - Entity already has component: com.almasb.fxgl.entity.components.CollidableComponent
16:51:10.993 [JavaFX Application Thread] WARN  Entity               - Entity already has component: com.almasb.fxgl.entity.components.CollidableComponent
16:51:11.410 [JavaFX Application Thread] WARN  Entity               - Entity already has component: com.almasb.fxgl.entity.components.CollidableComponent
16:51:11.842 [JavaFX Application Thread] WARN  Entity               - Entity already has component: com.almasb.fxgl.entity.components.CollidableComponent
16:51:12.305 [JavaFX Application Thread] WARN  Entity               - Entity already has component: com.almasb.fxgl.entity.components.CollidableComponent
16:51:12.476 [JavaFX Application Thread] WARN  Entity               - Entity already has component: com.almasb.fxgl.entity.components.CollidableComponent
16:51:12.637 [JavaFX Application Thread] WARN  Entity               - Entity already has component: com.almasb.fxgl.entity.components.CollidableComponent
16:51:13.187 [JavaFX Application Thread] WARN  Entity               - Entity already has component: com.almasb.fxgl.entity.components.CollidableComponent
16:51:13.267 [JavaFX Application Thread] WARN  Entity               - Entity already has component: com.almasb.fxgl.entity.components.CollidableComponent
16:51:13.659 [JavaFX Application Thread] WARN  Entity               - Entity already has component: com.almasb.fxgl.entity.components.CollidableComponent
16:51:13.769 [JavaFX Application Thread] WARN  Entity               - Entity already has component: com.almasb.fxgl.entity.components.CollidableComponent
16:51:13.874 [JavaFX Application Thread] WARN  Entity               - Entity already has component: com.almasb.fxgl.entity.components.CollidableComponent
16:51:14.075 [JavaFX Application Thread] WARN  Entity               - Entity already has component: com.almasb.fxgl.entity.components.CollidableComponent
16:51:16.332 [JavaFX Application Thread] WARN  Entity               - Entity already has component: com.almasb.fxgl.entity.components.CollidableComponent
16:51:16.457 [JavaFX Application Thread] WARN  GameWorld            - Attempted to remove entity which is not active
16:51:17.074 [JavaFX Application Thread] WARN  Entity               - Entity already has component: com.almasb.fxgl.entity.components.CollidableComponent
16:51:17.519 [JavaFX Application Thread] WARN  Entity               - Entity already has component: com.almasb.fxgl.entity.components.CollidableComponent
16:51:18.867 [JavaFX Application Thread] WARN  Entity               - Entity already has component: com.almasb.fxgl.entity.components.CollidableComponent
16:51:19.059 [JavaFX Application Thread] WARN  Entity               - Entity already has component: com.almasb.fxgl.entity.components.CollidableComponent
16:51:19.791 [JavaFX Application Thread] WARN  Entity               - Entity already has component: com.almasb.fxgl.entity.components.CollidableComponent
16:51:20.450 [JavaFX Application Thread] WARN  Entity               - Entity already has component: com.almasb.fxgl.entity.components.CollidableComponent
16:51:20.946 [JavaFX Application Thread] WARN  Entity               - Entity already has component: com.almasb.fxgl.entity.components.CollidableComponent
16:51:21.567 [JavaFX Application Thread] WARN  Entity               - Entity already has component: com.almasb.fxgl.entity.components.CollidableComponent
16:51:21.740 [JavaFX Application Thread] WARN  Entity               - Entity already has component: com.almasb.fxgl.entity.components.CollidableComponent
16:51:23.323 [JavaFX Application Thread] WARN  Entity               - Entity already has component: com.almasb.fxgl.entity.components.CollidableComponent
16:51:23.789 [JavaFX Application Thread] WARN  Entity               - Entity already has component: com.almasb.fxgl.entity.components.CollidableComponent
16:51:23.954 [JavaFX Application Thread] WARN  Entity               - Entity already has component: com.almasb.fxgl.entity.components.CollidableComponent
16:51:24.098 [JavaFX Application Thread] WARN  Entity               - Entity already has component: com.almasb.fxgl.entity.components.CollidableComponent
16:51:24.578 [JavaFX Application Thread] WARN  Entity               - Entity already has component: com.almasb.fxgl.entity.components.CollidableComponent
16:51:24.622 [JavaFX Application Thread] WARN  Entity               - Entity already has component: com.almasb.fxgl.entity.components.CollidableComponent
16:51:24.844 [JavaFX Application Thread] WARN  Entity               - Entity already has component: com.almasb.fxgl.entity.components.CollidableComponent
16:51:24.994 [JavaFX Application Thread] WARN  Entity               - Entity already has component: com.almasb.fxgl.entity.components.CollidableComponent
16:51:25.010 [JavaFX Application Thread] WARN  Entity               - Entity already has component: com.almasb.fxgl.entity.components.CollidableComponent
16:51:25.377 [JavaFX Application Thread] WARN  Entity               - Entity already has component: com.almasb.fxgl.entity.components.CollidableComponent
16:51:25.712 [JavaFX Application Thread] WARN  Entity               - Entity already has component: com.almasb.fxgl.entity.components.CollidableComponent
16:51:26.219 [JavaFX Application Thread] WARN  Entity               - Entity already has component: com.almasb.fxgl.entity.components.CollidableComponent
16:51:26.226 [JavaFX Application Thread] WARN  Entity               - Entity already has component: com.almasb.fxgl.entity.components.CollidableComponent
16:51:26.413 [JavaFX Application Thread] WARN  Entity               - Entity already has component: com.almasb.fxgl.entity.components.CollidableComponent
16:51:26.498 [JavaFX Application Thread] WARN  Entity               - Entity already has component: com.almasb.fxgl.entity.components.CollidableComponent
16:51:26.738 [JavaFX Application Thread] WARN  Entity               - Entity already has component: com.almasb.fxgl.entity.components.CollidableComponent
16:51:26.893 [JavaFX Application Thread] WARN  Entity               - Entity already has component: com.almasb.fxgl.entity.components.CollidableComponent
16:51:27.017 [JavaFX Application Thread] WARN  Entity               - Entity already has component: com.almasb.fxgl.entity.components.CollidableComponent
16:51:27.041 [JavaFX Application Thread] WARN  Entity               - Entity already has component: com.almasb.fxgl.entity.components.CollidableComponent
16:51:27.169 [JavaFX Application Thread] WARN  Entity               - Entity already has component: com.almasb.fxgl.entity.components.CollidableComponent
16:51:27.361 [JavaFX Application Thread] WARN  Entity               - Entity already has component: com.almasb.fxgl.entity.components.CollidableComponent
16:51:28.193 [JavaFX Application Thread] WARN  Entity               - Entity already has component: com.almasb.fxgl.entity.components.CollidableComponent
16:51:29.890 [JavaFX Application Thread] WARN  Entity               - Entity already has component: com.almasb.fxgl.entity.components.CollidableComponent
16:51:29.962 [JavaFX Application Thread] WARN  Entity               - Entity already has component: com.almasb.fxgl.entity.components.CollidableComponent
16:51:30.161 [JavaFX Application Thread] WARN  Entity               - Entity already has component: com.almasb.fxgl.entity.components.CollidableComponent
16:51:30.719 [JavaFX Application Thread] WARN  Entity               - Entity already has component: com.almasb.fxgl.entity.components.CollidableComponent
16:51:30.767 [JavaFX Application Thread] WARN  Entity               - Entity already has component: com.almasb.fxgl.entity.components.CollidableComponent
16:51:31.570 [JavaFX Application Thread] WARN  Entity               - Entity already has component: com.almasb.fxgl.entity.components.CollidableComponent
16:51:31.705 [JavaFX Application Thread] WARN  Entity               - Entity already has component: com.almasb.fxgl.entity.components.CollidableComponent
16:51:32.671 [JavaFX Application Thread] WARN  Entity               - Entity already has component: com.almasb.fxgl.entity.components.CollidableComponent
16:51:33.506 [JavaFX Application Thread] WARN  Entity               - Entity already has component: com.almasb.fxgl.entity.components.CollidableComponent
16:51:34.129 [JavaFX Application Thread] WARN  Entity               - Entity already has component: com.almasb.fxgl.entity.components.CollidableComponent
16:51:34.268 [JavaFX Application Thread] WARN  Entity               - Entity already has component: com.almasb.fxgl.entity.components.CollidableComponent
16:51:35.777 [JavaFX Application Thread] WARN  Entity               - Entity already has component: com.almasb.fxgl.entity.components.CollidableComponent
16:51:35.818 [JavaFX Application Thread] WARN  Entity               - Entity already has component: com.almasb.fxgl.entity.components.CollidableComponent
16:51:36.164 [JavaFX Application Thread] WARN  Entity               - Entity already has component: com.almasb.fxgl.entity.components.CollidableComponent
16:51:36.845 [JavaFX Application Thread] DEBUG PrimaryStageWindow   - Push state: DialogSubScene
16:51:36.846 [JavaFX Application Thread] DEBUG Input                - Clearing active input actions
16:51:36.846 [JavaFX Application Thread] DEBUG GameApplicationServi - Removing overlay from GameScene and adding to DialogSubScene
16:51:36.847 [JavaFX Application Thread] DEBUG PrimaryStageWindow   - GameScene -> DialogSubScene
16:51:40.376 [JavaFX Application Thread] DEBUG PrimaryStageWindow   - Pop state: DialogSubScene
16:51:40.376 [JavaFX Application Thread] DEBUG Input                - Clearing active input actions
16:51:40.377 [JavaFX Application Thread] DEBUG GameApplicationServi - Removing overlay from DialogSubScene and adding to GameScene
16:51:40.377 [JavaFX Application Thread] DEBUG PrimaryStageWindow   - GameScene <- DialogSubScene
16:51:40.377 [JavaFX Application Thread] DEBUG GameApplicationServi - Starting new game
16:51:40.377 [JavaFX Application Thread] DEBUG Input                - Clearing active input actions
16:51:40.381 [JavaFX Application Thread] DEBUG GameApplicationServi - Removing overlay from GameScene and adding to FXGLLoadingScene
16:51:40.381 [JavaFX Application Thread] DEBUG PrimaryStageWindow   - GameScene -> FXGLLoadingScene
16:51:40.381 [JavaFX Application Thread] DEBUG GameApplicationServi - Clearing previous game
16:51:40.381 [JavaFX Application Thread] DEBUG GameScene            - Clearing game scene
16:51:40.381 [JavaFX Application Thread] DEBUG GameWorld            - Clearing game world
16:51:40.382 [JavaFX Application Thread] DEBUG PhysicsWorld         - Clearing physics world
16:51:40.383 [FXGL Background Thread 5 ] DEBUG FXGLApplication      - Initializing game
16:51:40.384 [FXGL Background Thread 5 ] INFO  FXGLApplication      - Game initialization took: 0,001 sec
16:51:40.384 [JavaFX Application Thread] DEBUG Input                - Clearing active input actions
16:51:40.386 [JavaFX Application Thread] DEBUG GameApplicationServi - Removing overlay from FXGLLoadingScene and adding to GameScene
16:51:40.386 [JavaFX Application Thread] DEBUG PrimaryStageWindow   - FXGLLoadingScene -> GameScene
16:51:42.482 [JavaFX Application Thread] WARN  Entity               - Entity already has component: com.almasb.fxgl.entity.components.CollidableComponent
16:51:43.267 [JavaFX Application Thread] WARN  Entity               - Entity already has component: com.almasb.fxgl.entity.components.CollidableComponent
16:51:46.642 [JavaFX Application Thread] WARN  Entity               - Entity already has component: com.almasb.fxgl.entity.components.CollidableComponent
16:51:49.055 [JavaFX Application Thread] WARN  Entity               - Entity already has component: com.almasb.fxgl.entity.components.CollidableComponent
16:51:51.457 [JavaFX Application Thread] WARN  Entity               - Entity already has component: com.almasb.fxgl.entity.components.CollidableComponent
16:51:51.859 [JavaFX Application Thread] WARN  Entity               - Entity already has component: com.almasb.fxgl.entity.components.CollidableComponent
16:51:52.081 [JavaFX Application Thread] WARN  Entity               - Entity already has component: com.almasb.fxgl.entity.components.CollidableComponent
16:51:59.443 [JavaFX Application Thread] WARN  Entity               - Entity already has component: com.almasb.fxgl.entity.components.CollidableComponent
16:51:59.852 [JavaFX Application Thread] WARN  GameWorld            - Attempted to remove entity which is not active
16:52:00.851 [JavaFX Application Thread] WARN  Entity               - Entity already has component: com.almasb.fxgl.entity.components.CollidableComponent
16:52:03.138 [JavaFX Application Thread] WARN  Entity               - Entity already has component: com.almasb.fxgl.entity.components.CollidableComponent
16:52:03.186 [JavaFX Application Thread] WARN  Entity               - Entity already has component: com.almasb.fxgl.entity.components.CollidableComponent
16:52:03.346 [JavaFX Application Thread] WARN  Entity               - Entity already has component: com.almasb.fxgl.entity.components.CollidableComponent
16:52:05.498 [JavaFX Application Thread] WARN  Entity               - Entity already has component: com.almasb.fxgl.entity.components.CollidableComponent
16:52:05.633 [JavaFX Application Thread] WARN  Entity               - Entity already has component: com.almasb.fxgl.entity.components.CollidableComponent
16:52:05.775 [JavaFX Application Thread] WARN  Entity               - Entity already has component: com.almasb.fxgl.entity.components.CollidableComponent
16:52:05.860 [JavaFX Application Thread] WARN  Entity               - Entity already has component: com.almasb.fxgl.entity.components.CollidableComponent
16:52:06.401 [JavaFX Application Thread] WARN  Entity               - Entity already has component: com.almasb.fxgl.entity.components.CollidableComponent
16:52:06.413 [JavaFX Application Thread] WARN  Entity               - Entity already has component: com.almasb.fxgl.entity.components.CollidableComponent
16:52:08.179 [JavaFX Application Thread] WARN  Entity               - Entity already has component: com.almasb.fxgl.entity.components.CollidableComponent
16:52:08.194 [JavaFX Application Thread] WARN  Entity               - Entity already has component: com.almasb.fxgl.entity.components.CollidableComponent
16:52:10.234 [JavaFX Application Thread] WARN  Entity               - Entity already has component: com.almasb.fxgl.entity.components.CollidableComponent
16:52:11.635 [JavaFX Application Thread] WARN  Entity               - Entity already has component: com.almasb.fxgl.entity.components.CollidableComponent
16:52:11.693 [JavaFX Application Thread] WARN  Entity               - Entity already has component: com.almasb.fxgl.entity.components.CollidableComponent
16:52:12.206 [JavaFX Application Thread] WARN  Entity               - Entity already has component: com.almasb.fxgl.entity.components.CollidableComponent
16:52:14.143 [JavaFX Application Thread] WARN  Entity               - Entity already has component: com.almasb.fxgl.entity.components.CollidableComponent
16:52:14.345 [JavaFX Application Thread] DEBUG PrimaryStageWindow   - Push state: DialogSubScene
16:52:14.345 [JavaFX Application Thread] DEBUG Input                - Clearing active input actions
16:52:14.346 [JavaFX Application Thread] DEBUG GameApplicationServi - Removing overlay from GameScene and adding to DialogSubScene
16:52:14.346 [JavaFX Application Thread] DEBUG PrimaryStageWindow   - GameScene -> DialogSubScene
16:52:15.576 [JavaFX Application Thread] DEBUG PrimaryStageWindow   - Pop state: DialogSubScene
16:52:15.576 [JavaFX Application Thread] DEBUG Input                - Clearing active input actions
16:52:15.576 [JavaFX Application Thread] DEBUG GameApplicationServi - Removing overlay from DialogSubScene and adding to GameScene
16:52:15.576 [JavaFX Application Thread] DEBUG PrimaryStageWindow   - GameScene <- DialogSubScene
16:52:15.576 [JavaFX Application Thread] DEBUG GameApplicationServi - Starting new game
16:52:15.576 [JavaFX Application Thread] DEBUG Input                - Clearing active input actions
16:52:15.580 [JavaFX Application Thread] DEBUG GameApplicationServi - Removing overlay from GameScene and adding to FXGLLoadingScene
16:52:15.580 [JavaFX Application Thread] DEBUG PrimaryStageWindow   - GameScene -> FXGLLoadingScene
16:52:15.580 [JavaFX Application Thread] DEBUG GameApplicationServi - Clearing previous game
16:52:15.580 [JavaFX Application Thread] DEBUG GameScene            - Clearing game scene
16:52:15.580 [JavaFX Application Thread] DEBUG GameWorld            - Clearing game world
16:52:15.581 [JavaFX Application Thread] DEBUG PhysicsWorld         - Clearing physics world
16:52:15.581 [FXGL Background Thread 5 ] DEBUG FXGLApplication      - Initializing game
16:52:15.583 [FXGL Background Thread 5 ] INFO  FXGLApplication      - Game initialization took: 0,001 sec
16:52:15.583 [JavaFX Application Thread] DEBUG Input                - Clearing active input actions
16:52:15.586 [JavaFX Application Thread] DEBUG GameApplicationServi - Removing overlay from FXGLLoadingScene and adding to GameScene
16:52:15.586 [JavaFX Application Thread] DEBUG PrimaryStageWindow   - FXGLLoadingScene -> GameScene
16:52:23.122 [JavaFX Application Thread] WARN  Entity               - Entity already has component: com.almasb.fxgl.entity.components.CollidableComponent
16:52:26.060 [JavaFX Application Thread] WARN  Entity               - Entity already has component: com.almasb.fxgl.entity.components.CollidableComponent
16:52:26.914 [JavaFX Application Thread] WARN  Entity               - Entity already has component: com.almasb.fxgl.entity.components.CollidableComponent
16:52:28.690 [JavaFX Application Thread] WARN  Entity               - Entity already has component: com.almasb.fxgl.entity.components.CollidableComponent
16:52:33.116 [JavaFX Application Thread] WARN  Entity               - Entity already has component: com.almasb.fxgl.entity.components.CollidableComponent
16:52:33.233 [JavaFX Application Thread] WARN  Entity               - Entity already has component: com.almasb.fxgl.entity.components.CollidableComponent
16:52:35.441 [JavaFX Application Thread] WARN  Entity               - Entity already has component: com.almasb.fxgl.entity.components.CollidableComponent
16:52:36.274 [JavaFX Application Thread] WARN  Entity               - Entity already has component: com.almasb.fxgl.entity.components.CollidableComponent
16:52:36.322 [JavaFX Application Thread] WARN  Entity               - Entity already has component: com.almasb.fxgl.entity.components.CollidableComponent
16:52:37.948 [JavaFX Application Thread] WARN  Entity               - Entity already has component: com.almasb.fxgl.entity.components.CollidableComponent
16:52:39.475 [JavaFX Application Thread] WARN  Entity               - Entity already has component: com.almasb.fxgl.entity.components.CollidableComponent
16:52:40.810 [JavaFX Application Thread] WARN  Entity               - Entity already has component: com.almasb.fxgl.entity.components.CollidableComponent
16:52:43.566 [JavaFX Application Thread] WARN  Entity               - Entity already has component: com.almasb.fxgl.entity.components.CollidableComponent
16:52:43.778 [JavaFX Application Thread] WARN  Entity               - Entity already has component: com.almasb.fxgl.entity.components.CollidableComponent
16:52:45.914 [JavaFX Application Thread] WARN  Entity               - Entity already has component: com.almasb.fxgl.entity.components.CollidableComponent
16:52:46.626 [JavaFX Application Thread] WARN  Entity               - Entity already has component: com.almasb.fxgl.entity.components.CollidableComponent
16:52:46.648 [JavaFX Application Thread] WARN  Entity               - Entity already has component: com.almasb.fxgl.entity.components.CollidableComponent
16:52:47.051 [JavaFX Application Thread] WARN  Entity               - Entity already has component: com.almasb.fxgl.entity.components.CollidableComponent
16:52:47.099 [JavaFX Application Thread] DEBUG PrimaryStageWindow   - Push state: DialogSubScene
16:52:47.099 [JavaFX Application Thread] DEBUG Input                - Clearing active input actions
16:52:47.099 [JavaFX Application Thread] DEBUG GameApplicationServi - Removing overlay from GameScene and adding to DialogSubScene
16:52:47.099 [JavaFX Application Thread] DEBUG PrimaryStageWindow   - GameScene -> DialogSubScene
16:52:48.269 [JavaFX Application Thread] DEBUG PrimaryStageWindow   - Pop state: DialogSubScene
16:52:48.269 [JavaFX Application Thread] DEBUG Input                - Clearing active input actions
16:52:48.269 [JavaFX Application Thread] DEBUG GameApplicationServi - Removing overlay from DialogSubScene and adding to GameScene
16:52:48.269 [JavaFX Application Thread] DEBUG PrimaryStageWindow   - GameScene <- DialogSubScene
16:52:48.269 [JavaFX Application Thread] DEBUG GameApplicationServi - Starting new game
16:52:48.269 [JavaFX Application Thread] DEBUG Input                - Clearing active input actions
16:52:48.273 [JavaFX Application Thread] DEBUG GameApplicationServi - Removing overlay from GameScene and adding to FXGLLoadingScene
16:52:48.273 [JavaFX Application Thread] DEBUG PrimaryStageWindow   - GameScene -> FXGLLoadingScene
16:52:48.273 [JavaFX Application Thread] DEBUG GameApplicationServi - Clearing previous game
16:52:48.273 [JavaFX Application Thread] DEBUG GameScene            - Clearing game scene
16:52:48.273 [JavaFX Application Thread] DEBUG GameWorld            - Clearing game world
16:52:48.274 [JavaFX Application Thread] DEBUG PhysicsWorld         - Clearing physics world
16:52:48.274 [FXGL Background Thread 5 ] DEBUG FXGLApplication      - Initializing game
16:52:48.275 [FXGL Background Thread 5 ] INFO  FXGLApplication      - Game initialization took: 0,001 sec
16:52:48.276 [JavaFX Application Thread] DEBUG Input                - Clearing active input actions
16:52:48.278 [JavaFX Application Thread] DEBUG GameApplicationServi - Removing overlay from FXGLLoadingScene and adding to GameScene
16:52:48.278 [JavaFX Application Thread] DEBUG PrimaryStageWindow   - FXGLLoadingScene -> GameScene
16:52:50.403 [JavaFX Application Thread] WARN  Entity               - Entity already has component: com.almasb.fxgl.entity.components.CollidableComponent
16:52:50.626 [JavaFX Application Thread] WARN  Entity               - Entity already has component: com.almasb.fxgl.entity.components.CollidableComponent
16:52:51.149 [JavaFX Application Thread] WARN  Entity               - Entity already has component: com.almasb.fxgl.entity.components.CollidableComponent
16:52:54.365 [JavaFX Application Thread] WARN  Entity               - Entity already has component: com.almasb.fxgl.entity.components.CollidableComponent
16:52:54.733 [JavaFX Application Thread] WARN  Entity               - Entity already has component: com.almasb.fxgl.entity.components.CollidableComponent
16:52:54.786 [JavaFX Application Thread] WARN  Entity               - Entity already has component: com.almasb.fxgl.entity.components.CollidableComponent
16:52:58.162 [JavaFX Application Thread] WARN  Entity               - Entity already has component: com.almasb.fxgl.entity.components.CollidableComponent
16:52:58.818 [JavaFX Application Thread] WARN  Entity               - Entity already has component: com.almasb.fxgl.entity.components.CollidableComponent
16:52:58.833 [JavaFX Application Thread] WARN  Entity               - Entity already has component: com.almasb.fxgl.entity.components.CollidableComponent
16:53:03.106 [JavaFX Application Thread] WARN  Entity               - Entity already has component: com.almasb.fxgl.entity.components.CollidableComponent
16:53:03.747 [JavaFX Application Thread] WARN  Entity               - Entity already has component: com.almasb.fxgl.entity.components.CollidableComponent
16:53:06.179 [JavaFX Application Thread] WARN  Entity               - Entity already has component: com.almasb.fxgl.entity.components.CollidableComponent
16:53:09.507 [JavaFX Application Thread] WARN  Entity               - Entity already has component: com.almasb.fxgl.entity.components.CollidableComponent
16:53:09.629 [JavaFX Application Thread] WARN  Entity               - Entity already has component: com.almasb.fxgl.entity.components.CollidableComponent
16:53:11.856 [JavaFX Application Thread] WARN  Entity               - Entity already has component: com.almasb.fxgl.entity.components.CollidableComponent
16:53:18.691 [JavaFX Application Thread] WARN  Entity               - Entity already has component: com.almasb.fxgl.entity.components.CollidableComponent
16:53:19.042 [JavaFX Application Thread] WARN  Entity               - Entity already has component: com.almasb.fxgl.entity.components.CollidableComponent
16:53:19.186 [JavaFX Application Thread] WARN  Entity               - Entity already has component: com.almasb.fxgl.entity.components.CollidableComponent
16:53:19.487 [JavaFX Application Thread] WARN  Entity               - Entity already has component: com.almasb.fxgl.entity.components.CollidableComponent
16:53:19.650 [JavaFX Application Thread] WARN  Entity               - Entity already has component: com.almasb.fxgl.entity.components.CollidableComponent
16:53:20.127 [JavaFX Application Thread] WARN  Entity               - Entity already has component: com.almasb.fxgl.entity.components.CollidableComponent
16:53:21.378 [JavaFX Application Thread] WARN  GameWorld            - Attempted to remove entity which is not active
16:53:22.497 [JavaFX Application Thread] WARN  Entity               - Entity already has component: com.almasb.fxgl.entity.components.CollidableComponent
16:53:22.994 [JavaFX Application Thread] WARN  Entity               - Entity already has component: com.almasb.fxgl.entity.components.CollidableComponent
16:53:24.419 [JavaFX Application Thread] WARN  Entity               - Entity already has component: com.almasb.fxgl.entity.components.CollidableComponent
16:53:26.339 [JavaFX Application Thread] WARN  Entity               - Entity already has component: com.almasb.fxgl.entity.components.CollidableComponent
16:53:26.433 [JavaFX Application Thread] WARN  Entity               - Entity already has component: com.almasb.fxgl.entity.components.CollidableComponent
16:53:26.765 [JavaFX Application Thread] WARN  Entity               - Entity already has component: com.almasb.fxgl.entity.components.CollidableComponent
16:53:26.818 [JavaFX Application Thread] WARN  Entity               - Entity already has component: com.almasb.fxgl.entity.components.CollidableComponent
16:53:27.279 [JavaFX Application Thread] WARN  Entity               - Entity already has component: com.almasb.fxgl.entity.components.CollidableComponent
16:53:27.362 [JavaFX Application Thread] DEBUG PrimaryStageWindow   - Push state: DialogSubScene
16:53:27.362 [JavaFX Application Thread] DEBUG Input                - Clearing active input actions
16:53:27.362 [JavaFX Application Thread] DEBUG GameApplicationServi - Removing overlay from GameScene and adding to DialogSubScene
16:53:27.362 [JavaFX Application Thread] DEBUG PrimaryStageWindow   - GameScene -> DialogSubScene
16:53:28.713 [JavaFX Application Thread] DEBUG PrimaryStageWindow   - Pop state: DialogSubScene
16:53:28.713 [JavaFX Application Thread] DEBUG Input                - Clearing active input actions
16:53:28.713 [JavaFX Application Thread] DEBUG GameApplicationServi - Removing overlay from DialogSubScene and adding to GameScene
16:53:28.713 [JavaFX Application Thread] DEBUG PrimaryStageWindow   - GameScene <- DialogSubScene
16:53:28.713 [JavaFX Application Thread] DEBUG GameApplicationServi - Starting new game
16:53:28.713 [JavaFX Application Thread] DEBUG Input                - Clearing active input actions
16:53:28.717 [JavaFX Application Thread] DEBUG GameApplicationServi - Removing overlay from GameScene and adding to FXGLLoadingScene
16:53:28.717 [JavaFX Application Thread] DEBUG PrimaryStageWindow   - GameScene -> FXGLLoadingScene
16:53:28.717 [JavaFX Application Thread] DEBUG GameApplicationServi - Clearing previous game
16:53:28.717 [JavaFX Application Thread] DEBUG GameScene            - Clearing game scene
16:53:28.717 [JavaFX Application Thread] DEBUG GameWorld            - Clearing game world
16:53:28.718 [JavaFX Application Thread] DEBUG PhysicsWorld         - Clearing physics world
16:53:28.718 [FXGL Background Thread 5 ] DEBUG FXGLApplication      - Initializing game
16:53:28.720 [FXGL Background Thread 5 ] INFO  FXGLApplication      - Game initialization took: 0,002 sec
16:53:28.721 [JavaFX Application Thread] DEBUG Input                - Clearing active input actions
16:53:28.724 [JavaFX Application Thread] DEBUG GameApplicationServi - Removing overlay from FXGLLoadingScene and adding to GameScene
16:53:28.724 [JavaFX Application Thread] DEBUG PrimaryStageWindow   - FXGLLoadingScene -> GameScene
16:53:31.586 [JavaFX Application Thread] WARN  Entity               - Entity already has component: com.almasb.fxgl.entity.components.CollidableComponent
16:53:34.162 [JavaFX Application Thread] WARN  Entity               - Entity already has component: com.almasb.fxgl.entity.components.CollidableComponent
16:53:34.707 [JavaFX Application Thread] WARN  Entity               - Entity already has component: com.almasb.fxgl.entity.components.CollidableComponent
16:53:36.606 [JavaFX Application Thread] WARN  Entity               - Entity already has component: com.almasb.fxgl.entity.components.CollidableComponent
16:53:38.723 [JavaFX Application Thread] WARN  Entity               - Entity already has component: com.almasb.fxgl.entity.components.CollidableComponent
16:53:38.851 [JavaFX Application Thread] WARN  Entity               - Entity already has component: com.almasb.fxgl.entity.components.CollidableComponent
16:53:39.294 [JavaFX Application Thread] WARN  Entity               - Entity already has component: com.almasb.fxgl.entity.components.CollidableComponent
16:53:42.211 [JavaFX Application Thread] WARN  Entity               - Entity already has component: com.almasb.fxgl.entity.components.CollidableComponent
16:53:42.773 [JavaFX Application Thread] DEBUG FXGLApplication      - Exiting FXGL
16:53:42.773 [JavaFX Application Thread] DEBUG LoopRunner           - Stopping loop
16:53:42.773 [JavaFX Application Thread] DEBUG SystemBundleService  - Saving FXGL system data
16:53:42.776 [JavaFX Application Thread] DEBUG FileSystemAccess     - Writing to: C:\Users\Hao\Documents\DAM 2 PRO\GameFX\system\fxgl.bundle
16:53:42.779 [JavaFX Application Thread] DEBUG Async                - Shutting down background threads
16:53:42.779 [JavaFX Application Thread] DEBUG PrimaryStageWindow   - Closing main window
16:53:42.794 [JavaFX Application Thread] DEBUG Logger               - Closing Logger
