22:01:43.689 [main                     ] DEBUG Logger               - Configured Logger
22:01:43.691 [main                     ] DEBUG GameApplication      - Logging settings
Title: Dead Space but Family Friendly
Version: 0.1
Width: 1200
Height: 700
Fullscreen: true
Intro: false
Profiling: false
Single step:false
App Mode: DEVELOPER
Menu Key: ESCAPE
Stage Style: DECORATED
Scene Factory: class com.almasb.fxgl.app.scene.SceneFactory

22:01:44.017 [JavaFX Application Thread] DEBUG FXGLApplication      - Initializing FXGL
22:01:44.018 [JavaFX Application Thread] INFO  Engine               - FXGL-11.16 (25.05.2021 08.16) on WINDOWS (J:18.0.2.1 FX:16)
22:01:44.019 [JavaFX Application Thread] DEBUG Engine               - JRE Vendor Name: Oracle Corporation
22:01:44.019 [JavaFX Application Thread] DEBUG Engine               - Running on OS: Windows 10 version 10.0
22:01:44.019 [JavaFX Application Thread] DEBUG Engine               - Architecture: amd64
22:01:44.019 [JavaFX Application Thread] INFO  Engine               - Source code and latest versions at: https://github.com/AlmasB/FXGL
22:01:44.019 [JavaFX Application Thread] INFO  Engine               -              Join the FXGL chat at: https://gitter.im/AlmasB/FXGL
22:01:44.084 [JavaFX Application Thread] DEBUG PrimaryStageWindow   - Creating a JavaFX scene
22:01:44.119 [JavaFX Application Thread] DEBUG PrimaryStageWindow   - Target settings size: 1200.0 x 700.0
22:01:44.119 [JavaFX Application Thread] DEBUG PrimaryStageWindow   - Scaled scene size:    1200.0 x 700.0
22:01:44.119 [JavaFX Application Thread] DEBUG PrimaryStageWindow   - Scaled ratio: (1.0, 1.0)
22:01:44.120 [JavaFX Application Thread] DEBUG PrimaryStageWindow   - Set initial scene to FXGLStartupScene
22:01:44.125 [JavaFX Application Thread] DEBUG PrimaryStageWindow   - Opening main window
22:01:44.176 [JavaFX Application Thread] DEBUG PrimaryStageWindow   - Window border size: (14.4000244140625, 37.5999755859375)
22:01:44.176 [JavaFX Application Thread] DEBUG PrimaryStageWindow   - Scaled size: 1200.0 x 700.0
22:01:44.176 [JavaFX Application Thread] DEBUG PrimaryStageWindow   - Scaled ratio: (1.0, 1.0)
22:01:44.177 [JavaFX Application Thread] DEBUG PrimaryStageWindow   - Scene size: 1200.0 x 700.0
22:01:44.177 [JavaFX Application Thread] DEBUG PrimaryStageWindow   - Stage size: 1214.4000244140625 x 737.5999755859375
22:01:44.204 [FXGL Background Thread 1 ] DEBUG Engine               - Initializing environment variables
22:01:44.266 [FXGL Background Thread 1 ] DEBUG FXGLAssetLoaderServi - User app class for loading assets: class com.example.gamefx.MainGame
22:01:44.266 [FXGL Background Thread 1 ] DEBUG GameApplicationServi - Applying CSS: fxgl_dark.css
22:01:44.266 [FXGL Background Thread 1 ] DEBUG FXGLAssetLoaderServi - Loading from file system: jar:file:/C:/Users/Hao/.m2/repository/com/github/almasb/fxgl/11.16/fxgl-11.16.jar!/fxglassets/ui/css/fxgl_dark.css
22:01:44.333 [FXGL Background Thread 1 ] DEBUG GameApplicationServi - Initializing application scenes
22:01:44.475 [FXGL Background Thread 1 ] DEBUG GameWorld            - Game world initialized
22:01:44.512 [FXGL Background Thread 1 ] DEBUG PhysicsWorld         - Physics world initialized: appHeight=700, physics.ppm=50,0
22:01:44.513 [FXGL Background Thread 1 ] DEBUG PhysicsWorld         - Using strategy: BRUTE_FORCE
22:01:44.516 [FXGL Background Thread 1 ] DEBUG GameScene            - Game scene initialized: 1200x700
22:01:44.526 [FXGL Background Thread 1 ] DEBUG FXGL.DefaultMenu     - createMenuBodyGameMenu()
22:01:44.536 [FXGL Background Thread 1 ] DEBUG FXGL.DefaultMenu     - createOptionsMenu()
22:01:44.543 [FXGL Background Thread 1 ] DEBUG FXGLAssetLoaderServi - Loading from file system: jar:file:/C:/Users/Hao/.m2/repository/com/github/almasb/fxgl/11.16/fxgl-11.16.jar!/fxglassets/textures/particles/smoke.png
22:01:44.690 [FXGL Background Thread 1 ] DEBUG FXGLAssetLoaderServi - Loading from file system: jar:file:/C:/Users/Hao/.m2/repository/com/github/almasb/fxgl/11.16/fxgl-11.16.jar!/fxglassets/textures/particles/trace_horizontal.png
22:01:44.722 [FXGL Background Thread 1 ] DEBUG GameApplicationServi - Application scenes initialized
22:01:44.730 [FXGL Background Thread 1 ] DEBUG SystemBundleService  - Loading FXGL system data
22:01:44.732 [FXGL Background Thread 1 ] DEBUG FileSystemAccess     - Reading from: C:\Users\Hao\Documents\DAM 2 PRO\GameFX\system\fxgl.bundle
22:01:44.738 [FXGL Background Thread 1 ] DEBUG SystemBundleService  - Bundle FXGL: {}
22:01:44.738 [FXGL Background Thread 1 ] DEBUG UpdaterService       - Checking for updates
22:01:44.741 [FXGL Background Thread 1 ] DEBUG FXGLApplication      - Loading default localization
22:01:44.741 [FXGL Background Thread 1 ] DEBUG FXGLAssetLoaderServi - Loading from file system: jar:file:/C:/Users/Hao/.m2/repository/com/github/almasb/fxgl/11.16/fxgl-11.16.jar!/fxglassets/languages/english.lang
22:01:44.747 [FXGL Background Thread 4 ] DEBUG FXGLApplication      - Loading fonts
22:01:44.748 [FXGL Background Thread 4 ] DEBUG FXGLAssetLoaderServi - Loading from file system: jar:file:/C:/Users/Hao/.m2/repository/com/github/almasb/fxgl/11.16/fxgl-11.16.jar!/fxglassets/ui/fonts/VarelaRound-Regular.ttf
22:01:44.751 [FXGL Background Thread 1 ] INFO  FXGLApplication      - FXGL initialization took: 0,546 sec
22:01:44.758 [JavaFX Application Thread] DEBUG Input                - Registered new binding: left - Left
22:01:44.759 [JavaFX Application Thread] DEBUG Input                - Registered new binding: right - Right
22:01:44.760 [JavaFX Application Thread] DEBUG Input                - Registered new binding: up - Up
22:01:44.760 [JavaFX Application Thread] DEBUG Input                - Registered new binding: down - Down
22:01:44.761 [JavaFX Application Thread] DEBUG Input                - Registered new binding: Bullet - Space
22:01:44.761 [JavaFX Application Thread] DEBUG FXGLAssetLoaderServi - Loading from file system: jar:file:/C:/Users/Hao/.m2/repository/com/github/almasb/fxgl/11.16/fxgl-11.16.jar!/fxglassets/textures/fxgl_icon.png
22:01:44.806 [JavaFX Application Thread] DEBUG FXGLAssetLoaderServi - Loading from file system: jar:file:/C:/Users/Hao/.m2/repository/com/github/almasb/fxgl/11.16/fxgl-11.16.jar!/fxglassets/textures/fxgl_default_cursor.png
22:01:44.808 [JavaFX Application Thread] DEBUG Input                - Registered new binding: Screenshot - CTRL+8
22:01:44.808 [JavaFX Application Thread] DEBUG Input                - Registered new binding: System info dump - CTRL+9
22:01:44.810 [JavaFX Application Thread] DEBUG Input                - Registered new binding: Restart - CTRL+R
22:01:44.810 [JavaFX Application Thread] DEBUG Input                - Registered new binding: Toggle Debug Camera - CTRL+C
22:01:44.813 [JavaFX Application Thread] DEBUG LoopRunner           - Starting loop
22:01:44.813 [JavaFX Application Thread] DEBUG LoopRunner           - Initializing JavaFX AnimationTimerLoop
22:01:44.814 [JavaFX Application Thread] DEBUG GameApplicationServi - Starting new game
22:01:44.814 [JavaFX Application Thread] DEBUG Input                - Clearing active input actions
22:01:44.826 [JavaFX Application Thread] DEBUG GameApplicationServi - Removing overlay from FXGLStartupScene and adding to FXGLLoadingScene
22:01:44.826 [JavaFX Application Thread] DEBUG PrimaryStageWindow   - FXGLStartupScene -> FXGLLoadingScene
22:01:44.826 [JavaFX Application Thread] DEBUG GameApplicationServi - Clearing previous game
22:01:44.827 [JavaFX Application Thread] DEBUG GameScene            - Clearing game scene
22:01:44.827 [JavaFX Application Thread] DEBUG GameWorld            - Clearing game world
22:01:44.829 [JavaFX Application Thread] DEBUG PhysicsWorld         - Clearing physics world
22:01:44.831 [FXGL Background Thread 1 ] DEBUG FXGLApplication      - Initializing game
22:01:44.876 [FXGL Background Thread 1 ] DEBUG FXGLAssetLoaderServi - Loading from file system: file:/C:/Users/Hao/Documents/DAM%202%20PRO/GameFX/target/classes/assets/textures/space.jpg
22:01:45.063 [FXGL Background Thread 4 ] DEBUG FXGLAssetLoaderServi - Loading from file system: jar:file:/C:/Users/Hao/.m2/repository/com/github/almasb/fxgl/11.16/fxgl-11.16.jar!/fxglassets/ui/fonts/Abel-Regular.ttf
22:01:45.067 [FXGL Background Thread 4 ] DEBUG FXGLAssetLoaderServi - Loading from file system: jar:file:/C:/Users/Hao/.m2/repository/com/github/almasb/fxgl/11.16/fxgl-11.16.jar!/fxglassets/ui/fonts/lucida_console.ttf
22:01:45.073 [FXGL Background Thread 4 ] DEBUG FXGLAssetLoaderServi - Loading from file system: jar:file:/C:/Users/Hao/.m2/repository/com/github/almasb/fxgl/11.16/fxgl-11.16.jar!/fxglassets/ui/fonts/Courier-Prime.ttf
22:01:45.081 [JavaFX Application Thread] DEBUG FXGLApplication      - Registering font factories with UI factory
22:01:45.137 [FXGL Background Thread 1 ] DEBUG FXGLAssetLoaderServi - Loading from file system: file:/C:/Users/Hao/Documents/DAM%202%20PRO/GameFX/target/classes/assets/textures/center.png
22:01:45.175 [FXGL Background Thread 1 ] DEBUG FXGLAssetLoaderServi - Loading from file system: file:/C:/Users/Hao/Documents/DAM%202%20PRO/GameFX/target/classes/assets/textures/enterprise.png
22:01:45.191 [FXGL Background Thread 1 ] INFO  FXGLApplication      - Game initialization took: 0,360 sec
22:01:45.192 [JavaFX Application Thread] DEBUG Input                - Clearing active input actions
22:01:45.201 [JavaFX Application Thread] DEBUG GameApplicationServi - Removing overlay from FXGLLoadingScene and adding to GameScene
22:01:45.202 [JavaFX Application Thread] DEBUG PrimaryStageWindow   - FXGLLoadingScene -> GameScene
22:01:45.212 [JavaFX Application Thread] DEBUG FXGLAssetLoaderServi - Loading from file system: file:/C:/Users/Hao/Documents/DAM%202%20PRO/GameFX/target/classes/assets/textures/enemies.png
22:01:45.330 [FXGL Background Thread 2 ] INFO  UpdaterService       - Your current version:  11.16
22:01:45.330 [FXGL Background Thread 2 ] INFO  UpdaterService       - Latest stable version: 17.2
22:01:47.741 [FXGL Background Thread 3 ] DEBUG Engine               - Logging environment variables
22:01:47.745 [FXGL Background Thread 3 ] DEBUG Engine               - achievements: []
22:01:47.758 [FXGL Background Thread 3 ] DEBUG Engine               - actualHeight: 700.0
22:01:47.759 [FXGL Background Thread 3 ] DEBUG Engine               - actualHeightProperty: ReadOnlyDoubleProperty [value: 700.0]
22:01:47.760 [FXGL Background Thread 3 ] DEBUG Engine               - actualWidth: 1200.0
22:01:47.760 [FXGL Background Thread 3 ] DEBUG Engine               - actualWidthProperty: ReadOnlyDoubleProperty [value: 1200.0]
22:01:47.761 [FXGL Background Thread 3 ] DEBUG Engine               - appIcon: fxgl_icon.png
22:01:47.763 [FXGL Background Thread 3 ] DEBUG Engine               - applicationMode: DEVELOPER
22:01:47.763 [FXGL Background Thread 3 ] DEBUG Engine               - cSSList: [fxgl_dark.css]
22:01:47.763 [FXGL Background Thread 3 ] DEBUG Engine               - collisionDetectionStrategy: BRUTE_FORCE
22:01:47.766 [FXGL Background Thread 3 ] DEBUG Engine               - configClass: Optional.empty
22:01:47.767 [FXGL Background Thread 3 ] DEBUG Engine               - credits: []
22:01:47.767 [FXGL Background Thread 3 ] DEBUG Engine               - defaultCursor: CursorInfo(imageName=fxgl_default_cursor.png, hotspotX=7.0, hotspotY=6.0)
22:01:47.769 [FXGL Background Thread 3 ] DEBUG Engine               - devBBoxColorProperty: ObjectProperty [value: 0xff0000ff]
22:01:47.769 [FXGL Background Thread 3 ] DEBUG Engine               - devEnableDebugCameraProperty: BooleanProperty [value: false]
22:01:47.769 [FXGL Background Thread 3 ] DEBUG Engine               - devSensorColorProperty: ObjectProperty [value: 0xffff00ff]
22:01:47.769 [FXGL Background Thread 3 ] DEBUG Engine               - devShowBBoxProperty: BooleanProperty [value: false]
22:01:47.769 [FXGL Background Thread 3 ] DEBUG Engine               - devShowPositionProperty: BooleanProperty [value: false]
22:01:47.770 [FXGL Background Thread 3 ] DEBUG Engine               - enabledMenuItems: []
22:01:47.770 [FXGL Background Thread 3 ] DEBUG Engine               - engineServices: [class com.almasb.fxgl.app.services.FXGLAssetLoaderService, class com.almasb.fxgl.app.FXGLApplication$GameApplicationService, class com.almasb.fxgl.app.services.FXGLDialogService, class com.almasb.fxgl.app.services.IOTaskExecutorService, class com.almasb.fxgl.io.FileSystemService, class com.almasb.fxgl.localization.LocalizationService, class com.almasb.fxgl.app.services.SystemBundleService, class com.almasb.fxgl.profile.SaveLoadService, class com.almasb.fxgl.ui.FXGLUIFactoryServiceProvider, class com.almasb.fxgl.ui.FXGLDialogFactoryServiceProvider, class com.almasb.fxgl.audio.AudioPlayer, class com.almasb.fxgl.notification.impl.NotificationServiceProvider, class com.almasb.fxgl.achievement.AchievementService, class com.almasb.fxgl.cutscene.CutsceneService, class com.almasb.fxgl.minigames.MiniGameService, class com.almasb.fxgl.net.NetService, class com.almasb.fxgl.app.services.UpdaterService, class com.almasb.fxgl.dev.DevService]
22:01:47.770 [FXGL Background Thread 3 ] DEBUG Engine               - fontGame: Abel-Regular.ttf
22:01:47.770 [FXGL Background Thread 3 ] DEBUG Engine               - fontMono: lucida_console.ttf
22:01:47.770 [FXGL Background Thread 3 ] DEBUG Engine               - fontText: Courier-Prime.ttf
22:01:47.770 [FXGL Background Thread 3 ] DEBUG Engine               - fontUI: VarelaRound-Regular.ttf
22:01:47.771 [FXGL Background Thread 3 ] DEBUG Engine               - fullScreen: BooleanProperty [value: false]
22:01:47.771 [FXGL Background Thread 3 ] DEBUG Engine               - gameDifficulty: MEDIUM
22:01:47.771 [FXGL Background Thread 3 ] DEBUG Engine               - gameDifficultyProperty: ObjectProperty [value: MEDIUM]
22:01:47.771 [FXGL Background Thread 3 ] DEBUG Engine               - globalMusicVolume: 0.5
22:01:47.771 [FXGL Background Thread 3 ] DEBUG Engine               - globalMusicVolumeProperty: DoubleProperty [value: 0.5]
22:01:47.772 [FXGL Background Thread 3 ] DEBUG Engine               - globalSoundVolume: 0.5
22:01:47.772 [FXGL Background Thread 3 ] DEBUG Engine               - globalSoundVolumeProperty: DoubleProperty [value: 0.5]
22:01:47.772 [FXGL Background Thread 3 ] DEBUG Engine               - height: 700
22:01:47.773 [FXGL Background Thread 3 ] DEBUG Engine               - is3D: false
22:01:47.773 [FXGL Background Thread 3 ] DEBUG Engine               - isAndroid: false
22:01:47.773 [FXGL Background Thread 3 ] DEBUG Engine               - isBrowser: false
22:01:47.773 [FXGL Background Thread 3 ] DEBUG Engine               - isClickFeedbackEnabled: false
22:01:47.774 [FXGL Background Thread 3 ] DEBUG Engine               - isCloseConfirmation: false
22:01:47.775 [FXGL Background Thread 3 ] DEBUG Engine               - isDesktop: true
22:01:47.775 [FXGL Background Thread 3 ] DEBUG Engine               - isDeveloperMenuEnabled: false
22:01:47.776 [FXGL Background Thread 3 ] DEBUG Engine               - isEntityPreloadEnabled: true
22:01:47.776 [FXGL Background Thread 3 ] DEBUG Engine               - isExperimentalTiledLargeMap: false
22:01:47.777 [FXGL Background Thread 3 ] DEBUG Engine               - isFileSystemWriteAllowed: true
22:01:47.779 [FXGL Background Thread 3 ] DEBUG Engine               - isFullScreenAllowed: true
22:01:47.780 [FXGL Background Thread 3 ] DEBUG Engine               - isFullScreenFromStart: false
22:01:47.780 [FXGL Background Thread 3 ] DEBUG Engine               - isGameMenuEnabled: true
22:01:47.780 [FXGL Background Thread 3 ] DEBUG Engine               - isIOS: false
22:01:47.781 [FXGL Background Thread 3 ] DEBUG Engine               - isIntroEnabled: false
22:01:47.781 [FXGL Background Thread 3 ] DEBUG Engine               - isLinux: false
22:01:47.783 [FXGL Background Thread 3 ] DEBUG Engine               - isMac: false
22:01:47.784 [FXGL Background Thread 3 ] DEBUG Engine               - isMainMenuEnabled: false
22:01:47.785 [FXGL Background Thread 3 ] DEBUG Engine               - isManualResizeEnabled: false
22:01:47.785 [FXGL Background Thread 3 ] DEBUG Engine               - isMobile: false
22:01:47.786 [FXGL Background Thread 3 ] DEBUG Engine               - isNative: false
22:01:47.787 [FXGL Background Thread 3 ] DEBUG Engine               - isPreserveResizeRatio: false
22:01:47.787 [FXGL Background Thread 3 ] DEBUG Engine               - isProfilingEnabled: false
22:01:47.788 [FXGL Background Thread 3 ] DEBUG Engine               - isScaleAffectedOnResize: true
22:01:47.788 [FXGL Background Thread 3 ] DEBUG Engine               - isSingleStep: false
22:01:47.789 [FXGL Background Thread 3 ] DEBUG Engine               - isUserProfileEnabled: false
22:01:47.789 [FXGL Background Thread 3 ] DEBUG Engine               - isWindows: true
22:01:47.790 [FXGL Background Thread 3 ] DEBUG Engine               - language: ObjectProperty [value: ENGLISH]
22:01:47.790 [FXGL Background Thread 3 ] DEBUG Engine               - menuKey: ESCAPE
22:01:47.791 [FXGL Background Thread 3 ] DEBUG Engine               - mouseSensitivity: 0.2
22:01:47.791 [FXGL Background Thread 3 ] DEBUG Engine               - notificationViewClass: class com.almasb.fxgl.notification.view.XboxNotificationView
22:01:47.791 [FXGL Background Thread 3 ] DEBUG Engine               - pixelsPerMeter: 50.0
22:01:47.792 [FXGL Background Thread 3 ] DEBUG Engine               - platform: WINDOWS
22:01:47.792 [FXGL Background Thread 3 ] DEBUG Engine               - prefHeightProperty: ReadOnlyDoubleProperty [value: 700.0]
22:01:47.792 [FXGL Background Thread 3 ] DEBUG Engine               - prefWidthProperty: ReadOnlyDoubleProperty [value: 1200.0]
22:01:47.793 [FXGL Background Thread 3 ] DEBUG Engine               - profileDir: profiles/
22:01:47.793 [FXGL Background Thread 3 ] DEBUG Engine               - profileName: StringProperty [value: DEFAULT]
22:01:47.793 [FXGL Background Thread 3 ] DEBUG Engine               - randomSeed: -1
22:01:47.794 [FXGL Background Thread 3 ] DEBUG Engine               - runtimeInfo: RuntimeInfo(platform=WINDOWS, version=11.16, build=25.05.2021 08.16)
22:01:47.794 [FXGL Background Thread 3 ] DEBUG Engine               - saveFileExt: sav
22:01:47.794 [FXGL Background Thread 3 ] DEBUG Engine               - scaledHeightProp$fxgl: DoubleProperty [bound, value: 700.0]
22:01:47.796 [FXGL Background Thread 3 ] DEBUG Engine               - scaledWidthProp$fxgl: DoubleProperty [bound, value: 1200.0]
22:01:47.797 [FXGL Background Thread 3 ] DEBUG Engine               - sceneFactory: com.almasb.fxgl.app.scene.SceneFactory@93cb12
22:01:47.797 [FXGL Background Thread 3 ] DEBUG Engine               - secondsIn24h: 60
22:01:47.797 [FXGL Background Thread 3 ] DEBUG Engine               - soundMenuBack: menu/back.wav
22:01:47.797 [FXGL Background Thread 3 ] DEBUG Engine               - soundMenuPress: menu/press.wav
22:01:47.798 [FXGL Background Thread 3 ] DEBUG Engine               - soundMenuSelect: menu/select.wav
22:01:47.798 [FXGL Background Thread 3 ] DEBUG Engine               - soundNotification: core/notification.wav
22:01:47.798 [FXGL Background Thread 3 ] DEBUG Engine               - stageStyle: DECORATED
22:01:47.799 [FXGL Background Thread 3 ] DEBUG Engine               - supportedLanguages: [ENGLISH, FRENCH, GERMAN, HUNGARIAN, RUSSIAN]
22:01:47.799 [FXGL Background Thread 3 ] DEBUG Engine               - ticksPerSecond: -1
22:01:47.799 [FXGL Background Thread 3 ] DEBUG Engine               - title: Dead Space but Family Friendly
22:01:47.799 [FXGL Background Thread 3 ] DEBUG Engine               - urlGithub: https://github.com/AlmasB/FXGL
22:01:47.799 [FXGL Background Thread 3 ] DEBUG Engine               - urlLeaderboard: http://fxgl-top.herokuapp.com/
22:01:47.800 [FXGL Background Thread 3 ] DEBUG Engine               - urlPOM: https://raw.githubusercontent.com/AlmasB/FXGL/release/README.md
22:01:47.800 [FXGL Background Thread 3 ] DEBUG Engine               - userAppClass: class com.example.gamefx.MainGame
22:01:47.800 [FXGL Background Thread 3 ] DEBUG Engine               - version: 0.1
22:01:47.800 [FXGL Background Thread 3 ] DEBUG Engine               - versionCheckDays: 7
22:01:47.801 [FXGL Background Thread 3 ] DEBUG Engine               - width: 1200
22:01:47.801 [FXGL Background Thread 3 ] DEBUG Engine               - Logging services
22:01:47.803 [FXGL Background Thread 3 ] DEBUG Engine               - class com.almasb.fxgl.app.services.FXGLAssetLoaderService
22:01:47.803 [FXGL Background Thread 3 ] DEBUG Engine               - class com.almasb.fxgl.app.FXGLApplication$GameApplicationService
22:01:47.806 [FXGL Background Thread 3 ] DEBUG Engine               - class com.almasb.fxgl.app.services.FXGLDialogService
22:01:47.806 [FXGL Background Thread 3 ] DEBUG Engine               - class com.almasb.fxgl.app.services.IOTaskExecutorService
22:01:47.806 [FXGL Background Thread 3 ] DEBUG Engine               - class com.almasb.fxgl.io.FileSystemService
22:01:47.806 [FXGL Background Thread 3 ] DEBUG Engine               - class com.almasb.fxgl.localization.LocalizationService
22:01:47.807 [FXGL Background Thread 3 ] DEBUG Engine               - class com.almasb.fxgl.app.services.SystemBundleService
22:01:47.807 [FXGL Background Thread 3 ] DEBUG Engine               - class com.almasb.fxgl.profile.SaveLoadService
22:01:47.808 [FXGL Background Thread 3 ] DEBUG Engine               - class com.almasb.fxgl.ui.FXGLUIFactoryServiceProvider
22:01:47.808 [FXGL Background Thread 3 ] DEBUG Engine               - class com.almasb.fxgl.ui.FXGLDialogFactoryServiceProvider
22:01:47.808 [FXGL Background Thread 3 ] DEBUG Engine               - class com.almasb.fxgl.audio.AudioPlayer
22:01:47.809 [FXGL Background Thread 3 ] DEBUG Engine               - class com.almasb.fxgl.notification.impl.NotificationServiceProvider
22:01:47.809 [FXGL Background Thread 3 ] DEBUG Engine               - class com.almasb.fxgl.achievement.AchievementService
22:01:47.809 [FXGL Background Thread 3 ] DEBUG Engine               - class com.almasb.fxgl.cutscene.CutsceneService
22:01:47.809 [FXGL Background Thread 3 ] DEBUG Engine               - class com.almasb.fxgl.minigames.MiniGameService
22:01:47.809 [FXGL Background Thread 3 ] DEBUG Engine               - class com.almasb.fxgl.net.NetService
22:01:47.809 [FXGL Background Thread 3 ] DEBUG Engine               - class com.almasb.fxgl.app.services.UpdaterService
22:01:47.809 [FXGL Background Thread 3 ] DEBUG Engine               - class com.almasb.fxgl.dev.DevService
22:01:47.963 [JavaFX Application Thread] DEBUG FXGLApplication      - Exiting FXGL
22:01:47.965 [JavaFX Application Thread] DEBUG LoopRunner           - Stopping loop
22:01:47.965 [JavaFX Application Thread] DEBUG SystemBundleService  - Saving FXGL system data
22:01:47.968 [JavaFX Application Thread] DEBUG FileSystemAccess     - Writing to: C:\Users\Hao\Documents\DAM 2 PRO\GameFX\system\fxgl.bundle
22:01:47.972 [JavaFX Application Thread] DEBUG Async                - Shutting down background threads
22:01:47.973 [JavaFX Application Thread] DEBUG PrimaryStageWindow   - Closing main window
22:01:48.063 [JavaFX Application Thread] DEBUG Logger               - Closing Logger
