21:55:38.520 [main                     ] DEBUG Logger               - Configured Logger
21:55:38.523 [main                     ] DEBUG GameApplication      - Logging settings
Title: Dead Space but Family Friendly
Version: 0.1
Width: 1536
Height: 864
Fullscreen: true
Intro: false
Profiling: false
Single step:false
App Mode: DEVELOPER
Menu Key: ESCAPE
Stage Style: DECORATED
Scene Factory: class com.almasb.fxgl.app.scene.SceneFactory

21:55:38.940 [JavaFX Application Thread] DEBUG FXGLApplication      - Initializing FXGL
21:55:38.942 [JavaFX Application Thread] INFO  Engine               - FXGL-11.16 (25.05.2021 08.16) on WINDOWS (J:18.0.2.1 FX:16)
21:55:38.942 [JavaFX Application Thread] DEBUG Engine               - JRE Vendor Name: Oracle Corporation
21:55:38.942 [JavaFX Application Thread] DEBUG Engine               - Running on OS: Windows 10 version 10.0
21:55:38.942 [JavaFX Application Thread] DEBUG Engine               - Architecture: amd64
21:55:38.943 [JavaFX Application Thread] INFO  Engine               - Source code and latest versions at: https://github.com/AlmasB/FXGL
21:55:38.943 [JavaFX Application Thread] INFO  Engine               -              Join the FXGL chat at: https://gitter.im/AlmasB/FXGL
21:55:39.034 [JavaFX Application Thread] DEBUG PrimaryStageWindow   - Creating a JavaFX scene
21:55:39.075 [JavaFX Application Thread] DEBUG PrimaryStageWindow   - Target settings size: 1536.0 x 864.0
21:55:39.075 [JavaFX Application Thread] DEBUG PrimaryStageWindow   - Scaled scene size:    1536.0 x 864.0
21:55:39.075 [JavaFX Application Thread] DEBUG PrimaryStageWindow   - Scaled ratio: (1.0, 1.0)
21:55:39.076 [JavaFX Application Thread] DEBUG PrimaryStageWindow   - Set initial scene to FXGLStartupScene
21:55:39.082 [JavaFX Application Thread] DEBUG PrimaryStageWindow   - Opening main window
21:55:39.159 [JavaFX Application Thread] DEBUG PrimaryStageWindow   - Window border size: (14.4000244140625, 37.5999755859375)
21:55:39.159 [JavaFX Application Thread] DEBUG PrimaryStageWindow   - Scaled size: 1536.0 x 864.0
21:55:39.159 [JavaFX Application Thread] DEBUG PrimaryStageWindow   - Scaled ratio: (1.0, 1.0)
21:55:39.160 [JavaFX Application Thread] DEBUG PrimaryStageWindow   - Scene size: 1536.0 x 864.0
21:55:39.160 [JavaFX Application Thread] DEBUG PrimaryStageWindow   - Stage size: 1550.4000244140625 x 901.5999755859375
21:55:39.167 [FXGL Background Thread 1 ] DEBUG Engine               - Initializing environment variables
21:55:39.242 [FXGL Background Thread 1 ] DEBUG FXGLAssetLoaderServi - User app class for loading assets: class com.example.gamefx.MainGame
21:55:39.243 [FXGL Background Thread 1 ] DEBUG GameApplicationServi - Applying CSS: fxgl_dark.css
21:55:39.244 [FXGL Background Thread 1 ] DEBUG FXGLAssetLoaderServi - Loading from file system: jar:file:/C:/Users/Hao/.m2/repository/com/github/almasb/fxgl/11.16/fxgl-11.16.jar!/fxglassets/ui/css/fxgl_dark.css
21:55:39.298 [FXGL Background Thread 1 ] DEBUG GameApplicationServi - Initializing application scenes
21:55:39.353 [FXGL Background Thread 1 ] DEBUG GameWorld            - Game world initialized
21:55:39.409 [FXGL Background Thread 1 ] DEBUG PhysicsWorld         - Physics world initialized: appHeight=864, physics.ppm=50,0
21:55:39.410 [FXGL Background Thread 1 ] DEBUG PhysicsWorld         - Using strategy: BRUTE_FORCE
21:55:39.412 [FXGL Background Thread 1 ] DEBUG GameScene            - Game scene initialized: 1536x864
21:55:39.423 [FXGL Background Thread 1 ] DEBUG FXGL.DefaultMenu     - createMenuBodyGameMenu()
21:55:39.437 [FXGL Background Thread 1 ] DEBUG FXGL.DefaultMenu     - createOptionsMenu()
21:55:39.445 [FXGL Background Thread 1 ] DEBUG FXGLAssetLoaderServi - Loading from file system: jar:file:/C:/Users/Hao/.m2/repository/com/github/almasb/fxgl/11.16/fxgl-11.16.jar!/fxglassets/textures/particles/smoke.png
21:55:39.561 [FXGL Background Thread 1 ] DEBUG FXGLAssetLoaderServi - Loading from file system: jar:file:/C:/Users/Hao/.m2/repository/com/github/almasb/fxgl/11.16/fxgl-11.16.jar!/fxglassets/textures/particles/trace_horizontal.png
21:55:39.610 [FXGL Background Thread 1 ] DEBUG GameApplicationServi - Application scenes initialized
21:55:39.619 [FXGL Background Thread 1 ] DEBUG SystemBundleService  - Loading FXGL system data
21:55:39.622 [FXGL Background Thread 1 ] DEBUG FileSystemAccess     - Reading from: C:\Users\Hao\Documents\DAM 2 PRO\GameFX\system\fxgl.bundle
21:55:39.630 [FXGL Background Thread 1 ] DEBUG SystemBundleService  - Bundle FXGL: {}
21:55:39.631 [FXGL Background Thread 1 ] DEBUG UpdaterService       - Checking for updates
21:55:39.635 [FXGL Background Thread 4 ] DEBUG FXGLApplication      - Loading fonts
21:55:39.636 [FXGL Background Thread 4 ] DEBUG FXGLAssetLoaderServi - Loading from file system: jar:file:/C:/Users/Hao/.m2/repository/com/github/almasb/fxgl/11.16/fxgl-11.16.jar!/fxglassets/ui/fonts/VarelaRound-Regular.ttf
21:55:39.636 [FXGL Background Thread 1 ] DEBUG FXGLApplication      - Loading default localization
21:55:39.637 [FXGL Background Thread 1 ] DEBUG FXGLAssetLoaderServi - Loading from file system: jar:file:/C:/Users/Hao/.m2/repository/com/github/almasb/fxgl/11.16/fxgl-11.16.jar!/fxglassets/languages/english.lang
21:55:39.661 [FXGL Background Thread 1 ] INFO  FXGLApplication      - FXGL initialization took: 0,494 sec
21:55:39.681 [JavaFX Application Thread] DEBUG Input                - Registered new binding: left - Left
21:55:39.682 [JavaFX Application Thread] DEBUG Input                - Registered new binding: right - Right
21:55:39.682 [JavaFX Application Thread] DEBUG Input                - Registered new binding: up - Up
21:55:39.682 [JavaFX Application Thread] DEBUG Input                - Registered new binding: down - Down
21:55:39.685 [JavaFX Application Thread] DEBUG Input                - Registered new binding: Bullet - Space
21:55:39.685 [JavaFX Application Thread] DEBUG FXGLAssetLoaderServi - Loading from file system: jar:file:/C:/Users/Hao/.m2/repository/com/github/almasb/fxgl/11.16/fxgl-11.16.jar!/fxglassets/textures/fxgl_icon.png
21:55:39.707 [JavaFX Application Thread] DEBUG FXGLAssetLoaderServi - Loading from file system: jar:file:/C:/Users/Hao/.m2/repository/com/github/almasb/fxgl/11.16/fxgl-11.16.jar!/fxglassets/textures/fxgl_default_cursor.png
21:55:39.708 [FXGL Background Thread 4 ] DEBUG FXGLAssetLoaderServi - Loading from file system: jar:file:/C:/Users/Hao/.m2/repository/com/github/almasb/fxgl/11.16/fxgl-11.16.jar!/fxglassets/ui/fonts/Abel-Regular.ttf
21:55:39.710 [JavaFX Application Thread] DEBUG Input                - Registered new binding: Screenshot - CTRL+8
21:55:39.711 [JavaFX Application Thread] DEBUG Input                - Registered new binding: System info dump - CTRL+9
21:55:39.711 [JavaFX Application Thread] DEBUG Input                - Registered new binding: Restart - CTRL+R
21:55:39.714 [JavaFX Application Thread] DEBUG Input                - Registered new binding: Toggle Debug Camera - CTRL+C
21:55:39.715 [FXGL Background Thread 4 ] DEBUG FXGLAssetLoaderServi - Loading from file system: jar:file:/C:/Users/Hao/.m2/repository/com/github/almasb/fxgl/11.16/fxgl-11.16.jar!/fxglassets/ui/fonts/lucida_console.ttf
21:55:39.722 [FXGL Background Thread 4 ] DEBUG FXGLAssetLoaderServi - Loading from file system: jar:file:/C:/Users/Hao/.m2/repository/com/github/almasb/fxgl/11.16/fxgl-11.16.jar!/fxglassets/ui/fonts/Courier-Prime.ttf
21:55:39.731 [JavaFX Application Thread] DEBUG LoopRunner           - Starting loop
21:55:39.731 [JavaFX Application Thread] DEBUG LoopRunner           - Initializing JavaFX AnimationTimerLoop
21:55:39.737 [JavaFX Application Thread] DEBUG GameApplicationServi - Starting new game
21:55:39.738 [JavaFX Application Thread] DEBUG Input                - Clearing active input actions
21:55:39.766 [JavaFX Application Thread] DEBUG GameApplicationServi - Removing overlay from FXGLStartupScene and adding to FXGLLoadingScene
21:55:39.768 [JavaFX Application Thread] DEBUG PrimaryStageWindow   - FXGLStartupScene -> FXGLLoadingScene
21:55:39.769 [JavaFX Application Thread] DEBUG GameApplicationServi - Clearing previous game
21:55:39.769 [JavaFX Application Thread] DEBUG GameScene            - Clearing game scene
21:55:39.770 [JavaFX Application Thread] DEBUG GameWorld            - Clearing game world
21:55:39.770 [JavaFX Application Thread] DEBUG PhysicsWorld         - Clearing physics world
21:55:39.771 [FXGL Background Thread 4 ] DEBUG FXGLApplication      - Initializing game
21:55:39.778 [FXGL Background Thread 4 ] DEBUG FXGLAssetLoaderServi - Loading from file system: file:/C:/Users/Hao/Documents/DAM%202%20PRO/GameFX/target/classes/assets/textures/space.jpg
21:55:39.842 [JavaFX Application Thread] DEBUG FXGLApplication      - Registering font factories with UI factory
21:55:40.156 [FXGL Background Thread 4 ] DEBUG FXGLAssetLoaderServi - Loading from file system: file:/C:/Users/Hao/Documents/DAM%202%20PRO/GameFX/target/classes/assets/textures/center.png
21:55:40.240 [FXGL Background Thread 4 ] DEBUG FXGLAssetLoaderServi - Loading from file system: file:/C:/Users/Hao/Documents/DAM%202%20PRO/GameFX/target/classes/assets/textures/enterprise.png
21:55:40.247 [FXGL Background Thread 2 ] INFO  UpdaterService       - Your current version:  11.16
21:55:40.247 [FXGL Background Thread 2 ] INFO  UpdaterService       - Latest stable version: 17.2
21:55:40.256 [FXGL Background Thread 4 ] INFO  FXGLApplication      - Game initialization took: 0,484 sec
21:55:40.257 [JavaFX Application Thread] DEBUG Input                - Clearing active input actions
21:55:40.266 [JavaFX Application Thread] DEBUG GameApplicationServi - Removing overlay from FXGLLoadingScene and adding to GameScene
21:55:40.267 [JavaFX Application Thread] DEBUG PrimaryStageWindow   - FXGLLoadingScene -> GameScene
21:55:40.279 [JavaFX Application Thread] DEBUG FXGLAssetLoaderServi - Loading from file system: file:/C:/Users/Hao/Documents/DAM%202%20PRO/GameFX/target/classes/assets/textures/enemies.png
21:55:40.284 [JavaFX Application Thread] DEBUG FXGLAssetLoaderServi - Loading from file system: file:/C:/Users/Hao/Documents/DAM%202%20PRO/GameFX/target/classes/assets/textures/pill_green.png
21:55:40.286 [JavaFX Application Thread] WARN  Entity               - Entity already has component: com.almasb.fxgl.entity.components.CollidableComponent
21:55:40.305 [JavaFX Application Thread] WARN  Entity               - Entity already has component: com.almasb.fxgl.entity.components.CollidableComponent
21:55:40.340 [JavaFX Application Thread] WARN  Entity               - Entity already has component: com.almasb.fxgl.entity.components.CollidableComponent
21:55:40.355 [JavaFX Application Thread] WARN  Entity               - Entity already has component: com.almasb.fxgl.entity.components.CollidableComponent
21:55:40.365 [JavaFX Application Thread] WARN  Entity               - Entity already has component: com.almasb.fxgl.entity.components.CollidableComponent
21:55:40.372 [JavaFX Application Thread] WARN  Entity               - Entity already has component: com.almasb.fxgl.entity.components.CollidableComponent
21:55:40.380 [JavaFX Application Thread] WARN  Entity               - Entity already has component: com.almasb.fxgl.entity.components.CollidableComponent
21:55:40.386 [JavaFX Application Thread] WARN  Entity               - Entity already has component: com.almasb.fxgl.entity.components.CollidableComponent
21:55:40.845 [JavaFX Application Thread] DEBUG FXGLAssetLoaderServi - Loading from file system: file:/C:/Users/Hao/Documents/DAM%202%20PRO/GameFX/target/classes/assets/textures/laserred1.png
21:55:42.635 [FXGL Background Thread 3 ] DEBUG Engine               - Logging environment variables
21:55:42.637 [FXGL Background Thread 3 ] DEBUG Engine               - achievements: []
21:55:42.638 [FXGL Background Thread 3 ] DEBUG Engine               - actualHeight: 864.0
21:55:42.639 [FXGL Background Thread 3 ] DEBUG Engine               - actualHeightProperty: ReadOnlyDoubleProperty [value: 864.0]
21:55:42.639 [FXGL Background Thread 3 ] DEBUG Engine               - actualWidth: 1536.0
21:55:42.640 [FXGL Background Thread 3 ] DEBUG Engine               - actualWidthProperty: ReadOnlyDoubleProperty [value: 1536.0]
21:55:42.640 [FXGL Background Thread 3 ] DEBUG Engine               - appIcon: fxgl_icon.png
21:55:42.640 [FXGL Background Thread 3 ] DEBUG Engine               - applicationMode: DEVELOPER
21:55:42.641 [FXGL Background Thread 3 ] DEBUG Engine               - cSSList: [fxgl_dark.css]
21:55:42.641 [FXGL Background Thread 3 ] DEBUG Engine               - collisionDetectionStrategy: BRUTE_FORCE
21:55:42.641 [FXGL Background Thread 3 ] DEBUG Engine               - configClass: Optional.empty
21:55:42.642 [FXGL Background Thread 3 ] DEBUG Engine               - credits: []
21:55:42.642 [FXGL Background Thread 3 ] DEBUG Engine               - defaultCursor: CursorInfo(imageName=fxgl_default_cursor.png, hotspotX=7.0, hotspotY=6.0)
21:55:42.643 [FXGL Background Thread 3 ] DEBUG Engine               - devBBoxColorProperty: ObjectProperty [value: 0xff0000ff]
21:55:42.644 [FXGL Background Thread 3 ] DEBUG Engine               - devEnableDebugCameraProperty: BooleanProperty [value: false]
21:55:42.644 [FXGL Background Thread 3 ] DEBUG Engine               - devSensorColorProperty: ObjectProperty [value: 0xffff00ff]
21:55:42.645 [FXGL Background Thread 3 ] DEBUG Engine               - devShowBBoxProperty: BooleanProperty [value: false]
21:55:42.645 [FXGL Background Thread 3 ] DEBUG Engine               - devShowPositionProperty: BooleanProperty [value: false]
21:55:42.645 [FXGL Background Thread 3 ] DEBUG Engine               - enabledMenuItems: []
21:55:42.646 [FXGL Background Thread 3 ] DEBUG Engine               - engineServices: [class com.almasb.fxgl.app.services.FXGLAssetLoaderService, class com.almasb.fxgl.app.FXGLApplication$GameApplicationService, class com.almasb.fxgl.app.services.FXGLDialogService, class com.almasb.fxgl.app.services.IOTaskExecutorService, class com.almasb.fxgl.io.FileSystemService, class com.almasb.fxgl.localization.LocalizationService, class com.almasb.fxgl.app.services.SystemBundleService, class com.almasb.fxgl.profile.SaveLoadService, class com.almasb.fxgl.ui.FXGLUIFactoryServiceProvider, class com.almasb.fxgl.ui.FXGLDialogFactoryServiceProvider, class com.almasb.fxgl.audio.AudioPlayer, class com.almasb.fxgl.notification.impl.NotificationServiceProvider, class com.almasb.fxgl.achievement.AchievementService, class com.almasb.fxgl.cutscene.CutsceneService, class com.almasb.fxgl.minigames.MiniGameService, class com.almasb.fxgl.net.NetService, class com.almasb.fxgl.app.services.UpdaterService, class com.almasb.fxgl.dev.DevService]
21:55:42.646 [FXGL Background Thread 3 ] DEBUG Engine               - fontGame: Abel-Regular.ttf
21:55:42.646 [FXGL Background Thread 3 ] DEBUG Engine               - fontMono: lucida_console.ttf
21:55:42.647 [FXGL Background Thread 3 ] DEBUG Engine               - fontText: Courier-Prime.ttf
21:55:42.647 [FXGL Background Thread 3 ] DEBUG Engine               - fontUI: VarelaRound-Regular.ttf
21:55:42.647 [FXGL Background Thread 3 ] DEBUG Engine               - fullScreen: BooleanProperty [value: false]
21:55:42.648 [FXGL Background Thread 3 ] DEBUG Engine               - gameDifficulty: MEDIUM
21:55:42.648 [FXGL Background Thread 3 ] DEBUG Engine               - gameDifficultyProperty: ObjectProperty [value: MEDIUM]
21:55:42.648 [FXGL Background Thread 3 ] DEBUG Engine               - globalMusicVolume: 0.5
21:55:42.649 [FXGL Background Thread 3 ] DEBUG Engine               - globalMusicVolumeProperty: DoubleProperty [value: 0.5]
21:55:42.649 [FXGL Background Thread 3 ] DEBUG Engine               - globalSoundVolume: 0.5
21:55:42.650 [FXGL Background Thread 3 ] DEBUG Engine               - globalSoundVolumeProperty: DoubleProperty [value: 0.5]
21:55:42.650 [FXGL Background Thread 3 ] DEBUG Engine               - height: 864
21:55:42.651 [FXGL Background Thread 3 ] DEBUG Engine               - is3D: false
21:55:42.651 [FXGL Background Thread 3 ] DEBUG Engine               - isAndroid: false
21:55:42.651 [FXGL Background Thread 3 ] DEBUG Engine               - isBrowser: false
21:55:42.652 [FXGL Background Thread 3 ] DEBUG Engine               - isClickFeedbackEnabled: false
21:55:42.652 [FXGL Background Thread 3 ] DEBUG Engine               - isCloseConfirmation: false
21:55:42.653 [FXGL Background Thread 3 ] DEBUG Engine               - isDesktop: true
21:55:42.653 [FXGL Background Thread 3 ] DEBUG Engine               - isDeveloperMenuEnabled: false
21:55:42.656 [FXGL Background Thread 3 ] DEBUG Engine               - isEntityPreloadEnabled: true
21:55:42.657 [FXGL Background Thread 3 ] DEBUG Engine               - isExperimentalTiledLargeMap: false
21:55:42.657 [FXGL Background Thread 3 ] DEBUG Engine               - isFileSystemWriteAllowed: true
21:55:42.657 [FXGL Background Thread 3 ] DEBUG Engine               - isFullScreenAllowed: true
21:55:42.658 [FXGL Background Thread 3 ] DEBUG Engine               - isFullScreenFromStart: false
21:55:42.658 [FXGL Background Thread 3 ] DEBUG Engine               - isGameMenuEnabled: true
21:55:42.658 [FXGL Background Thread 3 ] DEBUG Engine               - isIOS: false
21:55:42.658 [FXGL Background Thread 3 ] DEBUG Engine               - isIntroEnabled: false
21:55:42.659 [FXGL Background Thread 3 ] DEBUG Engine               - isLinux: false
21:55:42.659 [FXGL Background Thread 3 ] DEBUG Engine               - isMac: false
21:55:42.659 [FXGL Background Thread 3 ] DEBUG Engine               - isMainMenuEnabled: false
21:55:42.659 [FXGL Background Thread 3 ] DEBUG Engine               - isManualResizeEnabled: false
21:55:42.660 [FXGL Background Thread 3 ] DEBUG Engine               - isMobile: false
21:55:42.660 [FXGL Background Thread 3 ] DEBUG Engine               - isNative: false
21:55:42.660 [FXGL Background Thread 3 ] DEBUG Engine               - isPreserveResizeRatio: false
21:55:42.660 [FXGL Background Thread 3 ] DEBUG Engine               - isProfilingEnabled: false
21:55:42.661 [FXGL Background Thread 3 ] DEBUG Engine               - isScaleAffectedOnResize: true
21:55:42.661 [FXGL Background Thread 3 ] DEBUG Engine               - isSingleStep: false
21:55:42.661 [FXGL Background Thread 3 ] DEBUG Engine               - isUserProfileEnabled: false
21:55:42.661 [FXGL Background Thread 3 ] DEBUG Engine               - isWindows: true
21:55:42.662 [FXGL Background Thread 3 ] DEBUG Engine               - language: ObjectProperty [value: ENGLISH]
21:55:42.662 [FXGL Background Thread 3 ] DEBUG Engine               - menuKey: ESCAPE
21:55:42.662 [FXGL Background Thread 3 ] DEBUG Engine               - mouseSensitivity: 0.2
21:55:42.662 [FXGL Background Thread 3 ] DEBUG Engine               - notificationViewClass: class com.almasb.fxgl.notification.view.XboxNotificationView
21:55:42.663 [FXGL Background Thread 3 ] DEBUG Engine               - pixelsPerMeter: 50.0
21:55:42.663 [FXGL Background Thread 3 ] DEBUG Engine               - platform: WINDOWS
21:55:42.663 [FXGL Background Thread 3 ] DEBUG Engine               - prefHeightProperty: ReadOnlyDoubleProperty [value: 864.0]
21:55:42.664 [FXGL Background Thread 3 ] DEBUG Engine               - prefWidthProperty: ReadOnlyDoubleProperty [value: 1536.0]
21:55:42.664 [FXGL Background Thread 3 ] DEBUG Engine               - profileDir: profiles/
21:55:42.664 [FXGL Background Thread 3 ] DEBUG Engine               - profileName: StringProperty [value: DEFAULT]
21:55:42.665 [FXGL Background Thread 3 ] DEBUG Engine               - randomSeed: -1
21:55:42.666 [FXGL Background Thread 3 ] DEBUG Engine               - runtimeInfo: RuntimeInfo(platform=WINDOWS, version=11.16, build=25.05.2021 08.16)
21:55:42.666 [FXGL Background Thread 3 ] DEBUG Engine               - saveFileExt: sav
21:55:42.667 [FXGL Background Thread 3 ] DEBUG Engine               - scaledHeightProp$fxgl: DoubleProperty [bound, value: 864.0]
21:55:42.667 [FXGL Background Thread 3 ] DEBUG Engine               - scaledWidthProp$fxgl: DoubleProperty [bound, value: 1536.0]
21:55:42.668 [FXGL Background Thread 3 ] DEBUG Engine               - sceneFactory: com.almasb.fxgl.app.scene.SceneFactory@384b3d45
21:55:42.668 [FXGL Background Thread 3 ] DEBUG Engine               - secondsIn24h: 60
21:55:42.669 [FXGL Background Thread 3 ] DEBUG Engine               - soundMenuBack: menu/back.wav
21:55:42.669 [FXGL Background Thread 3 ] DEBUG Engine               - soundMenuPress: menu/press.wav
21:55:42.669 [FXGL Background Thread 3 ] DEBUG Engine               - soundMenuSelect: menu/select.wav
21:55:42.670 [FXGL Background Thread 3 ] DEBUG Engine               - soundNotification: core/notification.wav
21:55:42.670 [FXGL Background Thread 3 ] DEBUG Engine               - stageStyle: DECORATED
21:55:42.670 [FXGL Background Thread 3 ] DEBUG Engine               - supportedLanguages: [ENGLISH, FRENCH, GERMAN, HUNGARIAN, RUSSIAN]
21:55:42.670 [FXGL Background Thread 3 ] DEBUG Engine               - ticksPerSecond: -1
21:55:42.671 [FXGL Background Thread 3 ] DEBUG Engine               - title: Dead Space but Family Friendly
21:55:42.671 [FXGL Background Thread 3 ] DEBUG Engine               - urlGithub: https://github.com/AlmasB/FXGL
21:55:42.671 [FXGL Background Thread 3 ] DEBUG Engine               - urlLeaderboard: http://fxgl-top.herokuapp.com/
21:55:42.672 [FXGL Background Thread 3 ] DEBUG Engine               - urlPOM: https://raw.githubusercontent.com/AlmasB/FXGL/release/README.md
21:55:42.672 [FXGL Background Thread 3 ] DEBUG Engine               - userAppClass: class com.example.gamefx.MainGame
21:55:42.672 [FXGL Background Thread 3 ] DEBUG Engine               - version: 0.1
21:55:42.672 [FXGL Background Thread 3 ] DEBUG Engine               - versionCheckDays: 7
21:55:42.673 [FXGL Background Thread 3 ] DEBUG Engine               - width: 1536
21:55:42.673 [FXGL Background Thread 3 ] DEBUG Engine               - Logging services
21:55:42.673 [FXGL Background Thread 3 ] DEBUG Engine               - class com.almasb.fxgl.app.services.FXGLAssetLoaderService
21:55:42.674 [FXGL Background Thread 3 ] DEBUG Engine               - class com.almasb.fxgl.app.FXGLApplication$GameApplicationService
21:55:42.674 [FXGL Background Thread 3 ] DEBUG Engine               - class com.almasb.fxgl.app.services.FXGLDialogService
21:55:42.674 [FXGL Background Thread 3 ] DEBUG Engine               - class com.almasb.fxgl.app.services.IOTaskExecutorService
21:55:42.674 [FXGL Background Thread 3 ] DEBUG Engine               - class com.almasb.fxgl.io.FileSystemService
21:55:42.674 [FXGL Background Thread 3 ] DEBUG Engine               - class com.almasb.fxgl.localization.LocalizationService
21:55:42.675 [FXGL Background Thread 3 ] DEBUG Engine               - class com.almasb.fxgl.app.services.SystemBundleService
21:55:42.675 [FXGL Background Thread 3 ] DEBUG Engine               - class com.almasb.fxgl.profile.SaveLoadService
21:55:42.675 [FXGL Background Thread 3 ] DEBUG Engine               - class com.almasb.fxgl.ui.FXGLUIFactoryServiceProvider
21:55:42.675 [FXGL Background Thread 3 ] DEBUG Engine               - class com.almasb.fxgl.ui.FXGLDialogFactoryServiceProvider
21:55:42.676 [FXGL Background Thread 3 ] DEBUG Engine               - class com.almasb.fxgl.audio.AudioPlayer
21:55:42.676 [FXGL Background Thread 3 ] DEBUG Engine               - class com.almasb.fxgl.notification.impl.NotificationServiceProvider
21:55:42.676 [FXGL Background Thread 3 ] DEBUG Engine               - class com.almasb.fxgl.achievement.AchievementService
21:55:42.676 [FXGL Background Thread 3 ] DEBUG Engine               - class com.almasb.fxgl.cutscene.CutsceneService
21:55:42.677 [FXGL Background Thread 3 ] DEBUG Engine               - class com.almasb.fxgl.minigames.MiniGameService
21:55:42.677 [FXGL Background Thread 3 ] DEBUG Engine               - class com.almasb.fxgl.net.NetService
21:55:42.677 [FXGL Background Thread 3 ] DEBUG Engine               - class com.almasb.fxgl.app.services.UpdaterService
21:55:42.677 [FXGL Background Thread 3 ] DEBUG Engine               - class com.almasb.fxgl.dev.DevService
21:55:44.429 [JavaFX Application Thread] DEBUG FXGLAssetLoaderServi - Loading from file system: file:/C:/Users/Hao/Documents/DAM%202%20PRO/GameFX/target/classes/assets/textures/laserRed02.png
21:55:50.121 [JavaFX Application Thread] DEBUG FXGLAssetLoaderServi - Loading from file system: file:/C:/Users/Hao/Documents/DAM%202%20PRO/GameFX/target/classes/assets/textures/laserRed04.png
21:56:03.412 [JavaFX Application Thread] DEBUG PrimaryStageWindow   - Push state: DialogSubScene
21:56:03.412 [JavaFX Application Thread] DEBUG Input                - Clearing active input actions
21:56:03.422 [JavaFX Application Thread] DEBUG GameApplicationServi - Removing overlay from GameScene and adding to DialogSubScene
21:56:03.422 [JavaFX Application Thread] DEBUG PrimaryStageWindow   - GameScene -> DialogSubScene
21:56:05.711 [JavaFX Application Thread] DEBUG PrimaryStageWindow   - Pop state: DialogSubScene
21:56:05.711 [JavaFX Application Thread] DEBUG Input                - Clearing active input actions
21:56:05.724 [JavaFX Application Thread] DEBUG GameApplicationServi - Removing overlay from DialogSubScene and adding to GameScene
21:56:05.725 [JavaFX Application Thread] DEBUG PrimaryStageWindow   - GameScene <- DialogSubScene
21:56:05.725 [JavaFX Application Thread] DEBUG GameApplicationServi - Starting new game
21:56:05.726 [JavaFX Application Thread] DEBUG Input                - Clearing active input actions
21:56:05.746 [JavaFX Application Thread] DEBUG GameApplicationServi - Removing overlay from GameScene and adding to FXGLLoadingScene
21:56:05.746 [JavaFX Application Thread] DEBUG PrimaryStageWindow   - GameScene -> FXGLLoadingScene
21:56:05.746 [JavaFX Application Thread] DEBUG GameApplicationServi - Clearing previous game
21:56:05.747 [JavaFX Application Thread] DEBUG GameScene            - Clearing game scene
21:56:05.747 [JavaFX Application Thread] DEBUG GameWorld            - Clearing game world
21:56:05.755 [JavaFX Application Thread] DEBUG PhysicsWorld         - Clearing physics world
21:56:05.756 [FXGL Background Thread 4 ] DEBUG FXGLApplication      - Initializing game
21:56:05.761 [FXGL Background Thread 4 ] INFO  FXGLApplication      - Game initialization took: 0,004 sec
21:56:05.776 [JavaFX Application Thread] DEBUG Input                - Clearing active input actions
21:56:05.788 [JavaFX Application Thread] DEBUG GameApplicationServi - Removing overlay from FXGLLoadingScene and adding to GameScene
21:56:05.789 [JavaFX Application Thread] DEBUG PrimaryStageWindow   - FXGLLoadingScene -> GameScene
21:56:05.792 [JavaFX Application Thread] WARN  Entity               - Entity already has component: com.almasb.fxgl.entity.components.CollidableComponent
21:56:05.797 [JavaFX Application Thread] WARN  Entity               - Entity already has component: com.almasb.fxgl.entity.components.CollidableComponent
21:56:05.806 [JavaFX Application Thread] WARN  Entity               - Entity already has component: com.almasb.fxgl.entity.components.CollidableComponent
21:56:05.808 [JavaFX Application Thread] WARN  Entity               - Entity already has component: com.almasb.fxgl.entity.components.CollidableComponent
21:56:05.825 [JavaFX Application Thread] WARN  Entity               - Entity already has component: com.almasb.fxgl.entity.components.CollidableComponent
21:56:05.845 [JavaFX Application Thread] WARN  Entity               - Entity already has component: com.almasb.fxgl.entity.components.CollidableComponent
21:56:05.865 [JavaFX Application Thread] WARN  Entity               - Entity already has component: com.almasb.fxgl.entity.components.CollidableComponent
21:56:05.873 [JavaFX Application Thread] WARN  Entity               - Entity already has component: com.almasb.fxgl.entity.components.CollidableComponent
21:56:19.294 [JavaFX Application Thread] DEBUG PrimaryStageWindow   - Push state: DialogSubScene
21:56:19.294 [JavaFX Application Thread] DEBUG Input                - Clearing active input actions
21:56:19.298 [JavaFX Application Thread] DEBUG GameApplicationServi - Removing overlay from GameScene and adding to DialogSubScene
21:56:19.298 [JavaFX Application Thread] DEBUG PrimaryStageWindow   - GameScene -> DialogSubScene
21:56:21.025 [JavaFX Application Thread] DEBUG FXGLApplication      - Exiting FXGL
21:56:21.025 [JavaFX Application Thread] DEBUG LoopRunner           - Stopping loop
21:56:21.025 [JavaFX Application Thread] DEBUG SystemBundleService  - Saving FXGL system data
21:56:21.032 [JavaFX Application Thread] DEBUG FileSystemAccess     - Writing to: C:\Users\Hao\Documents\DAM 2 PRO\GameFX\system\fxgl.bundle
21:56:21.040 [JavaFX Application Thread] DEBUG Async                - Shutting down background threads
21:56:21.040 [JavaFX Application Thread] DEBUG PrimaryStageWindow   - Closing main window
21:56:21.159 [JavaFX Application Thread] DEBUG Logger               - Closing Logger
