19:51:48.178 [main                     ] DEBUG Logger               - Configured Logger
19:51:48.181 [main                     ] DEBUG GameApplication      - Logging settings
Title: Dead Space but Family Friendly
Version: 0.1
Width: 1536
Height: 864
Fullscreen: true
Intro: false
Profiling: false
Single step:false
App Mode: DEVELOPER
Menu Key: ESCAPE
Stage Style: DECORATED
Scene Factory: class com.almasb.fxgl.app.scene.SceneFactory

19:51:48.570 [JavaFX Application Thread] DEBUG FXGLApplication      - Initializing FXGL
19:51:48.571 [JavaFX Application Thread] INFO  Engine               - FXGL-11.16 (25.05.2021 08.16) on WINDOWS (J:18.0.2.1 FX:16)
19:51:48.571 [JavaFX Application Thread] DEBUG Engine               - JRE Vendor Name: Oracle Corporation
19:51:48.572 [JavaFX Application Thread] DEBUG Engine               - Running on OS: Windows 10 version 10.0
19:51:48.572 [JavaFX Application Thread] DEBUG Engine               - Architecture: amd64
19:51:48.572 [JavaFX Application Thread] INFO  Engine               - Source code and latest versions at: https://github.com/AlmasB/FXGL
19:51:48.572 [JavaFX Application Thread] INFO  Engine               -              Join the FXGL chat at: https://gitter.im/AlmasB/FXGL
19:51:48.653 [JavaFX Application Thread] DEBUG PrimaryStageWindow   - Creating a JavaFX scene
19:51:48.689 [JavaFX Application Thread] DEBUG PrimaryStageWindow   - Target settings size: 1536.0 x 864.0
19:51:48.689 [JavaFX Application Thread] DEBUG PrimaryStageWindow   - Scaled scene size:    1536.0 x 864.0
19:51:48.689 [JavaFX Application Thread] DEBUG PrimaryStageWindow   - Scaled ratio: (1.0, 1.0)
19:51:48.690 [JavaFX Application Thread] DEBUG PrimaryStageWindow   - Set initial scene to FXGLStartupScene
19:51:48.696 [JavaFX Application Thread] DEBUG PrimaryStageWindow   - Opening main window
19:51:48.754 [JavaFX Application Thread] DEBUG PrimaryStageWindow   - Window border size: (14.4000244140625, 37.5999755859375)
19:51:48.754 [JavaFX Application Thread] DEBUG PrimaryStageWindow   - Scaled size: 1536.0 x 864.0
19:51:48.754 [JavaFX Application Thread] DEBUG PrimaryStageWindow   - Scaled ratio: (1.0, 1.0)
19:51:48.754 [JavaFX Application Thread] DEBUG PrimaryStageWindow   - Scene size: 1536.0 x 864.0
19:51:48.754 [JavaFX Application Thread] DEBUG PrimaryStageWindow   - Stage size: 1550.4000244140625 x 901.5999755859375
19:51:48.837 [JavaFX Application Thread] DEBUG PrimaryStageWindow   - Going fullscreen
19:51:48.846 [FXGL Background Thread 1 ] DEBUG Engine               - Initializing environment variables
19:51:48.911 [FXGL Background Thread 1 ] DEBUG FXGLAssetLoaderServi - User app class for loading assets: class com.example.gamefx.MainGame
19:51:48.911 [FXGL Background Thread 1 ] DEBUG GameApplicationServi - Applying CSS: fxgl_dark.css
19:51:48.912 [FXGL Background Thread 1 ] DEBUG FXGLAssetLoaderServi - Loading from file system: jar:file:/C:/Users/Hao/.m2/repository/com/github/almasb/fxgl/11.16/fxgl-11.16.jar!/fxglassets/ui/css/fxgl_dark.css
19:51:48.954 [FXGL Background Thread 1 ] DEBUG GameApplicationServi - Initializing application scenes
19:51:49.037 [FXGL Background Thread 1 ] DEBUG GameWorld            - Game world initialized
19:51:49.087 [FXGL Background Thread 1 ] DEBUG PhysicsWorld         - Physics world initialized: appHeight=864, physics.ppm=50,0
19:51:49.087 [FXGL Background Thread 1 ] DEBUG PhysicsWorld         - Using strategy: BRUTE_FORCE
19:51:49.091 [FXGL Background Thread 1 ] DEBUG GameScene            - Game scene initialized: 1536x864
19:51:49.103 [FXGL Background Thread 1 ] DEBUG FXGL.DefaultMenu     - createMenuBodyGameMenu()
19:51:49.117 [FXGL Background Thread 1 ] DEBUG FXGL.DefaultMenu     - createOptionsMenu()
19:51:49.127 [FXGL Background Thread 1 ] DEBUG FXGLAssetLoaderServi - Loading from file system: jar:file:/C:/Users/Hao/.m2/repository/com/github/almasb/fxgl/11.16/fxgl-11.16.jar!/fxglassets/textures/particles/smoke.png
19:51:49.229 [FXGL Background Thread 1 ] DEBUG FXGLAssetLoaderServi - Loading from file system: jar:file:/C:/Users/Hao/.m2/repository/com/github/almasb/fxgl/11.16/fxgl-11.16.jar!/fxglassets/textures/particles/trace_horizontal.png
19:51:49.255 [FXGL Background Thread 1 ] DEBUG GameApplicationServi - Application scenes initialized
19:51:49.264 [FXGL Background Thread 1 ] DEBUG SystemBundleService  - Loading FXGL system data
19:51:49.267 [FXGL Background Thread 1 ] DEBUG FileSystemAccess     - Reading from: C:\Users\Hao\Documents\DAM 2 PRO\GameFX\system\fxgl.bundle
19:51:49.275 [FXGL Background Thread 1 ] DEBUG SystemBundleService  - Bundle FXGL: {}
19:51:49.276 [FXGL Background Thread 1 ] DEBUG UpdaterService       - Checking for updates
19:51:49.280 [FXGL Background Thread 1 ] DEBUG FXGLApplication      - Loading default localization
19:51:49.280 [FXGL Background Thread 1 ] DEBUG FXGLAssetLoaderServi - Loading from file system: jar:file:/C:/Users/Hao/.m2/repository/com/github/almasb/fxgl/11.16/fxgl-11.16.jar!/fxglassets/languages/english.lang
19:51:49.280 [FXGL Background Thread 4 ] DEBUG FXGLApplication      - Loading fonts
19:51:49.281 [FXGL Background Thread 4 ] DEBUG FXGLAssetLoaderServi - Loading from file system: jar:file:/C:/Users/Hao/.m2/repository/com/github/almasb/fxgl/11.16/fxgl-11.16.jar!/fxglassets/ui/fonts/VarelaRound-Regular.ttf
19:51:49.311 [FXGL Background Thread 1 ] INFO  FXGLApplication      - FXGL initialization took: 0,465 sec
19:51:49.320 [JavaFX Application Thread] DEBUG Input                - Registered new binding: left - Left
19:51:49.321 [JavaFX Application Thread] DEBUG Input                - Registered new binding: right - Right
19:51:49.322 [JavaFX Application Thread] DEBUG Input                - Registered new binding: up - Up
19:51:49.324 [JavaFX Application Thread] DEBUG Input                - Registered new binding: down - Down
19:51:49.325 [JavaFX Application Thread] DEBUG Input                - Registered new binding: Bullet - Space
19:51:49.326 [JavaFX Application Thread] DEBUG FXGLAssetLoaderServi - Loading from file system: jar:file:/C:/Users/Hao/.m2/repository/com/github/almasb/fxgl/11.16/fxgl-11.16.jar!/fxglassets/textures/fxgl_icon.png
19:51:49.350 [JavaFX Application Thread] DEBUG FXGLAssetLoaderServi - Loading from file system: jar:file:/C:/Users/Hao/.m2/repository/com/github/almasb/fxgl/11.16/fxgl-11.16.jar!/fxglassets/textures/fxgl_default_cursor.png
19:51:49.355 [JavaFX Application Thread] DEBUG Input                - Registered new binding: Screenshot - CTRL+8
19:51:49.355 [JavaFX Application Thread] DEBUG Input                - Registered new binding: System info dump - CTRL+9
19:51:49.355 [JavaFX Application Thread] DEBUG Input                - Registered new binding: Restart - CTRL+R
19:51:49.356 [JavaFX Application Thread] DEBUG Input                - Registered new binding: Toggle Debug Camera - CTRL+C
19:51:49.358 [JavaFX Application Thread] DEBUG LoopRunner           - Starting loop
19:51:49.358 [JavaFX Application Thread] DEBUG LoopRunner           - Initializing JavaFX AnimationTimerLoop
19:51:49.359 [JavaFX Application Thread] DEBUG GameApplicationServi - Starting new game
19:51:49.360 [JavaFX Application Thread] DEBUG Input                - Clearing active input actions
19:51:49.382 [JavaFX Application Thread] DEBUG GameApplicationServi - Removing overlay from FXGLStartupScene and adding to FXGLLoadingScene
19:51:49.382 [JavaFX Application Thread] DEBUG PrimaryStageWindow   - FXGLStartupScene -> FXGLLoadingScene
19:51:49.383 [JavaFX Application Thread] DEBUG GameApplicationServi - Clearing previous game
19:51:49.383 [JavaFX Application Thread] DEBUG GameScene            - Clearing game scene
19:51:49.383 [JavaFX Application Thread] DEBUG GameWorld            - Clearing game world
19:51:49.385 [JavaFX Application Thread] DEBUG PhysicsWorld         - Clearing physics world
19:51:49.386 [FXGL Background Thread 1 ] DEBUG FXGLApplication      - Initializing game
19:51:49.401 [FXGL Background Thread 1 ] DEBUG FXGLAssetLoaderServi - Loading from file system: file:/C:/Users/Hao/Documents/DAM%202%20PRO/GameFX/target/classes/assets/textures/space.jpg
19:51:49.658 [FXGL Background Thread 4 ] DEBUG FXGLAssetLoaderServi - Loading from file system: jar:file:/C:/Users/Hao/.m2/repository/com/github/almasb/fxgl/11.16/fxgl-11.16.jar!/fxglassets/ui/fonts/Abel-Regular.ttf
19:51:49.661 [FXGL Background Thread 4 ] DEBUG FXGLAssetLoaderServi - Loading from file system: jar:file:/C:/Users/Hao/.m2/repository/com/github/almasb/fxgl/11.16/fxgl-11.16.jar!/fxglassets/ui/fonts/lucida_console.ttf
19:51:49.669 [FXGL Background Thread 4 ] DEBUG FXGLAssetLoaderServi - Loading from file system: jar:file:/C:/Users/Hao/.m2/repository/com/github/almasb/fxgl/11.16/fxgl-11.16.jar!/fxglassets/ui/fonts/Courier-Prime.ttf
19:51:49.676 [JavaFX Application Thread] DEBUG FXGLApplication      - Registering font factories with UI factory
19:51:49.775 [FXGL Background Thread 1 ] DEBUG FXGLAssetLoaderServi - Loading from file system: file:/C:/Users/Hao/Documents/DAM%202%20PRO/GameFX/target/classes/assets/textures/center.png
19:51:49.828 [FXGL Background Thread 1 ] DEBUG FXGLAssetLoaderServi - Loading from file system: file:/C:/Users/Hao/Documents/DAM%202%20PRO/GameFX/target/classes/assets/textures/enterprise.png
19:51:49.840 [FXGL Background Thread 1 ] INFO  FXGLApplication      - Game initialization took: 0,453 sec
19:51:49.848 [JavaFX Application Thread] DEBUG Input                - Clearing active input actions
19:51:49.865 [JavaFX Application Thread] DEBUG GameApplicationServi - Removing overlay from FXGLLoadingScene and adding to GameScene
19:51:49.865 [JavaFX Application Thread] DEBUG PrimaryStageWindow   - FXGLLoadingScene -> GameScene
19:51:49.929 [FXGL Background Thread 2 ] INFO  UpdaterService       - Your current version:  11.16
19:51:49.929 [FXGL Background Thread 2 ] INFO  UpdaterService       - Latest stable version: 17.2
19:51:52.279 [FXGL Background Thread 3 ] DEBUG Engine               - Logging environment variables
19:51:52.282 [FXGL Background Thread 3 ] DEBUG Engine               - achievements: []
19:51:52.283 [FXGL Background Thread 3 ] DEBUG Engine               - actualHeight: 864.0
19:51:52.284 [FXGL Background Thread 3 ] DEBUG Engine               - actualHeightProperty: ReadOnlyDoubleProperty [value: 864.0]
19:51:52.284 [FXGL Background Thread 3 ] DEBUG Engine               - actualWidth: 1536.0
19:51:52.286 [FXGL Background Thread 3 ] DEBUG Engine               - actualWidthProperty: ReadOnlyDoubleProperty [value: 1536.0]
19:51:52.287 [FXGL Background Thread 3 ] DEBUG Engine               - appIcon: fxgl_icon.png
19:51:52.291 [FXGL Background Thread 3 ] DEBUG Engine               - applicationMode: DEVELOPER
19:51:52.293 [FXGL Background Thread 3 ] DEBUG Engine               - cSSList: [fxgl_dark.css]
19:51:52.294 [FXGL Background Thread 3 ] DEBUG Engine               - collisionDetectionStrategy: BRUTE_FORCE
19:51:52.295 [FXGL Background Thread 3 ] DEBUG Engine               - configClass: Optional.empty
19:51:52.296 [FXGL Background Thread 3 ] DEBUG Engine               - credits: []
19:51:52.296 [FXGL Background Thread 3 ] DEBUG Engine               - defaultCursor: CursorInfo(imageName=fxgl_default_cursor.png, hotspotX=7.0, hotspotY=6.0)
19:51:52.298 [FXGL Background Thread 3 ] DEBUG Engine               - devBBoxColorProperty: ObjectProperty [value: 0xff0000ff]
19:51:52.298 [FXGL Background Thread 3 ] DEBUG Engine               - devEnableDebugCameraProperty: BooleanProperty [value: false]
19:51:52.299 [FXGL Background Thread 3 ] DEBUG Engine               - devSensorColorProperty: ObjectProperty [value: 0xffff00ff]
19:51:52.299 [FXGL Background Thread 3 ] DEBUG Engine               - devShowBBoxProperty: BooleanProperty [value: false]
19:51:52.299 [FXGL Background Thread 3 ] DEBUG Engine               - devShowPositionProperty: BooleanProperty [value: false]
19:51:52.300 [FXGL Background Thread 3 ] DEBUG Engine               - enabledMenuItems: []
19:51:52.300 [FXGL Background Thread 3 ] DEBUG Engine               - engineServices: [class com.almasb.fxgl.app.services.FXGLAssetLoaderService, class com.almasb.fxgl.app.FXGLApplication$GameApplicationService, class com.almasb.fxgl.app.services.FXGLDialogService, class com.almasb.fxgl.app.services.IOTaskExecutorService, class com.almasb.fxgl.io.FileSystemService, class com.almasb.fxgl.localization.LocalizationService, class com.almasb.fxgl.app.services.SystemBundleService, class com.almasb.fxgl.profile.SaveLoadService, class com.almasb.fxgl.ui.FXGLUIFactoryServiceProvider, class com.almasb.fxgl.ui.FXGLDialogFactoryServiceProvider, class com.almasb.fxgl.audio.AudioPlayer, class com.almasb.fxgl.notification.impl.NotificationServiceProvider, class com.almasb.fxgl.achievement.AchievementService, class com.almasb.fxgl.cutscene.CutsceneService, class com.almasb.fxgl.minigames.MiniGameService, class com.almasb.fxgl.net.NetService, class com.almasb.fxgl.app.services.UpdaterService, class com.almasb.fxgl.dev.DevService]
19:51:52.300 [FXGL Background Thread 3 ] DEBUG Engine               - fontGame: Abel-Regular.ttf
19:51:52.301 [FXGL Background Thread 3 ] DEBUG Engine               - fontMono: lucida_console.ttf
19:51:52.301 [FXGL Background Thread 3 ] DEBUG Engine               - fontText: Courier-Prime.ttf
19:51:52.301 [FXGL Background Thread 3 ] DEBUG Engine               - fontUI: VarelaRound-Regular.ttf
19:51:52.302 [FXGL Background Thread 3 ] DEBUG Engine               - fullScreen: BooleanProperty [value: true]
19:51:52.302 [FXGL Background Thread 3 ] DEBUG Engine               - gameDifficulty: MEDIUM
19:51:52.302 [FXGL Background Thread 3 ] DEBUG Engine               - gameDifficultyProperty: ObjectProperty [value: MEDIUM]
19:51:52.302 [FXGL Background Thread 3 ] DEBUG Engine               - globalMusicVolume: 0.5
19:51:52.303 [FXGL Background Thread 3 ] DEBUG Engine               - globalMusicVolumeProperty: DoubleProperty [value: 0.5]
19:51:52.303 [FXGL Background Thread 3 ] DEBUG Engine               - globalSoundVolume: 0.5
19:51:52.304 [FXGL Background Thread 3 ] DEBUG Engine               - globalSoundVolumeProperty: DoubleProperty [value: 0.5]
19:51:52.304 [FXGL Background Thread 3 ] DEBUG Engine               - height: 864
19:51:52.305 [FXGL Background Thread 3 ] DEBUG Engine               - is3D: false
19:51:52.305 [FXGL Background Thread 3 ] DEBUG Engine               - isAndroid: false
19:51:52.305 [FXGL Background Thread 3 ] DEBUG Engine               - isBrowser: false
19:51:52.306 [FXGL Background Thread 3 ] DEBUG Engine               - isClickFeedbackEnabled: false
19:51:52.306 [FXGL Background Thread 3 ] DEBUG Engine               - isCloseConfirmation: false
19:51:52.306 [FXGL Background Thread 3 ] DEBUG Engine               - isDesktop: true
19:51:52.307 [FXGL Background Thread 3 ] DEBUG Engine               - isDeveloperMenuEnabled: false
19:51:52.307 [FXGL Background Thread 3 ] DEBUG Engine               - isEntityPreloadEnabled: true
19:51:52.308 [FXGL Background Thread 3 ] DEBUG Engine               - isExperimentalTiledLargeMap: false
19:51:52.308 [FXGL Background Thread 3 ] DEBUG Engine               - isFileSystemWriteAllowed: true
19:51:52.310 [FXGL Background Thread 3 ] DEBUG Engine               - isFullScreenAllowed: true
19:51:52.312 [FXGL Background Thread 3 ] DEBUG Engine               - isFullScreenFromStart: true
19:51:52.312 [FXGL Background Thread 3 ] DEBUG Engine               - isGameMenuEnabled: true
19:51:52.312 [FXGL Background Thread 3 ] DEBUG Engine               - isIOS: false
19:51:52.312 [FXGL Background Thread 3 ] DEBUG Engine               - isIntroEnabled: false
19:51:52.314 [FXGL Background Thread 3 ] DEBUG Engine               - isLinux: false
19:51:52.317 [FXGL Background Thread 3 ] DEBUG Engine               - isMac: false
19:51:52.317 [FXGL Background Thread 3 ] DEBUG Engine               - isMainMenuEnabled: false
19:51:52.318 [FXGL Background Thread 3 ] DEBUG Engine               - isManualResizeEnabled: false
19:51:52.318 [FXGL Background Thread 3 ] DEBUG Engine               - isMobile: false
19:51:52.318 [FXGL Background Thread 3 ] DEBUG Engine               - isNative: false
19:51:52.318 [FXGL Background Thread 3 ] DEBUG Engine               - isPreserveResizeRatio: false
19:51:52.318 [FXGL Background Thread 3 ] DEBUG Engine               - isProfilingEnabled: false
19:51:52.318 [FXGL Background Thread 3 ] DEBUG Engine               - isScaleAffectedOnResize: true
19:51:52.318 [FXGL Background Thread 3 ] DEBUG Engine               - isSingleStep: false
19:51:52.318 [FXGL Background Thread 3 ] DEBUG Engine               - isUserProfileEnabled: false
19:51:52.318 [FXGL Background Thread 3 ] DEBUG Engine               - isWindows: true
19:51:52.318 [FXGL Background Thread 3 ] DEBUG Engine               - language: ObjectProperty [value: ENGLISH]
19:51:52.318 [FXGL Background Thread 3 ] DEBUG Engine               - menuKey: ESCAPE
19:51:52.318 [FXGL Background Thread 3 ] DEBUG Engine               - mouseSensitivity: 0.2
19:51:52.318 [FXGL Background Thread 3 ] DEBUG Engine               - notificationViewClass: class com.almasb.fxgl.notification.view.XboxNotificationView
19:51:52.319 [FXGL Background Thread 3 ] DEBUG Engine               - pixelsPerMeter: 50.0
19:51:52.319 [FXGL Background Thread 3 ] DEBUG Engine               - platform: WINDOWS
19:51:52.319 [FXGL Background Thread 3 ] DEBUG Engine               - prefHeightProperty: ReadOnlyDoubleProperty [value: 864.0]
19:51:52.319 [FXGL Background Thread 3 ] DEBUG Engine               - prefWidthProperty: ReadOnlyDoubleProperty [value: 1536.0]
19:51:52.319 [FXGL Background Thread 3 ] DEBUG Engine               - profileDir: profiles/
19:51:52.319 [FXGL Background Thread 3 ] DEBUG Engine               - profileName: StringProperty [value: DEFAULT]
19:51:52.319 [FXGL Background Thread 3 ] DEBUG Engine               - randomSeed: -1
19:51:52.319 [FXGL Background Thread 3 ] DEBUG Engine               - runtimeInfo: RuntimeInfo(platform=WINDOWS, version=11.16, build=25.05.2021 08.16)
19:51:52.319 [FXGL Background Thread 3 ] DEBUG Engine               - saveFileExt: sav
19:51:52.319 [FXGL Background Thread 3 ] DEBUG Engine               - scaledHeightProp$fxgl: DoubleProperty [bound, value: 864.0]
19:51:52.319 [FXGL Background Thread 3 ] DEBUG Engine               - scaledWidthProp$fxgl: DoubleProperty [bound, value: 1536.0]
19:51:52.319 [FXGL Background Thread 3 ] DEBUG Engine               - sceneFactory: com.almasb.fxgl.app.scene.SceneFactory@3a7004e4
19:51:52.319 [FXGL Background Thread 3 ] DEBUG Engine               - secondsIn24h: 60
19:51:52.319 [FXGL Background Thread 3 ] DEBUG Engine               - soundMenuBack: menu/back.wav
19:51:52.319 [FXGL Background Thread 3 ] DEBUG Engine               - soundMenuPress: menu/press.wav
19:51:52.320 [FXGL Background Thread 3 ] DEBUG Engine               - soundMenuSelect: menu/select.wav
19:51:52.320 [FXGL Background Thread 3 ] DEBUG Engine               - soundNotification: core/notification.wav
19:51:52.320 [FXGL Background Thread 3 ] DEBUG Engine               - stageStyle: DECORATED
19:51:52.320 [FXGL Background Thread 3 ] DEBUG Engine               - supportedLanguages: [ENGLISH, FRENCH, GERMAN, HUNGARIAN, RUSSIAN]
19:51:52.320 [FXGL Background Thread 3 ] DEBUG Engine               - ticksPerSecond: -1
19:51:52.320 [FXGL Background Thread 3 ] DEBUG Engine               - title: Dead Space but Family Friendly
19:51:52.320 [FXGL Background Thread 3 ] DEBUG Engine               - urlGithub: https://github.com/AlmasB/FXGL
19:51:52.320 [FXGL Background Thread 3 ] DEBUG Engine               - urlLeaderboard: http://fxgl-top.herokuapp.com/
19:51:52.320 [FXGL Background Thread 3 ] DEBUG Engine               - urlPOM: https://raw.githubusercontent.com/AlmasB/FXGL/release/README.md
19:51:52.320 [FXGL Background Thread 3 ] DEBUG Engine               - userAppClass: class com.example.gamefx.MainGame
19:51:52.320 [FXGL Background Thread 3 ] DEBUG Engine               - version: 0.1
19:51:52.320 [FXGL Background Thread 3 ] DEBUG Engine               - versionCheckDays: 7
19:51:52.320 [FXGL Background Thread 3 ] DEBUG Engine               - width: 1536
19:51:52.320 [FXGL Background Thread 3 ] DEBUG Engine               - Logging services
19:51:52.320 [FXGL Background Thread 3 ] DEBUG Engine               - class com.almasb.fxgl.app.services.FXGLAssetLoaderService
19:51:52.320 [FXGL Background Thread 3 ] DEBUG Engine               - class com.almasb.fxgl.app.FXGLApplication$GameApplicationService
19:51:52.320 [FXGL Background Thread 3 ] DEBUG Engine               - class com.almasb.fxgl.app.services.FXGLDialogService
19:51:52.320 [FXGL Background Thread 3 ] DEBUG Engine               - class com.almasb.fxgl.app.services.IOTaskExecutorService
19:51:52.320 [FXGL Background Thread 3 ] DEBUG Engine               - class com.almasb.fxgl.io.FileSystemService
19:51:52.320 [FXGL Background Thread 3 ] DEBUG Engine               - class com.almasb.fxgl.localization.LocalizationService
19:51:52.320 [FXGL Background Thread 3 ] DEBUG Engine               - class com.almasb.fxgl.app.services.SystemBundleService
19:51:52.320 [FXGL Background Thread 3 ] DEBUG Engine               - class com.almasb.fxgl.profile.SaveLoadService
19:51:52.320 [FXGL Background Thread 3 ] DEBUG Engine               - class com.almasb.fxgl.ui.FXGLUIFactoryServiceProvider
19:51:52.320 [FXGL Background Thread 3 ] DEBUG Engine               - class com.almasb.fxgl.ui.FXGLDialogFactoryServiceProvider
19:51:52.321 [FXGL Background Thread 3 ] DEBUG Engine               - class com.almasb.fxgl.audio.AudioPlayer
19:51:52.321 [FXGL Background Thread 3 ] DEBUG Engine               - class com.almasb.fxgl.notification.impl.NotificationServiceProvider
19:51:52.321 [FXGL Background Thread 3 ] DEBUG Engine               - class com.almasb.fxgl.achievement.AchievementService
19:51:52.321 [FXGL Background Thread 3 ] DEBUG Engine               - class com.almasb.fxgl.cutscene.CutsceneService
19:51:52.321 [FXGL Background Thread 3 ] DEBUG Engine               - class com.almasb.fxgl.minigames.MiniGameService
19:51:52.321 [FXGL Background Thread 3 ] DEBUG Engine               - class com.almasb.fxgl.net.NetService
19:51:52.321 [FXGL Background Thread 3 ] DEBUG Engine               - class com.almasb.fxgl.app.services.UpdaterService
19:51:52.321 [FXGL Background Thread 3 ] DEBUG Engine               - class com.almasb.fxgl.dev.DevService
19:51:52.734 [JavaFX Application Thread] DEBUG FXGLApplication      - Exiting FXGL
19:51:52.735 [JavaFX Application Thread] DEBUG LoopRunner           - Stopping loop
19:51:52.735 [JavaFX Application Thread] DEBUG SystemBundleService  - Saving FXGL system data
19:51:52.746 [JavaFX Application Thread] DEBUG FileSystemAccess     - Writing to: C:\Users\Hao\Documents\DAM 2 PRO\GameFX\system\fxgl.bundle
19:51:52.758 [JavaFX Application Thread] DEBUG Async                - Shutting down background threads
19:51:52.759 [JavaFX Application Thread] DEBUG PrimaryStageWindow   - Closing main window
19:51:52.953 [JavaFX Application Thread] DEBUG Logger               - Closing Logger
