16:35:49.172 [main                     ] DEBUG Logger               - Configured Logger
16:35:49.174 [main                     ] DEBUG GameApplication      - Logging settings
Title: Dead Space but Family Friendly
Version: 0.1
Width: 1200
Height: 700
Fullscreen: true
Intro: false
Profiling: false
Single step:false
App Mode: DEVELOPER
Menu Key: ESCAPE
Stage Style: DECORATED
Scene Factory: class com.almasb.fxgl.app.scene.SceneFactory

16:35:49.373 [JavaFX Application Thread] DEBUG FXGLApplication      - Initializing FXGL
16:35:49.374 [JavaFX Application Thread] INFO  Engine               - FXGL-11.16 (25.05.2021 08.16) on WINDOWS (J:18.0.2.1 FX:16)
16:35:49.374 [JavaFX Application Thread] DEBUG Engine               - JRE Vendor Name: Oracle Corporation
16:35:49.374 [JavaFX Application Thread] DEBUG Engine               - Running on OS: Windows 10 version 10.0
16:35:49.374 [JavaFX Application Thread] DEBUG Engine               - Architecture: amd64
16:35:49.374 [JavaFX Application Thread] INFO  Engine               - Source code and latest versions at: https://github.com/AlmasB/FXGL
16:35:49.374 [JavaFX Application Thread] INFO  Engine               -              Join the FXGL chat at: https://gitter.im/AlmasB/FXGL
16:35:49.427 [JavaFX Application Thread] DEBUG PrimaryStageWindow   - Creating a JavaFX scene
16:35:49.450 [JavaFX Application Thread] DEBUG PrimaryStageWindow   - Target settings size: 1200.0 x 700.0
16:35:49.451 [JavaFX Application Thread] DEBUG PrimaryStageWindow   - Scaled scene size:    1200.0 x 700.0
16:35:49.451 [JavaFX Application Thread] DEBUG PrimaryStageWindow   - Scaled ratio: (1.0, 1.0)
16:35:49.451 [JavaFX Application Thread] DEBUG PrimaryStageWindow   - Set initial scene to FXGLStartupScene
16:35:49.455 [JavaFX Application Thread] DEBUG PrimaryStageWindow   - Opening main window
16:35:49.499 [JavaFX Application Thread] DEBUG PrimaryStageWindow   - Window border size: (14.4000244140625, 37.5999755859375)
16:35:49.499 [JavaFX Application Thread] DEBUG PrimaryStageWindow   - Scaled size: 1200.0 x 700.0
16:35:49.499 [JavaFX Application Thread] DEBUG PrimaryStageWindow   - Scaled ratio: (1.0, 1.0)
16:35:49.499 [JavaFX Application Thread] DEBUG PrimaryStageWindow   - Scene size: 1200.0 x 700.0
16:35:49.499 [JavaFX Application Thread] DEBUG PrimaryStageWindow   - Stage size: 1214.4000244140625 x 737.5999755859375
16:35:49.503 [FXGL Background Thread 1 ] DEBUG Engine               - Initializing environment variables
16:35:49.531 [FXGL Background Thread 1 ] DEBUG FXGLAssetLoaderServi - User app class for loading assets: class com.example.gamefx.MainGame
16:35:49.531 [FXGL Background Thread 1 ] DEBUG GameApplicationServi - Applying CSS: fxgl_dark.css
16:35:49.532 [FXGL Background Thread 1 ] DEBUG FXGLAssetLoaderServi - Loading from file system: jar:file:/C:/Users/Hao/.m2/repository/com/github/almasb/fxgl/11.16/fxgl-11.16.jar!/fxglassets/ui/css/fxgl_dark.css
16:35:49.554 [FXGL Background Thread 1 ] DEBUG GameApplicationServi - Initializing application scenes
16:35:49.578 [FXGL Background Thread 1 ] DEBUG GameWorld            - Game world initialized
16:35:49.610 [FXGL Background Thread 1 ] DEBUG PhysicsWorld         - Physics world initialized: appHeight=700, physics.ppm=50,0
16:35:49.610 [FXGL Background Thread 1 ] DEBUG PhysicsWorld         - Using strategy: BRUTE_FORCE
16:35:49.611 [FXGL Background Thread 1 ] DEBUG GameScene            - Game scene initialized: 1200x700
16:35:49.617 [FXGL Background Thread 1 ] DEBUG FXGL.DefaultMenu     - createMenuBodyGameMenu()
16:35:49.626 [FXGL Background Thread 1 ] DEBUG FXGL.DefaultMenu     - createOptionsMenu()
16:35:49.631 [FXGL Background Thread 1 ] DEBUG FXGLAssetLoaderServi - Loading from file system: jar:file:/C:/Users/Hao/.m2/repository/com/github/almasb/fxgl/11.16/fxgl-11.16.jar!/fxglassets/textures/particles/smoke.png
16:35:49.686 [FXGL Background Thread 1 ] DEBUG FXGLAssetLoaderServi - Loading from file system: jar:file:/C:/Users/Hao/.m2/repository/com/github/almasb/fxgl/11.16/fxgl-11.16.jar!/fxglassets/textures/particles/trace_horizontal.png
16:35:49.702 [FXGL Background Thread 1 ] DEBUG GameApplicationServi - Application scenes initialized
16:35:49.708 [FXGL Background Thread 1 ] DEBUG SystemBundleService  - Loading FXGL system data
16:35:49.710 [FXGL Background Thread 1 ] DEBUG FileSystemAccess     - Reading from: C:\Users\Hao\Documents\DAM 2 PRO\GameFX\system\fxgl.bundle
16:35:49.716 [FXGL Background Thread 1 ] DEBUG SystemBundleService  - Bundle FXGL: {}
16:35:49.716 [FXGL Background Thread 1 ] DEBUG UpdaterService       - Checking for updates
16:35:49.718 [FXGL Background Thread 4 ] DEBUG FXGLApplication      - Loading fonts
16:35:49.718 [FXGL Background Thread 1 ] DEBUG FXGLApplication      - Loading default localization
16:35:49.719 [FXGL Background Thread 4 ] DEBUG FXGLAssetLoaderServi - Loading from file system: jar:file:/C:/Users/Hao/.m2/repository/com/github/almasb/fxgl/11.16/fxgl-11.16.jar!/fxglassets/ui/fonts/VarelaRound-Regular.ttf
16:35:49.719 [FXGL Background Thread 1 ] DEBUG FXGLAssetLoaderServi - Loading from file system: jar:file:/C:/Users/Hao/.m2/repository/com/github/almasb/fxgl/11.16/fxgl-11.16.jar!/fxglassets/languages/english.lang
16:35:49.732 [FXGL Background Thread 1 ] INFO  FXGLApplication      - FXGL initialization took: 0,230 sec
16:35:49.740 [JavaFX Application Thread] DEBUG Input                - Registered new binding: left - Left
16:35:49.740 [JavaFX Application Thread] DEBUG Input                - Registered new binding: right - Right
16:35:49.740 [JavaFX Application Thread] DEBUG Input                - Registered new binding: up - Up
16:35:49.741 [JavaFX Application Thread] DEBUG Input                - Registered new binding: down - Down
16:35:49.741 [JavaFX Application Thread] DEBUG Input                - Registered new binding: Bullet - Space
16:35:49.741 [JavaFX Application Thread] DEBUG FXGLAssetLoaderServi - Loading from file system: jar:file:/C:/Users/Hao/.m2/repository/com/github/almasb/fxgl/11.16/fxgl-11.16.jar!/fxglassets/textures/fxgl_icon.png
16:35:49.752 [FXGL Background Thread 4 ] DEBUG FXGLAssetLoaderServi - Loading from file system: jar:file:/C:/Users/Hao/.m2/repository/com/github/almasb/fxgl/11.16/fxgl-11.16.jar!/fxglassets/ui/fonts/Abel-Regular.ttf
16:35:49.753 [JavaFX Application Thread] DEBUG FXGLAssetLoaderServi - Loading from file system: jar:file:/C:/Users/Hao/.m2/repository/com/github/almasb/fxgl/11.16/fxgl-11.16.jar!/fxglassets/textures/fxgl_default_cursor.png
16:35:49.755 [JavaFX Application Thread] DEBUG Input                - Registered new binding: Screenshot - CTRL+8
16:35:49.756 [JavaFX Application Thread] DEBUG Input                - Registered new binding: System info dump - CTRL+9
16:35:49.756 [JavaFX Application Thread] DEBUG Input                - Registered new binding: Restart - CTRL+R
16:35:49.757 [JavaFX Application Thread] DEBUG Input                - Registered new binding: Toggle Debug Camera - CTRL+C
16:35:49.758 [JavaFX Application Thread] DEBUG LoopRunner           - Starting loop
16:35:49.758 [JavaFX Application Thread] DEBUG LoopRunner           - Initializing JavaFX AnimationTimerLoop
16:35:49.759 [FXGL Background Thread 4 ] DEBUG FXGLAssetLoaderServi - Loading from file system: jar:file:/C:/Users/Hao/.m2/repository/com/github/almasb/fxgl/11.16/fxgl-11.16.jar!/fxglassets/ui/fonts/Courier-Prime.ttf
16:35:49.760 [JavaFX Application Thread] DEBUG GameApplicationServi - Starting new game
16:35:49.760 [JavaFX Application Thread] DEBUG Input                - Clearing active input actions
16:35:49.767 [JavaFX Application Thread] DEBUG GameApplicationServi - Removing overlay from FXGLStartupScene and adding to FXGLLoadingScene
16:35:49.767 [JavaFX Application Thread] DEBUG PrimaryStageWindow   - FXGLStartupScene -> FXGLLoadingScene
16:35:49.767 [JavaFX Application Thread] DEBUG GameApplicationServi - Clearing previous game
16:35:49.767 [JavaFX Application Thread] DEBUG GameScene            - Clearing game scene
16:35:49.767 [JavaFX Application Thread] DEBUG GameWorld            - Clearing game world
16:35:49.767 [JavaFX Application Thread] DEBUG PhysicsWorld         - Clearing physics world
16:35:49.769 [JavaFX Application Thread] DEBUG FXGLApplication      - Registering font factories with UI factory
16:35:49.780 [FXGL Background Thread 4 ] DEBUG FXGLAssetLoaderServi - Loading from file system: file:/C:/Users/Hao/Documents/DAM%202%20PRO/GameFX/target/classes/assets/textures/space.jpg
16:35:49.906 [FXGL Background Thread 4 ] DEBUG FXGLAssetLoaderServi - Loading from file system: file:/C:/Users/Hao/Documents/DAM%202%20PRO/GameFX/target/classes/assets/textures/center.png
16:35:49.926 [FXGL Background Thread 4 ] DEBUG FXGLAssetLoaderServi - Loading from file system: file:/C:/Users/Hao/Documents/DAM%202%20PRO/GameFX/target/classes/assets/music/background.mp3
16:35:49.945 [FXGL Background Thread 2 ] INFO  UpdaterService       - Your current version:  11.16
16:35:49.945 [FXGL Background Thread 2 ] INFO  UpdaterService       - Latest stable version: 17.2
16:35:49.990 [FXGL Background Thread 4 ] DEBUG AudioPlayer          - Playing music com.almasb.fxgl.audio.Music@7a903644
16:35:49.992 [FXGL Background Thread 4 ] DEBUG FXGLAssetLoaderServi - Loading from file system: file:/C:/Users/Hao/Documents/DAM%202%20PRO/GameFX/target/classes/assets/textures/enterprise.png
16:35:49.998 [FXGL Background Thread 4 ] INFO  FXGLApplication      - Game initialization took: 0,229 sec
16:35:49.999 [JavaFX Application Thread] DEBUG Input                - Clearing active input actions
16:35:50.003 [JavaFX Application Thread] DEBUG GameApplicationServi - Removing overlay from FXGLLoadingScene and adding to GameScene
16:35:50.003 [JavaFX Application Thread] DEBUG PrimaryStageWindow   - FXGLLoadingScene -> GameScene
16:35:50.011 [JavaFX Application Thread] DEBUG FXGLAssetLoaderServi - Loading from file system: file:/C:/Users/Hao/Documents/DAM%202%20PRO/GameFX/target/classes/assets/textures/shipYellow_manned.png
16:35:51.728 [JavaFX Application Thread] DEBUG FXGLAssetLoaderServi - Loading from file system: file:/C:/Users/Hao/Documents/DAM%202%20PRO/GameFX/target/classes/assets/sounds/sfx_lose.wav
16:35:52.717 [FXGL Background Thread 3 ] DEBUG Engine               - Logging environment variables
16:35:52.717 [FXGL Background Thread 3 ] DEBUG Engine               - achievements: []
16:35:52.717 [FXGL Background Thread 3 ] DEBUG Engine               - actualHeight: 700.0
16:35:52.717 [FXGL Background Thread 3 ] DEBUG Engine               - actualHeightProperty: ReadOnlyDoubleProperty [value: 700.0]
16:35:52.717 [FXGL Background Thread 3 ] DEBUG Engine               - actualWidth: 1200.0
16:35:52.717 [FXGL Background Thread 3 ] DEBUG Engine               - actualWidthProperty: ReadOnlyDoubleProperty [value: 1200.0]
16:35:52.717 [FXGL Background Thread 3 ] DEBUG Engine               - appIcon: fxgl_icon.png
16:35:52.717 [FXGL Background Thread 3 ] DEBUG Engine               - applicationMode: DEVELOPER
16:35:52.717 [FXGL Background Thread 3 ] DEBUG Engine               - cSSList: [fxgl_dark.css]
16:35:52.717 [FXGL Background Thread 3 ] DEBUG Engine               - collisionDetectionStrategy: BRUTE_FORCE
16:35:52.717 [FXGL Background Thread 3 ] DEBUG Engine               - configClass: Optional.empty
16:35:52.717 [FXGL Background Thread 3 ] DEBUG Engine               - credits: []
16:35:52.717 [FXGL Background Thread 3 ] DEBUG Engine               - defaultCursor: CursorInfo(imageName=fxgl_default_cursor.png, hotspotX=7.0, hotspotY=6.0)
16:35:52.718 [FXGL Background Thread 3 ] DEBUG Engine               - devBBoxColorProperty: ObjectProperty [value: 0xff0000ff]
16:35:52.718 [FXGL Background Thread 3 ] DEBUG Engine               - devEnableDebugCameraProperty: BooleanProperty [value: false]
16:35:52.718 [FXGL Background Thread 3 ] DEBUG Engine               - devSensorColorProperty: ObjectProperty [value: 0xffff00ff]
16:35:52.718 [FXGL Background Thread 3 ] DEBUG Engine               - devShowBBoxProperty: BooleanProperty [value: false]
16:35:52.718 [FXGL Background Thread 3 ] DEBUG Engine               - devShowPositionProperty: BooleanProperty [value: false]
16:35:52.718 [FXGL Background Thread 3 ] DEBUG Engine               - enabledMenuItems: []
16:35:52.718 [FXGL Background Thread 3 ] DEBUG Engine               - engineServices: [class com.almasb.fxgl.app.services.FXGLAssetLoaderService, class com.almasb.fxgl.app.FXGLApplication$GameApplicationService, class com.almasb.fxgl.app.services.FXGLDialogService, class com.almasb.fxgl.app.services.IOTaskExecutorService, class com.almasb.fxgl.io.FileSystemService, class com.almasb.fxgl.localization.LocalizationService, class com.almasb.fxgl.app.services.SystemBundleService, class com.almasb.fxgl.profile.SaveLoadService, class com.almasb.fxgl.ui.FXGLUIFactoryServiceProvider, class com.almasb.fxgl.ui.FXGLDialogFactoryServiceProvider, class com.almasb.fxgl.audio.AudioPlayer, class com.almasb.fxgl.notification.impl.NotificationServiceProvider, class com.almasb.fxgl.achievement.AchievementService, class com.almasb.fxgl.cutscene.CutsceneService, class com.almasb.fxgl.minigames.MiniGameService, class com.almasb.fxgl.net.NetService, class com.almasb.fxgl.app.services.UpdaterService, class com.almasb.fxgl.dev.DevService]
16:35:52.718 [FXGL Background Thread 3 ] DEBUG Engine               - fontGame: Abel-Regular.ttf
16:35:52.718 [FXGL Background Thread 3 ] DEBUG Engine               - fontMono: lucida_console.ttf
16:35:52.718 [FXGL Background Thread 3 ] DEBUG Engine               - fontText: Courier-Prime.ttf
16:35:52.719 [FXGL Background Thread 3 ] DEBUG Engine               - fontUI: VarelaRound-Regular.ttf
16:35:52.719 [FXGL Background Thread 3 ] DEBUG Engine               - fullScreen: BooleanProperty [value: false]
16:35:52.719 [FXGL Background Thread 3 ] DEBUG Engine               - gameDifficulty: MEDIUM
16:35:52.719 [FXGL Background Thread 3 ] DEBUG Engine               - gameDifficultyProperty: ObjectProperty [value: MEDIUM]
16:35:52.719 [FXGL Background Thread 3 ] DEBUG Engine               - globalMusicVolume: 0.5
16:35:52.719 [FXGL Background Thread 3 ] DEBUG Engine               - globalMusicVolumeProperty: DoubleProperty [value: 0.5]
16:35:52.719 [FXGL Background Thread 3 ] DEBUG Engine               - globalSoundVolume: 0.5
16:35:52.719 [FXGL Background Thread 3 ] DEBUG Engine               - globalSoundVolumeProperty: DoubleProperty [value: 0.5]
16:35:52.719 [FXGL Background Thread 3 ] DEBUG Engine               - height: 700
16:35:52.719 [FXGL Background Thread 3 ] DEBUG Engine               - is3D: false
16:35:52.719 [FXGL Background Thread 3 ] DEBUG Engine               - isAndroid: false
16:35:52.719 [FXGL Background Thread 3 ] DEBUG Engine               - isBrowser: false
16:35:52.719 [FXGL Background Thread 3 ] DEBUG Engine               - isClickFeedbackEnabled: false
16:35:52.719 [FXGL Background Thread 3 ] DEBUG Engine               - isCloseConfirmation: false
16:35:52.719 [FXGL Background Thread 3 ] DEBUG Engine               - isDesktop: true
16:35:52.719 [FXGL Background Thread 3 ] DEBUG Engine               - isDeveloperMenuEnabled: false
16:35:52.719 [FXGL Background Thread 3 ] DEBUG Engine               - isEntityPreloadEnabled: true
16:35:52.719 [FXGL Background Thread 3 ] DEBUG Engine               - isExperimentalTiledLargeMap: false
16:35:52.719 [FXGL Background Thread 3 ] DEBUG Engine               - isFileSystemWriteAllowed: true
16:35:52.719 [FXGL Background Thread 3 ] DEBUG Engine               - isFullScreenAllowed: true
16:35:52.719 [FXGL Background Thread 3 ] DEBUG Engine               - isFullScreenFromStart: false
16:35:52.719 [FXGL Background Thread 3 ] DEBUG Engine               - isGameMenuEnabled: true
16:35:52.719 [FXGL Background Thread 3 ] DEBUG Engine               - isIOS: false
16:35:52.719 [FXGL Background Thread 3 ] DEBUG Engine               - isIntroEnabled: false
16:35:52.719 [FXGL Background Thread 3 ] DEBUG Engine               - isLinux: false
16:35:52.719 [FXGL Background Thread 3 ] DEBUG Engine               - isMac: false
16:35:52.719 [FXGL Background Thread 3 ] DEBUG Engine               - isMainMenuEnabled: false
16:35:52.719 [FXGL Background Thread 3 ] DEBUG Engine               - isManualResizeEnabled: false
16:35:52.719 [FXGL Background Thread 3 ] DEBUG Engine               - isMobile: false
16:35:52.720 [FXGL Background Thread 3 ] DEBUG Engine               - isNative: false
16:35:52.720 [FXGL Background Thread 3 ] DEBUG Engine               - isPreserveResizeRatio: false
16:35:52.720 [FXGL Background Thread 3 ] DEBUG Engine               - isProfilingEnabled: false
16:35:52.720 [FXGL Background Thread 3 ] DEBUG Engine               - isScaleAffectedOnResize: true
16:35:52.720 [FXGL Background Thread 3 ] DEBUG Engine               - isSingleStep: false
16:35:52.720 [FXGL Background Thread 3 ] DEBUG Engine               - isUserProfileEnabled: false
16:35:52.720 [FXGL Background Thread 3 ] DEBUG Engine               - isWindows: true
16:35:52.720 [FXGL Background Thread 3 ] DEBUG Engine               - language: ObjectProperty [value: ENGLISH]
16:35:52.720 [FXGL Background Thread 3 ] DEBUG Engine               - menuKey: ESCAPE
16:35:52.720 [FXGL Background Thread 3 ] DEBUG Engine               - mouseSensitivity: 0.2
16:35:52.720 [FXGL Background Thread 3 ] DEBUG Engine               - notificationViewClass: class com.almasb.fxgl.notification.view.XboxNotificationView
16:35:52.720 [FXGL Background Thread 3 ] DEBUG Engine               - pixelsPerMeter: 50.0
16:35:52.720 [FXGL Background Thread 3 ] DEBUG Engine               - platform: WINDOWS
16:35:52.720 [FXGL Background Thread 3 ] DEBUG Engine               - prefHeightProperty: ReadOnlyDoubleProperty [value: 700.0]
16:35:52.720 [FXGL Background Thread 3 ] DEBUG Engine               - prefWidthProperty: ReadOnlyDoubleProperty [value: 1200.0]
16:35:52.720 [FXGL Background Thread 3 ] DEBUG Engine               - profileDir: profiles/
16:35:52.720 [FXGL Background Thread 3 ] DEBUG Engine               - profileName: StringProperty [value: DEFAULT]
16:35:52.720 [FXGL Background Thread 3 ] DEBUG Engine               - randomSeed: -1
16:35:52.720 [FXGL Background Thread 3 ] DEBUG Engine               - runtimeInfo: RuntimeInfo(platform=WINDOWS, version=11.16, build=25.05.2021 08.16)
16:35:52.720 [FXGL Background Thread 3 ] DEBUG Engine               - saveFileExt: sav
16:35:52.720 [FXGL Background Thread 3 ] DEBUG Engine               - scaledHeightProp$fxgl: DoubleProperty [bound, value: 700.0]
16:35:52.720 [FXGL Background Thread 3 ] DEBUG Engine               - scaledWidthProp$fxgl: DoubleProperty [bound, value: 1200.0]
16:35:52.720 [FXGL Background Thread 3 ] DEBUG Engine               - sceneFactory: com.almasb.fxgl.app.scene.SceneFactory@740fc03d
16:35:52.720 [FXGL Background Thread 3 ] DEBUG Engine               - secondsIn24h: 60
16:35:52.720 [FXGL Background Thread 3 ] DEBUG Engine               - soundMenuBack: menu/back.wav
16:35:52.720 [FXGL Background Thread 3 ] DEBUG Engine               - soundMenuPress: menu/press.wav
16:35:52.720 [FXGL Background Thread 3 ] DEBUG Engine               - soundMenuSelect: menu/select.wav
16:35:52.720 [FXGL Background Thread 3 ] DEBUG Engine               - soundNotification: core/notification.wav
16:35:52.720 [FXGL Background Thread 3 ] DEBUG Engine               - stageStyle: DECORATED
16:35:52.720 [FXGL Background Thread 3 ] DEBUG Engine               - supportedLanguages: [ENGLISH, FRENCH, GERMAN, HUNGARIAN, RUSSIAN]
16:35:52.720 [FXGL Background Thread 3 ] DEBUG Engine               - ticksPerSecond: -1
16:35:52.720 [FXGL Background Thread 3 ] DEBUG Engine               - title: Dead Space but Family Friendly
16:35:52.720 [FXGL Background Thread 3 ] DEBUG Engine               - urlGithub: https://github.com/AlmasB/FXGL
16:35:52.720 [FXGL Background Thread 3 ] DEBUG Engine               - urlLeaderboard: http://fxgl-top.herokuapp.com/
16:35:52.720 [FXGL Background Thread 3 ] DEBUG Engine               - urlPOM: https://raw.githubusercontent.com/AlmasB/FXGL/release/README.md
16:35:52.720 [FXGL Background Thread 3 ] DEBUG Engine               - userAppClass: class com.example.gamefx.MainGame
16:35:52.720 [FXGL Background Thread 3 ] DEBUG Engine               - version: 0.1
16:35:52.720 [FXGL Background Thread 3 ] DEBUG Engine               - versionCheckDays: 7
16:35:52.720 [FXGL Background Thread 3 ] DEBUG Engine               - width: 1200
16:35:52.720 [FXGL Background Thread 3 ] DEBUG Engine               - Logging services
16:35:52.720 [FXGL Background Thread 3 ] DEBUG Engine               - class com.almasb.fxgl.app.services.FXGLAssetLoaderService
16:35:52.720 [FXGL Background Thread 3 ] DEBUG Engine               - class com.almasb.fxgl.app.FXGLApplication$GameApplicationService
16:35:52.720 [FXGL Background Thread 3 ] DEBUG Engine               - class com.almasb.fxgl.app.services.FXGLDialogService
16:35:52.720 [FXGL Background Thread 3 ] DEBUG Engine               - class com.almasb.fxgl.app.services.IOTaskExecutorService
16:35:52.720 [FXGL Background Thread 3 ] DEBUG Engine               - class com.almasb.fxgl.io.FileSystemService
16:35:52.720 [FXGL Background Thread 3 ] DEBUG Engine               - class com.almasb.fxgl.localization.LocalizationService
16:35:52.720 [FXGL Background Thread 3 ] DEBUG Engine               - class com.almasb.fxgl.app.services.SystemBundleService
16:35:52.720 [FXGL Background Thread 3 ] DEBUG Engine               - class com.almasb.fxgl.profile.SaveLoadService
16:35:52.720 [FXGL Background Thread 3 ] DEBUG Engine               - class com.almasb.fxgl.ui.FXGLUIFactoryServiceProvider
16:35:52.720 [FXGL Background Thread 3 ] DEBUG Engine               - class com.almasb.fxgl.ui.FXGLDialogFactoryServiceProvider
16:35:52.720 [FXGL Background Thread 3 ] DEBUG Engine               - class com.almasb.fxgl.audio.AudioPlayer
16:35:52.720 [FXGL Background Thread 3 ] DEBUG Engine               - class com.almasb.fxgl.notification.impl.NotificationServiceProvider
16:35:52.720 [FXGL Background Thread 3 ] DEBUG Engine               - class com.almasb.fxgl.achievement.AchievementService
16:35:52.720 [FXGL Background Thread 3 ] DEBUG Engine               - class com.almasb.fxgl.cutscene.CutsceneService
16:35:52.720 [FXGL Background Thread 3 ] DEBUG Engine               - class com.almasb.fxgl.minigames.MiniGameService
16:35:52.720 [FXGL Background Thread 3 ] DEBUG Engine               - class com.almasb.fxgl.net.NetService
16:35:52.720 [FXGL Background Thread 3 ] DEBUG Engine               - class com.almasb.fxgl.app.services.UpdaterService
16:35:52.720 [FXGL Background Thread 3 ] DEBUG Engine               - class com.almasb.fxgl.dev.DevService
16:35:59.755 [JavaFX Application Thread] DEBUG PrimaryStageWindow   - Push state: DialogSubScene
16:35:59.756 [JavaFX Application Thread] DEBUG Input                - Clearing active input actions
16:35:59.760 [JavaFX Application Thread] DEBUG GameApplicationServi - Removing overlay from GameScene and adding to DialogSubScene
16:35:59.760 [JavaFX Application Thread] DEBUG PrimaryStageWindow   - GameScene -> DialogSubScene
16:36:00.089 [JavaFX Application Thread] DEBUG FXGLApplication      - Exiting FXGL
16:36:00.089 [JavaFX Application Thread] DEBUG LoopRunner           - Stopping loop
16:36:00.089 [JavaFX Application Thread] DEBUG SystemBundleService  - Saving FXGL system data
16:36:00.092 [JavaFX Application Thread] DEBUG FileSystemAccess     - Writing to: C:\Users\Hao\Documents\DAM 2 PRO\GameFX\system\fxgl.bundle
16:36:00.096 [JavaFX Application Thread] DEBUG Async                - Shutting down background threads
16:36:00.096 [JavaFX Application Thread] DEBUG PrimaryStageWindow   - Closing main window
16:36:00.109 [JavaFX Application Thread] DEBUG Logger               - Closing Logger
