19:58:37.730 [main                     ] DEBUG Logger               - Configured Logger
19:58:37.732 [main                     ] DEBUG GameApplication      - Logging settings
Title: Dead Space but Family Friendly
Version: 0.1
Width: 1536
Height: 864
Fullscreen: true
Intro: false
Profiling: false
Single step:false
App Mode: DEVELOPER
Menu Key: ESCAPE
Stage Style: DECORATED
Scene Factory: class com.almasb.fxgl.app.scene.SceneFactory

19:58:38.073 [JavaFX Application Thread] DEBUG FXGLApplication      - Initializing FXGL
19:58:38.075 [JavaFX Application Thread] INFO  Engine               - FXGL-11.16 (25.05.2021 08.16) on WINDOWS (J:18.0.2.1 FX:16)
19:58:38.075 [JavaFX Application Thread] DEBUG Engine               - JRE Vendor Name: Oracle Corporation
19:58:38.075 [JavaFX Application Thread] DEBUG Engine               - Running on OS: Windows 10 version 10.0
19:58:38.075 [JavaFX Application Thread] DEBUG Engine               - Architecture: amd64
19:58:38.075 [JavaFX Application Thread] INFO  Engine               - Source code and latest versions at: https://github.com/AlmasB/FXGL
19:58:38.075 [JavaFX Application Thread] INFO  Engine               -              Join the FXGL chat at: https://gitter.im/AlmasB/FXGL
19:58:38.159 [JavaFX Application Thread] DEBUG PrimaryStageWindow   - Creating a JavaFX scene
19:58:38.193 [JavaFX Application Thread] DEBUG PrimaryStageWindow   - Target settings size: 1536.0 x 864.0
19:58:38.194 [JavaFX Application Thread] DEBUG PrimaryStageWindow   - Scaled scene size:    1536.0 x 864.0
19:58:38.194 [JavaFX Application Thread] DEBUG PrimaryStageWindow   - Scaled ratio: (1.0, 1.0)
19:58:38.195 [JavaFX Application Thread] DEBUG PrimaryStageWindow   - Set initial scene to FXGLStartupScene
19:58:38.200 [JavaFX Application Thread] DEBUG PrimaryStageWindow   - Opening main window
19:58:38.260 [JavaFX Application Thread] DEBUG PrimaryStageWindow   - Window border size: (14.4000244140625, 37.5999755859375)
19:58:38.260 [JavaFX Application Thread] DEBUG PrimaryStageWindow   - Scaled size: 1536.0 x 864.0
19:58:38.261 [JavaFX Application Thread] DEBUG PrimaryStageWindow   - Scaled ratio: (1.0, 1.0)
19:58:38.261 [JavaFX Application Thread] DEBUG PrimaryStageWindow   - Scene size: 1536.0 x 864.0
19:58:38.261 [JavaFX Application Thread] DEBUG PrimaryStageWindow   - Stage size: 1550.4000244140625 x 901.5999755859375
19:58:38.344 [JavaFX Application Thread] DEBUG PrimaryStageWindow   - Going fullscreen
19:58:38.352 [FXGL Background Thread 1 ] DEBUG Engine               - Initializing environment variables
19:58:38.410 [FXGL Background Thread 1 ] DEBUG FXGLAssetLoaderServi - User app class for loading assets: class com.example.gamefx.MainGame
19:58:38.411 [FXGL Background Thread 1 ] DEBUG GameApplicationServi - Applying CSS: fxgl_dark.css
19:58:38.412 [FXGL Background Thread 1 ] DEBUG FXGLAssetLoaderServi - Loading from file system: jar:file:/C:/Users/Hao/.m2/repository/com/github/almasb/fxgl/11.16/fxgl-11.16.jar!/fxglassets/ui/css/fxgl_dark.css
19:58:38.455 [FXGL Background Thread 1 ] DEBUG GameApplicationServi - Initializing application scenes
19:58:38.555 [FXGL Background Thread 1 ] DEBUG GameWorld            - Game world initialized
19:58:38.606 [FXGL Background Thread 1 ] DEBUG PhysicsWorld         - Physics world initialized: appHeight=864, physics.ppm=50,0
19:58:38.606 [FXGL Background Thread 1 ] DEBUG PhysicsWorld         - Using strategy: BRUTE_FORCE
19:58:38.609 [FXGL Background Thread 1 ] DEBUG GameScene            - Game scene initialized: 1536x864
19:58:38.620 [FXGL Background Thread 1 ] DEBUG FXGL.DefaultMenu     - createMenuBodyGameMenu()
19:58:38.634 [FXGL Background Thread 1 ] DEBUG FXGL.DefaultMenu     - createOptionsMenu()
19:58:38.645 [FXGL Background Thread 1 ] DEBUG FXGLAssetLoaderServi - Loading from file system: jar:file:/C:/Users/Hao/.m2/repository/com/github/almasb/fxgl/11.16/fxgl-11.16.jar!/fxglassets/textures/particles/smoke.png
19:58:38.787 [FXGL Background Thread 1 ] DEBUG FXGLAssetLoaderServi - Loading from file system: jar:file:/C:/Users/Hao/.m2/repository/com/github/almasb/fxgl/11.16/fxgl-11.16.jar!/fxglassets/textures/particles/trace_horizontal.png
19:58:38.818 [FXGL Background Thread 1 ] DEBUG GameApplicationServi - Application scenes initialized
19:58:38.834 [FXGL Background Thread 1 ] DEBUG SystemBundleService  - Loading FXGL system data
19:58:38.837 [FXGL Background Thread 1 ] DEBUG FileSystemAccess     - Reading from: C:\Users\Hao\Documents\DAM 2 PRO\GameFX\system\fxgl.bundle
19:58:38.844 [FXGL Background Thread 1 ] DEBUG SystemBundleService  - Bundle FXGL: {}
19:58:38.845 [FXGL Background Thread 1 ] DEBUG UpdaterService       - Checking for updates
19:58:38.848 [FXGL Background Thread 4 ] DEBUG FXGLApplication      - Loading fonts
19:58:38.849 [FXGL Background Thread 1 ] DEBUG FXGLApplication      - Loading default localization
19:58:38.850 [FXGL Background Thread 1 ] DEBUG FXGLAssetLoaderServi - Loading from file system: jar:file:/C:/Users/Hao/.m2/repository/com/github/almasb/fxgl/11.16/fxgl-11.16.jar!/fxglassets/languages/english.lang
19:58:38.851 [FXGL Background Thread 4 ] DEBUG FXGLAssetLoaderServi - Loading from file system: jar:file:/C:/Users/Hao/.m2/repository/com/github/almasb/fxgl/11.16/fxgl-11.16.jar!/fxglassets/ui/fonts/VarelaRound-Regular.ttf
19:58:38.891 [FXGL Background Thread 1 ] INFO  FXGLApplication      - FXGL initialization took: 0,538 sec
19:58:38.899 [JavaFX Application Thread] DEBUG Input                - Registered new binding: left - Left
19:58:38.900 [JavaFX Application Thread] DEBUG Input                - Registered new binding: right - Right
19:58:38.900 [JavaFX Application Thread] DEBUG Input                - Registered new binding: up - Up
19:58:38.901 [JavaFX Application Thread] DEBUG Input                - Registered new binding: down - Down
19:58:38.902 [JavaFX Application Thread] DEBUG Input                - Registered new binding: Bullet - Space
19:58:38.903 [JavaFX Application Thread] DEBUG FXGLAssetLoaderServi - Loading from file system: jar:file:/C:/Users/Hao/.m2/repository/com/github/almasb/fxgl/11.16/fxgl-11.16.jar!/fxglassets/textures/fxgl_icon.png
19:58:38.977 [JavaFX Application Thread] DEBUG FXGLAssetLoaderServi - Loading from file system: jar:file:/C:/Users/Hao/.m2/repository/com/github/almasb/fxgl/11.16/fxgl-11.16.jar!/fxglassets/textures/fxgl_default_cursor.png
19:58:38.983 [JavaFX Application Thread] DEBUG Input                - Registered new binding: Screenshot - CTRL+8
19:58:38.984 [JavaFX Application Thread] DEBUG Input                - Registered new binding: System info dump - CTRL+9
19:58:38.985 [JavaFX Application Thread] DEBUG Input                - Registered new binding: Restart - CTRL+R
19:58:38.985 [JavaFX Application Thread] DEBUG Input                - Registered new binding: Toggle Debug Camera - CTRL+C
19:58:38.988 [JavaFX Application Thread] DEBUG LoopRunner           - Starting loop
19:58:38.989 [JavaFX Application Thread] DEBUG LoopRunner           - Initializing JavaFX AnimationTimerLoop
19:58:38.990 [JavaFX Application Thread] DEBUG GameApplicationServi - Starting new game
19:58:38.990 [JavaFX Application Thread] DEBUG Input                - Clearing active input actions
19:58:39.007 [JavaFX Application Thread] DEBUG GameApplicationServi - Removing overlay from FXGLStartupScene and adding to FXGLLoadingScene
19:58:39.008 [JavaFX Application Thread] DEBUG PrimaryStageWindow   - FXGLStartupScene -> FXGLLoadingScene
19:58:39.010 [JavaFX Application Thread] DEBUG GameApplicationServi - Clearing previous game
19:58:39.010 [JavaFX Application Thread] DEBUG GameScene            - Clearing game scene
19:58:39.010 [JavaFX Application Thread] DEBUG GameWorld            - Clearing game world
19:58:39.010 [JavaFX Application Thread] DEBUG PhysicsWorld         - Clearing physics world
19:58:39.012 [FXGL Background Thread 1 ] DEBUG FXGLApplication      - Initializing game
19:58:39.023 [FXGL Background Thread 1 ] DEBUG FXGLAssetLoaderServi - Loading from file system: file:/C:/Users/Hao/Documents/DAM%202%20PRO/GameFX/target/classes/assets/textures/space.jpg
19:58:39.216 [FXGL Background Thread 4 ] DEBUG FXGLAssetLoaderServi - Loading from file system: jar:file:/C:/Users/Hao/.m2/repository/com/github/almasb/fxgl/11.16/fxgl-11.16.jar!/fxglassets/ui/fonts/Abel-Regular.ttf
19:58:39.219 [FXGL Background Thread 4 ] DEBUG FXGLAssetLoaderServi - Loading from file system: jar:file:/C:/Users/Hao/.m2/repository/com/github/almasb/fxgl/11.16/fxgl-11.16.jar!/fxglassets/ui/fonts/lucida_console.ttf
19:58:39.225 [FXGL Background Thread 4 ] DEBUG FXGLAssetLoaderServi - Loading from file system: jar:file:/C:/Users/Hao/.m2/repository/com/github/almasb/fxgl/11.16/fxgl-11.16.jar!/fxglassets/ui/fonts/Courier-Prime.ttf
19:58:39.229 [JavaFX Application Thread] DEBUG FXGLApplication      - Registering font factories with UI factory
19:58:39.312 [FXGL Background Thread 1 ] DEBUG FXGLAssetLoaderServi - Loading from file system: file:/C:/Users/Hao/Documents/DAM%202%20PRO/GameFX/target/classes/assets/textures/center.png
19:58:39.388 [FXGL Background Thread 1 ] DEBUG FXGLAssetLoaderServi - Loading from file system: file:/C:/Users/Hao/Documents/DAM%202%20PRO/GameFX/target/classes/assets/textures/enterprise.png
19:58:39.410 [FXGL Background Thread 1 ] INFO  FXGLApplication      - Game initialization took: 0,398 sec
19:58:39.411 [JavaFX Application Thread] DEBUG Input                - Clearing active input actions
19:58:39.425 [JavaFX Application Thread] DEBUG GameApplicationServi - Removing overlay from FXGLLoadingScene and adding to GameScene
19:58:39.425 [JavaFX Application Thread] DEBUG PrimaryStageWindow   - FXGLLoadingScene -> GameScene
19:58:39.903 [FXGL Background Thread 2 ] INFO  UpdaterService       - Your current version:  11.16
19:58:39.903 [FXGL Background Thread 2 ] INFO  UpdaterService       - Latest stable version: 17.2
19:58:40.855 [JavaFX Application Thread] DEBUG FXGLAssetLoaderServi - Loading from file system: file:/C:/Users/Hao/Documents/DAM%202%20PRO/GameFX/target/classes/assets/textures/laserred1.png
19:58:41.847 [FXGL Background Thread 3 ] DEBUG Engine               - Logging environment variables
19:58:41.850 [FXGL Background Thread 3 ] DEBUG Engine               - achievements: []
19:58:41.851 [FXGL Background Thread 3 ] DEBUG Engine               - actualHeight: 864.0
19:58:41.852 [FXGL Background Thread 3 ] DEBUG Engine               - actualHeightProperty: ReadOnlyDoubleProperty [value: 864.0]
19:58:41.852 [FXGL Background Thread 3 ] DEBUG Engine               - actualWidth: 1536.0
19:58:41.853 [FXGL Background Thread 3 ] DEBUG Engine               - actualWidthProperty: ReadOnlyDoubleProperty [value: 1536.0]
19:58:41.853 [FXGL Background Thread 3 ] DEBUG Engine               - appIcon: fxgl_icon.png
19:58:41.854 [FXGL Background Thread 3 ] DEBUG Engine               - applicationMode: DEVELOPER
19:58:41.854 [FXGL Background Thread 3 ] DEBUG Engine               - cSSList: [fxgl_dark.css]
19:58:41.855 [FXGL Background Thread 3 ] DEBUG Engine               - collisionDetectionStrategy: BRUTE_FORCE
19:58:41.855 [FXGL Background Thread 3 ] DEBUG Engine               - configClass: Optional.empty
19:58:41.856 [FXGL Background Thread 3 ] DEBUG Engine               - credits: []
19:58:41.857 [FXGL Background Thread 3 ] DEBUG Engine               - defaultCursor: CursorInfo(imageName=fxgl_default_cursor.png, hotspotX=7.0, hotspotY=6.0)
19:58:41.858 [FXGL Background Thread 3 ] DEBUG Engine               - devBBoxColorProperty: ObjectProperty [value: 0xff0000ff]
19:58:41.859 [FXGL Background Thread 3 ] DEBUG Engine               - devEnableDebugCameraProperty: BooleanProperty [value: false]
19:58:41.859 [FXGL Background Thread 3 ] DEBUG Engine               - devSensorColorProperty: ObjectProperty [value: 0xffff00ff]
19:58:41.861 [FXGL Background Thread 3 ] DEBUG Engine               - devShowBBoxProperty: BooleanProperty [value: false]
19:58:41.861 [FXGL Background Thread 3 ] DEBUG Engine               - devShowPositionProperty: BooleanProperty [value: false]
19:58:41.862 [FXGL Background Thread 3 ] DEBUG Engine               - enabledMenuItems: []
19:58:41.862 [FXGL Background Thread 3 ] DEBUG Engine               - engineServices: [class com.almasb.fxgl.app.services.FXGLAssetLoaderService, class com.almasb.fxgl.app.FXGLApplication$GameApplicationService, class com.almasb.fxgl.app.services.FXGLDialogService, class com.almasb.fxgl.app.services.IOTaskExecutorService, class com.almasb.fxgl.io.FileSystemService, class com.almasb.fxgl.localization.LocalizationService, class com.almasb.fxgl.app.services.SystemBundleService, class com.almasb.fxgl.profile.SaveLoadService, class com.almasb.fxgl.ui.FXGLUIFactoryServiceProvider, class com.almasb.fxgl.ui.FXGLDialogFactoryServiceProvider, class com.almasb.fxgl.audio.AudioPlayer, class com.almasb.fxgl.notification.impl.NotificationServiceProvider, class com.almasb.fxgl.achievement.AchievementService, class com.almasb.fxgl.cutscene.CutsceneService, class com.almasb.fxgl.minigames.MiniGameService, class com.almasb.fxgl.net.NetService, class com.almasb.fxgl.app.services.UpdaterService, class com.almasb.fxgl.dev.DevService]
19:58:41.863 [FXGL Background Thread 3 ] DEBUG Engine               - fontGame: Abel-Regular.ttf
19:58:41.863 [FXGL Background Thread 3 ] DEBUG Engine               - fontMono: lucida_console.ttf
19:58:41.863 [FXGL Background Thread 3 ] DEBUG Engine               - fontText: Courier-Prime.ttf
19:58:41.864 [FXGL Background Thread 3 ] DEBUG Engine               - fontUI: VarelaRound-Regular.ttf
19:58:41.864 [FXGL Background Thread 3 ] DEBUG Engine               - fullScreen: BooleanProperty [value: true]
19:58:41.865 [FXGL Background Thread 3 ] DEBUG Engine               - gameDifficulty: MEDIUM
19:58:41.865 [FXGL Background Thread 3 ] DEBUG Engine               - gameDifficultyProperty: ObjectProperty [value: MEDIUM]
19:58:41.865 [FXGL Background Thread 3 ] DEBUG Engine               - globalMusicVolume: 0.5
19:58:41.866 [FXGL Background Thread 3 ] DEBUG Engine               - globalMusicVolumeProperty: DoubleProperty [value: 0.5]
19:58:41.866 [FXGL Background Thread 3 ] DEBUG Engine               - globalSoundVolume: 0.5
19:58:41.867 [FXGL Background Thread 3 ] DEBUG Engine               - globalSoundVolumeProperty: DoubleProperty [value: 0.5]
19:58:41.867 [FXGL Background Thread 3 ] DEBUG Engine               - height: 864
19:58:41.868 [FXGL Background Thread 3 ] DEBUG Engine               - is3D: false
19:58:41.868 [FXGL Background Thread 3 ] DEBUG Engine               - isAndroid: false
19:58:41.868 [FXGL Background Thread 3 ] DEBUG Engine               - isBrowser: false
19:58:41.869 [FXGL Background Thread 3 ] DEBUG Engine               - isClickFeedbackEnabled: false
19:58:41.869 [FXGL Background Thread 3 ] DEBUG Engine               - isCloseConfirmation: false
19:58:41.869 [FXGL Background Thread 3 ] DEBUG Engine               - isDesktop: true
19:58:41.870 [FXGL Background Thread 3 ] DEBUG Engine               - isDeveloperMenuEnabled: false
19:58:41.871 [FXGL Background Thread 3 ] DEBUG Engine               - isEntityPreloadEnabled: true
19:58:41.871 [FXGL Background Thread 3 ] DEBUG Engine               - isExperimentalTiledLargeMap: false
19:58:41.872 [FXGL Background Thread 3 ] DEBUG Engine               - isFileSystemWriteAllowed: true
19:58:41.872 [FXGL Background Thread 3 ] DEBUG Engine               - isFullScreenAllowed: true
19:58:41.873 [FXGL Background Thread 3 ] DEBUG Engine               - isFullScreenFromStart: true
19:58:41.873 [FXGL Background Thread 3 ] DEBUG Engine               - isGameMenuEnabled: true
19:58:41.873 [FXGL Background Thread 3 ] DEBUG Engine               - isIOS: false
19:58:41.874 [FXGL Background Thread 3 ] DEBUG Engine               - isIntroEnabled: false
19:58:41.874 [FXGL Background Thread 3 ] DEBUG Engine               - isLinux: false
19:58:41.874 [FXGL Background Thread 3 ] DEBUG Engine               - isMac: false
19:58:41.875 [FXGL Background Thread 3 ] DEBUG Engine               - isMainMenuEnabled: false
19:58:41.875 [FXGL Background Thread 3 ] DEBUG Engine               - isManualResizeEnabled: false
19:58:41.875 [FXGL Background Thread 3 ] DEBUG Engine               - isMobile: false
19:58:41.876 [FXGL Background Thread 3 ] DEBUG Engine               - isNative: false
19:58:41.876 [FXGL Background Thread 3 ] DEBUG Engine               - isPreserveResizeRatio: false
19:58:41.876 [FXGL Background Thread 3 ] DEBUG Engine               - isProfilingEnabled: false
19:58:41.876 [FXGL Background Thread 3 ] DEBUG Engine               - isScaleAffectedOnResize: true
19:58:41.877 [FXGL Background Thread 3 ] DEBUG Engine               - isSingleStep: false
19:58:41.877 [FXGL Background Thread 3 ] DEBUG Engine               - isUserProfileEnabled: false
19:58:41.877 [FXGL Background Thread 3 ] DEBUG Engine               - isWindows: true
19:58:41.878 [FXGL Background Thread 3 ] DEBUG Engine               - language: ObjectProperty [value: ENGLISH]
19:58:41.878 [FXGL Background Thread 3 ] DEBUG Engine               - menuKey: ESCAPE
19:58:41.878 [FXGL Background Thread 3 ] DEBUG Engine               - mouseSensitivity: 0.2
19:58:41.878 [FXGL Background Thread 3 ] DEBUG Engine               - notificationViewClass: class com.almasb.fxgl.notification.view.XboxNotificationView
19:58:41.879 [FXGL Background Thread 3 ] DEBUG Engine               - pixelsPerMeter: 50.0
19:58:41.879 [FXGL Background Thread 3 ] DEBUG Engine               - platform: WINDOWS
19:58:41.880 [FXGL Background Thread 3 ] DEBUG Engine               - prefHeightProperty: ReadOnlyDoubleProperty [value: 864.0]
19:58:41.880 [FXGL Background Thread 3 ] DEBUG Engine               - prefWidthProperty: ReadOnlyDoubleProperty [value: 1536.0]
19:58:41.880 [FXGL Background Thread 3 ] DEBUG Engine               - profileDir: profiles/
19:58:41.881 [FXGL Background Thread 3 ] DEBUG Engine               - profileName: StringProperty [value: DEFAULT]
19:58:41.881 [FXGL Background Thread 3 ] DEBUG Engine               - randomSeed: -1
19:58:41.881 [FXGL Background Thread 3 ] DEBUG Engine               - runtimeInfo: RuntimeInfo(platform=WINDOWS, version=11.16, build=25.05.2021 08.16)
19:58:41.882 [FXGL Background Thread 3 ] DEBUG Engine               - saveFileExt: sav
19:58:41.882 [FXGL Background Thread 3 ] DEBUG Engine               - scaledHeightProp$fxgl: DoubleProperty [bound, value: 864.0]
19:58:41.882 [FXGL Background Thread 3 ] DEBUG Engine               - scaledWidthProp$fxgl: DoubleProperty [bound, value: 1536.0]
19:58:41.883 [FXGL Background Thread 3 ] DEBUG Engine               - sceneFactory: com.almasb.fxgl.app.scene.SceneFactory@d7f77d3
19:58:41.883 [FXGL Background Thread 3 ] DEBUG Engine               - secondsIn24h: 60
19:58:41.883 [FXGL Background Thread 3 ] DEBUG Engine               - soundMenuBack: menu/back.wav
19:58:41.884 [FXGL Background Thread 3 ] DEBUG Engine               - soundMenuPress: menu/press.wav
19:58:41.884 [FXGL Background Thread 3 ] DEBUG Engine               - soundMenuSelect: menu/select.wav
19:58:41.884 [FXGL Background Thread 3 ] DEBUG Engine               - soundNotification: core/notification.wav
19:58:41.885 [FXGL Background Thread 3 ] DEBUG Engine               - stageStyle: DECORATED
19:58:41.885 [FXGL Background Thread 3 ] DEBUG Engine               - supportedLanguages: [ENGLISH, FRENCH, GERMAN, HUNGARIAN, RUSSIAN]
19:58:41.885 [FXGL Background Thread 3 ] DEBUG Engine               - ticksPerSecond: -1
19:58:41.885 [FXGL Background Thread 3 ] DEBUG Engine               - title: Dead Space but Family Friendly
19:58:41.886 [FXGL Background Thread 3 ] DEBUG Engine               - urlGithub: https://github.com/AlmasB/FXGL
19:58:41.886 [FXGL Background Thread 3 ] DEBUG Engine               - urlLeaderboard: http://fxgl-top.herokuapp.com/
19:58:41.886 [FXGL Background Thread 3 ] DEBUG Engine               - urlPOM: https://raw.githubusercontent.com/AlmasB/FXGL/release/README.md
19:58:41.887 [FXGL Background Thread 3 ] DEBUG Engine               - userAppClass: class com.example.gamefx.MainGame
19:58:41.887 [FXGL Background Thread 3 ] DEBUG Engine               - version: 0.1
19:58:41.887 [FXGL Background Thread 3 ] DEBUG Engine               - versionCheckDays: 7
19:58:41.887 [FXGL Background Thread 3 ] DEBUG Engine               - width: 1536
19:58:41.888 [FXGL Background Thread 3 ] DEBUG Engine               - Logging services
19:58:41.888 [FXGL Background Thread 3 ] DEBUG Engine               - class com.almasb.fxgl.app.services.FXGLAssetLoaderService
19:58:41.888 [FXGL Background Thread 3 ] DEBUG Engine               - class com.almasb.fxgl.app.FXGLApplication$GameApplicationService
19:58:41.889 [FXGL Background Thread 3 ] DEBUG Engine               - class com.almasb.fxgl.app.services.FXGLDialogService
19:58:41.889 [FXGL Background Thread 3 ] DEBUG Engine               - class com.almasb.fxgl.app.services.IOTaskExecutorService
19:58:41.889 [FXGL Background Thread 3 ] DEBUG Engine               - class com.almasb.fxgl.io.FileSystemService
19:58:41.889 [FXGL Background Thread 3 ] DEBUG Engine               - class com.almasb.fxgl.localization.LocalizationService
19:58:41.890 [FXGL Background Thread 3 ] DEBUG Engine               - class com.almasb.fxgl.app.services.SystemBundleService
19:58:41.890 [FXGL Background Thread 3 ] DEBUG Engine               - class com.almasb.fxgl.profile.SaveLoadService
19:58:41.890 [FXGL Background Thread 3 ] DEBUG Engine               - class com.almasb.fxgl.ui.FXGLUIFactoryServiceProvider
19:58:41.891 [FXGL Background Thread 3 ] DEBUG Engine               - class com.almasb.fxgl.ui.FXGLDialogFactoryServiceProvider
19:58:41.891 [FXGL Background Thread 3 ] DEBUG Engine               - class com.almasb.fxgl.audio.AudioPlayer
19:58:41.891 [FXGL Background Thread 3 ] DEBUG Engine               - class com.almasb.fxgl.notification.impl.NotificationServiceProvider
19:58:41.891 [FXGL Background Thread 3 ] DEBUG Engine               - class com.almasb.fxgl.achievement.AchievementService
19:58:41.891 [FXGL Background Thread 3 ] DEBUG Engine               - class com.almasb.fxgl.cutscene.CutsceneService
19:58:41.892 [FXGL Background Thread 3 ] DEBUG Engine               - class com.almasb.fxgl.minigames.MiniGameService
19:58:41.892 [FXGL Background Thread 3 ] DEBUG Engine               - class com.almasb.fxgl.net.NetService
19:58:41.892 [FXGL Background Thread 3 ] DEBUG Engine               - class com.almasb.fxgl.app.services.UpdaterService
19:58:41.892 [FXGL Background Thread 3 ] DEBUG Engine               - class com.almasb.fxgl.dev.DevService
19:59:02.308 [JavaFX Application Thread] DEBUG FXGLApplication      - Exiting FXGL
19:59:02.308 [JavaFX Application Thread] DEBUG LoopRunner           - Stopping loop
19:59:02.309 [JavaFX Application Thread] DEBUG SystemBundleService  - Saving FXGL system data
19:59:02.317 [JavaFX Application Thread] DEBUG FileSystemAccess     - Writing to: C:\Users\Hao\Documents\DAM 2 PRO\GameFX\system\fxgl.bundle
19:59:02.322 [JavaFX Application Thread] DEBUG Async                - Shutting down background threads
19:59:02.323 [JavaFX Application Thread] DEBUG PrimaryStageWindow   - Closing main window
19:59:02.530 [JavaFX Application Thread] DEBUG Logger               - Closing Logger
