21:59:59.253 [main                     ] DEBUG Logger               - Configured Logger
21:59:59.255 [main                     ] DEBUG GameApplication      - Logging settings
Title: Dead Space but Family Friendly
Version: 0.1
Width: 800
Height: 1200
Fullscreen: true
Intro: false
Profiling: false
Single step:false
App Mode: DEVELOPER
Menu Key: ESCAPE
Stage Style: DECORATED
Scene Factory: class com.almasb.fxgl.app.scene.SceneFactory

21:59:59.567 [JavaFX Application Thread] DEBUG FXGLApplication      - Initializing FXGL
21:59:59.568 [JavaFX Application Thread] INFO  Engine               - FXGL-11.16 (25.05.2021 08.16) on WINDOWS (J:18.0.2.1 FX:16)
21:59:59.568 [JavaFX Application Thread] DEBUG Engine               - JRE Vendor Name: Oracle Corporation
21:59:59.568 [JavaFX Application Thread] DEBUG Engine               - Running on OS: Windows 10 version 10.0
21:59:59.568 [JavaFX Application Thread] DEBUG Engine               - Architecture: amd64
21:59:59.568 [JavaFX Application Thread] INFO  Engine               - Source code and latest versions at: https://github.com/AlmasB/FXGL
21:59:59.569 [JavaFX Application Thread] INFO  Engine               -              Join the FXGL chat at: https://gitter.im/AlmasB/FXGL
21:59:59.658 [JavaFX Application Thread] DEBUG PrimaryStageWindow   - Creating a JavaFX scene
21:59:59.658 [JavaFX Application Thread] DEBUG PrimaryStageWindow   - Target size > screen size
21:59:59.705 [JavaFX Application Thread] DEBUG PrimaryStageWindow   - Target settings size: 800.0 x 1200.0
21:59:59.705 [JavaFX Application Thread] DEBUG PrimaryStageWindow   - Scaled scene size:    551.0 x 864.0
21:59:59.705 [JavaFX Application Thread] DEBUG PrimaryStageWindow   - Scaled ratio: (0.68875, 0.72)
21:59:59.706 [JavaFX Application Thread] DEBUG PrimaryStageWindow   - Set initial scene to FXGLStartupScene
21:59:59.712 [JavaFX Application Thread] DEBUG PrimaryStageWindow   - Opening main window
21:59:59.793 [JavaFX Application Thread] DEBUG PrimaryStageWindow   - Window border size: (14.5999755859375, 37.5999755859375)
21:59:59.794 [JavaFX Application Thread] DEBUG PrimaryStageWindow   - Scaled size: 551.0 x 864.0
21:59:59.794 [JavaFX Application Thread] DEBUG PrimaryStageWindow   - Scaled ratio: (0.68875, 0.72)
21:59:59.794 [JavaFX Application Thread] DEBUG PrimaryStageWindow   - Scene size: 551.0 x 864.0
21:59:59.794 [JavaFX Application Thread] DEBUG PrimaryStageWindow   - Stage size: 565.5999755859375 x 901.5999755859375
21:59:59.802 [FXGL Background Thread 1 ] DEBUG Engine               - Initializing environment variables
21:59:59.861 [FXGL Background Thread 1 ] DEBUG FXGLAssetLoaderServi - User app class for loading assets: class com.example.gamefx.MainGame
21:59:59.861 [FXGL Background Thread 1 ] DEBUG GameApplicationServi - Applying CSS: fxgl_dark.css
21:59:59.862 [FXGL Background Thread 1 ] DEBUG FXGLAssetLoaderServi - Loading from file system: jar:file:/C:/Users/Hao/.m2/repository/com/github/almasb/fxgl/11.16/fxgl-11.16.jar!/fxglassets/ui/css/fxgl_dark.css
21:59:59.907 [FXGL Background Thread 1 ] DEBUG GameApplicationServi - Initializing application scenes
21:59:59.963 [FXGL Background Thread 1 ] DEBUG GameWorld            - Game world initialized
22:00:00.019 [FXGL Background Thread 1 ] DEBUG PhysicsWorld         - Physics world initialized: appHeight=1200, physics.ppm=50,0
22:00:00.019 [FXGL Background Thread 1 ] DEBUG PhysicsWorld         - Using strategy: BRUTE_FORCE
22:00:00.022 [FXGL Background Thread 1 ] DEBUG GameScene            - Game scene initialized: 800x1200
22:00:00.037 [FXGL Background Thread 1 ] DEBUG FXGL.DefaultMenu     - createMenuBodyGameMenu()
22:00:00.051 [FXGL Background Thread 1 ] DEBUG FXGL.DefaultMenu     - createOptionsMenu()
22:00:00.061 [FXGL Background Thread 1 ] DEBUG FXGLAssetLoaderServi - Loading from file system: jar:file:/C:/Users/Hao/.m2/repository/com/github/almasb/fxgl/11.16/fxgl-11.16.jar!/fxglassets/textures/particles/smoke.png
22:00:00.191 [FXGL Background Thread 1 ] DEBUG FXGLAssetLoaderServi - Loading from file system: jar:file:/C:/Users/Hao/.m2/repository/com/github/almasb/fxgl/11.16/fxgl-11.16.jar!/fxglassets/textures/particles/trace_horizontal.png
22:00:00.224 [FXGL Background Thread 1 ] DEBUG GameApplicationServi - Application scenes initialized
22:00:00.235 [FXGL Background Thread 1 ] DEBUG SystemBundleService  - Loading FXGL system data
22:00:00.239 [FXGL Background Thread 1 ] DEBUG FileSystemAccess     - Reading from: C:\Users\Hao\Documents\DAM 2 PRO\GameFX\system\fxgl.bundle
22:00:00.247 [FXGL Background Thread 1 ] DEBUG SystemBundleService  - Bundle FXGL: {}
22:00:00.247 [FXGL Background Thread 1 ] DEBUG UpdaterService       - Checking for updates
22:00:00.251 [FXGL Background Thread 4 ] DEBUG FXGLApplication      - Loading fonts
22:00:00.252 [FXGL Background Thread 1 ] DEBUG FXGLApplication      - Loading default localization
22:00:00.253 [FXGL Background Thread 1 ] DEBUG FXGLAssetLoaderServi - Loading from file system: jar:file:/C:/Users/Hao/.m2/repository/com/github/almasb/fxgl/11.16/fxgl-11.16.jar!/fxglassets/languages/english.lang
22:00:00.253 [FXGL Background Thread 4 ] DEBUG FXGLAssetLoaderServi - Loading from file system: jar:file:/C:/Users/Hao/.m2/repository/com/github/almasb/fxgl/11.16/fxgl-11.16.jar!/fxglassets/ui/fonts/VarelaRound-Regular.ttf
22:00:00.295 [FXGL Background Thread 1 ] INFO  FXGLApplication      - FXGL initialization took: 0,492 sec
22:00:00.306 [JavaFX Application Thread] DEBUG Input                - Registered new binding: left - Left
22:00:00.307 [JavaFX Application Thread] DEBUG Input                - Registered new binding: right - Right
22:00:00.308 [JavaFX Application Thread] DEBUG Input                - Registered new binding: up - Up
22:00:00.308 [JavaFX Application Thread] DEBUG Input                - Registered new binding: down - Down
22:00:00.309 [JavaFX Application Thread] DEBUG Input                - Registered new binding: Bullet - Space
22:00:00.310 [JavaFX Application Thread] DEBUG FXGLAssetLoaderServi - Loading from file system: jar:file:/C:/Users/Hao/.m2/repository/com/github/almasb/fxgl/11.16/fxgl-11.16.jar!/fxglassets/textures/fxgl_icon.png
22:00:00.324 [FXGL Background Thread 4 ] DEBUG FXGLAssetLoaderServi - Loading from file system: jar:file:/C:/Users/Hao/.m2/repository/com/github/almasb/fxgl/11.16/fxgl-11.16.jar!/fxglassets/ui/fonts/Abel-Regular.ttf
22:00:00.332 [FXGL Background Thread 4 ] DEBUG FXGLAssetLoaderServi - Loading from file system: jar:file:/C:/Users/Hao/.m2/repository/com/github/almasb/fxgl/11.16/fxgl-11.16.jar!/fxglassets/ui/fonts/lucida_console.ttf
22:00:00.337 [JavaFX Application Thread] DEBUG FXGLAssetLoaderServi - Loading from file system: jar:file:/C:/Users/Hao/.m2/repository/com/github/almasb/fxgl/11.16/fxgl-11.16.jar!/fxglassets/textures/fxgl_default_cursor.png
22:00:00.340 [JavaFX Application Thread] DEBUG Input                - Registered new binding: Screenshot - CTRL+8
22:00:00.341 [JavaFX Application Thread] DEBUG Input                - Registered new binding: System info dump - CTRL+9
22:00:00.342 [JavaFX Application Thread] DEBUG Input                - Registered new binding: Restart - CTRL+R
22:00:00.342 [JavaFX Application Thread] DEBUG Input                - Registered new binding: Toggle Debug Camera - CTRL+C
22:00:00.346 [JavaFX Application Thread] DEBUG LoopRunner           - Starting loop
22:00:00.346 [JavaFX Application Thread] DEBUG LoopRunner           - Initializing JavaFX AnimationTimerLoop
22:00:00.348 [JavaFX Application Thread] DEBUG GameApplicationServi - Starting new game
22:00:00.349 [JavaFX Application Thread] DEBUG Input                - Clearing active input actions
22:00:00.350 [FXGL Background Thread 4 ] DEBUG FXGLAssetLoaderServi - Loading from file system: jar:file:/C:/Users/Hao/.m2/repository/com/github/almasb/fxgl/11.16/fxgl-11.16.jar!/fxglassets/ui/fonts/Courier-Prime.ttf
22:00:00.375 [JavaFX Application Thread] DEBUG GameApplicationServi - Removing overlay from FXGLStartupScene and adding to FXGLLoadingScene
22:00:00.375 [JavaFX Application Thread] DEBUG PrimaryStageWindow   - FXGLStartupScene -> FXGLLoadingScene
22:00:00.375 [JavaFX Application Thread] DEBUG GameApplicationServi - Clearing previous game
22:00:00.375 [JavaFX Application Thread] DEBUG GameScene            - Clearing game scene
22:00:00.375 [JavaFX Application Thread] DEBUG GameWorld            - Clearing game world
22:00:00.376 [JavaFX Application Thread] DEBUG PhysicsWorld         - Clearing physics world
22:00:00.382 [FXGL Background Thread 4 ] DEBUG FXGLApplication      - Initializing game
22:00:00.405 [FXGL Background Thread 4 ] DEBUG FXGLAssetLoaderServi - Loading from file system: file:/C:/Users/Hao/Documents/DAM%202%20PRO/GameFX/target/classes/assets/textures/space.jpg
22:00:00.453 [JavaFX Application Thread] DEBUG FXGLApplication      - Registering font factories with UI factory
22:00:00.698 [FXGL Background Thread 4 ] DEBUG FXGLAssetLoaderServi - Loading from file system: file:/C:/Users/Hao/Documents/DAM%202%20PRO/GameFX/target/classes/assets/textures/center.png
22:00:00.769 [FXGL Background Thread 4 ] DEBUG FXGLAssetLoaderServi - Loading from file system: file:/C:/Users/Hao/Documents/DAM%202%20PRO/GameFX/target/classes/assets/textures/enterprise.png
22:00:00.853 [FXGL Background Thread 4 ] INFO  FXGLApplication      - Game initialization took: 0,470 sec
22:00:00.853 [JavaFX Application Thread] DEBUG Input                - Clearing active input actions
22:00:00.877 [JavaFX Application Thread] DEBUG GameApplicationServi - Removing overlay from FXGLLoadingScene and adding to GameScene
22:00:00.877 [JavaFX Application Thread] DEBUG PrimaryStageWindow   - FXGLLoadingScene -> GameScene
22:00:00.941 [JavaFX Application Thread] DEBUG FXGLAssetLoaderServi - Loading from file system: file:/C:/Users/Hao/Documents/DAM%202%20PRO/GameFX/target/classes/assets/textures/enemies.png
22:00:01.229 [FXGL Background Thread 2 ] INFO  UpdaterService       - Your current version:  11.16
22:00:01.229 [FXGL Background Thread 2 ] INFO  UpdaterService       - Latest stable version: 17.2
22:00:02.489 [JavaFX Application Thread] DEBUG FXGLApplication      - Exiting FXGL
22:00:02.490 [JavaFX Application Thread] DEBUG LoopRunner           - Stopping loop
22:00:02.491 [JavaFX Application Thread] DEBUG SystemBundleService  - Saving FXGL system data
22:00:02.504 [JavaFX Application Thread] DEBUG FileSystemAccess     - Writing to: C:\Users\Hao\Documents\DAM 2 PRO\GameFX\system\fxgl.bundle
22:00:02.516 [JavaFX Application Thread] DEBUG Async                - Shutting down background threads
22:00:02.517 [JavaFX Application Thread] DEBUG PrimaryStageWindow   - Closing main window
22:00:02.615 [JavaFX Application Thread] DEBUG Logger               - Closing Logger
