17:53:01.416 [main                     ] DEBUG Logger               - Configured Logger
17:53:01.417 [main                     ] DEBUG GameApplication      - Logging settings
Title: Dead Space but Family Friendly
Version: 0.1
Width: 1200
Height: 700
Fullscreen: true
Intro: false
Profiling: false
Single step:false
App Mode: DEVELOPER
Menu Key: ESCAPE
Stage Style: DECORATED
Scene Factory: class com.almasb.fxgl.app.scene.SceneFactory

17:53:01.619 [JavaFX Application Thread] DEBUG FXGLApplication      - Initializing FXGL
17:53:01.620 [JavaFX Application Thread] INFO  Engine               - FXGL-11.16 (25.05.2021 08.16) on WINDOWS (J:18.0.2.1 FX:16)
17:53:01.620 [JavaFX Application Thread] DEBUG Engine               - JRE Vendor Name: Oracle Corporation
17:53:01.620 [JavaFX Application Thread] DEBUG Engine               - Running on OS: Windows 10 version 10.0
17:53:01.620 [JavaFX Application Thread] DEBUG Engine               - Architecture: amd64
17:53:01.621 [JavaFX Application Thread] INFO  Engine               - Source code and latest versions at: https://github.com/AlmasB/FXGL
17:53:01.621 [JavaFX Application Thread] INFO  Engine               -              Join the FXGL chat at: https://gitter.im/AlmasB/FXGL
17:53:01.672 [JavaFX Application Thread] DEBUG PrimaryStageWindow   - Creating a JavaFX scene
17:53:01.695 [JavaFX Application Thread] DEBUG PrimaryStageWindow   - Target settings size: 1200.0 x 700.0
17:53:01.696 [JavaFX Application Thread] DEBUG PrimaryStageWindow   - Scaled scene size:    1200.0 x 700.0
17:53:01.696 [JavaFX Application Thread] DEBUG PrimaryStageWindow   - Scaled ratio: (1.0, 1.0)
17:53:01.696 [JavaFX Application Thread] DEBUG PrimaryStageWindow   - Set initial scene to FXGLStartupScene
17:53:01.700 [JavaFX Application Thread] DEBUG PrimaryStageWindow   - Opening main window
17:53:01.744 [JavaFX Application Thread] DEBUG PrimaryStageWindow   - Window border size: (14.4000244140625, 37.5999755859375)
17:53:01.744 [JavaFX Application Thread] DEBUG PrimaryStageWindow   - Scaled size: 1200.0 x 700.0
17:53:01.744 [JavaFX Application Thread] DEBUG PrimaryStageWindow   - Scaled ratio: (1.0, 1.0)
17:53:01.744 [JavaFX Application Thread] DEBUG PrimaryStageWindow   - Scene size: 1200.0 x 700.0
17:53:01.744 [JavaFX Application Thread] DEBUG PrimaryStageWindow   - Stage size: 1214.4000244140625 x 737.5999755859375
17:53:01.748 [FXGL Background Thread 1 ] DEBUG Engine               - Initializing environment variables
17:53:01.779 [FXGL Background Thread 1 ] DEBUG FXGLAssetLoaderServi - User app class for loading assets: class com.example.gamefx.MainGame
17:53:01.780 [FXGL Background Thread 1 ] DEBUG GameApplicationServi - Applying CSS: fxgl_dark.css
17:53:01.780 [FXGL Background Thread 1 ] DEBUG FXGLAssetLoaderServi - Loading from file system: jar:file:/C:/Users/Hao/.m2/repository/com/github/almasb/fxgl/11.16/fxgl-11.16.jar!/fxglassets/ui/css/fxgl_dark.css
17:53:01.805 [FXGL Background Thread 1 ] DEBUG GameApplicationServi - Initializing application scenes
17:53:01.831 [FXGL Background Thread 1 ] DEBUG GameWorld            - Game world initialized
17:53:01.868 [FXGL Background Thread 1 ] DEBUG PhysicsWorld         - Physics world initialized: appHeight=700, physics.ppm=50,0
17:53:01.868 [FXGL Background Thread 1 ] DEBUG PhysicsWorld         - Using strategy: BRUTE_FORCE
17:53:01.870 [FXGL Background Thread 1 ] DEBUG GameScene            - Game scene initialized: 1200x700
17:53:01.877 [FXGL Background Thread 1 ] DEBUG FXGL.DefaultMenu     - createMenuBodyGameMenu()
17:53:01.885 [FXGL Background Thread 1 ] DEBUG FXGL.DefaultMenu     - createOptionsMenu()
17:53:01.891 [FXGL Background Thread 1 ] DEBUG FXGLAssetLoaderServi - Loading from file system: jar:file:/C:/Users/Hao/.m2/repository/com/github/almasb/fxgl/11.16/fxgl-11.16.jar!/fxglassets/textures/particles/smoke.png
17:53:01.953 [FXGL Background Thread 1 ] DEBUG FXGLAssetLoaderServi - Loading from file system: jar:file:/C:/Users/Hao/.m2/repository/com/github/almasb/fxgl/11.16/fxgl-11.16.jar!/fxglassets/textures/particles/trace_horizontal.png
17:53:01.975 [FXGL Background Thread 1 ] DEBUG GameApplicationServi - Application scenes initialized
17:53:01.982 [FXGL Background Thread 1 ] DEBUG SystemBundleService  - Loading FXGL system data
17:53:01.984 [FXGL Background Thread 1 ] DEBUG FileSystemAccess     - Reading from: C:\Users\Hao\Documents\DAM 2 PRO\GameFX\system\fxgl.bundle
17:53:01.989 [FXGL Background Thread 1 ] DEBUG SystemBundleService  - Bundle FXGL: {}
17:53:01.989 [FXGL Background Thread 1 ] DEBUG UpdaterService       - Checking for updates
17:53:01.992 [FXGL Background Thread 4 ] DEBUG FXGLApplication      - Loading fonts
17:53:01.992 [FXGL Background Thread 1 ] DEBUG FXGLApplication      - Loading default localization
17:53:01.992 [FXGL Background Thread 1 ] DEBUG FXGLAssetLoaderServi - Loading from file system: jar:file:/C:/Users/Hao/.m2/repository/com/github/almasb/fxgl/11.16/fxgl-11.16.jar!/fxglassets/languages/english.lang
17:53:01.992 [FXGL Background Thread 4 ] DEBUG FXGLAssetLoaderServi - Loading from file system: jar:file:/C:/Users/Hao/.m2/repository/com/github/almasb/fxgl/11.16/fxgl-11.16.jar!/fxglassets/ui/fonts/VarelaRound-Regular.ttf
17:53:02.004 [FXGL Background Thread 1 ] INFO  FXGLApplication      - FXGL initialization took: 0,256 sec
17:53:02.012 [JavaFX Application Thread] DEBUG Input                - Registered new binding: left - Left
17:53:02.013 [JavaFX Application Thread] DEBUG Input                - Registered new binding: right - Right
17:53:02.013 [JavaFX Application Thread] DEBUG Input                - Registered new binding: up - Up
17:53:02.013 [JavaFX Application Thread] DEBUG Input                - Registered new binding: down - Down
17:53:02.014 [JavaFX Application Thread] DEBUG Input                - Registered new binding: Bullet - Space
17:53:02.015 [JavaFX Application Thread] DEBUG FXGLAssetLoaderServi - Loading from file system: jar:file:/C:/Users/Hao/.m2/repository/com/github/almasb/fxgl/11.16/fxgl-11.16.jar!/fxglassets/textures/fxgl_icon.png
17:53:02.024 [FXGL Background Thread 4 ] DEBUG FXGLAssetLoaderServi - Loading from file system: jar:file:/C:/Users/Hao/.m2/repository/com/github/almasb/fxgl/11.16/fxgl-11.16.jar!/fxglassets/ui/fonts/Abel-Regular.ttf
17:53:02.026 [FXGL Background Thread 4 ] DEBUG FXGLAssetLoaderServi - Loading from file system: jar:file:/C:/Users/Hao/.m2/repository/com/github/almasb/fxgl/11.16/fxgl-11.16.jar!/fxglassets/ui/fonts/lucida_console.ttf
17:53:02.030 [JavaFX Application Thread] DEBUG FXGLAssetLoaderServi - Loading from file system: jar:file:/C:/Users/Hao/.m2/repository/com/github/almasb/fxgl/11.16/fxgl-11.16.jar!/fxglassets/textures/fxgl_default_cursor.png
17:53:02.030 [FXGL Background Thread 4 ] DEBUG FXGLAssetLoaderServi - Loading from file system: jar:file:/C:/Users/Hao/.m2/repository/com/github/almasb/fxgl/11.16/fxgl-11.16.jar!/fxglassets/ui/fonts/Courier-Prime.ttf
17:53:02.032 [JavaFX Application Thread] DEBUG Input                - Registered new binding: Screenshot - CTRL+8
17:53:02.032 [JavaFX Application Thread] DEBUG Input                - Registered new binding: System info dump - CTRL+9
17:53:02.032 [JavaFX Application Thread] DEBUG Input                - Registered new binding: Restart - CTRL+R
17:53:02.033 [JavaFX Application Thread] DEBUG Input                - Registered new binding: Toggle Debug Camera - CTRL+C
17:53:02.036 [JavaFX Application Thread] DEBUG LoopRunner           - Starting loop
17:53:02.036 [JavaFX Application Thread] DEBUG LoopRunner           - Initializing JavaFX AnimationTimerLoop
17:53:02.038 [JavaFX Application Thread] DEBUG GameApplicationServi - Starting new game
17:53:02.038 [JavaFX Application Thread] DEBUG Input                - Clearing active input actions
17:53:02.050 [JavaFX Application Thread] DEBUG GameApplicationServi - Removing overlay from FXGLStartupScene and adding to FXGLLoadingScene
17:53:02.051 [JavaFX Application Thread] DEBUG PrimaryStageWindow   - FXGLStartupScene -> FXGLLoadingScene
17:53:02.051 [JavaFX Application Thread] DEBUG GameApplicationServi - Clearing previous game
17:53:02.051 [JavaFX Application Thread] DEBUG GameScene            - Clearing game scene
17:53:02.051 [JavaFX Application Thread] DEBUG GameWorld            - Clearing game world
17:53:02.051 [JavaFX Application Thread] DEBUG PhysicsWorld         - Clearing physics world
17:53:02.054 [JavaFX Application Thread] DEBUG FXGLApplication      - Registering font factories with UI factory
17:53:02.054 [FXGL Background Thread 4 ] DEBUG FXGLApplication      - Initializing game
17:53:02.067 [FXGL Background Thread 4 ] DEBUG FXGLAssetLoaderServi - Loading from file system: file:/C:/Users/Hao/Documents/DAM%202%20PRO/GameFX/target/classes/assets/textures/space.jpg
17:53:02.211 [FXGL Background Thread 4 ] DEBUG FXGLAssetLoaderServi - Loading from file system: file:/C:/Users/Hao/Documents/DAM%202%20PRO/GameFX/target/classes/assets/textures/center.png
17:53:02.228 [FXGL Background Thread 4 ] DEBUG FXGLAssetLoaderServi - Loading from file system: file:/C:/Users/Hao/Documents/DAM%202%20PRO/GameFX/target/classes/assets/textures/enterprise.png
17:53:02.233 [FXGL Background Thread 4 ] INFO  FXGLApplication      - Game initialization took: 0,180 sec
17:53:02.234 [JavaFX Application Thread] DEBUG Input                - Clearing active input actions
17:53:02.238 [JavaFX Application Thread] DEBUG GameApplicationServi - Removing overlay from FXGLLoadingScene and adding to GameScene
17:53:02.239 [JavaFX Application Thread] DEBUG PrimaryStageWindow   - FXGLLoadingScene -> GameScene
17:53:02.244 [JavaFX Application Thread] DEBUG FXGLAssetLoaderServi - Loading from file system: file:/C:/Users/Hao/Documents/DAM%202%20PRO/GameFX/target/classes/assets/textures/enemies.png
17:53:02.524 [FXGL Background Thread 2 ] INFO  UpdaterService       - Your current version:  11.16
17:53:02.524 [FXGL Background Thread 2 ] INFO  UpdaterService       - Latest stable version: 17.2
17:53:04.993 [FXGL Background Thread 3 ] DEBUG Engine               - Logging environment variables
17:53:04.993 [FXGL Background Thread 3 ] DEBUG Engine               - achievements: []
17:53:04.993 [FXGL Background Thread 3 ] DEBUG Engine               - actualHeight: 700.0
17:53:04.993 [FXGL Background Thread 3 ] DEBUG Engine               - actualHeightProperty: ReadOnlyDoubleProperty [value: 700.0]
17:53:04.993 [FXGL Background Thread 3 ] DEBUG Engine               - actualWidth: 1200.0
17:53:04.993 [FXGL Background Thread 3 ] DEBUG Engine               - actualWidthProperty: ReadOnlyDoubleProperty [value: 1200.0]
17:53:04.993 [FXGL Background Thread 3 ] DEBUG Engine               - appIcon: fxgl_icon.png
17:53:04.993 [FXGL Background Thread 3 ] DEBUG Engine               - applicationMode: DEVELOPER
17:53:04.993 [FXGL Background Thread 3 ] DEBUG Engine               - cSSList: [fxgl_dark.css]
17:53:04.993 [FXGL Background Thread 3 ] DEBUG Engine               - collisionDetectionStrategy: BRUTE_FORCE
17:53:04.993 [FXGL Background Thread 3 ] DEBUG Engine               - configClass: Optional.empty
17:53:04.994 [FXGL Background Thread 3 ] DEBUG Engine               - credits: []
17:53:04.994 [FXGL Background Thread 3 ] DEBUG Engine               - defaultCursor: CursorInfo(imageName=fxgl_default_cursor.png, hotspotX=7.0, hotspotY=6.0)
17:53:04.994 [FXGL Background Thread 3 ] DEBUG Engine               - devBBoxColorProperty: ObjectProperty [value: 0xff0000ff]
17:53:04.994 [FXGL Background Thread 3 ] DEBUG Engine               - devEnableDebugCameraProperty: BooleanProperty [value: false]
17:53:04.994 [FXGL Background Thread 3 ] DEBUG Engine               - devSensorColorProperty: ObjectProperty [value: 0xffff00ff]
17:53:04.994 [FXGL Background Thread 3 ] DEBUG Engine               - devShowBBoxProperty: BooleanProperty [value: false]
17:53:04.994 [FXGL Background Thread 3 ] DEBUG Engine               - devShowPositionProperty: BooleanProperty [value: false]
17:53:04.994 [FXGL Background Thread 3 ] DEBUG Engine               - enabledMenuItems: []
17:53:04.994 [FXGL Background Thread 3 ] DEBUG Engine               - engineServices: [class com.almasb.fxgl.app.services.FXGLAssetLoaderService, class com.almasb.fxgl.app.FXGLApplication$GameApplicationService, class com.almasb.fxgl.app.services.FXGLDialogService, class com.almasb.fxgl.app.services.IOTaskExecutorService, class com.almasb.fxgl.io.FileSystemService, class com.almasb.fxgl.localization.LocalizationService, class com.almasb.fxgl.app.services.SystemBundleService, class com.almasb.fxgl.profile.SaveLoadService, class com.almasb.fxgl.ui.FXGLUIFactoryServiceProvider, class com.almasb.fxgl.ui.FXGLDialogFactoryServiceProvider, class com.almasb.fxgl.audio.AudioPlayer, class com.almasb.fxgl.notification.impl.NotificationServiceProvider, class com.almasb.fxgl.achievement.AchievementService, class com.almasb.fxgl.cutscene.CutsceneService, class com.almasb.fxgl.minigames.MiniGameService, class com.almasb.fxgl.net.NetService, class com.almasb.fxgl.app.services.UpdaterService, class com.almasb.fxgl.dev.DevService]
17:53:04.994 [FXGL Background Thread 3 ] DEBUG Engine               - fontGame: Abel-Regular.ttf
17:53:04.994 [FXGL Background Thread 3 ] DEBUG Engine               - fontMono: lucida_console.ttf
17:53:04.994 [FXGL Background Thread 3 ] DEBUG Engine               - fontText: Courier-Prime.ttf
17:53:04.994 [FXGL Background Thread 3 ] DEBUG Engine               - fontUI: VarelaRound-Regular.ttf
17:53:04.994 [FXGL Background Thread 3 ] DEBUG Engine               - fullScreen: BooleanProperty [value: false]
17:53:04.994 [FXGL Background Thread 3 ] DEBUG Engine               - gameDifficulty: MEDIUM
17:53:04.994 [FXGL Background Thread 3 ] DEBUG Engine               - gameDifficultyProperty: ObjectProperty [value: MEDIUM]
17:53:04.994 [FXGL Background Thread 3 ] DEBUG Engine               - globalMusicVolume: 0.5
17:53:04.994 [FXGL Background Thread 3 ] DEBUG Engine               - globalMusicVolumeProperty: DoubleProperty [value: 0.5]
17:53:04.994 [FXGL Background Thread 3 ] DEBUG Engine               - globalSoundVolume: 0.5
17:53:04.994 [FXGL Background Thread 3 ] DEBUG Engine               - globalSoundVolumeProperty: DoubleProperty [value: 0.5]
17:53:04.994 [FXGL Background Thread 3 ] DEBUG Engine               - height: 700
17:53:04.994 [FXGL Background Thread 3 ] DEBUG Engine               - is3D: false
17:53:04.994 [FXGL Background Thread 3 ] DEBUG Engine               - isAndroid: false
17:53:04.994 [FXGL Background Thread 3 ] DEBUG Engine               - isBrowser: false
17:53:04.995 [FXGL Background Thread 3 ] DEBUG Engine               - isClickFeedbackEnabled: false
17:53:04.995 [FXGL Background Thread 3 ] DEBUG Engine               - isCloseConfirmation: false
17:53:04.995 [FXGL Background Thread 3 ] DEBUG Engine               - isDesktop: true
17:53:04.995 [FXGL Background Thread 3 ] DEBUG Engine               - isDeveloperMenuEnabled: false
17:53:04.995 [FXGL Background Thread 3 ] DEBUG Engine               - isEntityPreloadEnabled: true
17:53:04.995 [FXGL Background Thread 3 ] DEBUG Engine               - isExperimentalTiledLargeMap: false
17:53:04.995 [FXGL Background Thread 3 ] DEBUG Engine               - isFileSystemWriteAllowed: true
17:53:04.995 [FXGL Background Thread 3 ] DEBUG Engine               - isFullScreenAllowed: true
17:53:04.995 [FXGL Background Thread 3 ] DEBUG Engine               - isFullScreenFromStart: false
17:53:04.995 [FXGL Background Thread 3 ] DEBUG Engine               - isGameMenuEnabled: true
17:53:04.995 [FXGL Background Thread 3 ] DEBUG Engine               - isIOS: false
17:53:04.995 [FXGL Background Thread 3 ] DEBUG Engine               - isIntroEnabled: false
17:53:04.995 [FXGL Background Thread 3 ] DEBUG Engine               - isLinux: false
17:53:04.995 [FXGL Background Thread 3 ] DEBUG Engine               - isMac: false
17:53:04.995 [FXGL Background Thread 3 ] DEBUG Engine               - isMainMenuEnabled: false
17:53:04.995 [FXGL Background Thread 3 ] DEBUG Engine               - isManualResizeEnabled: false
17:53:04.995 [FXGL Background Thread 3 ] DEBUG Engine               - isMobile: false
17:53:04.995 [FXGL Background Thread 3 ] DEBUG Engine               - isNative: false
17:53:04.995 [FXGL Background Thread 3 ] DEBUG Engine               - isPreserveResizeRatio: false
17:53:04.995 [FXGL Background Thread 3 ] DEBUG Engine               - isProfilingEnabled: false
17:53:04.995 [FXGL Background Thread 3 ] DEBUG Engine               - isScaleAffectedOnResize: true
17:53:04.995 [FXGL Background Thread 3 ] DEBUG Engine               - isSingleStep: false
17:53:04.995 [FXGL Background Thread 3 ] DEBUG Engine               - isUserProfileEnabled: false
17:53:04.995 [FXGL Background Thread 3 ] DEBUG Engine               - isWindows: true
17:53:04.995 [FXGL Background Thread 3 ] DEBUG Engine               - language: ObjectProperty [value: ENGLISH]
17:53:04.995 [FXGL Background Thread 3 ] DEBUG Engine               - menuKey: ESCAPE
17:53:04.995 [FXGL Background Thread 3 ] DEBUG Engine               - mouseSensitivity: 0.2
17:53:04.995 [FXGL Background Thread 3 ] DEBUG Engine               - notificationViewClass: class com.almasb.fxgl.notification.view.XboxNotificationView
17:53:04.995 [FXGL Background Thread 3 ] DEBUG Engine               - pixelsPerMeter: 50.0
17:53:04.995 [FXGL Background Thread 3 ] DEBUG Engine               - platform: WINDOWS
17:53:04.995 [FXGL Background Thread 3 ] DEBUG Engine               - prefHeightProperty: ReadOnlyDoubleProperty [value: 700.0]
17:53:04.995 [FXGL Background Thread 3 ] DEBUG Engine               - prefWidthProperty: ReadOnlyDoubleProperty [value: 1200.0]
17:53:04.995 [FXGL Background Thread 3 ] DEBUG Engine               - profileDir: profiles/
17:53:04.995 [FXGL Background Thread 3 ] DEBUG Engine               - profileName: StringProperty [value: DEFAULT]
17:53:04.995 [FXGL Background Thread 3 ] DEBUG Engine               - randomSeed: -1
17:53:04.995 [FXGL Background Thread 3 ] DEBUG Engine               - runtimeInfo: RuntimeInfo(platform=WINDOWS, version=11.16, build=25.05.2021 08.16)
17:53:04.996 [FXGL Background Thread 3 ] DEBUG Engine               - saveFileExt: sav
17:53:04.996 [FXGL Background Thread 3 ] DEBUG Engine               - scaledHeightProp$fxgl: DoubleProperty [bound, value: 700.0]
17:53:04.996 [FXGL Background Thread 3 ] DEBUG Engine               - scaledWidthProp$fxgl: DoubleProperty [bound, value: 1200.0]
17:53:04.996 [FXGL Background Thread 3 ] DEBUG Engine               - sceneFactory: com.almasb.fxgl.app.scene.SceneFactory@294d8d67
17:53:04.996 [FXGL Background Thread 3 ] DEBUG Engine               - secondsIn24h: 60
17:53:04.996 [FXGL Background Thread 3 ] DEBUG Engine               - soundMenuBack: menu/back.wav
17:53:04.996 [FXGL Background Thread 3 ] DEBUG Engine               - soundMenuPress: menu/press.wav
17:53:04.996 [FXGL Background Thread 3 ] DEBUG Engine               - soundMenuSelect: menu/select.wav
17:53:04.996 [FXGL Background Thread 3 ] DEBUG Engine               - soundNotification: core/notification.wav
17:53:04.996 [FXGL Background Thread 3 ] DEBUG Engine               - stageStyle: DECORATED
17:53:04.996 [FXGL Background Thread 3 ] DEBUG Engine               - supportedLanguages: [ENGLISH, FRENCH, GERMAN, HUNGARIAN, RUSSIAN]
17:53:04.996 [FXGL Background Thread 3 ] DEBUG Engine               - ticksPerSecond: -1
17:53:04.996 [FXGL Background Thread 3 ] DEBUG Engine               - title: Dead Space but Family Friendly
17:53:04.996 [FXGL Background Thread 3 ] DEBUG Engine               - urlGithub: https://github.com/AlmasB/FXGL
17:53:04.996 [FXGL Background Thread 3 ] DEBUG Engine               - urlLeaderboard: http://fxgl-top.herokuapp.com/
17:53:04.996 [FXGL Background Thread 3 ] DEBUG Engine               - urlPOM: https://raw.githubusercontent.com/AlmasB/FXGL/release/README.md
17:53:04.996 [FXGL Background Thread 3 ] DEBUG Engine               - userAppClass: class com.example.gamefx.MainGame
17:53:04.996 [FXGL Background Thread 3 ] DEBUG Engine               - version: 0.1
17:53:04.996 [FXGL Background Thread 3 ] DEBUG Engine               - versionCheckDays: 7
17:53:04.996 [FXGL Background Thread 3 ] DEBUG Engine               - width: 1200
17:53:04.996 [FXGL Background Thread 3 ] DEBUG Engine               - Logging services
17:53:04.996 [FXGL Background Thread 3 ] DEBUG Engine               - class com.almasb.fxgl.app.services.FXGLAssetLoaderService
17:53:04.996 [FXGL Background Thread 3 ] DEBUG Engine               - class com.almasb.fxgl.app.FXGLApplication$GameApplicationService
17:53:04.996 [FXGL Background Thread 3 ] DEBUG Engine               - class com.almasb.fxgl.app.services.FXGLDialogService
17:53:04.996 [FXGL Background Thread 3 ] DEBUG Engine               - class com.almasb.fxgl.app.services.IOTaskExecutorService
17:53:04.996 [FXGL Background Thread 3 ] DEBUG Engine               - class com.almasb.fxgl.io.FileSystemService
17:53:04.996 [FXGL Background Thread 3 ] DEBUG Engine               - class com.almasb.fxgl.localization.LocalizationService
17:53:04.996 [FXGL Background Thread 3 ] DEBUG Engine               - class com.almasb.fxgl.app.services.SystemBundleService
17:53:04.996 [FXGL Background Thread 3 ] DEBUG Engine               - class com.almasb.fxgl.profile.SaveLoadService
17:53:04.996 [FXGL Background Thread 3 ] DEBUG Engine               - class com.almasb.fxgl.ui.FXGLUIFactoryServiceProvider
17:53:04.996 [FXGL Background Thread 3 ] DEBUG Engine               - class com.almasb.fxgl.ui.FXGLDialogFactoryServiceProvider
17:53:04.996 [FXGL Background Thread 3 ] DEBUG Engine               - class com.almasb.fxgl.audio.AudioPlayer
17:53:04.996 [FXGL Background Thread 3 ] DEBUG Engine               - class com.almasb.fxgl.notification.impl.NotificationServiceProvider
17:53:04.996 [FXGL Background Thread 3 ] DEBUG Engine               - class com.almasb.fxgl.achievement.AchievementService
17:53:04.996 [FXGL Background Thread 3 ] DEBUG Engine               - class com.almasb.fxgl.cutscene.CutsceneService
17:53:04.996 [FXGL Background Thread 3 ] DEBUG Engine               - class com.almasb.fxgl.minigames.MiniGameService
17:53:04.996 [FXGL Background Thread 3 ] DEBUG Engine               - class com.almasb.fxgl.net.NetService
17:53:04.996 [FXGL Background Thread 3 ] DEBUG Engine               - class com.almasb.fxgl.app.services.UpdaterService
17:53:04.996 [FXGL Background Thread 3 ] DEBUG Engine               - class com.almasb.fxgl.dev.DevService
17:53:06.793 [JavaFX Application Thread] DEBUG FXGLAssetLoaderServi - Loading from file system: file:/C:/Users/Hao/Documents/DAM%202%20PRO/GameFX/target/classes/assets/sounds/sfx_lose.wav
17:53:08.236 [JavaFX Application Thread] DEBUG FXGLAssetLoaderServi - Loading from file system: file:/C:/Users/Hao/Documents/DAM%202%20PRO/GameFX/target/classes/assets/textures/laserred1.png
17:53:08.239 [JavaFX Application Thread] DEBUG FXGLAssetLoaderServi - Loading from file system: file:/C:/Users/Hao/Documents/DAM%202%20PRO/GameFX/target/classes/assets/sounds/sfx_laser1.wav
17:53:09.691 [JavaFX Application Thread] DEBUG FXGLAssetLoaderServi - Loading from file system: file:/C:/Users/Hao/Documents/DAM%202%20PRO/GameFX/target/classes/assets/textures/laserYellow_burst.png
17:53:09.693 [JavaFX Application Thread] DEBUG FXGLAssetLoaderServi - Loading from file system: file:/C:/Users/Hao/Documents/DAM%202%20PRO/GameFX/target/classes/assets/sounds/explosion.wav
17:53:13.098 [JavaFX Application Thread] DEBUG FXGLAssetLoaderServi - Loading from file system: file:/C:/Users/Hao/Documents/DAM%202%20PRO/GameFX/target/classes/assets/textures/pill_green.png
17:53:13.100 [JavaFX Application Thread] WARN  Entity               - Entity already has component: com.almasb.fxgl.entity.components.CollidableComponent
17:53:18.285 [JavaFX Application Thread] WARN  Entity               - Entity already has component: com.almasb.fxgl.entity.components.CollidableComponent
17:53:19.324 [JavaFX Application Thread] WARN  Entity               - Entity already has component: com.almasb.fxgl.entity.components.CollidableComponent
17:53:19.448 [JavaFX Application Thread] DEBUG PrimaryStageWindow   - Push state: DialogSubScene
17:53:19.448 [JavaFX Application Thread] DEBUG Input                - Clearing active input actions
17:53:19.454 [JavaFX Application Thread] DEBUG GameApplicationServi - Removing overlay from GameScene and adding to DialogSubScene
17:53:19.454 [JavaFX Application Thread] DEBUG PrimaryStageWindow   - GameScene -> DialogSubScene
17:53:21.153 [JavaFX Application Thread] DEBUG PrimaryStageWindow   - Pop state: DialogSubScene
17:53:21.153 [JavaFX Application Thread] DEBUG Input                - Clearing active input actions
17:53:21.156 [JavaFX Application Thread] DEBUG GameApplicationServi - Removing overlay from DialogSubScene and adding to GameScene
17:53:21.157 [JavaFX Application Thread] DEBUG PrimaryStageWindow   - GameScene <- DialogSubScene
17:53:21.157 [JavaFX Application Thread] DEBUG GameApplicationServi - Starting new game
17:53:21.157 [JavaFX Application Thread] DEBUG Input                - Clearing active input actions
17:53:21.161 [JavaFX Application Thread] DEBUG GameApplicationServi - Removing overlay from GameScene and adding to FXGLLoadingScene
17:53:21.161 [JavaFX Application Thread] DEBUG PrimaryStageWindow   - GameScene -> FXGLLoadingScene
17:53:21.161 [JavaFX Application Thread] DEBUG GameApplicationServi - Clearing previous game
17:53:21.161 [JavaFX Application Thread] DEBUG GameScene            - Clearing game scene
17:53:21.161 [JavaFX Application Thread] DEBUG GameWorld            - Clearing game world
17:53:21.162 [JavaFX Application Thread] DEBUG PhysicsWorld         - Clearing physics world
17:53:21.162 [FXGL Background Thread 2 ] DEBUG FXGLApplication      - Initializing game
17:53:21.164 [FXGL Background Thread 2 ] INFO  FXGLApplication      - Game initialization took: 0,002 sec
17:53:21.165 [JavaFX Application Thread] DEBUG Input                - Clearing active input actions
17:53:21.169 [JavaFX Application Thread] DEBUG GameApplicationServi - Removing overlay from FXGLLoadingScene and adding to GameScene
17:53:21.169 [JavaFX Application Thread] DEBUG PrimaryStageWindow   - FXGLLoadingScene -> GameScene
17:53:29.958 [JavaFX Application Thread] WARN  Entity               - Entity already has component: com.almasb.fxgl.entity.components.CollidableComponent
17:53:30.538 [JavaFX Application Thread] WARN  Entity               - Entity already has component: com.almasb.fxgl.entity.components.CollidableComponent
17:53:39.324 [JavaFX Application Thread] WARN  Entity               - Entity already has component: com.almasb.fxgl.entity.components.CollidableComponent
17:53:40.819 [JavaFX Application Thread] WARN  Entity               - Entity already has component: com.almasb.fxgl.entity.components.CollidableComponent
17:53:42.967 [JavaFX Application Thread] WARN  Entity               - Entity already has component: com.almasb.fxgl.entity.components.CollidableComponent
17:53:43.533 [JavaFX Application Thread] DEBUG FXGLAssetLoaderServi - Loading from file system: file:/C:/Users/Hao/Documents/DAM%202%20PRO/GameFX/target/classes/assets/textures/laserRed02.png
17:53:43.535 [JavaFX Application Thread] DEBUG FXGLAssetLoaderServi - Loading from file system: file:/C:/Users/Hao/Documents/DAM%202%20PRO/GameFX/target/classes/assets/sounds/sfx_laser2.wav
17:53:46.182 [JavaFX Application Thread] WARN  Entity               - Entity already has component: com.almasb.fxgl.entity.components.CollidableComponent
17:53:47.449 [JavaFX Application Thread] WARN  GameWorld            - Attempted to remove entity which is not active
17:53:49.659 [JavaFX Application Thread] WARN  Entity               - Entity already has component: com.almasb.fxgl.entity.components.CollidableComponent
17:53:49.908 [JavaFX Application Thread] WARN  Entity               - Entity already has component: com.almasb.fxgl.entity.components.CollidableComponent
17:53:51.305 [JavaFX Application Thread] WARN  Entity               - Entity already has component: com.almasb.fxgl.entity.components.CollidableComponent
17:53:51.616 [JavaFX Application Thread] WARN  GameWorld            - Attempted to remove entity which is not active
17:53:52.929 [JavaFX Application Thread] WARN  Entity               - Entity already has component: com.almasb.fxgl.entity.components.CollidableComponent
17:53:52.946 [JavaFX Application Thread] DEBUG FXGLAssetLoaderServi - Loading from file system: file:/C:/Users/Hao/Documents/DAM%202%20PRO/GameFX/target/classes/assets/textures/laserRed04.png
17:53:53.505 [JavaFX Application Thread] WARN  Entity               - Entity already has component: com.almasb.fxgl.entity.components.CollidableComponent
17:53:53.700 [JavaFX Application Thread] WARN  Entity               - Entity already has component: com.almasb.fxgl.entity.components.CollidableComponent
17:53:53.945 [JavaFX Application Thread] WARN  Entity               - Entity already has component: com.almasb.fxgl.entity.components.CollidableComponent
17:53:54.609 [JavaFX Application Thread] WARN  Entity               - Entity already has component: com.almasb.fxgl.entity.components.CollidableComponent
17:53:55.144 [JavaFX Application Thread] WARN  Entity               - Entity already has component: com.almasb.fxgl.entity.components.CollidableComponent
17:53:55.481 [JavaFX Application Thread] WARN  Entity               - Entity already has component: com.almasb.fxgl.entity.components.CollidableComponent
17:53:56.436 [JavaFX Application Thread] WARN  Entity               - Entity already has component: com.almasb.fxgl.entity.components.CollidableComponent
17:53:56.475 [JavaFX Application Thread] WARN  Entity               - Entity already has component: com.almasb.fxgl.entity.components.CollidableComponent
17:53:56.519 [JavaFX Application Thread] WARN  Entity               - Entity already has component: com.almasb.fxgl.entity.components.CollidableComponent
17:53:56.769 [JavaFX Application Thread] WARN  Entity               - Entity already has component: com.almasb.fxgl.entity.components.CollidableComponent
17:53:56.790 [JavaFX Application Thread] WARN  Entity               - Entity already has component: com.almasb.fxgl.entity.components.CollidableComponent
17:53:56.906 [JavaFX Application Thread] WARN  Entity               - Entity already has component: com.almasb.fxgl.entity.components.CollidableComponent
17:53:56.970 [JavaFX Application Thread] WARN  Entity               - Entity already has component: com.almasb.fxgl.entity.components.CollidableComponent
17:53:57.283 [JavaFX Application Thread] WARN  Entity               - Entity already has component: com.almasb.fxgl.entity.components.CollidableComponent
17:53:57.637 [JavaFX Application Thread] WARN  Entity               - Entity already has component: com.almasb.fxgl.entity.components.CollidableComponent
17:53:57.734 [JavaFX Application Thread] WARN  Entity               - Entity already has component: com.almasb.fxgl.entity.components.CollidableComponent
17:53:57.913 [JavaFX Application Thread] WARN  Entity               - Entity already has component: com.almasb.fxgl.entity.components.CollidableComponent
17:53:57.922 [JavaFX Application Thread] WARN  Entity               - Entity already has component: com.almasb.fxgl.entity.components.CollidableComponent
17:53:58.153 [JavaFX Application Thread] WARN  Entity               - Entity already has component: com.almasb.fxgl.entity.components.CollidableComponent
17:53:58.410 [JavaFX Application Thread] WARN  Entity               - Entity already has component: com.almasb.fxgl.entity.components.CollidableComponent
17:53:58.698 [JavaFX Application Thread] WARN  Entity               - Entity already has component: com.almasb.fxgl.entity.components.CollidableComponent
17:53:59.130 [JavaFX Application Thread] WARN  Entity               - Entity already has component: com.almasb.fxgl.entity.components.CollidableComponent
17:53:59.456 [JavaFX Application Thread] WARN  Entity               - Entity already has component: com.almasb.fxgl.entity.components.CollidableComponent
17:53:59.464 [JavaFX Application Thread] WARN  Entity               - Entity already has component: com.almasb.fxgl.entity.components.CollidableComponent
17:54:00.776 [JavaFX Application Thread] DEBUG PrimaryStageWindow   - Push state: DialogSubScene
17:54:00.776 [JavaFX Application Thread] DEBUG Input                - Clearing active input actions
17:54:00.776 [JavaFX Application Thread] DEBUG GameApplicationServi - Removing overlay from GameScene and adding to DialogSubScene
17:54:00.777 [JavaFX Application Thread] DEBUG PrimaryStageWindow   - GameScene -> DialogSubScene
17:54:03.503 [JavaFX Application Thread] DEBUG FXGLApplication      - Exiting FXGL
17:54:03.503 [JavaFX Application Thread] DEBUG LoopRunner           - Stopping loop
17:54:03.504 [JavaFX Application Thread] DEBUG SystemBundleService  - Saving FXGL system data
17:54:03.575 [JavaFX Application Thread] DEBUG FileSystemAccess     - Writing to: C:\Users\Hao\Documents\DAM 2 PRO\GameFX\system\fxgl.bundle
17:54:03.578 [JavaFX Application Thread] DEBUG Async                - Shutting down background threads
17:54:03.578 [JavaFX Application Thread] DEBUG PrimaryStageWindow   - Closing main window
17:54:03.591 [JavaFX Application Thread] DEBUG Logger               - Closing Logger
