19:52:12.199 [main                     ] DEBUG Logger               - Configured Logger
19:52:12.202 [main                     ] DEBUG GameApplication      - Logging settings
Title: Dead Space but Family Friendly
Version: 0.1
Width: 1536
Height: 864
Fullscreen: true
Intro: false
Profiling: false
Single step:false
App Mode: DEVELOPER
Menu Key: ESCAPE
Stage Style: DECORATED
Scene Factory: class com.almasb.fxgl.app.scene.SceneFactory

19:52:12.553 [JavaFX Application Thread] DEBUG FXGLApplication      - Initializing FXGL
19:52:12.555 [JavaFX Application Thread] INFO  Engine               - FXGL-11.16 (25.05.2021 08.16) on WINDOWS (J:18.0.2.1 FX:16)
19:52:12.555 [JavaFX Application Thread] DEBUG Engine               - JRE Vendor Name: Oracle Corporation
19:52:12.555 [JavaFX Application Thread] DEBUG Engine               - Running on OS: Windows 10 version 10.0
19:52:12.555 [JavaFX Application Thread] DEBUG Engine               - Architecture: amd64
19:52:12.555 [JavaFX Application Thread] INFO  Engine               - Source code and latest versions at: https://github.com/AlmasB/FXGL
19:52:12.556 [JavaFX Application Thread] INFO  Engine               -              Join the FXGL chat at: https://gitter.im/AlmasB/FXGL
19:52:12.640 [JavaFX Application Thread] DEBUG PrimaryStageWindow   - Creating a JavaFX scene
19:52:12.677 [JavaFX Application Thread] DEBUG PrimaryStageWindow   - Target settings size: 1536.0 x 864.0
19:52:12.677 [JavaFX Application Thread] DEBUG PrimaryStageWindow   - Scaled scene size:    1536.0 x 864.0
19:52:12.678 [JavaFX Application Thread] DEBUG PrimaryStageWindow   - Scaled ratio: (1.0, 1.0)
19:52:12.678 [JavaFX Application Thread] DEBUG PrimaryStageWindow   - Set initial scene to FXGLStartupScene
19:52:12.684 [JavaFX Application Thread] DEBUG PrimaryStageWindow   - Opening main window
19:52:12.744 [JavaFX Application Thread] DEBUG PrimaryStageWindow   - Window border size: (14.4000244140625, 37.5999755859375)
19:52:12.744 [JavaFX Application Thread] DEBUG PrimaryStageWindow   - Scaled size: 1536.0 x 864.0
19:52:12.745 [JavaFX Application Thread] DEBUG PrimaryStageWindow   - Scaled ratio: (1.0, 1.0)
19:52:12.746 [JavaFX Application Thread] DEBUG PrimaryStageWindow   - Scene size: 1536.0 x 864.0
19:52:12.747 [JavaFX Application Thread] DEBUG PrimaryStageWindow   - Stage size: 1550.4000244140625 x 901.5999755859375
19:52:12.822 [JavaFX Application Thread] DEBUG PrimaryStageWindow   - Going fullscreen
19:52:12.831 [FXGL Background Thread 1 ] DEBUG Engine               - Initializing environment variables
19:52:12.891 [FXGL Background Thread 1 ] DEBUG FXGLAssetLoaderServi - User app class for loading assets: class com.example.gamefx.MainGame
19:52:12.891 [FXGL Background Thread 1 ] DEBUG GameApplicationServi - Applying CSS: fxgl_dark.css
19:52:12.892 [FXGL Background Thread 1 ] DEBUG FXGLAssetLoaderServi - Loading from file system: jar:file:/C:/Users/Hao/.m2/repository/com/github/almasb/fxgl/11.16/fxgl-11.16.jar!/fxglassets/ui/css/fxgl_dark.css
19:52:12.937 [FXGL Background Thread 1 ] DEBUG GameApplicationServi - Initializing application scenes
19:52:13.021 [FXGL Background Thread 1 ] DEBUG GameWorld            - Game world initialized
19:52:13.070 [FXGL Background Thread 1 ] DEBUG PhysicsWorld         - Physics world initialized: appHeight=864, physics.ppm=50,0
19:52:13.071 [FXGL Background Thread 1 ] DEBUG PhysicsWorld         - Using strategy: BRUTE_FORCE
19:52:13.074 [FXGL Background Thread 1 ] DEBUG GameScene            - Game scene initialized: 1536x864
19:52:13.084 [FXGL Background Thread 1 ] DEBUG FXGL.DefaultMenu     - createMenuBodyGameMenu()
19:52:13.096 [FXGL Background Thread 1 ] DEBUG FXGL.DefaultMenu     - createOptionsMenu()
19:52:13.106 [FXGL Background Thread 1 ] DEBUG FXGLAssetLoaderServi - Loading from file system: jar:file:/C:/Users/Hao/.m2/repository/com/github/almasb/fxgl/11.16/fxgl-11.16.jar!/fxglassets/textures/particles/smoke.png
19:52:13.219 [FXGL Background Thread 1 ] DEBUG FXGLAssetLoaderServi - Loading from file system: jar:file:/C:/Users/Hao/.m2/repository/com/github/almasb/fxgl/11.16/fxgl-11.16.jar!/fxglassets/textures/particles/trace_horizontal.png
19:52:13.252 [FXGL Background Thread 1 ] DEBUG GameApplicationServi - Application scenes initialized
19:52:13.262 [FXGL Background Thread 1 ] DEBUG SystemBundleService  - Loading FXGL system data
19:52:13.266 [FXGL Background Thread 1 ] DEBUG FileSystemAccess     - Reading from: C:\Users\Hao\Documents\DAM 2 PRO\GameFX\system\fxgl.bundle
19:52:13.275 [FXGL Background Thread 1 ] DEBUG SystemBundleService  - Bundle FXGL: {}
19:52:13.276 [FXGL Background Thread 1 ] DEBUG UpdaterService       - Checking for updates
19:52:13.280 [FXGL Background Thread 4 ] DEBUG FXGLApplication      - Loading fonts
19:52:13.281 [FXGL Background Thread 1 ] DEBUG FXGLApplication      - Loading default localization
19:52:13.281 [FXGL Background Thread 4 ] DEBUG FXGLAssetLoaderServi - Loading from file system: jar:file:/C:/Users/Hao/.m2/repository/com/github/almasb/fxgl/11.16/fxgl-11.16.jar!/fxglassets/ui/fonts/VarelaRound-Regular.ttf
19:52:13.282 [FXGL Background Thread 1 ] DEBUG FXGLAssetLoaderServi - Loading from file system: jar:file:/C:/Users/Hao/.m2/repository/com/github/almasb/fxgl/11.16/fxgl-11.16.jar!/fxglassets/languages/english.lang
19:52:13.310 [FXGL Background Thread 1 ] INFO  FXGLApplication      - FXGL initialization took: 0,479 sec
19:52:13.332 [JavaFX Application Thread] DEBUG Input                - Registered new binding: left - Left
19:52:13.332 [JavaFX Application Thread] DEBUG Input                - Registered new binding: right - Right
19:52:13.333 [JavaFX Application Thread] DEBUG Input                - Registered new binding: up - Up
19:52:13.334 [JavaFX Application Thread] DEBUG Input                - Registered new binding: down - Down
19:52:13.336 [JavaFX Application Thread] DEBUG Input                - Registered new binding: Bullet - Space
19:52:13.337 [JavaFX Application Thread] DEBUG FXGLAssetLoaderServi - Loading from file system: jar:file:/C:/Users/Hao/.m2/repository/com/github/almasb/fxgl/11.16/fxgl-11.16.jar!/fxglassets/textures/fxgl_icon.png
19:52:13.360 [FXGL Background Thread 4 ] DEBUG FXGLAssetLoaderServi - Loading from file system: jar:file:/C:/Users/Hao/.m2/repository/com/github/almasb/fxgl/11.16/fxgl-11.16.jar!/fxglassets/ui/fonts/Abel-Regular.ttf
19:52:13.366 [FXGL Background Thread 4 ] DEBUG FXGLAssetLoaderServi - Loading from file system: jar:file:/C:/Users/Hao/.m2/repository/com/github/almasb/fxgl/11.16/fxgl-11.16.jar!/fxglassets/ui/fonts/lucida_console.ttf
19:52:13.373 [JavaFX Application Thread] DEBUG FXGLAssetLoaderServi - Loading from file system: jar:file:/C:/Users/Hao/.m2/repository/com/github/almasb/fxgl/11.16/fxgl-11.16.jar!/fxglassets/textures/fxgl_default_cursor.png
19:52:13.374 [FXGL Background Thread 4 ] DEBUG FXGLAssetLoaderServi - Loading from file system: jar:file:/C:/Users/Hao/.m2/repository/com/github/almasb/fxgl/11.16/fxgl-11.16.jar!/fxglassets/ui/fonts/Courier-Prime.ttf
19:52:13.376 [JavaFX Application Thread] DEBUG Input                - Registered new binding: Screenshot - CTRL+8
19:52:13.376 [JavaFX Application Thread] DEBUG Input                - Registered new binding: System info dump - CTRL+9
19:52:13.377 [JavaFX Application Thread] DEBUG Input                - Registered new binding: Restart - CTRL+R
19:52:13.378 [JavaFX Application Thread] DEBUG Input                - Registered new binding: Toggle Debug Camera - CTRL+C
19:52:13.383 [JavaFX Application Thread] DEBUG LoopRunner           - Starting loop
19:52:13.384 [JavaFX Application Thread] DEBUG LoopRunner           - Initializing JavaFX AnimationTimerLoop
19:52:13.392 [JavaFX Application Thread] DEBUG GameApplicationServi - Starting new game
19:52:13.393 [JavaFX Application Thread] DEBUG Input                - Clearing active input actions
19:52:13.420 [JavaFX Application Thread] DEBUG GameApplicationServi - Removing overlay from FXGLStartupScene and adding to FXGLLoadingScene
19:52:13.422 [JavaFX Application Thread] DEBUG PrimaryStageWindow   - FXGLStartupScene -> FXGLLoadingScene
19:52:13.422 [JavaFX Application Thread] DEBUG GameApplicationServi - Clearing previous game
19:52:13.423 [JavaFX Application Thread] DEBUG GameScene            - Clearing game scene
19:52:13.423 [JavaFX Application Thread] DEBUG GameWorld            - Clearing game world
19:52:13.423 [JavaFX Application Thread] DEBUG PhysicsWorld         - Clearing physics world
19:52:13.424 [JavaFX Application Thread] DEBUG FXGLApplication      - Registering font factories with UI factory
19:52:13.425 [FXGL Background Thread 4 ] DEBUG FXGLApplication      - Initializing game
19:52:13.436 [FXGL Background Thread 4 ] DEBUG FXGLAssetLoaderServi - Loading from file system: file:/C:/Users/Hao/Documents/DAM%202%20PRO/GameFX/target/classes/assets/textures/space.jpg
19:52:13.766 [FXGL Background Thread 4 ] DEBUG FXGLAssetLoaderServi - Loading from file system: file:/C:/Users/Hao/Documents/DAM%202%20PRO/GameFX/target/classes/assets/textures/center.png
19:52:14.022 [FXGL Background Thread 4 ] DEBUG FXGLAssetLoaderServi - Loading from file system: file:/C:/Users/Hao/Documents/DAM%202%20PRO/GameFX/target/classes/assets/textures/enterprise.png
19:52:14.157 [FXGL Background Thread 4 ] INFO  FXGLApplication      - Game initialization took: 0,732 sec
19:52:14.158 [JavaFX Application Thread] DEBUG Input                - Clearing active input actions
19:52:14.175 [JavaFX Application Thread] DEBUG GameApplicationServi - Removing overlay from FXGLLoadingScene and adding to GameScene
19:52:14.175 [JavaFX Application Thread] DEBUG PrimaryStageWindow   - FXGLLoadingScene -> GameScene
19:52:14.513 [FXGL Background Thread 2 ] INFO  UpdaterService       - Your current version:  11.16
19:52:14.513 [FXGL Background Thread 2 ] INFO  UpdaterService       - Latest stable version: 17.2
19:52:16.281 [FXGL Background Thread 3 ] DEBUG Engine               - Logging environment variables
19:52:16.285 [FXGL Background Thread 3 ] DEBUG Engine               - achievements: []
19:52:16.286 [FXGL Background Thread 3 ] DEBUG Engine               - actualHeight: 864.0
19:52:16.286 [FXGL Background Thread 3 ] DEBUG Engine               - actualHeightProperty: ReadOnlyDoubleProperty [value: 864.0]
19:52:16.287 [FXGL Background Thread 3 ] DEBUG Engine               - actualWidth: 1536.0
19:52:16.287 [FXGL Background Thread 3 ] DEBUG Engine               - actualWidthProperty: ReadOnlyDoubleProperty [value: 1536.0]
19:52:16.288 [FXGL Background Thread 3 ] DEBUG Engine               - appIcon: fxgl_icon.png
19:52:16.288 [FXGL Background Thread 3 ] DEBUG Engine               - applicationMode: DEVELOPER
19:52:16.289 [FXGL Background Thread 3 ] DEBUG Engine               - cSSList: [fxgl_dark.css]
19:52:16.289 [FXGL Background Thread 3 ] DEBUG Engine               - collisionDetectionStrategy: BRUTE_FORCE
19:52:16.289 [FXGL Background Thread 3 ] DEBUG Engine               - configClass: Optional.empty
19:52:16.290 [FXGL Background Thread 3 ] DEBUG Engine               - credits: []
19:52:16.290 [FXGL Background Thread 3 ] DEBUG Engine               - defaultCursor: CursorInfo(imageName=fxgl_default_cursor.png, hotspotX=7.0, hotspotY=6.0)
19:52:16.291 [FXGL Background Thread 3 ] DEBUG Engine               - devBBoxColorProperty: ObjectProperty [value: 0xff0000ff]
19:52:16.292 [FXGL Background Thread 3 ] DEBUG Engine               - devEnableDebugCameraProperty: BooleanProperty [value: false]
19:52:16.293 [FXGL Background Thread 3 ] DEBUG Engine               - devSensorColorProperty: ObjectProperty [value: 0xffff00ff]
19:52:16.293 [FXGL Background Thread 3 ] DEBUG Engine               - devShowBBoxProperty: BooleanProperty [value: false]
19:52:16.294 [FXGL Background Thread 3 ] DEBUG Engine               - devShowPositionProperty: BooleanProperty [value: false]
19:52:16.294 [FXGL Background Thread 3 ] DEBUG Engine               - enabledMenuItems: []
19:52:16.295 [FXGL Background Thread 3 ] DEBUG Engine               - engineServices: [class com.almasb.fxgl.app.services.FXGLAssetLoaderService, class com.almasb.fxgl.app.FXGLApplication$GameApplicationService, class com.almasb.fxgl.app.services.FXGLDialogService, class com.almasb.fxgl.app.services.IOTaskExecutorService, class com.almasb.fxgl.io.FileSystemService, class com.almasb.fxgl.localization.LocalizationService, class com.almasb.fxgl.app.services.SystemBundleService, class com.almasb.fxgl.profile.SaveLoadService, class com.almasb.fxgl.ui.FXGLUIFactoryServiceProvider, class com.almasb.fxgl.ui.FXGLDialogFactoryServiceProvider, class com.almasb.fxgl.audio.AudioPlayer, class com.almasb.fxgl.notification.impl.NotificationServiceProvider, class com.almasb.fxgl.achievement.AchievementService, class com.almasb.fxgl.cutscene.CutsceneService, class com.almasb.fxgl.minigames.MiniGameService, class com.almasb.fxgl.net.NetService, class com.almasb.fxgl.app.services.UpdaterService, class com.almasb.fxgl.dev.DevService]
19:52:16.296 [FXGL Background Thread 3 ] DEBUG Engine               - fontGame: Abel-Regular.ttf
19:52:16.296 [FXGL Background Thread 3 ] DEBUG Engine               - fontMono: lucida_console.ttf
19:52:16.297 [FXGL Background Thread 3 ] DEBUG Engine               - fontText: Courier-Prime.ttf
19:52:16.297 [FXGL Background Thread 3 ] DEBUG Engine               - fontUI: VarelaRound-Regular.ttf
19:52:16.298 [FXGL Background Thread 3 ] DEBUG Engine               - fullScreen: BooleanProperty [value: true]
19:52:16.298 [FXGL Background Thread 3 ] DEBUG Engine               - gameDifficulty: MEDIUM
19:52:16.298 [FXGL Background Thread 3 ] DEBUG Engine               - gameDifficultyProperty: ObjectProperty [value: MEDIUM]
19:52:16.299 [FXGL Background Thread 3 ] DEBUG Engine               - globalMusicVolume: 0.5
19:52:16.299 [FXGL Background Thread 3 ] DEBUG Engine               - globalMusicVolumeProperty: DoubleProperty [value: 0.5]
19:52:16.300 [FXGL Background Thread 3 ] DEBUG Engine               - globalSoundVolume: 0.5
19:52:16.300 [FXGL Background Thread 3 ] DEBUG Engine               - globalSoundVolumeProperty: DoubleProperty [value: 0.5]
19:52:16.301 [FXGL Background Thread 3 ] DEBUG Engine               - height: 864
19:52:16.301 [FXGL Background Thread 3 ] DEBUG Engine               - is3D: false
19:52:16.301 [FXGL Background Thread 3 ] DEBUG Engine               - isAndroid: false
19:52:16.301 [FXGL Background Thread 3 ] DEBUG Engine               - isBrowser: false
19:52:16.302 [FXGL Background Thread 3 ] DEBUG Engine               - isClickFeedbackEnabled: false
19:52:16.302 [FXGL Background Thread 3 ] DEBUG Engine               - isCloseConfirmation: false
19:52:16.302 [FXGL Background Thread 3 ] DEBUG Engine               - isDesktop: true
19:52:16.303 [FXGL Background Thread 3 ] DEBUG Engine               - isDeveloperMenuEnabled: false
19:52:16.303 [FXGL Background Thread 3 ] DEBUG Engine               - isEntityPreloadEnabled: true
19:52:16.303 [FXGL Background Thread 3 ] DEBUG Engine               - isExperimentalTiledLargeMap: false
19:52:16.304 [FXGL Background Thread 3 ] DEBUG Engine               - isFileSystemWriteAllowed: true
19:52:16.304 [FXGL Background Thread 3 ] DEBUG Engine               - isFullScreenAllowed: true
19:52:16.304 [FXGL Background Thread 3 ] DEBUG Engine               - isFullScreenFromStart: true
19:52:16.305 [FXGL Background Thread 3 ] DEBUG Engine               - isGameMenuEnabled: true
19:52:16.305 [FXGL Background Thread 3 ] DEBUG Engine               - isIOS: false
19:52:16.305 [FXGL Background Thread 3 ] DEBUG Engine               - isIntroEnabled: false
19:52:16.306 [FXGL Background Thread 3 ] DEBUG Engine               - isLinux: false
19:52:16.306 [FXGL Background Thread 3 ] DEBUG Engine               - isMac: false
19:52:16.306 [FXGL Background Thread 3 ] DEBUG Engine               - isMainMenuEnabled: false
19:52:16.307 [FXGL Background Thread 3 ] DEBUG Engine               - isManualResizeEnabled: false
19:52:16.307 [FXGL Background Thread 3 ] DEBUG Engine               - isMobile: false
19:52:16.307 [FXGL Background Thread 3 ] DEBUG Engine               - isNative: false
19:52:16.308 [FXGL Background Thread 3 ] DEBUG Engine               - isPreserveResizeRatio: false
19:52:16.308 [FXGL Background Thread 3 ] DEBUG Engine               - isProfilingEnabled: false
19:52:16.308 [FXGL Background Thread 3 ] DEBUG Engine               - isScaleAffectedOnResize: true
19:52:16.308 [FXGL Background Thread 3 ] DEBUG Engine               - isSingleStep: false
19:52:16.309 [FXGL Background Thread 3 ] DEBUG Engine               - isUserProfileEnabled: false
19:52:16.309 [FXGL Background Thread 3 ] DEBUG Engine               - isWindows: true
19:52:16.309 [FXGL Background Thread 3 ] DEBUG Engine               - language: ObjectProperty [value: ENGLISH]
19:52:16.309 [FXGL Background Thread 3 ] DEBUG Engine               - menuKey: ESCAPE
19:52:16.310 [FXGL Background Thread 3 ] DEBUG Engine               - mouseSensitivity: 0.2
19:52:16.310 [FXGL Background Thread 3 ] DEBUG Engine               - notificationViewClass: class com.almasb.fxgl.notification.view.XboxNotificationView
19:52:16.311 [FXGL Background Thread 3 ] DEBUG Engine               - pixelsPerMeter: 50.0
19:52:16.311 [FXGL Background Thread 3 ] DEBUG Engine               - platform: WINDOWS
19:52:16.311 [FXGL Background Thread 3 ] DEBUG Engine               - prefHeightProperty: ReadOnlyDoubleProperty [value: 864.0]
19:52:16.312 [FXGL Background Thread 3 ] DEBUG Engine               - prefWidthProperty: ReadOnlyDoubleProperty [value: 1536.0]
19:52:16.312 [FXGL Background Thread 3 ] DEBUG Engine               - profileDir: profiles/
19:52:16.312 [FXGL Background Thread 3 ] DEBUG Engine               - profileName: StringProperty [value: DEFAULT]
19:52:16.313 [FXGL Background Thread 3 ] DEBUG Engine               - randomSeed: -1
19:52:16.313 [FXGL Background Thread 3 ] DEBUG Engine               - runtimeInfo: RuntimeInfo(platform=WINDOWS, version=11.16, build=25.05.2021 08.16)
19:52:16.313 [FXGL Background Thread 3 ] DEBUG Engine               - saveFileExt: sav
19:52:16.314 [FXGL Background Thread 3 ] DEBUG Engine               - scaledHeightProp$fxgl: DoubleProperty [bound, value: 864.0]
19:52:16.314 [FXGL Background Thread 3 ] DEBUG Engine               - scaledWidthProp$fxgl: DoubleProperty [bound, value: 1536.0]
19:52:16.314 [FXGL Background Thread 3 ] DEBUG Engine               - sceneFactory: com.almasb.fxgl.app.scene.SceneFactory@3a7004e4
19:52:16.315 [FXGL Background Thread 3 ] DEBUG Engine               - secondsIn24h: 60
19:52:16.315 [FXGL Background Thread 3 ] DEBUG Engine               - soundMenuBack: menu/back.wav
19:52:16.315 [FXGL Background Thread 3 ] DEBUG Engine               - soundMenuPress: menu/press.wav
19:52:16.315 [FXGL Background Thread 3 ] DEBUG Engine               - soundMenuSelect: menu/select.wav
19:52:16.316 [FXGL Background Thread 3 ] DEBUG Engine               - soundNotification: core/notification.wav
19:52:16.316 [FXGL Background Thread 3 ] DEBUG Engine               - stageStyle: DECORATED
19:52:16.316 [FXGL Background Thread 3 ] DEBUG Engine               - supportedLanguages: [ENGLISH, FRENCH, GERMAN, HUNGARIAN, RUSSIAN]
19:52:16.316 [FXGL Background Thread 3 ] DEBUG Engine               - ticksPerSecond: -1
19:52:16.317 [FXGL Background Thread 3 ] DEBUG Engine               - title: Dead Space but Family Friendly
19:52:16.317 [FXGL Background Thread 3 ] DEBUG Engine               - urlGithub: https://github.com/AlmasB/FXGL
19:52:16.317 [FXGL Background Thread 3 ] DEBUG Engine               - urlLeaderboard: http://fxgl-top.herokuapp.com/
19:52:16.317 [FXGL Background Thread 3 ] DEBUG Engine               - urlPOM: https://raw.githubusercontent.com/AlmasB/FXGL/release/README.md
19:52:16.318 [FXGL Background Thread 3 ] DEBUG Engine               - userAppClass: class com.example.gamefx.MainGame
19:52:16.318 [FXGL Background Thread 3 ] DEBUG Engine               - version: 0.1
19:52:16.318 [FXGL Background Thread 3 ] DEBUG Engine               - versionCheckDays: 7
19:52:16.318 [FXGL Background Thread 3 ] DEBUG Engine               - width: 1536
19:52:16.319 [FXGL Background Thread 3 ] DEBUG Engine               - Logging services
19:52:16.319 [FXGL Background Thread 3 ] DEBUG Engine               - class com.almasb.fxgl.app.services.FXGLAssetLoaderService
19:52:16.319 [FXGL Background Thread 3 ] DEBUG Engine               - class com.almasb.fxgl.app.FXGLApplication$GameApplicationService
19:52:16.319 [FXGL Background Thread 3 ] DEBUG Engine               - class com.almasb.fxgl.app.services.FXGLDialogService
19:52:16.320 [FXGL Background Thread 3 ] DEBUG Engine               - class com.almasb.fxgl.app.services.IOTaskExecutorService
19:52:16.320 [FXGL Background Thread 3 ] DEBUG Engine               - class com.almasb.fxgl.io.FileSystemService
19:52:16.320 [FXGL Background Thread 3 ] DEBUG Engine               - class com.almasb.fxgl.localization.LocalizationService
19:52:16.321 [FXGL Background Thread 3 ] DEBUG Engine               - class com.almasb.fxgl.app.services.SystemBundleService
19:52:16.321 [FXGL Background Thread 3 ] DEBUG Engine               - class com.almasb.fxgl.profile.SaveLoadService
19:52:16.321 [FXGL Background Thread 3 ] DEBUG Engine               - class com.almasb.fxgl.ui.FXGLUIFactoryServiceProvider
19:52:16.321 [FXGL Background Thread 3 ] DEBUG Engine               - class com.almasb.fxgl.ui.FXGLDialogFactoryServiceProvider
19:52:16.322 [FXGL Background Thread 3 ] DEBUG Engine               - class com.almasb.fxgl.audio.AudioPlayer
19:52:16.322 [FXGL Background Thread 3 ] DEBUG Engine               - class com.almasb.fxgl.notification.impl.NotificationServiceProvider
19:52:16.322 [FXGL Background Thread 3 ] DEBUG Engine               - class com.almasb.fxgl.achievement.AchievementService
19:52:16.322 [FXGL Background Thread 3 ] DEBUG Engine               - class com.almasb.fxgl.cutscene.CutsceneService
19:52:16.322 [FXGL Background Thread 3 ] DEBUG Engine               - class com.almasb.fxgl.minigames.MiniGameService
19:52:16.323 [FXGL Background Thread 3 ] DEBUG Engine               - class com.almasb.fxgl.net.NetService
19:52:16.323 [FXGL Background Thread 3 ] DEBUG Engine               - class com.almasb.fxgl.app.services.UpdaterService
19:52:16.323 [FXGL Background Thread 3 ] DEBUG Engine               - class com.almasb.fxgl.dev.DevService
19:52:19.690 [JavaFX Application Thread] DEBUG FXGLAssetLoaderServi - Loading from file system: file:/C:/Users/Hao/Documents/DAM%202%20PRO/GameFX/target/classes/assets/textures/laserred1.png
19:52:40.276 [JavaFX Application Thread] DEBUG FXGLApplication      - Exiting FXGL
19:52:40.277 [JavaFX Application Thread] DEBUG LoopRunner           - Stopping loop
19:52:40.277 [JavaFX Application Thread] DEBUG SystemBundleService  - Saving FXGL system data
19:52:40.289 [JavaFX Application Thread] DEBUG FileSystemAccess     - Writing to: C:\Users\Hao\Documents\DAM 2 PRO\GameFX\system\fxgl.bundle
19:52:40.302 [JavaFX Application Thread] DEBUG Async                - Shutting down background threads
19:52:40.303 [JavaFX Application Thread] DEBUG PrimaryStageWindow   - Closing main window
19:52:40.480 [JavaFX Application Thread] DEBUG Logger               - Closing Logger
